#
# There is insufficient memory for the Java Runtime Environment to continue.
# Native memory allocation (malloc) failed to allocate 1497296 bytes for Chunk::new
# Possible reasons:
#   The system is out of physical RAM or swap space
#   The process is running with CompressedOops enabled, and the Java Heap may be blocking the growth of the native heap
# Possible solutions:
#   Reduce memory load on the system
#   Increase physical memory or swap space
#   Check if swap backing store is full
#   Decrease Java heap size (-Xmx/-Xms)
#   Decrease number of Java threads
#   Decrease Java thread stack sizes (-Xss)
#   Set larger code cache with -XX:ReservedCodeCacheSize=
#   JVM is running with Unscaled Compressed Oops mode in which the Java heap is
#     placed in the first 4GB address space. The Java Heap base address is the
#     maximum limit for the native heap growth. Please use -XX:HeapBaseMinAddress
#     to set the Java Heap base and to place the Java Heap above 4GB virtual address.
# This output file may be truncated or incomplete.
#
#  Out of Memory Error (./src/hotspot/share/memory/arena.cpp:197), pid=10628, tid=17880
#
# JRE version: OpenJDK Runtime Environment (11.0.12+7) (build 11.0.12+7-b1504.28-7817840)
# Java VM: OpenJDK 64-Bit Server VM (11.0.12+7-b1504.28-7817840, mixed mode, tiered, compressed oops, g1 gc, windows-amd64)
# No core dump will be written. Minidumps are not enabled by default on client versions of Windows
#

---------------  S U M M A R Y ------------

Command Line: --add-opens=java.base/java.util=ALL-UNNAMED --add-opens=java.base/java.lang=ALL-UNNAMED --add-opens=java.base/java.lang.invoke=ALL-UNNAMED --add-opens=java.base/java.util=ALL-UNNAMED --add-opens=java.prefs/java.util.prefs=ALL-UNNAMED --add-opens=java.prefs/java.util.prefs=ALL-UNNAMED --add-opens=java.base/java.nio.charset=ALL-UNNAMED --add-opens=java.base/java.net=ALL-UNNAMED --add-opens=java.base/java.util.concurrent.atomic=ALL-UNNAMED -Xmx2048m -Dfile.encoding=UTF-8 -Duser.country=IN -Duser.language=en -Duser.variant org.gradle.launcher.daemon.bootstrap.GradleDaemon 7.3.3

Host: Intel(R) Core(TM) i5-1035G1 CPU @ 1.00GHz, 8 cores, 7G,  Windows 10 , 64 bit Build 22000 (10.0.22000.1335)
Time: Fri Feb 10 01:41:20 2023 India Standard Time elapsed time: 7.739321 seconds (0d 0h 0m 7s)

---------------  T H R E A D  ---------------

Current thread (0x000001b49c857000):  JavaThread "C2 CompilerThread0" daemon [_thread_in_native, id=17880, stack(0x0000004ac2900000,0x0000004ac2a00000)]


Current CompileTask:
C2:   7739 2010       4       java.net.URLClassLoader$1::run (5 bytes)

Stack: [0x0000004ac2900000,0x0000004ac2a00000]
Native frames: (J=compiled Java code, j=interpreted, Vv=VM code, C=native code)
V  [jvm.dll+0x5fbcea]
V  [jvm.dll+0x731905]
V  [jvm.dll+0x732f1d]
V  [jvm.dll+0x7335d3]
V  [jvm.dll+0x247bf8]
V  [jvm.dll+0xc018c]
V  [jvm.dll+0xc06cc]
V  [jvm.dll+0x35b31d]
V  [jvm.dll+0x19d0bc]
V  [jvm.dll+0x20070e]
V  [jvm.dll+0x1ff794]
V  [jvm.dll+0x18868c]
V  [jvm.dll+0x20e0d7]
V  [jvm.dll+0x20c901]
V  [jvm.dll+0x6f9b7f]
V  [jvm.dll+0x6f26a5]
V  [jvm.dll+0x5fabf6]
C  [ucrtbase.dll+0x26c0c]
C  [KERNEL32.DLL+0x155a0]
C  [ntdll.dll+0x485b]


---------------  P R O C E S S  ---------------

Threads class SMR info:
_java_thread_list=0x000001b49f6a41b0, length=25, elements={
0x000001b4823b0800, 0x000001b49c839800, 0x000001b49c83f000, 0x000001b49d1b5800,
0x000001b49d1b6800, 0x000001b49d1b7800, 0x000001b49c857000, 0x000001b49c859000,
0x000001b49c862800, 0x000001b49d31a800, 0x000001b49ef71800, 0x000001b49dda3800,
0x000001b49f564000, 0x000001b49f9d8000, 0x000001b4a014d800, 0x000001b49ed39800,
0x000001b49f067800, 0x000001b49f065800, 0x000001b49f065000, 0x000001b49f066800,
0x000001b49ecf7800, 0x000001b49ecfa000, 0x000001b49ecf9800, 0x000001b49fc20800,
0x000001b49ecf7000
}

Java Threads: ( => current thread )
  0x000001b4823b0800 JavaThread "main" [_thread_blocked, id=12676, stack(0x0000004ac1d00000,0x0000004ac1e00000)]
  0x000001b49c839800 JavaThread "Reference Handler" daemon [_thread_blocked, id=14780, stack(0x0000004ac2400000,0x0000004ac2500000)]
  0x000001b49c83f000 JavaThread "Finalizer" daemon [_thread_blocked, id=16124, stack(0x0000004ac2500000,0x0000004ac2600000)]
  0x000001b49d1b5800 JavaThread "Signal Dispatcher" daemon [_thread_blocked, id=14012, stack(0x0000004ac2600000,0x0000004ac2700000)]
  0x000001b49d1b6800 JavaThread "Attach Listener" daemon [_thread_blocked, id=17876, stack(0x0000004ac2700000,0x0000004ac2800000)]
  0x000001b49d1b7800 JavaThread "Service Thread" daemon [_thread_blocked, id=12304, stack(0x0000004ac2800000,0x0000004ac2900000)]
=>0x000001b49c857000 JavaThread "C2 CompilerThread0" daemon [_thread_in_native, id=17880, stack(0x0000004ac2900000,0x0000004ac2a00000)]
  0x000001b49c859000 JavaThread "C1 CompilerThread0" daemon [_thread_blocked, id=15860, stack(0x0000004ac2a00000,0x0000004ac2b00000)]
  0x000001b49c862800 JavaThread "Sweeper thread" daemon [_thread_blocked, id=12988, stack(0x0000004ac2b00000,0x0000004ac2c00000)]
  0x000001b49d31a800 JavaThread "Common-Cleaner" daemon [_thread_blocked, id=7256, stack(0x0000004ac2c00000,0x0000004ac2d00000)]
  0x000001b49ef71800 JavaThread "Daemon health stats" [_thread_blocked, id=2844, stack(0x0000004ac3100000,0x0000004ac3200000)]
  0x000001b49dda3800 JavaThread "Incoming local TCP Connector on port 50821" [_thread_in_native, id=11636, stack(0x0000004ac3000000,0x0000004ac3100000)]
  0x000001b49f564000 JavaThread "Daemon periodic checks" [_thread_blocked, id=2520, stack(0x0000004ac3200000,0x0000004ac3300000)]
  0x000001b49f9d8000 JavaThread "Daemon" [_thread_blocked, id=16780, stack(0x0000004ac3300000,0x0000004ac3400000)]
  0x000001b4a014d800 JavaThread "Handler for socket connection from /127.0.0.1:50821 to /127.0.0.1:50822" [_thread_in_native, id=17472, stack(0x0000004ac3400000,0x0000004ac3500000)]
  0x000001b49ed39800 JavaThread "Cancel handler" [_thread_blocked, id=12100, stack(0x0000004ac3500000,0x0000004ac3600000)]
  0x000001b49f067800 JavaThread "Daemon worker" [_thread_in_vm, id=14064, stack(0x0000004ac3600000,0x0000004ac3700000)]
  0x000001b49f065800 JavaThread "Asynchronous log dispatcher for DefaultDaemonConnection: socket connection from /127.0.0.1:50821 to /127.0.0.1:50822" [_thread_blocked, id=10180, stack(0x0000004ac3700000,0x0000004ac3800000)]
  0x000001b49f065000 JavaThread "Stdin handler" [_thread_blocked, id=11500, stack(0x0000004ac3800000,0x0000004ac3900000)]
  0x000001b49f066800 JavaThread "Daemon client event forwarder" [_thread_blocked, id=9120, stack(0x0000004ac3900000,0x0000004ac3a00000)]
  0x000001b49ecf7800 JavaThread "Cache worker for journal cache (C:\Users\dell\.gradle\caches\journal-1)" [_thread_blocked, id=9456, stack(0x0000004ac3f00000,0x0000004ac4000000)]
  0x000001b49ecfa000 JavaThread "File lock request listener" [_thread_in_native, id=17544, stack(0x0000004ac4000000,0x0000004ac4100000)]
  0x000001b49ecf9800 JavaThread "Cache worker for file hash cache (C:\Users\dell\.gradle\caches\7.3.3\fileHashes)" [_thread_blocked, id=18112, stack(0x0000004ac4100000,0x0000004ac4200000)]
  0x000001b49fc20800 JavaThread "C2 CompilerThread1" daemon [_thread_in_native, id=11132, stack(0x0000004ac4300000,0x0000004ac4400000)]
  0x000001b49ecf7000 JavaThread "Cache worker for file hash cache (D:\FallDetection\.gradle\7.3.3\fileHashes)" [_thread_blocked, id=7236, stack(0x0000004ac4400000,0x0000004ac4500000)]

Other Threads:
  0x000001b49c835800 VMThread "VM Thread" [stack: 0x0000004ac2300000,0x0000004ac2400000] [id=2832]
  0x000001b49d3ca800 WatcherThread [stack: 0x0000004ac2d00000,0x0000004ac2e00000] [id=17300]
  0x000001b4823c9000 GCTaskThread "GC Thread#0" [stack: 0x0000004ac1e00000,0x0000004ac1f00000] [id=16968]
  0x000001b49dfc6000 GCTaskThread "GC Thread#1" [stack: 0x0000004ac2e00000,0x0000004ac2f00000] [id=508]
  0x000001b49dfc6800 GCTaskThread "GC Thread#2" [stack: 0x0000004ac2f00000,0x0000004ac3000000] [id=1216]
  0x000001b49dfc7800 GCTaskThread "GC Thread#3" [stack: 0x0000004ac3a00000,0x0000004ac3b00000] [id=6228]
  0x000001b49dfc8000 GCTaskThread "GC Thread#4" [stack: 0x0000004ac3b00000,0x0000004ac3c00000] [id=3260]
  0x000001b49dfc9000 GCTaskThread "GC Thread#5" [stack: 0x0000004ac3c00000,0x0000004ac3d00000] [id=7584]
  0x000001b49dfc9800 GCTaskThread "GC Thread#6" [stack: 0x0000004ac3d00000,0x0000004ac3e00000] [id=2984]
  0x000001b49dfca000 GCTaskThread "GC Thread#7" [stack: 0x0000004ac3e00000,0x0000004ac3f00000] [id=3248]
  0x000001b4823fb000 ConcurrentGCThread "G1 Main Marker" [stack: 0x0000004ac1f00000,0x0000004ac2000000] [id=2472]
  0x000001b4823fd800 ConcurrentGCThread "G1 Conc#0" [stack: 0x0000004ac2000000,0x0000004ac2100000] [id=12532]
  0x000001b49dfcb000 ConcurrentGCThread "G1 Conc#1" [stack: 0x0000004ac4200000,0x0000004ac4300000] [id=16016]
  0x000001b49c681800 ConcurrentGCThread "G1 Refine#0" [stack: 0x0000004ac2100000,0x0000004ac2200000] [id=14492]
  0x000001b49c684800 ConcurrentGCThread "G1 Young RemSet Sampling" [stack: 0x0000004ac2200000,0x0000004ac2300000] [id=14008]

Threads with active compile tasks:
C2 CompilerThread0   7766 2010       4       java.net.URLClassLoader$1::run (5 bytes)
C2 CompilerThread1   7766 2137   !   4       java.util.zip.InflaterInputStream::read (138 bytes)

VM state:not at safepoint (normal execution)

VM Mutex/Monitor currently owned by a thread: None

Heap address: 0x0000000080000000, size: 2048 MB, Compressed Oops mode: 32-bit
Narrow klass base: 0x0000000000000000, Narrow klass shift: 3
Compressed class space size: 1073741824 Address: 0x0000000100000000

Heap:
 garbage-first heap   total 129024K, used 58367K [0x0000000080000000, 0x0000000100000000)
  region size 1024K, 43 young (44032K), 2 survivors (2048K)
 Metaspace       used 25084K, capacity 25619K, committed 25728K, reserved 1071104K
  class space    used 3220K, capacity 3422K, committed 3456K, reserved 1048576K
Heap Regions: E=young(eden), S=young(survivor), O=old, HS=humongous(starts), HC=humongous(continues), CS=collection set, F=free, A=archive, TAMS=top-at-mark-start (previous, next)
|   0|0x0000000080000000, 0x0000000080100000, 0x0000000080100000|100%| O|  |TAMS 0x0000000080100000, 0x0000000080000000| Untracked 
|   1|0x0000000080100000, 0x0000000080200000, 0x0000000080200000|100%| O|  |TAMS 0x0000000080200000, 0x0000000080100000| Untracked 
|   2|0x0000000080200000, 0x0000000080300000, 0x0000000080300000|100%| O|  |TAMS 0x0000000080300000, 0x0000000080200000| Untracked 
|   3|0x0000000080300000, 0x0000000080400000, 0x0000000080400000|100%|HS|  |TAMS 0x0000000080400000, 0x0000000080300000| Complete 
|   4|0x0000000080400000, 0x0000000080500000, 0x0000000080500000|100%|HC|  |TAMS 0x0000000080500000, 0x0000000080400000| Complete 
|   5|0x0000000080500000, 0x0000000080600000, 0x0000000080600000|100%|HC|  |TAMS 0x0000000080600000, 0x0000000080500000| Complete 
|   6|0x0000000080600000, 0x0000000080700000, 0x0000000080700000|100%| O|  |TAMS 0x0000000080700000, 0x0000000080600000| Untracked 
|   7|0x0000000080700000, 0x0000000080800000, 0x0000000080800000|100%| O|  |TAMS 0x0000000080800000, 0x0000000080700000| Untracked 
|   8|0x0000000080800000, 0x0000000080900000, 0x0000000080900000|100%| O|  |TAMS 0x0000000080900000, 0x0000000080800000| Untracked 
|   9|0x0000000080900000, 0x0000000080a00000, 0x0000000080a00000|100%| O|  |TAMS 0x0000000080a00000, 0x0000000080900000| Untracked 
|  10|0x0000000080a00000, 0x0000000080b00000, 0x0000000080b00000|100%| O|  |TAMS 0x0000000080b00000, 0x0000000080a00000| Untracked 
|  11|0x0000000080b00000, 0x0000000080c00000, 0x0000000080c00000|100%| O|  |TAMS 0x0000000080c00000, 0x0000000080b00000| Untracked 
|  12|0x0000000080c00000, 0x0000000080d00000, 0x0000000080d00000|100%| O|  |TAMS 0x0000000080d00000, 0x0000000080c00000| Untracked 
|  13|0x0000000080d00000, 0x0000000080e00000, 0x0000000080e00000|100%| O|  |TAMS 0x0000000080e00000, 0x0000000080d00000| Untracked 
|  14|0x0000000080e00000, 0x0000000080f00000, 0x0000000080f00000|100%| O|  |TAMS 0x0000000080f00000, 0x0000000080e00000| Untracked 
|  15|0x0000000080f00000, 0x0000000080fa0400, 0x0000000081000000| 62%| O|  |TAMS 0x0000000080fa0400, 0x0000000080f00000| Untracked 
|  16|0x0000000081000000, 0x0000000081000000, 0x0000000081100000|  0%| F|  |TAMS 0x0000000081000000, 0x0000000081000000| Untracked 
|  17|0x0000000081100000, 0x0000000081100000, 0x0000000081200000|  0%| F|  |TAMS 0x0000000081100000, 0x0000000081100000| Untracked 
|  18|0x0000000081200000, 0x0000000081200000, 0x0000000081300000|  0%| F|  |TAMS 0x0000000081200000, 0x0000000081200000| Untracked 
|  19|0x0000000081300000, 0x0000000081300000, 0x0000000081400000|  0%| F|  |TAMS 0x0000000081300000, 0x0000000081300000| Untracked 
|  20|0x0000000081400000, 0x0000000081400000, 0x0000000081500000|  0%| F|  |TAMS 0x0000000081400000, 0x0000000081400000| Untracked 
|  21|0x0000000081500000, 0x0000000081500000, 0x0000000081600000|  0%| F|  |TAMS 0x0000000081500000, 0x0000000081500000| Untracked 
|  22|0x0000000081600000, 0x0000000081600000, 0x0000000081700000|  0%| F|  |TAMS 0x0000000081600000, 0x0000000081600000| Untracked 
|  23|0x0000000081700000, 0x0000000081700000, 0x0000000081800000|  0%| F|  |TAMS 0x0000000081700000, 0x0000000081700000| Untracked 
|  24|0x0000000081800000, 0x0000000081800000, 0x0000000081900000|  0%| F|  |TAMS 0x0000000081800000, 0x0000000081800000| Untracked 
|  25|0x0000000081900000, 0x0000000081900000, 0x0000000081a00000|  0%| F|  |TAMS 0x0000000081900000, 0x0000000081900000| Untracked 
|  26|0x0000000081a00000, 0x0000000081a00000, 0x0000000081b00000|  0%| F|  |TAMS 0x0000000081a00000, 0x0000000081a00000| Untracked 
|  27|0x0000000081b00000, 0x0000000081b00000, 0x0000000081c00000|  0%| F|  |TAMS 0x0000000081b00000, 0x0000000081b00000| Untracked 
|  28|0x0000000081c00000, 0x0000000081c00000, 0x0000000081d00000|  0%| F|  |TAMS 0x0000000081c00000, 0x0000000081c00000| Untracked 
|  29|0x0000000081d00000, 0x0000000081d00000, 0x0000000081e00000|  0%| F|  |TAMS 0x0000000081d00000, 0x0000000081d00000| Untracked 
|  30|0x0000000081e00000, 0x0000000081e00000, 0x0000000081f00000|  0%| F|  |TAMS 0x0000000081e00000, 0x0000000081e00000| Untracked 
|  31|0x0000000081f00000, 0x0000000081f00000, 0x0000000082000000|  0%| F|  |TAMS 0x0000000081f00000, 0x0000000081f00000| Untracked 
|  32|0x0000000082000000, 0x0000000082000000, 0x0000000082100000|  0%| F|  |TAMS 0x0000000082000000, 0x0000000082000000| Untracked 
|  33|0x0000000082100000, 0x0000000082100000, 0x0000000082200000|  0%| F|  |TAMS 0x0000000082100000, 0x0000000082100000| Untracked 
|  34|0x0000000082200000, 0x0000000082200000, 0x0000000082300000|  0%| F|  |TAMS 0x0000000082200000, 0x0000000082200000| Untracked 
|  35|0x0000000082300000, 0x0000000082300000, 0x0000000082400000|  0%| F|  |TAMS 0x0000000082300000, 0x0000000082300000| Untracked 
|  36|0x0000000082400000, 0x0000000082400000, 0x0000000082500000|  0%| F|  |TAMS 0x0000000082400000, 0x0000000082400000| Untracked 
|  37|0x0000000082500000, 0x0000000082500000, 0x0000000082600000|  0%| F|  |TAMS 0x0000000082500000, 0x0000000082500000| Untracked 
|  38|0x0000000082600000, 0x0000000082600000, 0x0000000082700000|  0%| F|  |TAMS 0x0000000082600000, 0x0000000082600000| Untracked 
|  39|0x0000000082700000, 0x0000000082700000, 0x0000000082800000|  0%| F|  |TAMS 0x0000000082700000, 0x0000000082700000| Untracked 
|  40|0x0000000082800000, 0x0000000082800000, 0x0000000082900000|  0%| F|  |TAMS 0x0000000082800000, 0x0000000082800000| Untracked 
|  41|0x0000000082900000, 0x0000000082900000, 0x0000000082a00000|  0%| F|  |TAMS 0x0000000082900000, 0x0000000082900000| Untracked 
|  42|0x0000000082a00000, 0x0000000082a00000, 0x0000000082b00000|  0%| F|  |TAMS 0x0000000082a00000, 0x0000000082a00000| Untracked 
|  43|0x0000000082b00000, 0x0000000082b00000, 0x0000000082c00000|  0%| F|  |TAMS 0x0000000082b00000, 0x0000000082b00000| Untracked 
|  44|0x0000000082c00000, 0x0000000082c00000, 0x0000000082d00000|  0%| F|  |TAMS 0x0000000082c00000, 0x0000000082c00000| Untracked 
|  45|0x0000000082d00000, 0x0000000082d00000, 0x0000000082e00000|  0%| F|  |TAMS 0x0000000082d00000, 0x0000000082d00000| Untracked 
|  46|0x0000000082e00000, 0x0000000082e00000, 0x0000000082f00000|  0%| F|  |TAMS 0x0000000082e00000, 0x0000000082e00000| Untracked 
|  47|0x0000000082f00000, 0x0000000082f00000, 0x0000000083000000|  0%| F|  |TAMS 0x0000000082f00000, 0x0000000082f00000| Untracked 
|  48|0x0000000083000000, 0x0000000083000000, 0x0000000083100000|  0%| F|  |TAMS 0x0000000083000000, 0x0000000083000000| Untracked 
|  49|0x0000000083100000, 0x0000000083100000, 0x0000000083200000|  0%| F|  |TAMS 0x0000000083100000, 0x0000000083100000| Untracked 
|  50|0x0000000083200000, 0x0000000083200000, 0x0000000083300000|  0%| F|  |TAMS 0x0000000083200000, 0x0000000083200000| Untracked 
|  51|0x0000000083300000, 0x0000000083300000, 0x0000000083400000|  0%| F|  |TAMS 0x0000000083300000, 0x0000000083300000| Untracked 
|  52|0x0000000083400000, 0x0000000083400000, 0x0000000083500000|  0%| F|  |TAMS 0x0000000083400000, 0x0000000083400000| Untracked 
|  53|0x0000000083500000, 0x0000000083500000, 0x0000000083600000|  0%| F|  |TAMS 0x0000000083500000, 0x0000000083500000| Untracked 
|  54|0x0000000083600000, 0x0000000083600000, 0x0000000083700000|  0%| F|  |TAMS 0x0000000083600000, 0x0000000083600000| Untracked 
|  55|0x0000000083700000, 0x0000000083700000, 0x0000000083800000|  0%| F|  |TAMS 0x0000000083700000, 0x0000000083700000| Untracked 
|  56|0x0000000083800000, 0x0000000083800000, 0x0000000083900000|  0%| F|  |TAMS 0x0000000083800000, 0x0000000083800000| Untracked 
|  57|0x0000000083900000, 0x0000000083900000, 0x0000000083a00000|  0%| F|  |TAMS 0x0000000083900000, 0x0000000083900000| Untracked 
|  58|0x0000000083a00000, 0x0000000083a00000, 0x0000000083b00000|  0%| F|  |TAMS 0x0000000083a00000, 0x0000000083a00000| Untracked 
|  59|0x0000000083b00000, 0x0000000083b00000, 0x0000000083c00000|  0%| F|  |TAMS 0x0000000083b00000, 0x0000000083b00000| Untracked 
|  60|0x0000000083c00000, 0x0000000083c00000, 0x0000000083d00000|  0%| F|  |TAMS 0x0000000083c00000, 0x0000000083c00000| Untracked 
|  61|0x0000000083d00000, 0x0000000083d00000, 0x0000000083e00000|  0%| F|  |TAMS 0x0000000083d00000, 0x0000000083d00000| Untracked 
|  62|0x0000000083e00000, 0x0000000083e00000, 0x0000000083f00000|  0%| F|  |TAMS 0x0000000083e00000, 0x0000000083e00000| Untracked 
|  63|0x0000000083f00000, 0x0000000083f00000, 0x0000000084000000|  0%| F|  |TAMS 0x0000000083f00000, 0x0000000083f00000| Untracked 
|  64|0x0000000084000000, 0x0000000084000000, 0x0000000084100000|  0%| F|  |TAMS 0x0000000084000000, 0x0000000084000000| Untracked 
|  65|0x0000000084100000, 0x0000000084100000, 0x0000000084200000|  0%| F|  |TAMS 0x0000000084100000, 0x0000000084100000| Untracked 
|  66|0x0000000084200000, 0x0000000084200000, 0x0000000084300000|  0%| F|  |TAMS 0x0000000084200000, 0x0000000084200000| Untracked 
|  67|0x0000000084300000, 0x0000000084300000, 0x0000000084400000|  0%| F|  |TAMS 0x0000000084300000, 0x0000000084300000| Untracked 
|  68|0x0000000084400000, 0x0000000084400000, 0x0000000084500000|  0%| F|  |TAMS 0x0000000084400000, 0x0000000084400000| Untracked 
|  69|0x0000000084500000, 0x0000000084500000, 0x0000000084600000|  0%| F|  |TAMS 0x0000000084500000, 0x0000000084500000| Untracked 
|  70|0x0000000084600000, 0x0000000084600000, 0x0000000084700000|  0%| F|  |TAMS 0x0000000084600000, 0x0000000084600000| Untracked 
|  71|0x0000000084700000, 0x0000000084700000, 0x0000000084800000|  0%| F|  |TAMS 0x0000000084700000, 0x0000000084700000| Untracked 
|  72|0x0000000084800000, 0x0000000084800000, 0x0000000084900000|  0%| F|  |TAMS 0x0000000084800000, 0x0000000084800000| Untracked 
|  73|0x0000000084900000, 0x0000000084900000, 0x0000000084a00000|  0%| F|  |TAMS 0x0000000084900000, 0x0000000084900000| Untracked 
|  74|0x0000000084a00000, 0x0000000084a00000, 0x0000000084b00000|  0%| F|  |TAMS 0x0000000084a00000, 0x0000000084a00000| Untracked 
|  75|0x0000000084b00000, 0x0000000084b00000, 0x0000000084c00000|  0%| F|  |TAMS 0x0000000084b00000, 0x0000000084b00000| Untracked 
|  76|0x0000000084c00000, 0x0000000084c00000, 0x0000000084d00000|  0%| F|  |TAMS 0x0000000084c00000, 0x0000000084c00000| Untracked 
|  77|0x0000000084d00000, 0x0000000084d00000, 0x0000000084e00000|  0%| F|  |TAMS 0x0000000084d00000, 0x0000000084d00000| Untracked 
|  78|0x0000000084e00000, 0x0000000084e00000, 0x0000000084f00000|  0%| F|  |TAMS 0x0000000084e00000, 0x0000000084e00000| Untracked 
|  79|0x0000000084f00000, 0x0000000084f00000, 0x0000000085000000|  0%| F|  |TAMS 0x0000000084f00000, 0x0000000084f00000| Untracked 
|  80|0x0000000085000000, 0x0000000085000000, 0x0000000085100000|  0%| F|  |TAMS 0x0000000085000000, 0x0000000085000000| Untracked 
|  81|0x0000000085100000, 0x0000000085100000, 0x0000000085200000|  0%| F|  |TAMS 0x0000000085100000, 0x0000000085100000| Untracked 
|  82|0x0000000085200000, 0x0000000085200000, 0x0000000085300000|  0%| F|  |TAMS 0x0000000085200000, 0x0000000085200000| Untracked 
|  83|0x0000000085300000, 0x0000000085380800, 0x0000000085400000| 50%| E|  |TAMS 0x0000000085300000, 0x0000000085300000| Complete 
|  84|0x0000000085400000, 0x0000000085500000, 0x0000000085500000|100%| E|CS|TAMS 0x0000000085400000, 0x0000000085400000| Complete 
|  85|0x0000000085500000, 0x0000000085600000, 0x0000000085600000|100%| E|CS|TAMS 0x0000000085500000, 0x0000000085500000| Complete 
|  86|0x0000000085600000, 0x0000000085700000, 0x0000000085700000|100%| E|CS|TAMS 0x0000000085600000, 0x0000000085600000| Complete 
|  87|0x0000000085700000, 0x0000000085800000, 0x0000000085800000|100%| E|CS|TAMS 0x0000000085700000, 0x0000000085700000| Complete 
|  88|0x0000000085800000, 0x0000000085900000, 0x0000000085900000|100%| E|CS|TAMS 0x0000000085800000, 0x0000000085800000| Complete 
|  89|0x0000000085900000, 0x0000000085a00000, 0x0000000085a00000|100%| E|CS|TAMS 0x0000000085900000, 0x0000000085900000| Complete 
|  90|0x0000000085a00000, 0x0000000085b00000, 0x0000000085b00000|100%| E|CS|TAMS 0x0000000085a00000, 0x0000000085a00000| Complete 
|  91|0x0000000085b00000, 0x0000000085c00000, 0x0000000085c00000|100%| E|CS|TAMS 0x0000000085b00000, 0x0000000085b00000| Complete 
|  92|0x0000000085c00000, 0x0000000085d00000, 0x0000000085d00000|100%| E|CS|TAMS 0x0000000085c00000, 0x0000000085c00000| Complete 
|  93|0x0000000085d00000, 0x0000000085e00000, 0x0000000085e00000|100%| E|CS|TAMS 0x0000000085d00000, 0x0000000085d00000| Complete 
|  94|0x0000000085e00000, 0x0000000085f00000, 0x0000000085f00000|100%| E|CS|TAMS 0x0000000085e00000, 0x0000000085e00000| Complete 
|  95|0x0000000085f00000, 0x0000000086000000, 0x0000000086000000|100%| E|CS|TAMS 0x0000000085f00000, 0x0000000085f00000| Complete 
|  96|0x0000000086000000, 0x0000000086100000, 0x0000000086100000|100%| E|CS|TAMS 0x0000000086000000, 0x0000000086000000| Complete 
|  97|0x0000000086100000, 0x000000008615fb00, 0x0000000086200000| 37%| S|CS|TAMS 0x0000000086100000, 0x0000000086100000| Complete 
|  98|0x0000000086200000, 0x0000000086300000, 0x0000000086300000|100%| S|CS|TAMS 0x0000000086200000, 0x0000000086200000| Complete 
|  99|0x0000000086300000, 0x0000000086400000, 0x0000000086400000|100%| E|CS|TAMS 0x0000000086300000, 0x0000000086300000| Complete 
| 100|0x0000000086400000, 0x0000000086500000, 0x0000000086500000|100%| E|CS|TAMS 0x0000000086400000, 0x0000000086400000| Complete 
| 101|0x0000000086500000, 0x0000000086600000, 0x0000000086600000|100%| E|CS|TAMS 0x0000000086500000, 0x0000000086500000| Complete 
| 102|0x0000000086600000, 0x0000000086700000, 0x0000000086700000|100%| E|CS|TAMS 0x0000000086600000, 0x0000000086600000| Complete 
| 103|0x0000000086700000, 0x0000000086800000, 0x0000000086800000|100%| E|CS|TAMS 0x0000000086700000, 0x0000000086700000| Complete 
| 104|0x0000000086800000, 0x0000000086900000, 0x0000000086900000|100%| E|CS|TAMS 0x0000000086800000, 0x0000000086800000| Complete 
| 105|0x0000000086900000, 0x0000000086a00000, 0x0000000086a00000|100%| E|CS|TAMS 0x0000000086900000, 0x0000000086900000| Complete 
| 106|0x0000000086a00000, 0x0000000086b00000, 0x0000000086b00000|100%| E|CS|TAMS 0x0000000086a00000, 0x0000000086a00000| Complete 
| 107|0x0000000086b00000, 0x0000000086c00000, 0x0000000086c00000|100%| E|CS|TAMS 0x0000000086b00000, 0x0000000086b00000| Complete 
| 108|0x0000000086c00000, 0x0000000086d00000, 0x0000000086d00000|100%| E|CS|TAMS 0x0000000086c00000, 0x0000000086c00000| Complete 
| 109|0x0000000086d00000, 0x0000000086e00000, 0x0000000086e00000|100%| E|CS|TAMS 0x0000000086d00000, 0x0000000086d00000| Complete 
| 110|0x0000000086e00000, 0x0000000086f00000, 0x0000000086f00000|100%| E|CS|TAMS 0x0000000086e00000, 0x0000000086e00000| Complete 
| 111|0x0000000086f00000, 0x0000000087000000, 0x0000000087000000|100%| E|CS|TAMS 0x0000000086f00000, 0x0000000086f00000| Complete 
| 112|0x0000000087000000, 0x0000000087100000, 0x0000000087100000|100%| E|CS|TAMS 0x0000000087000000, 0x0000000087000000| Complete 
| 113|0x0000000087100000, 0x0000000087200000, 0x0000000087200000|100%| E|CS|TAMS 0x0000000087100000, 0x0000000087100000| Complete 
| 114|0x0000000087200000, 0x0000000087300000, 0x0000000087300000|100%| E|CS|TAMS 0x0000000087200000, 0x0000000087200000| Complete 
| 115|0x0000000087300000, 0x0000000087400000, 0x0000000087400000|100%| E|CS|TAMS 0x0000000087300000, 0x0000000087300000| Complete 
| 116|0x0000000087400000, 0x0000000087500000, 0x0000000087500000|100%| E|CS|TAMS 0x0000000087400000, 0x0000000087400000| Complete 
| 117|0x0000000087500000, 0x0000000087600000, 0x0000000087600000|100%| E|CS|TAMS 0x0000000087500000, 0x0000000087500000| Complete 
| 118|0x0000000087600000, 0x0000000087700000, 0x0000000087700000|100%| E|CS|TAMS 0x0000000087600000, 0x0000000087600000| Complete 
| 119|0x0000000087700000, 0x0000000087800000, 0x0000000087800000|100%| E|CS|TAMS 0x0000000087700000, 0x0000000087700000| Complete 
| 120|0x0000000087800000, 0x0000000087900000, 0x0000000087900000|100%| E|CS|TAMS 0x0000000087800000, 0x0000000087800000| Complete 
| 121|0x0000000087900000, 0x0000000087a00000, 0x0000000087a00000|100%| E|CS|TAMS 0x0000000087900000, 0x0000000087900000| Complete 
| 122|0x0000000087a00000, 0x0000000087b00000, 0x0000000087b00000|100%| E|CS|TAMS 0x0000000087a00000, 0x0000000087a00000| Complete 
| 123|0x0000000087b00000, 0x0000000087c00000, 0x0000000087c00000|100%| E|CS|TAMS 0x0000000087b00000, 0x0000000087b00000| Complete 
| 124|0x0000000087c00000, 0x0000000087d00000, 0x0000000087d00000|100%| E|CS|TAMS 0x0000000087c00000, 0x0000000087c00000| Complete 
| 125|0x0000000087d00000, 0x0000000087e00000, 0x0000000087e00000|100%| E|CS|TAMS 0x0000000087d00000, 0x0000000087d00000| Complete 

Card table byte_map: [0x000001b4955f0000,0x000001b4959f0000] _byte_map_base: 0x000001b4951f0000

Marking Bits (Prev, Next): (CMBitMap*) 0x000001b4823f1240, (CMBitMap*) 0x000001b4823f1208
 Prev Bits: [0x000001b497df0000, 0x000001b499df0000)
 Next Bits: [0x000001b495df0000, 0x000001b497df0000)

Polling page: 0x000001b480310000

Metaspace:

Usage:
  Non-class:     21.68 MB capacity,    21.38 MB ( 99%) used,   263.75 KB (  1%) free+waste,    44.25 KB ( <1%) overhead. 
      Class:      3.37 MB capacity,     3.15 MB ( 94%) used,   201.88 KB (  6%) free+waste,    22.00 KB ( <1%) overhead. 
       Both:     25.05 MB capacity,    24.53 MB ( 98%) used,   465.63 KB (  2%) free+waste,    66.25 KB ( <1%) overhead. 

Virtual space:
  Non-class space:       22.00 MB reserved,      21.75 MB ( 99%) committed 
      Class space:        1.00 GB reserved,       3.38 MB ( <1%) committed 
             Both:        1.02 GB reserved,      25.13 MB (  2%) committed 

Chunk freelists:
   Non-Class:  11.00 KB
       Class:  2.00 KB
        Both:  13.00 KB

MaxMetaspaceSize: 17179869184.00 GB
CompressedClassSpaceSize: 1.00 GB
Initial GC threshold: 20.80 MB
Current GC threshold: 35.00 MB
CDS: off

CodeHeap 'non-profiled nmethods': size=120000Kb used=1104Kb max_used=1104Kb free=118895Kb
 bounds [0x000001b48d990000, 0x000001b48dc00000, 0x000001b494ec0000]
CodeHeap 'profiled nmethods': size=120000Kb used=4564Kb max_used=4564Kb free=115435Kb
 bounds [0x000001b486460000, 0x000001b4868e0000, 0x000001b48d990000]
CodeHeap 'non-nmethods': size=5760Kb used=1236Kb max_used=1265Kb free=4523Kb
 bounds [0x000001b485ec0000, 0x000001b486130000, 0x000001b486460000]
 total_blobs=2643 nmethods=2146 adapters=409
 compilation: enabled
              stopped_count=0, restarted_count=0
 full_count=0

Compilation events (20 events):
Event: 7.669 Thread 0x000001b49c859000 2127  s    3       jdk.internal.jimage.BasicImageReader::findLocation (115 bytes)
Event: 7.670 Thread 0x000001b49c859000 nmethod 2127 0x000001b4868c5410 code [0x000001b4868c5740, 0x000001b4868c68b8]
Event: 7.670 Thread 0x000001b49c859000 2128       3       jdk.internal.jimage.ImageStringsReader::hashCode (8 bytes)
Event: 7.670 Thread 0x000001b49c859000 nmethod 2128 0x000001b4868c6e90 code [0x000001b4868c7080, 0x000001b4868c7298]
Event: 7.670 Thread 0x000001b49c859000 2129       3       jdk.internal.module.SystemModuleFinders$SystemModuleReader::find (54 bytes)
Event: 7.671 Thread 0x000001b49c859000 nmethod 2129 0x000001b4868c7410 code [0x000001b4868c7740, 0x000001b4868c8738]
Event: 7.671 Thread 0x000001b49fc20800 2130       4       java.util.HashMap::put (13 bytes)
Event: 7.671 Thread 0x000001b49c859000 2131       3       java.net.URLConnection::<init> (62 bytes)
Event: 7.672 Thread 0x000001b49c859000 nmethod 2131 0x000001b4868c8d90 code [0x000001b4868c8fc0, 0x000001b4868c9688]
Event: 7.672 Thread 0x000001b49c859000 2133       3       java.io.Reader::<init> (27 bytes)
Event: 7.672 Thread 0x000001b49c859000 nmethod 2133 0x000001b4868c9890 code [0x000001b4868c9a60, 0x000001b4868c9d48]
Event: 7.672 Thread 0x000001b49c859000 2132       3       java.net.URLConnection::getDefaultUseCaches (30 bytes)
Event: 7.672 Thread 0x000001b49c859000 nmethod 2132 0x000001b4868c9e90 code [0x000001b4868ca0a0, 0x000001b4868ca548]
Event: 7.672 Thread 0x000001b49c859000 2134       3       java.util.concurrent.ConcurrentHashMap::tableSizeFor (32 bytes)
Event: 7.673 Thread 0x000001b49c859000 nmethod 2134 0x000001b4868ca710 code [0x000001b4868ca8e0, 0x000001b4868caac8]
Event: 7.685 Thread 0x000001b49fc20800 nmethod 2130 0x000001b48daa2690 code [0x000001b48daa2880, 0x000001b48daa2fd8]
Event: 7.685 Thread 0x000001b49fc20800 2135       4       java.util.Collections$SetFromMap::remove (19 bytes)
Event: 7.687 Thread 0x000001b49c859000 2136       3       java.util.concurrent.ConcurrentHashMap::<init> (73 bytes)
Event: 7.688 Thread 0x000001b49c859000 nmethod 2136 0x000001b4868cab90 code [0x000001b4868cadc0, 0x000001b4868cb338]
Event: 7.691 Thread 0x000001b49fc20800 nmethod 2135 0x000001b48daa3510 code [0x000001b48daa36c0, 0x000001b48daa3b48]

GC Heap History (6 events):
Event: 1.930 GC heap before
{Heap before GC invocations=0 (full 0):
 garbage-first heap   total 129024K, used 30720K [0x0000000080000000, 0x0000000100000000)
  region size 1024K, 24 young (24576K), 0 survivors (0K)
 Metaspace       used 10259K, capacity 10495K, committed 10624K, reserved 1058816K
  class space    used 1071K, capacity 1141K, committed 1152K, reserved 1048576K
}
Event: 1.948 GC heap after
{Heap after GC invocations=1 (full 0):
 garbage-first heap   total 129024K, used 9149K [0x0000000080000000, 0x0000000100000000)
  region size 1024K, 3 young (3072K), 3 survivors (3072K)
 Metaspace       used 10259K, capacity 10495K, committed 10624K, reserved 1058816K
  class space    used 1071K, capacity 1141K, committed 1152K, reserved 1048576K
}
Event: 6.055 GC heap before
{Heap before GC invocations=1 (full 0):
 garbage-first heap   total 129024K, used 83901K [0x0000000080000000, 0x0000000100000000)
  region size 1024K, 75 young (76800K), 3 survivors (3072K)
 Metaspace       used 17687K, capacity 18041K, committed 18176K, reserved 1064960K
  class space    used 2092K, capacity 2211K, committed 2304K, reserved 1048576K
}
Event: 6.069 GC heap after
{Heap after GC invocations=2 (full 0):
 garbage-first heap   total 129024K, used 16007K [0x0000000080000000, 0x0000000100000000)
  region size 1024K, 10 young (10240K), 10 survivors (10240K)
 Metaspace       used 17687K, capacity 18041K, committed 18176K, reserved 1064960K
  class space    used 2092K, capacity 2211K, committed 2304K, reserved 1048576K
}
Event: 6.832 GC heap before
{Heap before GC invocations=2 (full 0):
 garbage-first heap   total 129024K, used 41607K [0x0000000080000000, 0x0000000100000000)
  region size 1024K, 37 young (37888K), 10 survivors (10240K)
 Metaspace       used 20770K, capacity 21141K, committed 21248K, reserved 1067008K
  class space    used 2551K, capacity 2712K, committed 2816K, reserved 1048576K
}
Event: 6.844 GC heap after
{Heap after GC invocations=3 (full 0):
 garbage-first heap   total 129024K, used 17407K [0x0000000080000000, 0x0000000100000000)
  region size 1024K, 2 young (2048K), 2 survivors (2048K)
 Metaspace       used 20770K, capacity 21141K, committed 21248K, reserved 1067008K
  class space    used 2551K, capacity 2712K, committed 2816K, reserved 1048576K
}

Deoptimization events (20 events):
Event: 6.790 Thread 0x000001b49f067800 Uncommon trap: trap_request=0xffffffc6 fr.pc=0x000001b48da0c724 relative=0x0000000000000084
Event: 6.790 Thread 0x000001b49f067800 Uncommon trap: reason=bimorphic_or_optimized_type_check action=maybe_recompile pc=0x000001b48da0c724 method=java.util.AbstractList$Itr.hasNext()Z @ 8 c2
Event: 6.790 Thread 0x000001b49f067800 DEOPT PACKING pc=0x000001b48da0c724 sp=0x0000004ac36faac0
Event: 6.790 Thread 0x000001b49f067800 DEOPT UNPACKING pc=0x000001b485ec85af sp=0x0000004ac36faa58 mode 2
Event: 6.790 Thread 0x000001b49f067800 Uncommon trap: trap_request=0xffffffc6 fr.pc=0x000001b48da0d5f4 relative=0x0000000000000134
Event: 6.790 Thread 0x000001b49f067800 Uncommon trap: reason=bimorphic_or_optimized_type_check action=maybe_recompile pc=0x000001b48da0d5f4 method=java.util.AbstractList$Itr.next()Ljava/lang/Object; @ 14 c2
Event: 6.790 Thread 0x000001b49f067800 DEOPT PACKING pc=0x000001b48da0d5f4 sp=0x0000004ac36faab0
Event: 6.790 Thread 0x000001b49f067800 DEOPT UNPACKING pc=0x000001b485ec85af sp=0x0000004ac36faa48 mode 2
Event: 6.791 Thread 0x000001b49f067800 Uncommon trap: trap_request=0xffffff4d fr.pc=0x000001b48da0ff10 relative=0x0000000000000450
Event: 6.791 Thread 0x000001b49f067800 Uncommon trap: reason=unstable_if action=reinterpret pc=0x000001b48da0ff10 method=java.lang.String.substring(I)Ljava/lang/String; @ 34 c2
Event: 6.791 Thread 0x000001b49f067800 DEOPT PACKING pc=0x000001b48da0ff10 sp=0x0000004ac36fb410
Event: 6.791 Thread 0x000001b49f067800 DEOPT UNPACKING pc=0x000001b485ec85af sp=0x0000004ac36fb3e8 mode 2
Event: 7.123 Thread 0x000001b49f067800 Uncommon trap: trap_request=0xffffff4d fr.pc=0x000001b48da7e098 relative=0x0000000000000398
Event: 7.123 Thread 0x000001b49f067800 Uncommon trap: reason=unstable_if action=reinterpret pc=0x000001b48da7e098 method=jdk.internal.org.objectweb.asm.Type.getArgumentsAndReturnSizes(Ljava/lang/String;)I @ 88 c2
Event: 7.123 Thread 0x000001b49f067800 DEOPT PACKING pc=0x000001b48da7e098 sp=0x0000004ac36f99f0
Event: 7.123 Thread 0x000001b49f067800 DEOPT UNPACKING pc=0x000001b485ec85af sp=0x0000004ac36f9978 mode 2
Event: 7.437 Thread 0x000001b49f067800 Uncommon trap: trap_request=0xffffff4d fr.pc=0x000001b48d9e48fc relative=0x000000000000023c
Event: 7.437 Thread 0x000001b49f067800 Uncommon trap: reason=unstable_if action=reinterpret pc=0x000001b48d9e48fc method=java.util.concurrent.ConcurrentHashMap.get(Ljava/lang/Object;)Ljava/lang/Object; @ 76 c2
Event: 7.437 Thread 0x000001b49f067800 DEOPT PACKING pc=0x000001b48d9e48fc sp=0x0000004ac36f9a20
Event: 7.437 Thread 0x000001b49f067800 DEOPT UNPACKING pc=0x000001b485ec85af sp=0x0000004ac36f9988 mode 2

Classes redefined (0 events):
No events

Internal exceptions (20 events):
Event: 2.802 Thread 0x000001b4823b0800 Exception <a 'java/security/PrivilegedActionException'{0x00000000858c7f20}> (0x00000000858c7f20) thrown at [./src/hotspot/share/prims/jvm.cpp, line 1306]
Event: 2.802 Thread 0x000001b4823b0800 Exception <a 'java/security/PrivilegedActionException'{0x00000000858c8498}> (0x00000000858c8498) thrown at [./src/hotspot/share/prims/jvm.cpp, line 1306]
Event: 3.458 Thread 0x000001b4823b0800 Exception <a 'java/lang/NoSuchMethodError'{0x0000000084797d08}: 'java.lang.Object java.lang.invoke.DirectMethodHandle$Holder.invokeStaticInit(java.lang.Object, java.lang.Object, java.lang.Object)'> (0x0000000084797d08) thrown at [./src/hotspot/share/interpreter/linkResolver.cpp, line 773]
Event: 3.966 Thread 0x000001b4823b0800 Exception <a 'java/lang/NoSuchMethodError'{0x00000000841ebb80}: 'java.lang.Object java.lang.invoke.DirectMethodHandle$Holder.invokeStaticInit(java.lang.Object, int, int, int, int)'> (0x00000000841ebb80) thrown at [./src/hotspot/share/interpreter/linkResolver.cpp, line 773]
Event: 4.749 Thread 0x000001b4823b0800 Exception <a 'java/lang/NoSuchMethodError'{0x0000000084039c50}: 'java.lang.Object java.lang.invoke.DirectMethodHandle$Holder.invokeStaticInit(java.lang.Object, java.lang.Object, int, int, int, int)'> (0x0000000084039c50) thrown at [./src/hotspot/share/interpreter/linkResolver.cpp, line 773]
Event: 5.724 Thread 0x000001b4823b0800 Exception <a 'java/io/IOException'{0x0000000083e14560}> (0x0000000083e14560) thrown at [./src/hotspot/share/prims/jni.cpp, line 615]
Event: 5.949 Thread 0x000001b49f067800 Exception <a 'java/lang/NoSuchMethodError'{0x00000000838e41e8}: 'long java.lang.invoke.DirectMethodHandle$Holder.invokeInterface(java.lang.Object, java.lang.Object)'> (0x00000000838e41e8) thrown at [./src/hotspot/share/interpreter/linkResolver.cpp, line 773]
Event: 5.952 Thread 0x000001b49f067800 Exception <a 'java/lang/NoSuchMethodError'{0x00000000838f1288}: 'void java.lang.invoke.DelegatingMethodHandle$Holder.reinvoke_L(java.lang.Object, java.lang.Object, java.lang.Object, java.lang.Object, java.lang.Object, java.lang.Object, java.lang.Object)'> (0x00000000838f1288) thrown at [./src/hotspot/share/interpreter/linkResolver.cpp, line 773]
Event: 6.662 Thread 0x000001b49f067800 Exception <a 'java/lang/NoSuchMethodError'{0x00000000868e4f00}: 'void java.lang.invoke.DirectMethodHandle$Holder.invokeStaticInit(java.lang.Object)'> (0x00000000868e4f00) thrown at [./src/hotspot/share/interpreter/linkResolver.cpp, line 773]
Event: 6.685 Thread 0x000001b49f067800 Exception <a 'java/lang/NoSuchMethodError'{0x00000000867b6d40}: 'java.lang.Object java.lang.invoke.DirectMethodHandle$Holder.invokeStatic(java.lang.Object, java.lang.Object, java.lang.Object, int)'> (0x00000000867b6d40) thrown at [./src/hotspot/share/interpreter/linkResolver.cpp, line 773]
Event: 6.686 Thread 0x000001b49f067800 Exception <a 'java/lang/NoSuchMethodError'{0x00000000867bb458}: 'java.lang.Object java.lang.invoke.DirectMethodHandle$Holder.invokeSpecial(java.lang.Object, java.lang.Object, java.lang.Object, java.lang.Object, int)'> (0x00000000867bb458) thrown at [./src/hotspot/share/interpreter/linkResolver.cpp, line 773]
Event: 6.686 Thread 0x000001b49f067800 Exception <a 'java/lang/NoSuchMethodError'{0x00000000867bf390}: 'java.lang.Object java.lang.invoke.Invokers$Holder.linkToTargetMethod(java.lang.Object, java.lang.Object, int, java.lang.Object)'> (0x00000000867bf390) thrown at [./src/hotspot/share/interpreter/linkResolver.cpp, line 773]
Event: 6.934 Thread 0x000001b49f067800 Exception <a 'java/lang/NoSuchMethodError'{0x0000000087ce07f0}: 'int java.lang.invoke.DirectMethodHandle$Holder.invokeSpecialIFC(java.lang.Object, java.lang.Object, java.lang.Object, java.lang.Object)'> (0x0000000087ce07f0) thrown at [./src/hotspot/share/interpreter/linkResolver.cpp, line 773]
Event: 6.938 Thread 0x000001b49f067800 Exception <a 'java/lang/NoSuchMethodError'{0x0000000087cee7a8}: 'java.lang.Object java.lang.invoke.DirectMethodHandle$Holder.invokeInterface(java.lang.Object, java.lang.Object, java.lang.Object)'> (0x0000000087cee7a8) thrown at [./src/hotspot/share/interpreter/linkResolver.cpp, line 773]
Event: 6.939 Thread 0x000001b49f067800 Exception <a 'java/lang/IncompatibleClassChangeError'{0x0000000087cf1c80}: Found class java.lang.Object, but interface was expected> (0x0000000087cf1c80) thrown at [./src/hotspot/share/interpreter/linkResolver.cpp, line 839]
Event: 7.239 Thread 0x000001b49f067800 Exception <a 'java/lang/NoSuchMethodError'{0x0000000087029908}: 'java.lang.Object java.lang.invoke.DirectMethodHandle$Holder.invokeSpecial(java.lang.Object, java.lang.Object, java.lang.Object, java.lang.Object, java.lang.Object, java.lang.Object, java.lang.Object, java.lang.Object, java.lang.Object)'> (0x0000000087029908) thrown at [./src/hotspot/share/interpreter/linkResolver.cpp, line 773]
Event: 7.346 Thread 0x000001b49f067800 Exception <a 'java/lang/NoSuchMethodError'{0x0000000086767490}: 'java.lang.Object java.lang.invoke.DirectMethodHandle$Holder.invokeVirtual(java.lang.Object, java.lang.Object, java.lang.Object, java.lang.Object)'> (0x0000000086767490) thrown at [./src/hotspot/share/interpreter/linkResolver.cpp, line 773]
Event: 7.501 Thread 0x000001b49f067800 Exception <a 'java/lang/NoSuchMethodError'{0x0000000085e00450}: 'void java.lang.invoke.DirectMethodHandle$Holder.invokeSpecial(java.lang.Object, java.lang.Object, java.lang.Object, java.lang.Object, java.lang.Object, java.lang.Object)'> (0x0000000085e00450) thrown at [./src/hotspot/share/interpreter/linkResolver.cpp, line 773]
Event: 7.542 Thread 0x000001b49f067800 Exception <a 'java/lang/NoSuchMethodError'{0x0000000085e6e588}: 'void java.lang.invoke.DirectMethodHandle$Holder.invokeSpecial(java.lang.Object, java.lang.Object, java.lang.Object, java.lang.Object, java.lang.Object, java.lang.Object, java.lang.Object)'> (0x0000000085e6e588) thrown at [./src/hotspot/share/interpreter/linkResolver.cpp, line 773]
Event: 7.543 Thread 0x000001b49f067800 Exception <a 'java/lang/NoSuchMethodError'{0x0000000085e76a78}: 'java.lang.Object java.lang.invoke.Invokers$Holder.linkToTargetMethod(java.lang.Object, java.lang.Object, java.lang.Object, java.lang.Object, java.lang.Object, java.lang.Object)'> (0x0000000085e76a78) thrown at [./src/hotspot/share/interpreter/linkResolver.cpp, line 773]

Events (20 events):
Event: 7.708 loading class kotlin/reflect/jvm/internal/pcollections/HashPMap
Event: 7.708 loading class kotlin/reflect/jvm/internal/pcollections/HashPMap done
Event: 7.708 loading class kotlin/reflect/jvm/internal/pcollections/IntTreePMap
Event: 7.708 loading class kotlin/reflect/jvm/internal/pcollections/IntTreePMap done
Event: 7.709 loading class kotlin/reflect/jvm/internal/pcollections/IntTree
Event: 7.709 loading class kotlin/reflect/jvm/internal/pcollections/IntTree done
Event: 7.709 loading class kotlin/reflect/jvm/internal/pcollections/ConsPStack
Event: 7.709 loading class kotlin/reflect/jvm/internal/pcollections/ConsPStack done
Event: 7.710 loading class kotlin/reflect/jvm/internal/KClassImpl
Event: 7.710 loading class kotlin/reflect/jvm/internal/KClassImpl done
Event: 7.711 loading class kotlin/reflect/jvm/internal/KClassifierImpl
Event: 7.711 loading class kotlin/reflect/jvm/internal/KClassifierImpl done
Event: 7.712 loading class kotlin/reflect/jvm/internal/KDeclarationContainerImpl$Companion
Event: 7.712 loading class kotlin/reflect/jvm/internal/KDeclarationContainerImpl$Companion done
Event: 7.712 loading class kotlin/jvm/internal/DefaultConstructorMarker
Event: 7.712 loading class kotlin/jvm/internal/DefaultConstructorMarker done
Event: 7.713 loading class kotlin/text/Regex
Event: 7.713 loading class kotlin/text/Regex done
Event: 7.714 loading class kotlin/text/Regex$Companion
Event: 7.714 loading class kotlin/text/Regex$Companion done


Dynamic libraries:
0x00007ff704e60000 - 0x00007ff704e6a000 	C:\Program Files\Android\Android Studio\jre\bin\java.exe
0x00007ff832ce0000 - 0x00007ff832ee9000 	C:\WINDOWS\SYSTEM32\ntdll.dll
0x00007ff830de0000 - 0x00007ff830e9e000 	C:\WINDOWS\System32\KERNEL32.DLL
0x00007ff830370000 - 0x00007ff8306eb000 	C:\WINDOWS\System32\KERNELBASE.dll
0x00007ff830250000 - 0x00007ff830361000 	C:\WINDOWS\System32\ucrtbase.dll
0x00007ff81b480000 - 0x00007ff81b497000 	C:\Program Files\Android\Android Studio\jre\bin\VCRUNTIME140.dll
0x00007ff81b460000 - 0x00007ff81b479000 	C:\Program Files\Android\Android Studio\jre\bin\jli.dll
0x00007ff832680000 - 0x00007ff83282d000 	C:\WINDOWS\System32\USER32.dll
0x00007ff8301b0000 - 0x00007ff8301d6000 	C:\WINDOWS\System32\win32u.dll
0x00007ff832650000 - 0x00007ff832679000 	C:\WINDOWS\System32\GDI32.dll
0x00007ff830a40000 - 0x00007ff830b58000 	C:\WINDOWS\System32\gdi32full.dll
0x00007ff830920000 - 0x00007ff8309bd000 	C:\WINDOWS\System32\msvcp_win.dll
0x00007ff816c10000 - 0x00007ff816eb5000 	C:\WINDOWS\WinSxS\amd64_microsoft.windows.common-controls_6595b64144ccf1df_6.0.22000.120_none_9d947278b86cc467\COMCTL32.dll
0x00007ff830f20000 - 0x00007ff830fc3000 	C:\WINDOWS\System32\msvcrt.dll
0x00007ff8310d0000 - 0x00007ff831102000 	C:\WINDOWS\System32\IMM32.DLL
0x00007ff81afb0000 - 0x00007ff81b04d000 	C:\Program Files\Android\Android Studio\jre\bin\msvcp140.dll
0x00007fffe2dc0000 - 0x00007fffe38a5000 	C:\Program Files\Android\Android Studio\jre\bin\server\jvm.dll
0x00007ff831320000 - 0x00007ff8313ce000 	C:\WINDOWS\System32\ADVAPI32.dll
0x00007ff831750000 - 0x00007ff8317ee000 	C:\WINDOWS\System32\sechost.dll
0x00007ff830cc0000 - 0x00007ff830de0000 	C:\WINDOWS\System32\RPCRT4.dll
0x00007ff830f10000 - 0x00007ff830f18000 	C:\WINDOWS\System32\PSAPI.DLL
0x00007ff82de10000 - 0x00007ff82de1a000 	C:\WINDOWS\SYSTEM32\VERSION.dll
0x00007ff828d90000 - 0x00007ff828dc3000 	C:\WINDOWS\SYSTEM32\WINMM.dll
0x00007ff8116d0000 - 0x00007ff8116d9000 	C:\WINDOWS\SYSTEM32\WSOCK32.dll
0x00007ff830c50000 - 0x00007ff830cbf000 	C:\WINDOWS\System32\WS2_32.dll
0x00007ff82f2e0000 - 0x00007ff82f2f8000 	C:\WINDOWS\SYSTEM32\kernel.appcore.dll
0x00007ff811640000 - 0x00007ff811651000 	C:\Program Files\Android\Android Studio\jre\bin\verify.dll
0x00007ff82d7b0000 - 0x00007ff82d9d1000 	C:\WINDOWS\SYSTEM32\DBGHELP.DLL
0x00007ff813030000 - 0x00007ff813061000 	C:\WINDOWS\SYSTEM32\dbgcore.DLL
0x00007ff8309c0000 - 0x00007ff830a3f000 	C:\WINDOWS\System32\bcryptPrimitives.dll
0x00007ff810ef0000 - 0x00007ff810f19000 	C:\Program Files\Android\Android Studio\jre\bin\java.dll
0x00007ff81ecb0000 - 0x00007ff81ecbb000 	C:\Program Files\Android\Android Studio\jre\bin\jimage.dll
0x00007ff8113f0000 - 0x00007ff811408000 	C:\Program Files\Android\Android Studio\jre\bin\zip.dll
0x00007ff831bc0000 - 0x00007ff832377000 	C:\WINDOWS\System32\SHELL32.dll
0x00007ff82e220000 - 0x00007ff82ea85000 	C:\WINDOWS\SYSTEM32\windows.storage.dll
0x00007ff8313d0000 - 0x00007ff831748000 	C:\WINDOWS\System32\combase.dll
0x00007ff82e0b0000 - 0x00007ff82e216000 	C:\WINDOWS\SYSTEM32\wintypes.dll
0x00007ff832560000 - 0x00007ff83264a000 	C:\WINDOWS\System32\SHCORE.dll
0x00007ff831a10000 - 0x00007ff831a6d000 	C:\WINDOWS\System32\shlwapi.dll
0x00007ff8300e0000 - 0x00007ff830101000 	C:\WINDOWS\SYSTEM32\profapi.dll
0x00007ff810fd0000 - 0x00007ff810fea000 	C:\Program Files\Android\Android Studio\jre\bin\net.dll
0x00007ff828320000 - 0x00007ff828434000 	C:\WINDOWS\SYSTEM32\WINHTTP.dll
0x00007ff82f780000 - 0x00007ff82f7e7000 	C:\WINDOWS\system32\mswsock.dll
0x00007ff810ed0000 - 0x00007ff810ee4000 	C:\Program Files\Android\Android Studio\jre\bin\nio.dll
0x00007fffc1c60000 - 0x00007fffc1c87000 	C:\Users\dell\.gradle\native\e1d6ef7f7dcc3fd88c89a11ec53ec762bb8ba0a96d01ffa2cd45eb1d1d8dd5c5\windows-amd64\native-platform.dll
0x00007fffee500000 - 0x00007fffee644000 	C:\Users\dell\.gradle\native\5664cfc778a61ccfe75a443a1ab52a65af34e5dc3c78e0209fed803814484fcb\windows-amd64\native-platform-file-events.dll
0x00007ff812b90000 - 0x00007ff812b9a000 	C:\Program Files\Android\Android Studio\jre\bin\management.dll
0x00007ff811010000 - 0x00007ff81101d000 	C:\Program Files\Android\Android Studio\jre\bin\management_ext.dll
0x00007ff82fa00000 - 0x00007ff82fa18000 	C:\WINDOWS\SYSTEM32\CRYPTSP.dll
0x00007ff82f240000 - 0x00007ff82f275000 	C:\WINDOWS\system32\rsaenh.dll
0x00007ff82f8b0000 - 0x00007ff82f8d9000 	C:\WINDOWS\SYSTEM32\USERENV.dll
0x00007ff82fb90000 - 0x00007ff82fbb7000 	C:\WINDOWS\SYSTEM32\bcrypt.dll
0x00007ff82fa20000 - 0x00007ff82fa2c000 	C:\WINDOWS\SYSTEM32\CRYPTBASE.dll
0x00007ff82ed50000 - 0x00007ff82ed7d000 	C:\WINDOWS\SYSTEM32\IPHLPAPI.DLL
0x00007ff831170000 - 0x00007ff831179000 	C:\WINDOWS\System32\NSI.dll
0x00007ff828610000 - 0x00007ff828629000 	C:\WINDOWS\SYSTEM32\dhcpcsvc6.DLL
0x00007ff828d50000 - 0x00007ff828d6e000 	C:\WINDOWS\SYSTEM32\dhcpcsvc.DLL
0x00007ff82ed80000 - 0x00007ff82ee68000 	C:\WINDOWS\SYSTEM32\DNSAPI.dll

dbghelp: loaded successfully - version: 4.0.5 - missing functions: none
symbol engine: initialized successfully - sym options: 0x614 - pdb path: .;C:\Program Files\Android\Android Studio\jre\bin;C:\WINDOWS\SYSTEM32;C:\WINDOWS\WinSxS\amd64_microsoft.windows.common-controls_6595b64144ccf1df_6.0.22000.120_none_9d947278b86cc467;C:\Program Files\Android\Android Studio\jre\bin\server;C:\Users\dell\.gradle\native\e1d6ef7f7dcc3fd88c89a11ec53ec762bb8ba0a96d01ffa2cd45eb1d1d8dd5c5\windows-amd64;C:\Users\dell\.gradle\native\5664cfc778a61ccfe75a443a1ab52a65af34e5dc3c78e0209fed803814484fcb\windows-amd64

VM Arguments:
jvm_args: --add-opens=java.base/java.util=ALL-UNNAMED --add-opens=java.base/java.lang=ALL-UNNAMED --add-opens=java.base/java.lang.invoke=ALL-UNNAMED --add-opens=java.base/java.util=ALL-UNNAMED --add-opens=java.prefs/java.util.prefs=ALL-UNNAMED --add-opens=java.prefs/java.util.prefs=ALL-UNNAMED --add-opens=java.base/java.nio.charset=ALL-UNNAMED --add-opens=java.base/java.net=ALL-UNNAMED --add-opens=java.base/java.util.concurrent.atomic=ALL-UNNAMED -Xmx2048m -Dfile.encoding=UTF-8 -Duser.country=IN -Duser.language=en -Duser.variant 
java_command: org.gradle.launcher.daemon.bootstrap.GradleDaemon 7.3.3
java_class_path (initial): C:\Users\dell\.gradle\wrapper\dists\gradle-7.3.3-bin\6a41zxkdtcxs8rphpq6y0069z\gradle-7.3.3\lib\gradle-launcher-7.3.3.jar
Launcher Type: SUN_STANDARD

[Global flags]
     intx CICompilerCount                          = 4                                         {product} {ergonomic}
     uint ConcGCThreads                            = 2                                         {product} {ergonomic}
     uint G1ConcRefinementThreads                  = 8                                         {product} {ergonomic}
   size_t G1HeapRegionSize                         = 1048576                                   {product} {ergonomic}
    uintx GCDrainStackTargetSize                   = 64                                        {product} {ergonomic}
   size_t InitialHeapSize                          = 132120576                                 {product} {ergonomic}
   size_t MarkStackSize                            = 4194304                                   {product} {ergonomic}
   size_t MaxHeapSize                              = 2147483648                                {product} {command line}
   size_t MaxNewSize                               = 1287651328                                {product} {ergonomic}
   size_t MinHeapDeltaBytes                        = 1048576                                   {product} {ergonomic}
    uintx NonNMethodCodeHeapSize                   = 5836300                                {pd product} {ergonomic}
    uintx NonProfiledCodeHeapSize                  = 122910970                              {pd product} {ergonomic}
    uintx ProfiledCodeHeapSize                     = 122910970                              {pd product} {ergonomic}
    uintx ReservedCodeCacheSize                    = 251658240                              {pd product} {ergonomic}
     bool SegmentedCodeCache                       = true                                      {product} {ergonomic}
     bool UseCompressedClassPointers               = true                                 {lp64_product} {ergonomic}
     bool UseCompressedOops                        = true                                 {lp64_product} {ergonomic}
     bool UseG1GC                                  = true                                      {product} {ergonomic}
     bool UseLargePagesIndividualAllocation        = false                                  {pd product} {ergonomic}

Logging:
Log output configuration:
 #0: stdout all=warning uptime,level,tags
 #1: stderr all=off uptime,level,tags

Environment Variables:
JAVA_HOME=C:\Users\dell\AppData\Local\Programs\Eclipse Adoptium\jdk-17.0.5.8-hotspot\
PATH=C:\Program Files\Python310\Scripts\;C:\Program Files\Python310\;C:\Windows\system32;C:\Windows;C:\Windows\System32\Wbem;C:\Windows\System32\WindowsPowerShell\v1.0\;C:\Windows\System32\OpenSSH\;C:\Program Files\NVIDIA Corporation\NVIDIA NvDLISR;C:\Program Files (x86)\NVIDIA Corporation\PhysX\Common;C:\Program Files\nodejs\;C:\ProgramData\chocolatey\bin;C:\cygwin64\bin;C:\WINDOWS\system32;C:\WINDOWS;C:\WINDOWS\System32\Wbem;C:\WINDOWS\System32\WindowsPowerShell\v1.0\;C:\WINDOWS\System32\OpenSSH\;C:\Program Files\Git\cmd;C:\Program Files\dotnet\;C:\Program Files\Microsoft SQL Server\150\Tools\Binn\;C:\WINDOWS\system32;C:\WINDOWS;C:\WINDOWS\System32\Wbem;C:\WINDOWS\System32\WindowsPowerShell\v1.0\;C:\WINDOWS\System32\OpenSSH\;C:\Program Files\MATLAB\R2022a\bin;C:\Users\dell\AppData\Local\Programs\Eclipse Adoptium\jdk-17.0.5.8-hotspot\bin;C:\Users\dell\AppData\Local\Microsoft\WindowsApps;C:\Users\dell\AppData\Roaming\npm;C:\altera\13.0sp1\modelsim_ase\win32aloem;C:\msys64\mingw64\bin;C:\Users\dell\AppData\Local\Programs\Microsoft VS Code\bin
USERNAME=dell
OS=Windows_NT
PROCESSOR_IDENTIFIER=Intel64 Family 6 Model 126 Stepping 5, GenuineIntel



---------------  S Y S T E M  ---------------

OS: Windows 10 , 64 bit Build 22000 (10.0.22000.1335)
OS uptime: 0 days 1:01 hours
Hyper-V role detected

CPU:total 8 (initial active 8) (4 cores per cpu, 2 threads per core) family 6 model 126 stepping 5 microcode 0xb2, cmov, cx8, fxsr, mmx, sse, sse2, sse3, ssse3, sse4.1, sse4.2, popcnt, avx, avx2, aes, clmul, erms, 3dnowpref, lzcnt, ht, tsc, tscinvbit, bmi1, bmi2, adx, evex, sha, fma

Memory: 4k page, system-wide physical 7959M (409M free)
TotalPageFile size 10007M (AvailPageFile size 5M)
current process WorkingSet (physical memory assigned to process): 210M, peak: 210M
current process commit charge ("private bytes"): 275M, peak: 275M

vm_info: OpenJDK 64-Bit Server VM (11.0.12+7-b1504.28-7817840) for windows-amd64 JRE (11.0.12+7-b1504.28-7817840), built on Oct 13 2021 22:12:33 by "builder" with MS VC++ 14.0 (VS2015)

END.
