#
# There is insufficient memory for the Java Runtime Environment to continue.
# Native memory allocation (malloc) failed to allocate 1455536 bytes for Chunk::new
# Possible reasons:
#   The system is out of physical RAM or swap space
#   The process is running with CompressedOops enabled, and the Java Heap may be blocking the growth of the native heap
# Possible solutions:
#   Reduce memory load on the system
#   Increase physical memory or swap space
#   Check if swap backing store is full
#   Decrease Java heap size (-Xmx/-Xms)
#   Decrease number of Java threads
#   Decrease Java thread stack sizes (-Xss)
#   Set larger code cache with -XX:ReservedCodeCacheSize=
#   JVM is running with Unscaled Compressed Oops mode in which the Java heap is
#     placed in the first 4GB address space. The Java Heap base address is the
#     maximum limit for the native heap growth. Please use -XX:HeapBaseMinAddress
#     to set the Java Heap base and to place the Java Heap above 4GB virtual address.
# This output file may be truncated or incomplete.
#
#  Out of Memory Error (./src/hotspot/share/memory/arena.cpp:197), pid=18352, tid=13044
#
# JRE version: OpenJDK Runtime Environment (11.0.12+7) (build 11.0.12+7-b1504.28-7817840)
# Java VM: OpenJDK 64-Bit Server VM (11.0.12+7-b1504.28-7817840, mixed mode, tiered, compressed oops, g1 gc, windows-amd64)
# No core dump will be written. Minidumps are not enabled by default on client versions of Windows
#

---------------  S U M M A R Y ------------

Command Line: --add-opens=java.base/java.util=ALL-UNNAMED --add-opens=java.base/java.lang=ALL-UNNAMED --add-opens=java.base/java.lang.invoke=ALL-UNNAMED --add-opens=java.base/java.util=ALL-UNNAMED --add-opens=java.prefs/java.util.prefs=ALL-UNNAMED --add-opens=java.prefs/java.util.prefs=ALL-UNNAMED --add-opens=java.base/java.nio.charset=ALL-UNNAMED --add-opens=java.base/java.net=ALL-UNNAMED --add-opens=java.base/java.util.concurrent.atomic=ALL-UNNAMED -Xmx2048m -Dfile.encoding=UTF-8 -Duser.country=IN -Duser.language=en -Duser.variant org.gradle.launcher.daemon.bootstrap.GradleDaemon 7.3.3

Host: Intel(R) Core(TM) i5-1035G1 CPU @ 1.00GHz, 8 cores, 7G,  Windows 10 , 64 bit Build 22000 (10.0.22000.1335)
Time: Fri Feb 10 01:40:53 2023 India Standard Time elapsed time: 3.014840 seconds (0d 0h 0m 3s)

---------------  T H R E A D  ---------------

Current thread (0x000001a352b0a800):  JavaThread "C2 CompilerThread1" daemon [_thread_in_native, id=13044, stack(0x0000009ade900000,0x0000009adea00000)]


Current CompileTask:
C2:   3014 2093   !   4       java.net.URLClassLoader$1::run (63 bytes)

Stack: [0x0000009ade900000,0x0000009adea00000]
Native frames: (J=compiled Java code, j=interpreted, Vv=VM code, C=native code)
V  [jvm.dll+0x5fbcea]
V  [jvm.dll+0x731905]
V  [jvm.dll+0x732f1d]
V  [jvm.dll+0x7335d3]
V  [jvm.dll+0x247bf8]
V  [jvm.dll+0xc018c]
V  [jvm.dll+0xc06cc]
V  [jvm.dll+0x35b31d]
V  [jvm.dll+0x19d0bc]
V  [jvm.dll+0x20070e]
V  [jvm.dll+0x1ff794]
V  [jvm.dll+0x18868c]
V  [jvm.dll+0x20e0d7]
V  [jvm.dll+0x20c901]
V  [jvm.dll+0x6f9b7f]
V  [jvm.dll+0x6f26a5]
V  [jvm.dll+0x5fabf6]
C  [ucrtbase.dll+0x26c0c]
C  [KERNEL32.DLL+0x155a0]
C  [ntdll.dll+0x485b]


---------------  P R O C E S S  ---------------

Threads class SMR info:
_java_thread_list=0x000001a355e1afb0, length=29, elements={
0x000001a335b10800, 0x000001a34ffa8000, 0x000001a34ffad800, 0x000001a350926800,
0x000001a350928000, 0x000001a350929000, 0x000001a34ffc7000, 0x000001a34ffc9800,
0x000001a34ffd3000, 0x000001a350a7c800, 0x000001a352e4c000, 0x000001a350cdd800,
0x000001a352ec3800, 0x000001a352d79800, 0x000001a351e27800, 0x000001a352930800,
0x000001a352a2c800, 0x000001a352c03800, 0x000001a352d5d000, 0x000001a352d5e800,
0x000001a352d5f800, 0x000001a352d5e000, 0x000001a353024000, 0x000001a35301e000,
0x000001a352b0a800, 0x000001a35301f800, 0x000001a353021800, 0x000001a353023000,
0x000001a353024800
}

Java Threads: ( => current thread )
  0x000001a335b10800 JavaThread "main" [_thread_blocked, id=16800, stack(0x0000009adc200000,0x0000009adc300000)]
  0x000001a34ffa8000 JavaThread "Reference Handler" daemon [_thread_blocked, id=17496, stack(0x0000009adc900000,0x0000009adca00000)]
  0x000001a34ffad800 JavaThread "Finalizer" daemon [_thread_blocked, id=16036, stack(0x0000009adca00000,0x0000009adcb00000)]
  0x000001a350926800 JavaThread "Signal Dispatcher" daemon [_thread_blocked, id=1664, stack(0x0000009adcb00000,0x0000009adcc00000)]
  0x000001a350928000 JavaThread "Attach Listener" daemon [_thread_blocked, id=12216, stack(0x0000009adcc00000,0x0000009adcd00000)]
  0x000001a350929000 JavaThread "Service Thread" daemon [_thread_blocked, id=32, stack(0x0000009adcd00000,0x0000009adce00000)]
  0x000001a34ffc7000 JavaThread "C2 CompilerThread0" daemon [_thread_in_native, id=15704, stack(0x0000009adce00000,0x0000009adcf00000)]
  0x000001a34ffc9800 JavaThread "C1 CompilerThread0" daemon [_thread_blocked, id=10616, stack(0x0000009adcf00000,0x0000009add000000)]
  0x000001a34ffd3000 JavaThread "Sweeper thread" daemon [_thread_blocked, id=8144, stack(0x0000009add000000,0x0000009add100000)]
  0x000001a350a7c800 JavaThread "Common-Cleaner" daemon [_thread_blocked, id=5972, stack(0x0000009add100000,0x0000009add200000)]
  0x000001a352e4c000 JavaThread "Daemon health stats" [_thread_blocked, id=18384, stack(0x0000009add700000,0x0000009add800000)]
  0x000001a350cdd800 JavaThread "Incoming local TCP Connector on port 50810" [_thread_in_native, id=7348, stack(0x0000009add300000,0x0000009add400000)]
  0x000001a352ec3800 JavaThread "Daemon periodic checks" [_thread_blocked, id=15788, stack(0x0000009add400000,0x0000009add500000)]
  0x000001a352d79800 JavaThread "Daemon" [_thread_blocked, id=16364, stack(0x0000009add800000,0x0000009add900000)]
  0x000001a351e27800 JavaThread "Handler for socket connection from /127.0.0.1:50810 to /127.0.0.1:50811" [_thread_in_native, id=468, stack(0x0000009add900000,0x0000009adda00000)]
  0x000001a352930800 JavaThread "Cancel handler" [_thread_blocked, id=17732, stack(0x0000009adda00000,0x0000009addb00000)]
  0x000001a352a2c800 JavaThread "Daemon worker" [_thread_in_Java, id=6080, stack(0x0000009addb00000,0x0000009addc00000)]
  0x000001a352c03800 JavaThread "Asynchronous log dispatcher for DefaultDaemonConnection: socket connection from /127.0.0.1:50810 to /127.0.0.1:50811" [_thread_blocked, id=18128, stack(0x0000009addc00000,0x0000009addd00000)]
  0x000001a352d5d000 JavaThread "Stdin handler" [_thread_blocked, id=10728, stack(0x0000009addd00000,0x0000009adde00000)]
  0x000001a352d5e800 JavaThread "Daemon client event forwarder" [_thread_blocked, id=10760, stack(0x0000009adde00000,0x0000009addf00000)]
  0x000001a352d5f800 JavaThread "Cache worker for journal cache (C:\Users\dell\.gradle\caches\journal-1)" [_thread_blocked, id=9744, stack(0x0000009ade400000,0x0000009ade500000)]
  0x000001a352d5e000 JavaThread "File lock request listener" [_thread_in_native, id=17840, stack(0x0000009ade500000,0x0000009ade600000)]
  0x000001a353024000 JavaThread "Cache worker for file hash cache (C:\Users\dell\.gradle\caches\7.3.3\fileHashes)" [_thread_blocked, id=1364, stack(0x0000009ade600000,0x0000009ade700000)]
  0x000001a35301e000 JavaThread "Cache worker for file hash cache (D:\FallDetection\.gradle\7.3.3\fileHashes)" [_thread_blocked, id=13396, stack(0x0000009ade800000,0x0000009ade900000)]
=>0x000001a352b0a800 JavaThread "C2 CompilerThread1" daemon [_thread_in_native, id=13044, stack(0x0000009ade900000,0x0000009adea00000)]
  0x000001a35301f800 JavaThread "File watcher server" daemon [_thread_in_native, id=17892, stack(0x0000009adea00000,0x0000009adeb00000)]
  0x000001a353021800 JavaThread "File watcher consumer" daemon [_thread_blocked, id=5488, stack(0x0000009adeb00000,0x0000009adec00000)]
  0x000001a353023000 JavaThread "Cache worker for checksums cache (D:\FallDetection\.gradle\7.3.3\checksums)" [_thread_blocked, id=3916, stack(0x0000009adec00000,0x0000009aded00000)]
  0x000001a353024800 JavaThread "Cache worker for cache directory md-supplier (C:\Users\dell\.gradle\caches\7.3.3\md-supplier)" [_thread_blocked, id=12156, stack(0x0000009aded00000,0x0000009adee00000)]
  0x000001a353022000 JavaThread "Cache worker for cache directory md-rule (C:\Users\dell\.gradle\caches\7.3.3\md-rule)" [_thread_blocked, id=7680, stack(0x0000009adee00000,0x0000009adef00000)]

Other Threads:
  0x000001a34ffa4800 VMThread "VM Thread" [stack: 0x0000009adc800000,0x0000009adc900000] [id=7104]
  0x000001a350a97000 WatcherThread [stack: 0x0000009add200000,0x0000009add300000] [id=18064]
  0x000001a335b29000 GCTaskThread "GC Thread#0" [stack: 0x0000009adc300000,0x0000009adc400000] [id=13036]
  0x000001a350f8c000 GCTaskThread "GC Thread#1" [stack: 0x0000009add500000,0x0000009add600000] [id=2440]
  0x000001a350ed3800 GCTaskThread "GC Thread#2" [stack: 0x0000009add600000,0x0000009add700000] [id=5440]
  0x000001a3524a4000 GCTaskThread "GC Thread#3" [stack: 0x0000009addf00000,0x0000009ade000000] [id=14520]
  0x000001a3517d2800 GCTaskThread "GC Thread#4" [stack: 0x0000009ade000000,0x0000009ade100000] [id=2476]
  0x000001a352b9e000 GCTaskThread "GC Thread#5" [stack: 0x0000009ade100000,0x0000009ade200000] [id=560]
  0x000001a352307000 GCTaskThread "GC Thread#6" [stack: 0x0000009ade200000,0x0000009ade300000] [id=15016]
  0x000001a3522c3000 GCTaskThread "GC Thread#7" [stack: 0x0000009ade300000,0x0000009ade400000] [id=1720]
  0x000001a335b5b800 ConcurrentGCThread "G1 Main Marker" [stack: 0x0000009adc400000,0x0000009adc500000] [id=17128]
  0x000001a335b5d800 ConcurrentGCThread "G1 Conc#0" [stack: 0x0000009adc500000,0x0000009adc600000] [id=10160]
  0x000001a352ec2000 ConcurrentGCThread "G1 Conc#1" [stack: 0x0000009ade700000,0x0000009ade800000] [id=16044]
  0x000001a335bee800 ConcurrentGCThread "G1 Refine#0" [stack: 0x0000009adc600000,0x0000009adc700000] [id=5396]
  0x000001a34fdf4800 ConcurrentGCThread "G1 Young RemSet Sampling" [stack: 0x0000009adc700000,0x0000009adc800000] [id=9312]

Threads with active compile tasks:
C2 CompilerThread0   3029 2253   !   4       java.net.URL::<init> (543 bytes)
C1 CompilerThread0   3029 2381       3       org.objectweb.asm.AnnotationWriter::putAnnotations (67 bytes)
C2 CompilerThread1   3029 2093   !   4       java.net.URLClassLoader$1::run (63 bytes)

VM state:not at safepoint (normal execution)

VM Mutex/Monitor currently owned by a thread: None

Heap address: 0x0000000080000000, size: 2048 MB, Compressed Oops mode: 32-bit
Narrow klass base: 0x0000000000000000, Narrow klass shift: 3
Compressed class space size: 1073741824 Address: 0x0000000100000000

Heap:
 garbage-first heap   total 129024K, used 46446K [0x0000000080000000, 0x0000000100000000)
  region size 1024K, 31 young (31744K), 3 survivors (3072K)
 Metaspace       used 28808K, capacity 29426K, committed 29696K, reserved 1075200K
  class space    used 3810K, capacity 4062K, committed 4096K, reserved 1048576K
Heap Regions: E=young(eden), S=young(survivor), O=old, HS=humongous(starts), HC=humongous(continues), CS=collection set, F=free, A=archive, TAMS=top-at-mark-start (previous, next)
|   0|0x0000000080000000, 0x0000000080100000, 0x0000000080100000|100%| O|  |TAMS 0x0000000080100000, 0x0000000080000000| Untracked 
|   1|0x0000000080100000, 0x0000000080200000, 0x0000000080200000|100%| O|  |TAMS 0x0000000080200000, 0x0000000080100000| Untracked 
|   2|0x0000000080200000, 0x0000000080300000, 0x0000000080300000|100%| O|  |TAMS 0x0000000080300000, 0x0000000080200000| Untracked 
|   3|0x0000000080300000, 0x0000000080400000, 0x0000000080400000|100%|HS|  |TAMS 0x0000000080400000, 0x0000000080300000| Complete 
|   4|0x0000000080400000, 0x0000000080500000, 0x0000000080500000|100%|HC|  |TAMS 0x0000000080500000, 0x0000000080400000| Complete 
|   5|0x0000000080500000, 0x0000000080600000, 0x0000000080600000|100%|HC|  |TAMS 0x0000000080600000, 0x0000000080500000| Complete 
|   6|0x0000000080600000, 0x0000000080700000, 0x0000000080700000|100%| O|  |TAMS 0x0000000080700000, 0x0000000080600000| Untracked 
|   7|0x0000000080700000, 0x0000000080800000, 0x0000000080800000|100%| O|  |TAMS 0x0000000080800000, 0x0000000080700000| Untracked 
|   8|0x0000000080800000, 0x0000000080900000, 0x0000000080900000|100%| O|  |TAMS 0x0000000080900000, 0x0000000080800000| Untracked 
|   9|0x0000000080900000, 0x0000000080a00000, 0x0000000080a00000|100%| O|  |TAMS 0x0000000080a00000, 0x0000000080900000| Untracked 
|  10|0x0000000080a00000, 0x0000000080b00000, 0x0000000080b00000|100%| O|  |TAMS 0x0000000080b00000, 0x0000000080a00000| Untracked 
|  11|0x0000000080b00000, 0x0000000080c00000, 0x0000000080c00000|100%| O|  |TAMS 0x0000000080c00000, 0x0000000080b00000| Untracked 
|  12|0x0000000080c00000, 0x0000000080d00000, 0x0000000080d00000|100%| O|  |TAMS 0x0000000080d00000, 0x0000000080c00000| Untracked 
|  13|0x0000000080d00000, 0x0000000080e00000, 0x0000000080e00000|100%| O|  |TAMS 0x0000000080e00000, 0x0000000080d00000| Untracked 
|  14|0x0000000080e00000, 0x0000000080f00000, 0x0000000080f00000|100%| O|  |TAMS 0x0000000080f00000, 0x0000000080e00000| Untracked 
|  15|0x0000000080f00000, 0x0000000080f7e800, 0x0000000081000000| 49%| O|  |TAMS 0x0000000080f7e800, 0x0000000080f00000| Untracked 
|  16|0x0000000081000000, 0x0000000081000000, 0x0000000081100000|  0%| F|  |TAMS 0x0000000081000000, 0x0000000081000000| Untracked 
|  17|0x0000000081100000, 0x0000000081100000, 0x0000000081200000|  0%| F|  |TAMS 0x0000000081100000, 0x0000000081100000| Untracked 
|  18|0x0000000081200000, 0x0000000081200000, 0x0000000081300000|  0%| F|  |TAMS 0x0000000081200000, 0x0000000081200000| Untracked 
|  19|0x0000000081300000, 0x0000000081300000, 0x0000000081400000|  0%| F|  |TAMS 0x0000000081300000, 0x0000000081300000| Untracked 
|  20|0x0000000081400000, 0x0000000081400000, 0x0000000081500000|  0%| F|  |TAMS 0x0000000081400000, 0x0000000081400000| Untracked 
|  21|0x0000000081500000, 0x0000000081500000, 0x0000000081600000|  0%| F|  |TAMS 0x0000000081500000, 0x0000000081500000| Untracked 
|  22|0x0000000081600000, 0x0000000081600000, 0x0000000081700000|  0%| F|  |TAMS 0x0000000081600000, 0x0000000081600000| Untracked 
|  23|0x0000000081700000, 0x0000000081700000, 0x0000000081800000|  0%| F|  |TAMS 0x0000000081700000, 0x0000000081700000| Untracked 
|  24|0x0000000081800000, 0x0000000081800000, 0x0000000081900000|  0%| F|  |TAMS 0x0000000081800000, 0x0000000081800000| Untracked 
|  25|0x0000000081900000, 0x0000000081900000, 0x0000000081a00000|  0%| F|  |TAMS 0x0000000081900000, 0x0000000081900000| Untracked 
|  26|0x0000000081a00000, 0x0000000081a00000, 0x0000000081b00000|  0%| F|  |TAMS 0x0000000081a00000, 0x0000000081a00000| Untracked 
|  27|0x0000000081b00000, 0x0000000081b00000, 0x0000000081c00000|  0%| F|  |TAMS 0x0000000081b00000, 0x0000000081b00000| Untracked 
|  28|0x0000000081c00000, 0x0000000081c00000, 0x0000000081d00000|  0%| F|  |TAMS 0x0000000081c00000, 0x0000000081c00000| Untracked 
|  29|0x0000000081d00000, 0x0000000081d00000, 0x0000000081e00000|  0%| F|  |TAMS 0x0000000081d00000, 0x0000000081d00000| Untracked 
|  30|0x0000000081e00000, 0x0000000081e00000, 0x0000000081f00000|  0%| F|  |TAMS 0x0000000081e00000, 0x0000000081e00000| Untracked 
|  31|0x0000000081f00000, 0x0000000081f00000, 0x0000000082000000|  0%| F|  |TAMS 0x0000000081f00000, 0x0000000081f00000| Untracked 
|  32|0x0000000082000000, 0x0000000082000000, 0x0000000082100000|  0%| F|  |TAMS 0x0000000082000000, 0x0000000082000000| Untracked 
|  33|0x0000000082100000, 0x0000000082100000, 0x0000000082200000|  0%| F|  |TAMS 0x0000000082100000, 0x0000000082100000| Untracked 
|  34|0x0000000082200000, 0x0000000082200000, 0x0000000082300000|  0%| F|  |TAMS 0x0000000082200000, 0x0000000082200000| Untracked 
|  35|0x0000000082300000, 0x0000000082300000, 0x0000000082400000|  0%| F|  |TAMS 0x0000000082300000, 0x0000000082300000| Untracked 
|  36|0x0000000082400000, 0x0000000082400000, 0x0000000082500000|  0%| F|  |TAMS 0x0000000082400000, 0x0000000082400000| Untracked 
|  37|0x0000000082500000, 0x0000000082500000, 0x0000000082600000|  0%| F|  |TAMS 0x0000000082500000, 0x0000000082500000| Untracked 
|  38|0x0000000082600000, 0x0000000082600000, 0x0000000082700000|  0%| F|  |TAMS 0x0000000082600000, 0x0000000082600000| Untracked 
|  39|0x0000000082700000, 0x0000000082700000, 0x0000000082800000|  0%| F|  |TAMS 0x0000000082700000, 0x0000000082700000| Untracked 
|  40|0x0000000082800000, 0x0000000082800000, 0x0000000082900000|  0%| F|  |TAMS 0x0000000082800000, 0x0000000082800000| Untracked 
|  41|0x0000000082900000, 0x0000000082900000, 0x0000000082a00000|  0%| F|  |TAMS 0x0000000082900000, 0x0000000082900000| Untracked 
|  42|0x0000000082a00000, 0x0000000082a00000, 0x0000000082b00000|  0%| F|  |TAMS 0x0000000082a00000, 0x0000000082a00000| Untracked 
|  43|0x0000000082b00000, 0x0000000082b00000, 0x0000000082c00000|  0%| F|  |TAMS 0x0000000082b00000, 0x0000000082b00000| Untracked 
|  44|0x0000000082c00000, 0x0000000082c00000, 0x0000000082d00000|  0%| F|  |TAMS 0x0000000082c00000, 0x0000000082c00000| Untracked 
|  45|0x0000000082d00000, 0x0000000082d00000, 0x0000000082e00000|  0%| F|  |TAMS 0x0000000082d00000, 0x0000000082d00000| Untracked 
|  46|0x0000000082e00000, 0x0000000082e00000, 0x0000000082f00000|  0%| F|  |TAMS 0x0000000082e00000, 0x0000000082e00000| Untracked 
|  47|0x0000000082f00000, 0x0000000082f00000, 0x0000000083000000|  0%| F|  |TAMS 0x0000000082f00000, 0x0000000082f00000| Untracked 
|  48|0x0000000083000000, 0x0000000083000000, 0x0000000083100000|  0%| F|  |TAMS 0x0000000083000000, 0x0000000083000000| Untracked 
|  49|0x0000000083100000, 0x0000000083100000, 0x0000000083200000|  0%| F|  |TAMS 0x0000000083100000, 0x0000000083100000| Untracked 
|  50|0x0000000083200000, 0x0000000083200000, 0x0000000083300000|  0%| F|  |TAMS 0x0000000083200000, 0x0000000083200000| Untracked 
|  51|0x0000000083300000, 0x0000000083300000, 0x0000000083400000|  0%| F|  |TAMS 0x0000000083300000, 0x0000000083300000| Untracked 
|  52|0x0000000083400000, 0x0000000083400000, 0x0000000083500000|  0%| F|  |TAMS 0x0000000083400000, 0x0000000083400000| Untracked 
|  53|0x0000000083500000, 0x0000000083500000, 0x0000000083600000|  0%| F|  |TAMS 0x0000000083500000, 0x0000000083500000| Untracked 
|  54|0x0000000083600000, 0x0000000083600000, 0x0000000083700000|  0%| F|  |TAMS 0x0000000083600000, 0x0000000083600000| Untracked 
|  55|0x0000000083700000, 0x0000000083700000, 0x0000000083800000|  0%| F|  |TAMS 0x0000000083700000, 0x0000000083700000| Untracked 
|  56|0x0000000083800000, 0x0000000083800000, 0x0000000083900000|  0%| F|  |TAMS 0x0000000083800000, 0x0000000083800000| Untracked 
|  57|0x0000000083900000, 0x0000000083900000, 0x0000000083a00000|  0%| F|  |TAMS 0x0000000083900000, 0x0000000083900000| Untracked 
|  58|0x0000000083a00000, 0x0000000083a00000, 0x0000000083b00000|  0%| F|  |TAMS 0x0000000083a00000, 0x0000000083a00000| Untracked 
|  59|0x0000000083b00000, 0x0000000083b00000, 0x0000000083c00000|  0%| F|  |TAMS 0x0000000083b00000, 0x0000000083b00000| Untracked 
|  60|0x0000000083c00000, 0x0000000083c00000, 0x0000000083d00000|  0%| F|  |TAMS 0x0000000083c00000, 0x0000000083c00000| Untracked 
|  61|0x0000000083d00000, 0x0000000083d00000, 0x0000000083e00000|  0%| F|  |TAMS 0x0000000083d00000, 0x0000000083d00000| Untracked 
|  62|0x0000000083e00000, 0x0000000083e00000, 0x0000000083f00000|  0%| F|  |TAMS 0x0000000083e00000, 0x0000000083e00000| Untracked 
|  63|0x0000000083f00000, 0x0000000083f00000, 0x0000000084000000|  0%| F|  |TAMS 0x0000000083f00000, 0x0000000083f00000| Untracked 
|  64|0x0000000084000000, 0x0000000084000000, 0x0000000084100000|  0%| F|  |TAMS 0x0000000084000000, 0x0000000084000000| Untracked 
|  65|0x0000000084100000, 0x0000000084100000, 0x0000000084200000|  0%| F|  |TAMS 0x0000000084100000, 0x0000000084100000| Untracked 
|  66|0x0000000084200000, 0x0000000084200000, 0x0000000084300000|  0%| F|  |TAMS 0x0000000084200000, 0x0000000084200000| Untracked 
|  67|0x0000000084300000, 0x0000000084300000, 0x0000000084400000|  0%| F|  |TAMS 0x0000000084300000, 0x0000000084300000| Untracked 
|  68|0x0000000084400000, 0x0000000084400000, 0x0000000084500000|  0%| F|  |TAMS 0x0000000084400000, 0x0000000084400000| Untracked 
|  69|0x0000000084500000, 0x0000000084500000, 0x0000000084600000|  0%| F|  |TAMS 0x0000000084500000, 0x0000000084500000| Untracked 
|  70|0x0000000084600000, 0x00000000846dd2b8, 0x0000000084700000| 86%| S|CS|TAMS 0x0000000084600000, 0x0000000084600000| Complete 
|  71|0x0000000084700000, 0x0000000084800000, 0x0000000084800000|100%| S|CS|TAMS 0x0000000084700000, 0x0000000084700000| Complete 
|  72|0x0000000084800000, 0x0000000084900000, 0x0000000084900000|100%| S|CS|TAMS 0x0000000084800000, 0x0000000084800000| Complete 
|  73|0x0000000084900000, 0x0000000084900000, 0x0000000084a00000|  0%| F|  |TAMS 0x0000000084900000, 0x0000000084900000| Untracked 
|  74|0x0000000084a00000, 0x0000000084a00000, 0x0000000084b00000|  0%| F|  |TAMS 0x0000000084a00000, 0x0000000084a00000| Untracked 
|  75|0x0000000084b00000, 0x0000000084b00000, 0x0000000084c00000|  0%| F|  |TAMS 0x0000000084b00000, 0x0000000084b00000| Untracked 
|  76|0x0000000084c00000, 0x0000000084c00000, 0x0000000084d00000|  0%| F|  |TAMS 0x0000000084c00000, 0x0000000084c00000| Untracked 
|  77|0x0000000084d00000, 0x0000000084d00000, 0x0000000084e00000|  0%| F|  |TAMS 0x0000000084d00000, 0x0000000084d00000| Untracked 
|  78|0x0000000084e00000, 0x0000000084e00000, 0x0000000084f00000|  0%| F|  |TAMS 0x0000000084e00000, 0x0000000084e00000| Untracked 
|  79|0x0000000084f00000, 0x0000000084f00000, 0x0000000085000000|  0%| F|  |TAMS 0x0000000084f00000, 0x0000000084f00000| Untracked 
|  80|0x0000000085000000, 0x0000000085000000, 0x0000000085100000|  0%| F|  |TAMS 0x0000000085000000, 0x0000000085000000| Untracked 
|  81|0x0000000085100000, 0x0000000085100000, 0x0000000085200000|  0%| F|  |TAMS 0x0000000085100000, 0x0000000085100000| Untracked 
|  82|0x0000000085200000, 0x0000000085200000, 0x0000000085300000|  0%| F|  |TAMS 0x0000000085200000, 0x0000000085200000| Untracked 
|  83|0x0000000085300000, 0x0000000085300000, 0x0000000085400000|  0%| F|  |TAMS 0x0000000085300000, 0x0000000085300000| Untracked 
|  84|0x0000000085400000, 0x0000000085400000, 0x0000000085500000|  0%| F|  |TAMS 0x0000000085400000, 0x0000000085400000| Untracked 
|  85|0x0000000085500000, 0x0000000085500000, 0x0000000085600000|  0%| F|  |TAMS 0x0000000085500000, 0x0000000085500000| Untracked 
|  86|0x0000000085600000, 0x0000000085600000, 0x0000000085700000|  0%| F|  |TAMS 0x0000000085600000, 0x0000000085600000| Untracked 
|  87|0x0000000085700000, 0x0000000085700000, 0x0000000085800000|  0%| F|  |TAMS 0x0000000085700000, 0x0000000085700000| Untracked 
|  88|0x0000000085800000, 0x0000000085800000, 0x0000000085900000|  0%| F|  |TAMS 0x0000000085800000, 0x0000000085800000| Untracked 
|  89|0x0000000085900000, 0x0000000085900000, 0x0000000085a00000|  0%| F|  |TAMS 0x0000000085900000, 0x0000000085900000| Untracked 
|  90|0x0000000085a00000, 0x0000000085a00000, 0x0000000085b00000|  0%| F|  |TAMS 0x0000000085a00000, 0x0000000085a00000| Untracked 
|  91|0x0000000085b00000, 0x0000000085b00000, 0x0000000085c00000|  0%| F|  |TAMS 0x0000000085b00000, 0x0000000085b00000| Untracked 
|  92|0x0000000085c00000, 0x0000000085c00000, 0x0000000085d00000|  0%| F|  |TAMS 0x0000000085c00000, 0x0000000085c00000| Untracked 
|  93|0x0000000085d00000, 0x0000000085d00000, 0x0000000085e00000|  0%| F|  |TAMS 0x0000000085d00000, 0x0000000085d00000| Untracked 
|  94|0x0000000085e00000, 0x0000000085e00000, 0x0000000085f00000|  0%| F|  |TAMS 0x0000000085e00000, 0x0000000085e00000| Untracked 
|  95|0x0000000085f00000, 0x0000000085f00000, 0x0000000086000000|  0%| F|  |TAMS 0x0000000085f00000, 0x0000000085f00000| Untracked 
|  96|0x0000000086000000, 0x0000000086000000, 0x0000000086100000|  0%| F|  |TAMS 0x0000000086000000, 0x0000000086000000| Untracked 
|  97|0x0000000086100000, 0x0000000086100000, 0x0000000086200000|  0%| F|  |TAMS 0x0000000086100000, 0x0000000086100000| Untracked 
|  98|0x0000000086200000, 0x0000000086280800, 0x0000000086300000| 50%| E|  |TAMS 0x0000000086200000, 0x0000000086200000| Complete 
|  99|0x0000000086300000, 0x0000000086400000, 0x0000000086400000|100%| E|CS|TAMS 0x0000000086300000, 0x0000000086300000| Complete 
| 100|0x0000000086400000, 0x0000000086500000, 0x0000000086500000|100%| E|CS|TAMS 0x0000000086400000, 0x0000000086400000| Complete 
| 101|0x0000000086500000, 0x0000000086600000, 0x0000000086600000|100%| E|CS|TAMS 0x0000000086500000, 0x0000000086500000| Complete 
| 102|0x0000000086600000, 0x0000000086700000, 0x0000000086700000|100%| E|CS|TAMS 0x0000000086600000, 0x0000000086600000| Complete 
| 103|0x0000000086700000, 0x0000000086800000, 0x0000000086800000|100%| E|CS|TAMS 0x0000000086700000, 0x0000000086700000| Complete 
| 104|0x0000000086800000, 0x0000000086900000, 0x0000000086900000|100%| E|CS|TAMS 0x0000000086800000, 0x0000000086800000| Complete 
| 105|0x0000000086900000, 0x0000000086a00000, 0x0000000086a00000|100%| E|CS|TAMS 0x0000000086900000, 0x0000000086900000| Complete 
| 106|0x0000000086a00000, 0x0000000086b00000, 0x0000000086b00000|100%| E|CS|TAMS 0x0000000086a00000, 0x0000000086a00000| Complete 
| 107|0x0000000086b00000, 0x0000000086c00000, 0x0000000086c00000|100%| E|CS|TAMS 0x0000000086b00000, 0x0000000086b00000| Complete 
| 108|0x0000000086c00000, 0x0000000086d00000, 0x0000000086d00000|100%| E|CS|TAMS 0x0000000086c00000, 0x0000000086c00000| Complete 
| 109|0x0000000086d00000, 0x0000000086e00000, 0x0000000086e00000|100%| E|CS|TAMS 0x0000000086d00000, 0x0000000086d00000| Complete 
| 110|0x0000000086e00000, 0x0000000086f00000, 0x0000000086f00000|100%| E|CS|TAMS 0x0000000086e00000, 0x0000000086e00000| Complete 
| 111|0x0000000086f00000, 0x0000000087000000, 0x0000000087000000|100%| E|CS|TAMS 0x0000000086f00000, 0x0000000086f00000| Complete 
| 112|0x0000000087000000, 0x0000000087100000, 0x0000000087100000|100%| E|CS|TAMS 0x0000000087000000, 0x0000000087000000| Complete 
| 113|0x0000000087100000, 0x0000000087200000, 0x0000000087200000|100%| E|CS|TAMS 0x0000000087100000, 0x0000000087100000| Complete 
| 114|0x0000000087200000, 0x0000000087300000, 0x0000000087300000|100%| E|CS|TAMS 0x0000000087200000, 0x0000000087200000| Complete 
| 115|0x0000000087300000, 0x0000000087400000, 0x0000000087400000|100%| E|CS|TAMS 0x0000000087300000, 0x0000000087300000| Complete 
| 116|0x0000000087400000, 0x0000000087500000, 0x0000000087500000|100%| E|CS|TAMS 0x0000000087400000, 0x0000000087400000| Complete 
| 117|0x0000000087500000, 0x0000000087600000, 0x0000000087600000|100%| E|CS|TAMS 0x0000000087500000, 0x0000000087500000| Complete 
| 118|0x0000000087600000, 0x0000000087700000, 0x0000000087700000|100%| E|CS|TAMS 0x0000000087600000, 0x0000000087600000| Complete 
| 119|0x0000000087700000, 0x0000000087800000, 0x0000000087800000|100%| E|CS|TAMS 0x0000000087700000, 0x0000000087700000| Complete 
| 120|0x0000000087800000, 0x0000000087900000, 0x0000000087900000|100%| E|CS|TAMS 0x0000000087800000, 0x0000000087800000| Complete 
| 121|0x0000000087900000, 0x0000000087a00000, 0x0000000087a00000|100%| E|CS|TAMS 0x0000000087900000, 0x0000000087900000| Complete 
| 122|0x0000000087a00000, 0x0000000087b00000, 0x0000000087b00000|100%| E|CS|TAMS 0x0000000087a00000, 0x0000000087a00000| Complete 
| 123|0x0000000087b00000, 0x0000000087c00000, 0x0000000087c00000|100%| E|CS|TAMS 0x0000000087b00000, 0x0000000087b00000| Complete 
| 124|0x0000000087c00000, 0x0000000087d00000, 0x0000000087d00000|100%| E|CS|TAMS 0x0000000087c00000, 0x0000000087c00000| Complete 
| 125|0x0000000087d00000, 0x0000000087e00000, 0x0000000087e00000|100%| E|CS|TAMS 0x0000000087d00000, 0x0000000087d00000| Complete 

Card table byte_map: [0x000001a348d60000,0x000001a349160000] _byte_map_base: 0x000001a348960000

Marking Bits (Prev, Next): (CMBitMap*) 0x000001a335b51b30, (CMBitMap*) 0x000001a335b51af8
 Prev Bits: [0x000001a34b560000, 0x000001a34d560000)
 Next Bits: [0x000001a349560000, 0x000001a34b560000)

Polling page: 0x000001a333b00000

Metaspace:

Usage:
  Non-class:     24.77 MB capacity,    24.42 MB ( 99%) used,   296.93 KB (  1%) free+waste,    57.31 KB ( <1%) overhead. 
      Class:      3.97 MB capacity,     3.73 MB ( 94%) used,   217.80 KB (  5%) free+waste,    29.00 KB ( <1%) overhead. 
       Both:     28.74 MB capacity,    28.15 MB ( 98%) used,   514.73 KB (  2%) free+waste,    86.31 KB ( <1%) overhead. 

Virtual space:
  Non-class space:       26.00 MB reserved,      25.00 MB ( 96%) committed 
      Class space:        1.00 GB reserved,       4.00 MB ( <1%) committed 
             Both:        1.03 GB reserved,      29.00 MB (  3%) committed 

Chunk freelists:
   Non-Class:  44.00 KB
       Class:  2.00 KB
        Both:  46.00 KB

MaxMetaspaceSize: 17179869184.00 GB
CompressedClassSpaceSize: 1.00 GB
Initial GC threshold: 20.80 MB
Current GC threshold: 35.00 MB
CDS: off

CodeHeap 'non-profiled nmethods': size=120000Kb used=1240Kb max_used=1240Kb free=118759Kb
 bounds [0x000001a3410f0000, 0x000001a341360000, 0x000001a348620000]
CodeHeap 'profiled nmethods': size=120000Kb used=5128Kb max_used=5128Kb free=114871Kb
 bounds [0x000001a339bc0000, 0x000001a33a0d0000, 0x000001a3410f0000]
CodeHeap 'non-nmethods': size=5760Kb used=1239Kb max_used=1282Kb free=4520Kb
 bounds [0x000001a339620000, 0x000001a339890000, 0x000001a339bc0000]
 total_blobs=2883 nmethods=2378 adapters=417
 compilation: enabled
              stopped_count=0, restarted_count=0
 full_count=0

Compilation events (20 events):
Event: 3.004 Thread 0x000001a34ffc9800 2348       3       jdk.internal.org.objectweb.asm.ClassWriter::toByteArray (1423 bytes)
Event: 3.008 Thread 0x000001a34ffc9800 nmethod 2348 0x000001a33a0acc10 code [0x000001a33a0ad520, 0x000001a33a0b12c8]
Event: 3.008 Thread 0x000001a34ffc9800 2350       3       java.util.TreeMap::getEntry (84 bytes)
Event: 3.009 Thread 0x000001a34ffc9800 nmethod 2350 0x000001a33a0b2b10 code [0x000001a33a0b2d20, 0x000001a33a0b32e8]
Event: 3.009 Thread 0x000001a34ffc9800 2351       3       org.gradle.internal.reflect.MethodSet::shouldReplace (45 bytes)
Event: 3.009 Thread 0x000001a34ffc9800 nmethod 2351 0x000001a33a0b3490 code [0x000001a33a0b3680, 0x000001a33a0b3bb8]
Event: 3.009 Thread 0x000001a34ffc9800 2349       3       java.util.TreeMap::get (19 bytes)
Event: 3.009 Thread 0x000001a34ffc9800 nmethod 2349 0x000001a33a0b3d90 code [0x000001a33a0b3f60, 0x000001a33a0b4108]
Event: 3.009 Thread 0x000001a34ffc9800 2352       3       org.gradle.internal.reflect.MethodSet::getValues (13 bytes)
Event: 3.009 Thread 0x000001a34ffc9800 nmethod 2352 0x000001a33a0b4210 code [0x000001a33a0b4400, 0x000001a33a0b4878]
Event: 3.009 Thread 0x000001a34ffc9800 2353       3       sun.reflect.generics.repository.AbstractRepository::getReifier (8 bytes)
Event: 3.009 Thread 0x000001a34ffc9800 nmethod 2353 0x000001a33a0b4a10 code [0x000001a33a0b4be0, 0x000001a33a0b4eb8]
Event: 3.009 Thread 0x000001a34ffc9800 2354       3       com.google.common.reflect.TypeResolver$TypeVariableKey::<init> (16 bytes)
Event: 3.010 Thread 0x000001a34ffc9800 nmethod 2354 0x000001a33a0b5010 code [0x000001a33a0b5200, 0x000001a33a0b5608]
Event: 3.010 Thread 0x000001a34ffc9800 2356       3       com.google.common.reflect.TypeResolver$TypeVariableKey::equals (23 bytes)
Event: 3.010 Thread 0x000001a34ffc9800 nmethod 2356 0x000001a33a0b5790 code [0x000001a33a0b5960, 0x000001a33a0b5cc8]
Event: 3.010 Thread 0x000001a34ffc9800 2357       3       java.lang.Class::getTypeParameters (19 bytes)
Event: 3.011 Thread 0x000001a34ffc9800 nmethod 2357 0x000001a33a0b5d90 code [0x000001a33a0b5f80, 0x000001a33a0b6508]
Event: 3.011 Thread 0x000001a34ffc9800 2358       3       com.google.common.collect.RegularImmutableMap::makeImmutable (44 bytes)
Event: 3.011 Thread 0x000001a34ffc9800 nmethod 2358 0x000001a33a0b6690 code [0x000001a33a0b68a0, 0x000001a33a0b70d8]

GC Heap History (10 events):
Event: 0.568 GC heap before
{Heap before GC invocations=0 (full 0):
 garbage-first heap   total 129024K, used 30720K [0x0000000080000000, 0x0000000100000000)
  region size 1024K, 24 young (24576K), 0 survivors (0K)
 Metaspace       used 10207K, capacity 10427K, committed 10624K, reserved 1058816K
  class space    used 1071K, capacity 1141K, committed 1152K, reserved 1048576K
}
Event: 0.572 GC heap after
{Heap after GC invocations=1 (full 0):
 garbage-first heap   total 129024K, used 9455K [0x0000000080000000, 0x0000000100000000)
  region size 1024K, 3 young (3072K), 3 survivors (3072K)
 Metaspace       used 10207K, capacity 10427K, committed 10624K, reserved 1058816K
  class space    used 1071K, capacity 1141K, committed 1152K, reserved 1048576K
}
Event: 0.760 GC heap before
{Heap before GC invocations=1 (full 0):
 garbage-first heap   total 129024K, used 31983K [0x0000000080000000, 0x0000000100000000)
  region size 1024K, 25 young (25600K), 3 survivors (3072K)
 Metaspace       used 11175K, capacity 11382K, committed 11520K, reserved 1058816K
  class space    used 1173K, capacity 1246K, committed 1280K, reserved 1048576K
}
Event: 0.762 GC heap after
{Heap after GC invocations=2 (full 0):
 garbage-first heap   total 129024K, used 9817K [0x0000000080000000, 0x0000000100000000)
  region size 1024K, 1 young (1024K), 1 survivors (1024K)
 Metaspace       used 11175K, capacity 11382K, committed 11520K, reserved 1058816K
  class space    used 1173K, capacity 1246K, committed 1280K, reserved 1048576K
}
Event: 2.066 GC heap before
{Heap before GC invocations=2 (full 0):
 garbage-first heap   total 129024K, used 63065K [0x0000000080000000, 0x0000000100000000)
  region size 1024K, 52 young (53248K), 1 survivors (1024K)
 Metaspace       used 17645K, capacity 17973K, committed 18176K, reserved 1064960K
  class space    used 2093K, capacity 2211K, committed 2304K, reserved 1048576K
}
Event: 2.071 GC heap after
{Heap after GC invocations=3 (full 0):
 garbage-first heap   total 129024K, used 16233K [0x0000000080000000, 0x0000000100000000)
  region size 1024K, 7 young (7168K), 7 survivors (7168K)
 Metaspace       used 17645K, capacity 17973K, committed 18176K, reserved 1064960K
  class space    used 2093K, capacity 2211K, committed 2304K, reserved 1048576K
}
Event: 2.296 GC heap before
{Heap before GC invocations=3 (full 0):
 garbage-first heap   total 129024K, used 43881K [0x0000000080000000, 0x0000000100000000)
  region size 1024K, 35 young (35840K), 7 survivors (7168K)
 Metaspace       used 20719K, capacity 21137K, committed 21248K, reserved 1067008K
  class space    used 2554K, capacity 2712K, committed 2816K, reserved 1048576K
}
Event: 2.306 GC heap after
{Heap after GC invocations=4 (full 0):
 garbage-first heap   total 129024K, used 16953K [0x0000000080000000, 0x0000000100000000)
  region size 1024K, 2 young (2048K), 2 survivors (2048K)
 Metaspace       used 20719K, capacity 21137K, committed 21248K, reserved 1067008K
  class space    used 2554K, capacity 2712K, committed 2816K, reserved 1048576K
}
Event: 2.760 GC heap before
{Heap before GC invocations=5 (full 0):
 garbage-first heap   total 129024K, used 69177K [0x0000000080000000, 0x0000000100000000)
  region size 1024K, 53 young (54272K), 2 survivors (2048K)
 Metaspace       used 26314K, capacity 26909K, committed 27008K, reserved 1073152K
  class space    used 3425K, capacity 3644K, committed 3712K, reserved 1048576K
}
Event: 2.762 GC heap after
{Heap after GC invocations=6 (full 0):
 garbage-first heap   total 129024K, used 18798K [0x0000000080000000, 0x0000000100000000)
  region size 1024K, 3 young (3072K), 3 survivors (3072K)
 Metaspace       used 26314K, capacity 26909K, committed 27008K, reserved 1073152K
  class space    used 3425K, capacity 3644K, committed 3712K, reserved 1048576K
}

Deoptimization events (20 events):
Event: 2.620 Thread 0x000001a352a2c800 Uncommon trap: trap_request=0xffffffcc fr.pc=0x000001a341206df8 relative=0x00000000000002b8
Event: 2.620 Thread 0x000001a352a2c800 Uncommon trap: reason=intrinsic_or_type_checked_inlining action=make_not_entrant pc=0x000001a341206df8 method=java.util.Arrays.copyOf([Ljava/lang/Object;ILjava/lang/Class;)[Ljava/lang/Object; @ 35 c2
Event: 2.620 Thread 0x000001a352a2c800 DEOPT PACKING pc=0x000001a341206df8 sp=0x0000009addbfbd90
Event: 2.620 Thread 0x000001a352a2c800 DEOPT UNPACKING pc=0x000001a3396285af sp=0x0000009addbfbd20 mode 2
Event: 2.724 Thread 0x000001a352a2c800 Uncommon trap: trap_request=0xffffff7e fr.pc=0x000001a34120a91c relative=0x000000000000015c
Event: 2.724 Thread 0x000001a352a2c800 Uncommon trap: reason=predicate action=maybe_recompile pc=0x000001a34120a91c method=com.google.common.base.CharMatcher.indexIn(Ljava/lang/CharSequence;I)I @ 19 c2
Event: 2.724 Thread 0x000001a352a2c800 DEOPT PACKING pc=0x000001a34120a91c sp=0x0000009addbfb9a0
Event: 2.724 Thread 0x000001a352a2c800 DEOPT UNPACKING pc=0x000001a3396285af sp=0x0000009addbfb930 mode 2
Event: 2.735 Thread 0x000001a352a2c800 Uncommon trap: trap_request=0xffffff4d fr.pc=0x000001a34119e4bc relative=0x000000000000137c
Event: 2.735 Thread 0x000001a352a2c800 Uncommon trap: reason=unstable_if action=reinterpret pc=0x000001a34119e4bc method=java.util.concurrent.ConcurrentHashMap.putVal(Ljava/lang/Object;Ljava/lang/Object;Z)Ljava/lang/Object; @ 231 c2
Event: 2.735 Thread 0x000001a352a2c800 DEOPT PACKING pc=0x000001a34119e4bc sp=0x0000009addbfcc20
Event: 2.735 Thread 0x000001a352a2c800 DEOPT UNPACKING pc=0x000001a3396285af sp=0x0000009addbfcba0 mode 2
Event: 2.965 Thread 0x000001a352a2c800 Uncommon trap: trap_request=0xffffff4d fr.pc=0x000001a3411dedcc relative=0x000000000000020c
Event: 2.965 Thread 0x000001a352a2c800 Uncommon trap: reason=unstable_if action=reinterpret pc=0x000001a3411dedcc method=java.util.HashMap.hash(Ljava/lang/Object;)I @ 1 c2
Event: 2.965 Thread 0x000001a352a2c800 DEOPT PACKING pc=0x000001a3411dedcc sp=0x0000009addbf9060
Event: 2.965 Thread 0x000001a352a2c800 DEOPT UNPACKING pc=0x000001a3396285af sp=0x0000009addbf8f98 mode 2
Event: 2.965 Thread 0x000001a352a2c800 Uncommon trap: trap_request=0xffffff4d fr.pc=0x000001a3411db0ac relative=0x000000000000008c
Event: 2.965 Thread 0x000001a352a2c800 Uncommon trap: reason=unstable_if action=reinterpret pc=0x000001a3411db0ac method=java.util.HashMap.hash(Ljava/lang/Object;)I @ 1 c2
Event: 2.965 Thread 0x000001a352a2c800 DEOPT PACKING pc=0x000001a3411db0ac sp=0x0000009addbf8dd0
Event: 2.965 Thread 0x000001a352a2c800 DEOPT UNPACKING pc=0x000001a3396285af sp=0x0000009addbf8d68 mode 2

Classes redefined (0 events):
No events

Internal exceptions (20 events):
Event: 2.486 Thread 0x000001a352a2c800 Exception <a 'java/lang/NoSuchMethodError'{0x0000000086605f18}: 'java.lang.Object java.lang.invoke.DirectMethodHandle$Holder.invokeVirtual(java.lang.Object, java.lang.Object, java.lang.Object, java.lang.Object)'> (0x0000000086605f18) thrown at [./src/hotspot/share/interpreter/linkResolver.cpp, line 773]
Event: 2.547 Thread 0x000001a352a2c800 Exception <a 'java/lang/NoSuchMethodError'{0x0000000085ec8fd8}: 'void java.lang.invoke.DirectMethodHandle$Holder.invokeSpecial(java.lang.Object, java.lang.Object, java.lang.Object, java.lang.Object, java.lang.Object, java.lang.Object)'> (0x0000000085ec8fd8) thrown at [./src/hotspot/share/interpreter/linkResolver.cpp, line 773]
Event: 2.556 Thread 0x000001a352a2c800 Exception <a 'java/lang/NoSuchMethodError'{0x0000000085d37d28}: 'void java.lang.invoke.DirectMethodHandle$Holder.invokeSpecial(java.lang.Object, java.lang.Object, java.lang.Object, java.lang.Object, java.lang.Object, java.lang.Object, java.lang.Object)'> (0x0000000085d37d28) thrown at [./src/hotspot/share/interpreter/linkResolver.cpp, line 773]
Event: 2.556 Thread 0x000001a352a2c800 Exception <a 'java/lang/NoSuchMethodError'{0x0000000085d40218}: 'java.lang.Object java.lang.invoke.Invokers$Holder.linkToTargetMethod(java.lang.Object, java.lang.Object, java.lang.Object, java.lang.Object, java.lang.Object, java.lang.Object)'> (0x0000000085d40218) thrown at [./src/hotspot/share/interpreter/linkResolver.cpp, line 773]
Event: 2.618 Thread 0x000001a352a2c800 Exception <a 'java/lang/NoSuchMethodError'{0x00000000854a69e8}: 'int java.lang.invoke.DirectMethodHandle$Holder.invokeStaticInit(java.lang.Object, java.lang.Object, java.lang.Object)'> (0x00000000854a69e8) thrown at [./src/hotspot/share/interpreter/linkResolver.cpp, line 773]
Event: 2.670 Thread 0x000001a352a2c800 Exception <a 'java/lang/NoSuchMethodError'{0x0000000084fd58c8}: 'void java.lang.invoke.DirectMethodHandle$Holder.invokeStaticInit(java.lang.Object, java.lang.Object)'> (0x0000000084fd58c8) thrown at [./src/hotspot/share/interpreter/linkResolver.cpp, line 773]
Event: 2.745 Thread 0x000001a352a2c800 Exception <a 'java/lang/NoSuchMethodError'{0x0000000084947140}: 'void java.lang.invoke.DirectMethodHandle$Holder.invokeStatic(java.lang.Object, java.lang.Object, java.lang.Object, java.lang.Object)'> (0x0000000084947140) thrown at [./src/hotspot/share/interpreter/linkResolver.cpp, line 773]
Event: 2.752 Thread 0x000001a352a2c800 Exception <a 'java/lang/NoSuchMethodError'{0x0000000084976578}: 'java.lang.Object java.lang.invoke.DirectMethodHandle$Holder.invokeVirtual(java.lang.Object, java.lang.Object, java.lang.Object)'> (0x0000000084976578) thrown at [./src/hotspot/share/interpreter/linkResolver.cpp, line 773]
Event: 2.754 Thread 0x000001a352a2c800 Exception <a 'java/lang/NoSuchMethodError'{0x00000000849cabb0}: 'int java.lang.invoke.DirectMethodHandle$Holder.invokeVirtual(java.lang.Object, java.lang.Object)'> (0x00000000849cabb0) thrown at [./src/hotspot/share/interpreter/linkResolver.cpp, line 773]
Event: 2.763 Thread 0x000001a352a2c800 Exception <a 'java/lang/NoSuchMethodError'{0x0000000087d054b8}: 'int java.lang.invoke.DirectMethodHandle$Holder.invokeVirtual(java.lang.Object, java.lang.Object, java.lang.Object)'> (0x0000000087d054b8) thrown at [./src/hotspot/share/interpreter/linkResolver.cpp, line 773]
Event: 2.781 Thread 0x000001a352a2c800 Exception <a 'java/lang/NoSuchMethodError'{0x0000000087c69ee0}: 'void java.lang.invoke.DirectMethodHandle$Holder.invokeSpecial(java.lang.Object, java.lang.Object)'> (0x0000000087c69ee0) thrown at [./src/hotspot/share/interpreter/linkResolver.cpp, line 773]
Event: 2.865 Thread 0x000001a352a2c800 Exception <a 'java/lang/NoSuchMethodError'{0x0000000087209b88}: 'java.lang.Object java.lang.invoke.DirectMethodHandle$Holder.invokeSpecialIFC(java.lang.Object, java.lang.Object, java.lang.Object, java.lang.Object)'> (0x0000000087209b88) thrown at [./src/hotspot/share/interpreter/linkResolver.cpp, line 773]
Event: 2.874 Thread 0x000001a352a2c800 Exception <a 'java/lang/NoSuchMethodError'{0x00000000872eb700}: 'java.lang.Object java.lang.invoke.DirectMethodHandle$Holder.invokeSpecial(java.lang.Object, java.lang.Object, java.lang.Object, java.lang.Object, java.lang.Object, java.lang.Object, java.lang.Object, java.lang.Object, java.lang.Object, java.lang.Object, java.lang.Object, java.lang.Object, java.lang.Object)'> (0x00000000872eb700) thrown at [./src/hotspot/share/interpreter/linkResolver.cpp, line 773]
Event: 2.875 Thread 0x000001a352a2c800 Exception <a 'java/lang/NoSuchMethodError'{0x00000000872fc560}: 'java.lang.Object java.lang.invoke.DirectMethodHandle$Holder.invokeSpecial(java.lang.Object, java.lang.Object, java.lang.Object, java.lang.Object, java.lang.Object, java.lang.Object, java.lang.Object, java.lang.Object, java.lang.Object, java.lang.Object, java.lang.Object, java.lang.Object)'> (0x00000000872fc560) thrown at [./src/hotspot/share/interpreter/linkResolver.cpp, line 773]
Event: 2.875 Thread 0x000001a352a2c800 Exception <a 'java/lang/NoSuchMethodError'{0x0000000087101b98}: 'java.lang.Object java.lang.invoke.Invokers$Holder.linkToTargetMethod(java.lang.Object, java.lang.Object, java.lang.Object, java.lang.Object, java.lang.Object, java.lang.Object, java.lang.Object, java.lang.Object, java.lang.Object, java.lang.Object, java.lang.Object)'> (0x0000000087101b98) thrown at [./src/hotspot/share/interpreter/linkResolver.cpp, line 773]
Event: 2.884 Thread 0x000001a352a2c800 Exception <a 'java/lang/NoSuchMethodError'{0x000000008704d960}: 'java.lang.Object java.lang.invoke.DirectMethodHandle$Holder.invokeSpecial(java.lang.Object, java.lang.Object, java.lang.Object, java.lang.Object, java.lang.Object, java.lang.Object, java.lang.Object, java.lang.Object, java.lang.Object, java.lang.Object, java.lang.Object, java.lang.Object, java.lang.Object, java.lang.Object)'> (0x000000008704d960) thrown at [./src/hotspot/share/interpreter/linkResolver.cpp, line 773]
Event: 2.885 Thread 0x000001a352a2c800 Exception <a 'java/lang/NoSuchMethodError'{0x000000008705efd8}: 'java.lang.Object java.lang.invoke.Invokers$Holder.linkToTargetMethod(java.lang.Object, java.lang.Object, java.lang.Object, java.lang.Object, java.lang.Object, java.lang.Object, java.lang.Object, java.lang.Object, java.lang.Object, java.lang.Object, java.lang.Object, java.lang.Object)'> (0x000000008705efd8) thrown at [./src/hotspot/share/interpreter/linkResolver.cpp, line 773]
Event: 2.896 Thread 0x000001a352a2c800 Exception <a 'java/lang/NoSuchMethodError'{0x0000000086f4d560}: 'java.lang.Object java.lang.invoke.DirectMethodHandle$Holder.invokeStaticInit(java.lang.Object, java.lang.Object, java.lang.Object, java.lang.Object)'> (0x0000000086f4d560) thrown at [./src/hotspot/share/interpreter/linkResolver.cpp, line 773]
Event: 2.965 Thread 0x000001a352a2c800 Implicit null exception at 0x000001a3411debf5 to 0x000001a3411dedbc
Event: 2.965 Thread 0x000001a352a2c800 Implicit null exception at 0x000001a3411db02f to 0x000001a3411db09d

Events (20 events):
Event: 3.003 loading class groovy/lang/Writable
Event: 3.003 loading class groovy/lang/Writable done
Event: 3.003 loading class groovy/lang/Buildable
Event: 3.003 loading class groovy/lang/Buildable done
Event: 3.004 loading class org/gradle/internal/instantiation/generator/Jsr330ConstructorSelector$CachedConstructor
Event: 3.004 loading class org/gradle/internal/instantiation/generator/Jsr330ConstructorSelector$CachedConstructor done
Event: 3.004 loading class org/gradle/internal/instantiation/generator/Jsr330ConstructorSelector$CachedConstructor
Event: 3.004 loading class org/gradle/internal/instantiation/generator/Jsr330ConstructorSelector$CachedConstructor done
Event: 3.004 loading class org/gradle/internal/instantiation/generator/Jsr330ConstructorSelector$CachedConstructor
Event: 3.004 loading class org/gradle/internal/instantiation/generator/Jsr330ConstructorSelector$CachedConstructor done
Event: 3.004 loading class org/gradle/internal/instantiation/generator/Jsr330ConstructorSelector
Event: 3.004 loading class org/gradle/internal/instantiation/generator/Jsr330ConstructorSelector done
Event: 3.005 loading class org/gradle/api/reflect/TypeOf
Event: 3.005 loading class org/gradle/api/reflect/TypeOf done
Event: 3.005 loading class org/gradle/api/internal/AbstractNamedDomainObjectContainer$1
Event: 3.005 loading class org/gradle/api/internal/AbstractNamedDomainObjectContainer$1 done
Event: 3.005 loading class org/gradle/internal/metaobject/ConfigureDelegate
Event: 3.005 loading class org/gradle/internal/metaobject/ConfigureDelegate done
Event: 3.006 loading class org/gradle/api/internal/NamedDomainObjectContainerConfigureDelegate
Event: 3.006 loading class org/gradle/api/internal/NamedDomainObjectContainerConfigureDelegate done


Dynamic libraries:
0x00007ff704e60000 - 0x00007ff704e6a000 	C:\Program Files\Android\Android Studio\jre\bin\java.exe
0x00007ff832ce0000 - 0x00007ff832ee9000 	C:\WINDOWS\SYSTEM32\ntdll.dll
0x00007ff830de0000 - 0x00007ff830e9e000 	C:\WINDOWS\System32\KERNEL32.DLL
0x00007ff830370000 - 0x00007ff8306eb000 	C:\WINDOWS\System32\KERNELBASE.dll
0x00007ff830250000 - 0x00007ff830361000 	C:\WINDOWS\System32\ucrtbase.dll
0x00007ff82def0000 - 0x00007ff82df09000 	C:\Program Files\Android\Android Studio\jre\bin\jli.dll
0x00007ff82ded0000 - 0x00007ff82dee7000 	C:\Program Files\Android\Android Studio\jre\bin\VCRUNTIME140.dll
0x00007ff832680000 - 0x00007ff83282d000 	C:\WINDOWS\System32\USER32.dll
0x00007ff8301b0000 - 0x00007ff8301d6000 	C:\WINDOWS\System32\win32u.dll
0x00007ff816c10000 - 0x00007ff816eb5000 	C:\WINDOWS\WinSxS\amd64_microsoft.windows.common-controls_6595b64144ccf1df_6.0.22000.120_none_9d947278b86cc467\COMCTL32.dll
0x00007ff832650000 - 0x00007ff832679000 	C:\WINDOWS\System32\GDI32.dll
0x00007ff830f20000 - 0x00007ff830fc3000 	C:\WINDOWS\System32\msvcrt.dll
0x00007ff830a40000 - 0x00007ff830b58000 	C:\WINDOWS\System32\gdi32full.dll
0x00007ff830920000 - 0x00007ff8309bd000 	C:\WINDOWS\System32\msvcp_win.dll
0x00007ff8310d0000 - 0x00007ff831102000 	C:\WINDOWS\System32\IMM32.DLL
0x00007ff81afb0000 - 0x00007ff81b04d000 	C:\Program Files\Android\Android Studio\jre\bin\msvcp140.dll
0x00007fffe2dc0000 - 0x00007fffe38a5000 	C:\Program Files\Android\Android Studio\jre\bin\server\jvm.dll
0x00007ff831320000 - 0x00007ff8313ce000 	C:\WINDOWS\System32\ADVAPI32.dll
0x00007ff831750000 - 0x00007ff8317ee000 	C:\WINDOWS\System32\sechost.dll
0x00007ff830cc0000 - 0x00007ff830de0000 	C:\WINDOWS\System32\RPCRT4.dll
0x00007ff830f10000 - 0x00007ff830f18000 	C:\WINDOWS\System32\PSAPI.DLL
0x00007ff8116d0000 - 0x00007ff8116d9000 	C:\WINDOWS\SYSTEM32\WSOCK32.dll
0x00007ff82de10000 - 0x00007ff82de1a000 	C:\WINDOWS\SYSTEM32\VERSION.dll
0x00007ff828d90000 - 0x00007ff828dc3000 	C:\WINDOWS\SYSTEM32\WINMM.dll
0x00007ff830c50000 - 0x00007ff830cbf000 	C:\WINDOWS\System32\WS2_32.dll
0x00007ff82f2e0000 - 0x00007ff82f2f8000 	C:\WINDOWS\SYSTEM32\kernel.appcore.dll
0x00007ff811640000 - 0x00007ff811651000 	C:\Program Files\Android\Android Studio\jre\bin\verify.dll
0x00007ff82d7b0000 - 0x00007ff82d9d1000 	C:\WINDOWS\SYSTEM32\DBGHELP.DLL
0x00007ff813030000 - 0x00007ff813061000 	C:\WINDOWS\SYSTEM32\dbgcore.DLL
0x00007ff8309c0000 - 0x00007ff830a3f000 	C:\WINDOWS\System32\bcryptPrimitives.dll
0x00007ff810ef0000 - 0x00007ff810f19000 	C:\Program Files\Android\Android Studio\jre\bin\java.dll
0x00007ff81ecb0000 - 0x00007ff81ecbb000 	C:\Program Files\Android\Android Studio\jre\bin\jimage.dll
0x00007ff8113f0000 - 0x00007ff811408000 	C:\Program Files\Android\Android Studio\jre\bin\zip.dll
0x00007ff831bc0000 - 0x00007ff832377000 	C:\WINDOWS\System32\SHELL32.dll
0x00007ff82e220000 - 0x00007ff82ea85000 	C:\WINDOWS\SYSTEM32\windows.storage.dll
0x00007ff8313d0000 - 0x00007ff831748000 	C:\WINDOWS\System32\combase.dll
0x00007ff82e0b0000 - 0x00007ff82e216000 	C:\WINDOWS\SYSTEM32\wintypes.dll
0x00007ff832560000 - 0x00007ff83264a000 	C:\WINDOWS\System32\SHCORE.dll
0x00007ff831a10000 - 0x00007ff831a6d000 	C:\WINDOWS\System32\shlwapi.dll
0x00007ff8300e0000 - 0x00007ff830101000 	C:\WINDOWS\SYSTEM32\profapi.dll
0x00007ff810fd0000 - 0x00007ff810fea000 	C:\Program Files\Android\Android Studio\jre\bin\net.dll
0x00007ff828320000 - 0x00007ff828434000 	C:\WINDOWS\SYSTEM32\WINHTTP.dll
0x00007ff82f780000 - 0x00007ff82f7e7000 	C:\WINDOWS\system32\mswsock.dll
0x00007ff810ed0000 - 0x00007ff810ee4000 	C:\Program Files\Android\Android Studio\jre\bin\nio.dll
0x00007fffc1c60000 - 0x00007fffc1c87000 	C:\Users\dell\.gradle\native\e1d6ef7f7dcc3fd88c89a11ec53ec762bb8ba0a96d01ffa2cd45eb1d1d8dd5c5\windows-amd64\native-platform.dll
0x00007fffee500000 - 0x00007fffee644000 	C:\Users\dell\.gradle\native\5664cfc778a61ccfe75a443a1ab52a65af34e5dc3c78e0209fed803814484fcb\windows-amd64\native-platform-file-events.dll
0x00007ff812b90000 - 0x00007ff812b9a000 	C:\Program Files\Android\Android Studio\jre\bin\management.dll
0x00007ff811010000 - 0x00007ff81101d000 	C:\Program Files\Android\Android Studio\jre\bin\management_ext.dll
0x00007ff82fa00000 - 0x00007ff82fa18000 	C:\WINDOWS\SYSTEM32\CRYPTSP.dll
0x00007ff82f240000 - 0x00007ff82f275000 	C:\WINDOWS\system32\rsaenh.dll
0x00007ff82f8b0000 - 0x00007ff82f8d9000 	C:\WINDOWS\SYSTEM32\USERENV.dll
0x00007ff82fb90000 - 0x00007ff82fbb7000 	C:\WINDOWS\SYSTEM32\bcrypt.dll
0x00007ff82fa20000 - 0x00007ff82fa2c000 	C:\WINDOWS\SYSTEM32\CRYPTBASE.dll
0x00007ff82ed50000 - 0x00007ff82ed7d000 	C:\WINDOWS\SYSTEM32\IPHLPAPI.DLL
0x00007ff831170000 - 0x00007ff831179000 	C:\WINDOWS\System32\NSI.dll
0x00007ff828610000 - 0x00007ff828629000 	C:\WINDOWS\SYSTEM32\dhcpcsvc6.DLL
0x00007ff828d50000 - 0x00007ff828d6e000 	C:\WINDOWS\SYSTEM32\dhcpcsvc.DLL
0x00007ff82ed80000 - 0x00007ff82ee68000 	C:\WINDOWS\SYSTEM32\DNSAPI.dll

dbghelp: loaded successfully - version: 4.0.5 - missing functions: none
symbol engine: initialized successfully - sym options: 0x614 - pdb path: .;C:\Program Files\Android\Android Studio\jre\bin;C:\WINDOWS\SYSTEM32;C:\WINDOWS\WinSxS\amd64_microsoft.windows.common-controls_6595b64144ccf1df_6.0.22000.120_none_9d947278b86cc467;C:\Program Files\Android\Android Studio\jre\bin\server;C:\Users\dell\.gradle\native\e1d6ef7f7dcc3fd88c89a11ec53ec762bb8ba0a96d01ffa2cd45eb1d1d8dd5c5\windows-amd64;C:\Users\dell\.gradle\native\5664cfc778a61ccfe75a443a1ab52a65af34e5dc3c78e0209fed803814484fcb\windows-amd64

VM Arguments:
jvm_args: --add-opens=java.base/java.util=ALL-UNNAMED --add-opens=java.base/java.lang=ALL-UNNAMED --add-opens=java.base/java.lang.invoke=ALL-UNNAMED --add-opens=java.base/java.util=ALL-UNNAMED --add-opens=java.prefs/java.util.prefs=ALL-UNNAMED --add-opens=java.prefs/java.util.prefs=ALL-UNNAMED --add-opens=java.base/java.nio.charset=ALL-UNNAMED --add-opens=java.base/java.net=ALL-UNNAMED --add-opens=java.base/java.util.concurrent.atomic=ALL-UNNAMED -Xmx2048m -Dfile.encoding=UTF-8 -Duser.country=IN -Duser.language=en -Duser.variant 
java_command: org.gradle.launcher.daemon.bootstrap.GradleDaemon 7.3.3
java_class_path (initial): C:\Users\dell\.gradle\wrapper\dists\gradle-7.3.3-bin\6a41zxkdtcxs8rphpq6y0069z\gradle-7.3.3\lib\gradle-launcher-7.3.3.jar
Launcher Type: SUN_STANDARD

[Global flags]
     intx CICompilerCount                          = 4                                         {product} {ergonomic}
     uint ConcGCThreads                            = 2                                         {product} {ergonomic}
     uint G1ConcRefinementThreads                  = 8                                         {product} {ergonomic}
   size_t G1HeapRegionSize                         = 1048576                                   {product} {ergonomic}
    uintx GCDrainStackTargetSize                   = 64                                        {product} {ergonomic}
   size_t InitialHeapSize                          = 132120576                                 {product} {ergonomic}
   size_t MarkStackSize                            = 4194304                                   {product} {ergonomic}
   size_t MaxHeapSize                              = 2147483648                                {product} {command line}
   size_t MaxNewSize                               = 1287651328                                {product} {ergonomic}
   size_t MinHeapDeltaBytes                        = 1048576                                   {product} {ergonomic}
    uintx NonNMethodCodeHeapSize                   = 5836300                                {pd product} {ergonomic}
    uintx NonProfiledCodeHeapSize                  = 122910970                              {pd product} {ergonomic}
    uintx ProfiledCodeHeapSize                     = 122910970                              {pd product} {ergonomic}
    uintx ReservedCodeCacheSize                    = 251658240                              {pd product} {ergonomic}
     bool SegmentedCodeCache                       = true                                      {product} {ergonomic}
     bool UseCompressedClassPointers               = true                                 {lp64_product} {ergonomic}
     bool UseCompressedOops                        = true                                 {lp64_product} {ergonomic}
     bool UseG1GC                                  = true                                      {product} {ergonomic}
     bool UseLargePagesIndividualAllocation        = false                                  {pd product} {ergonomic}

Logging:
Log output configuration:
 #0: stdout all=warning uptime,level,tags
 #1: stderr all=off uptime,level,tags

Environment Variables:
JAVA_HOME=C:\Users\dell\AppData\Local\Programs\Eclipse Adoptium\jdk-17.0.5.8-hotspot\
PATH=C:\Program Files\Python310\Scripts\;C:\Program Files\Python310\;C:\Windows\system32;C:\Windows;C:\Windows\System32\Wbem;C:\Windows\System32\WindowsPowerShell\v1.0\;C:\Windows\System32\OpenSSH\;C:\Program Files\NVIDIA Corporation\NVIDIA NvDLISR;C:\Program Files (x86)\NVIDIA Corporation\PhysX\Common;C:\Program Files\nodejs\;C:\ProgramData\chocolatey\bin;C:\cygwin64\bin;C:\WINDOWS\system32;C:\WINDOWS;C:\WINDOWS\System32\Wbem;C:\WINDOWS\System32\WindowsPowerShell\v1.0\;C:\WINDOWS\System32\OpenSSH\;C:\Program Files\Git\cmd;C:\Program Files\dotnet\;C:\Program Files\Microsoft SQL Server\150\Tools\Binn\;C:\WINDOWS\system32;C:\WINDOWS;C:\WINDOWS\System32\Wbem;C:\WINDOWS\System32\WindowsPowerShell\v1.0\;C:\WINDOWS\System32\OpenSSH\;C:\Program Files\MATLAB\R2022a\bin;C:\Users\dell\AppData\Local\Programs\Eclipse Adoptium\jdk-17.0.5.8-hotspot\bin;C:\Users\dell\AppData\Local\Microsoft\WindowsApps;C:\Users\dell\AppData\Roaming\npm;C:\altera\13.0sp1\modelsim_ase\win32aloem;C:\msys64\mingw64\bin;C:\Users\dell\AppData\Local\Programs\Microsoft VS Code\bin
USERNAME=dell
OS=Windows_NT
PROCESSOR_IDENTIFIER=Intel64 Family 6 Model 126 Stepping 5, GenuineIntel



---------------  S Y S T E M  ---------------

OS: Windows 10 , 64 bit Build 22000 (10.0.22000.1335)
OS uptime: 0 days 1:00 hours
Hyper-V role detected

CPU:total 8 (initial active 8) (4 cores per cpu, 2 threads per core) family 6 model 126 stepping 5 microcode 0xb2, cmov, cx8, fxsr, mmx, sse, sse2, sse3, ssse3, sse4.1, sse4.2, popcnt, avx, avx2, aes, clmul, erms, 3dnowpref, lzcnt, ht, tsc, tscinvbit, bmi1, bmi2, adx, evex, sha, fma

Memory: 4k page, system-wide physical 7959M (468M free)
TotalPageFile size 10007M (AvailPageFile size 5M)
current process WorkingSet (physical memory assigned to process): 212M, peak: 215M
current process commit charge ("private bytes"): 303M, peak: 304M

vm_info: OpenJDK 64-Bit Server VM (11.0.12+7-b1504.28-7817840) for windows-amd64 JRE (11.0.12+7-b1504.28-7817840), built on Oct 13 2021 22:12:33 by "builder" with MS VC++ 14.0 (VS2015)

END.
