#
# There is insufficient memory for the Java Runtime Environment to continue.
# Native memory allocation (mmap) failed to map 27262976 bytes for Failed to commit area from 0x0000000087e00000 to 0x0000000089800000 of length 27262976.
# Possible reasons:
#   The system is out of physical RAM or swap space
#   The process is running with CompressedOops enabled, and the Java Heap may be blocking the growth of the native heap
# Possible solutions:
#   Reduce memory load on the system
#   Increase physical memory or swap space
#   Check if swap backing store is full
#   Decrease Java heap size (-Xmx/-Xms)
#   Decrease number of Java threads
#   Decrease Java thread stack sizes (-Xss)
#   Set larger code cache with -XX:ReservedCodeCacheSize=
#   JVM is running with Unscaled Compressed Oops mode in which the Java heap is
#     placed in the first 4GB address space. The Java Heap base address is the
#     maximum limit for the native heap growth. Please use -XX:HeapBaseMinAddress
#     to set the Java Heap base and to place the Java Heap above 4GB virtual address.
# This output file may be truncated or incomplete.
#
#  Out of Memory Error (./src/hotspot/os/windows/os_windows.cpp:3521), pid=17128, tid=6248
#
# JRE version: OpenJDK Runtime Environment (11.0.12+7) (build 11.0.12+7-b1504.28-7817840)
# Java VM: OpenJDK 64-Bit Server VM (11.0.12+7-b1504.28-7817840, mixed mode, tiered, compressed oops, g1 gc, windows-amd64)
# No core dump will be written. Minidumps are not enabled by default on client versions of Windows
#

---------------  S U M M A R Y ------------

Command Line: --add-opens=java.base/java.util=ALL-UNNAMED --add-opens=java.base/java.lang=ALL-UNNAMED --add-opens=java.base/java.lang.invoke=ALL-UNNAMED --add-opens=java.base/java.util=ALL-UNNAMED --add-opens=java.prefs/java.util.prefs=ALL-UNNAMED --add-opens=java.prefs/java.util.prefs=ALL-UNNAMED --add-opens=java.base/java.nio.charset=ALL-UNNAMED --add-opens=java.base/java.net=ALL-UNNAMED --add-opens=java.base/java.util.concurrent.atomic=ALL-UNNAMED -Xmx2048m -Dfile.encoding=UTF-8 -Duser.country=IN -Duser.language=en -Duser.variant org.gradle.launcher.daemon.bootstrap.GradleDaemon 7.3.3

Host: Intel(R) Core(TM) i5-1035G1 CPU @ 1.00GHz, 8 cores, 7G,  Windows 10 , 64 bit Build 22000 (10.0.22000.1335)
Time: Fri Feb 10 01:38:53 2023 India Standard Time elapsed time: 4.793240 seconds (0d 0h 0m 4s)

---------------  T H R E A D  ---------------

Current thread (0x000001a65fe46800):  VMThread "VM Thread" [stack: 0x0000008f49a00000,0x0000008f49b00000] [id=6248]

Stack: [0x0000008f49a00000,0x0000008f49b00000]
[error occurred during error reporting (printing stack bounds), id 0xc0000005, EXCEPTION_ACCESS_VIOLATION (0xc0000005) at pc=0x000001a6494b12e7]

Native frames: (J=compiled Java code, j=interpreted, Vv=VM code, C=native code)
V  [jvm.dll+0x5fbcea]
V  [jvm.dll+0x731905]
V  [jvm.dll+0x732f1d]
V  [jvm.dll+0x733535]
V  [jvm.dll+0x7334eb]
V  [jvm.dll+0x5fb080]
V  [jvm.dll+0x5fb818]
C  [ntdll.dll+0xa8b1f]
C  [ntdll.dll+0x35b9a]
C  [ntdll.dll+0xa7b2e]
C  0x000001a6494b12e7

VM_Operation (0x0000008f4adf65d0): G1CollectForAllocation, mode: safepoint, requested by thread 0x000001a663e1c000


---------------  P R O C E S S  ---------------

Threads class SMR info:
_java_thread_list=0x000001a665a14fc0, length=36, elements={
0x000001a64599f000, 0x000001a65fe5b000, 0x000001a65fe5e800, 0x000001a660669000,
0x000001a66066a000, 0x000001a66066b800, 0x000001a660670800, 0x000001a660677000,
0x000001a660688800, 0x000001a6607e3000, 0x000001a662b8b800, 0x000001a66210f800,
0x000001a662b9b000, 0x000001a662a86800, 0x000001a661c9f000, 0x000001a6611d7800,
0x000001a663e1c000, 0x000001a6628bb000, 0x000001a662e49800, 0x000001a663062000,
0x000001a663067800, 0x000001a663067000, 0x000001a663062800, 0x000001a6614b1800,
0x000001a663068800, 0x000001a663063800, 0x000001a663064800, 0x000001a663065000,
0x000001a663066000, 0x000001a66596c800, 0x000001a665969000, 0x000001a66596b000,
0x000001a66596a000, 0x000001a665972000, 0x000001a66596e000, 0x000001a66596f800
}

Java Threads: ( => current thread )
  0x000001a64599f000 JavaThread "main" [_thread_blocked, id=5480, stack(0x0000008f49400000,0x0000008f49500000)]
  0x000001a65fe5b000 JavaThread "Reference Handler" daemon [_thread_blocked, id=1572, stack(0x0000008f49b00000,0x0000008f49c00000)]
  0x000001a65fe5e800 JavaThread "Finalizer" daemon [_thread_blocked, id=1784, stack(0x0000008f49c00000,0x0000008f49d00000)]
  0x000001a660669000 JavaThread "Signal Dispatcher" daemon [_thread_blocked, id=1816, stack(0x0000008f49d00000,0x0000008f49e00000)]
  0x000001a66066a000 JavaThread "Attach Listener" daemon [_thread_blocked, id=1820, stack(0x0000008f49e00000,0x0000008f49f00000)]
  0x000001a66066b800 JavaThread "Service Thread" daemon [_thread_blocked, id=1512, stack(0x0000008f49f00000,0x0000008f4a000000)]
  0x000001a660670800 JavaThread "C2 CompilerThread0" daemon [_thread_in_native, id=532, stack(0x0000008f4a000000,0x0000008f4a100000)]
  0x000001a660677000 JavaThread "C1 CompilerThread0" daemon [_thread_blocked, id=1812, stack(0x0000008f4a100000,0x0000008f4a200000)]
  0x000001a660688800 JavaThread "Sweeper thread" daemon [_thread_blocked, id=2108, stack(0x0000008f4a200000,0x0000008f4a300000)]
  0x000001a6607e3000 JavaThread "Common-Cleaner" daemon [_thread_blocked, id=2316, stack(0x0000008f4a300000,0x0000008f4a400000)]
  0x000001a662b8b800 JavaThread "Daemon health stats" [_thread_blocked, id=3172, stack(0x0000008f4a800000,0x0000008f4a900000)]
  0x000001a66210f800 JavaThread "Incoming local TCP Connector on port 50786" [_thread_in_native, id=18140, stack(0x0000008f4a500000,0x0000008f4a600000)]
  0x000001a662b9b000 JavaThread "Daemon periodic checks" [_thread_blocked, id=1508, stack(0x0000008f4a900000,0x0000008f4aa00000)]
  0x000001a662a86800 JavaThread "Daemon" [_thread_blocked, id=16704, stack(0x0000008f4aa00000,0x0000008f4ab00000)]
  0x000001a661c9f000 JavaThread "Handler for socket connection from /127.0.0.1:50786 to /127.0.0.1:50787" [_thread_in_native, id=18220, stack(0x0000008f4ab00000,0x0000008f4ac00000)]
  0x000001a6611d7800 JavaThread "Cancel handler" [_thread_blocked, id=4156, stack(0x0000008f4ac00000,0x0000008f4ad00000)]
  0x000001a663e1c000 JavaThread "Daemon worker" [_thread_blocked, id=13824, stack(0x0000008f4ad00000,0x0000008f4ae00000)]
  0x000001a6628bb000 JavaThread "Asynchronous log dispatcher for DefaultDaemonConnection: socket connection from /127.0.0.1:50786 to /127.0.0.1:50787" [_thread_blocked, id=8732, stack(0x0000008f4ae00000,0x0000008f4af00000)]
  0x000001a662e49800 JavaThread "Stdin handler" [_thread_blocked, id=17204, stack(0x0000008f4af00000,0x0000008f4b000000)]
  0x000001a663062000 JavaThread "Daemon client event forwarder" [_thread_blocked, id=17912, stack(0x0000008f4b000000,0x0000008f4b100000)]
  0x000001a663067800 JavaThread "Cache worker for journal cache (C:\Users\dell\.gradle\caches\journal-1)" [_thread_blocked, id=6428, stack(0x0000008f4b600000,0x0000008f4b700000)]
  0x000001a663067000 JavaThread "File lock request listener" [_thread_in_native, id=2528, stack(0x0000008f4b700000,0x0000008f4b800000)]
  0x000001a663062800 JavaThread "Cache worker for file hash cache (C:\Users\dell\.gradle\caches\7.3.3\fileHashes)" [_thread_blocked, id=5744, stack(0x0000008f4b800000,0x0000008f4b900000)]
  0x000001a6614b1800 JavaThread "C2 CompilerThread1" daemon [_thread_blocked, id=7064, stack(0x0000008f4ba00000,0x0000008f4bb00000)]
  0x000001a663068800 JavaThread "Cache worker for file hash cache (D:\FallDetection\.gradle\7.3.3\fileHashes)" [_thread_blocked, id=14672, stack(0x0000008f4bb00000,0x0000008f4bc00000)]
  0x000001a663063800 JavaThread "File watcher server" daemon [_thread_in_native, id=3560, stack(0x0000008f4bc00000,0x0000008f4bd00000)]
  0x000001a663064800 JavaThread "File watcher consumer" daemon [_thread_blocked, id=17760, stack(0x0000008f4bd00000,0x0000008f4be00000)]
  0x000001a663065000 JavaThread "Cache worker for checksums cache (D:\FallDetection\.gradle\7.3.3\checksums)" [_thread_blocked, id=1468, stack(0x0000008f4be00000,0x0000008f4bf00000)]
  0x000001a663066000 JavaThread "Cache worker for cache directory md-supplier (C:\Users\dell\.gradle\caches\7.3.3\md-supplier)" [_thread_blocked, id=18316, stack(0x0000008f4bf00000,0x0000008f4c000000)]
  0x000001a66596c800 JavaThread "Cache worker for cache directory md-rule (C:\Users\dell\.gradle\caches\7.3.3\md-rule)" [_thread_blocked, id=9988, stack(0x0000008f4c000000,0x0000008f4c100000)]
  0x000001a665969000 JavaThread "Cache worker for execution history cache (C:\Users\dell\.gradle\caches\7.3.3\executionHistory)" [_thread_blocked, id=4680, stack(0x0000008f4c100000,0x0000008f4c200000)]
  0x000001a66596b000 JavaThread "jar transforms" [_thread_blocked, id=17664, stack(0x0000008f4c200000,0x0000008f4c300000)]
  0x000001a66596a000 JavaThread "Cache worker for file content cache (C:\Users\dell\.gradle\caches\7.3.3\fileContent)" [_thread_blocked, id=4464, stack(0x0000008f4c300000,0x0000008f4c400000)]
  0x000001a665972000 JavaThread "jar transforms Thread 2" [_thread_blocked, id=16284, stack(0x0000008f4c400000,0x0000008f4c500000)]
  0x000001a66596e000 JavaThread "Cache worker for dependencies-accessors (D:\FallDetection\.gradle\7.3.3\dependencies-accessors)" [_thread_blocked, id=17520, stack(0x0000008f4c500000,0x0000008f4c600000)]
  0x000001a66596f800 JavaThread "jar transforms Thread 3" [_thread_blocked, id=14036, stack(0x0000008f4c600000,0x0000008f4c700000)]

Other Threads:
=>0x000001a65fe46800 VMThread "VM Thread" [stack: 0x0000008f49a00000,0x0000008f49b00000] [id=6248]
  0x000001a6607e4000 WatcherThread [stack: 0x0000008f4a400000,0x0000008f4a500000] [id=16716]
  0x000001a6459b9800 GCTaskThread "GC Thread#0" [stack: 0x0000008f49500000,0x0000008f49600000] [id=17332]
  0x000001a661548800 GCTaskThread "GC Thread#1" [stack: 0x0000008f4a600000,0x0000008f4a700000] [id=11868]
  0x000001a6610f8800 GCTaskThread "GC Thread#2" [stack: 0x0000008f4a700000,0x0000008f4a800000] [id=2784]
  0x000001a6642f6800 GCTaskThread "GC Thread#3" [stack: 0x0000008f4b100000,0x0000008f4b200000] [id=7160]
  0x000001a66429c800 GCTaskThread "GC Thread#4" [stack: 0x0000008f4b200000,0x0000008f4b300000] [id=2388]
  0x000001a662316000 GCTaskThread "GC Thread#5" [stack: 0x0000008f4b300000,0x0000008f4b400000] [id=14948]
  0x000001a6642d7000 GCTaskThread "GC Thread#6" [stack: 0x0000008f4b400000,0x0000008f4b500000] [id=4896]
  0x000001a6642d7800 GCTaskThread "GC Thread#7" [stack: 0x0000008f4b500000,0x0000008f4b600000] [id=4112]
  0x000001a645a08000 ConcurrentGCThread "G1 Main Marker" [stack: 0x0000008f49600000,0x0000008f49700000] [id=8760]
  0x000001a645a0a000 ConcurrentGCThread "G1 Conc#0" [stack: 0x0000008f49700000,0x0000008f49800000] [id=9536]
  0x000001a6627da800 ConcurrentGCThread "G1 Conc#1" [stack: 0x0000008f4b900000,0x0000008f4ba00000] [id=15020]
  0x000001a65fc8c800 ConcurrentGCThread "G1 Refine#0" [stack: 0x0000008f49800000,0x0000008f49900000] [id=3476]
  0x000001a65fc8f000 ConcurrentGCThread "G1 Young RemSet Sampling" [stack: 0x0000008f49900000,0x0000008f49a00000] [id=9480]

Threads with active compile tasks:
C2 CompilerThread0   4805 3549       4       java.net.URLClassLoader$1::run (5 bytes)

VM state:at safepoint (normal execution)

VM Mutex/Monitor currently owned by a thread:  ([mutex/lock_event])
[0x000001a64599a350] Threads_lock - owner thread: 0x000001a65fe46800
[0x000001a64599b4c0] Heap_lock - owner thread: 0x000001a663e1c000

Heap address: 0x0000000080000000, size: 2048 MB, Compressed Oops mode: 32-bit
Narrow klass base: 0x0000000000000000, Narrow klass shift: 3
Compressed class space size: 1073741824 Address: 0x0000000100000000

Heap:
 garbage-first heap   total 155648K, used 30022K [0x0000000080000000, 0x0000000100000000)
  region size 1024K, 4 young (4096K), 4 survivors (4096K)
 Metaspace       used 45308K, capacity 46383K, committed 46464K, reserved 1089536K
  class space    used 5840K, capacity 6206K, committed 6272K, reserved 1048576K
Heap Regions: E=young(eden), S=young(survivor), O=old, HS=humongous(starts), HC=humongous(continues), CS=collection set, F=free, A=archive, TAMS=top-at-mark-start (previous, next)
|   0|0x0000000080000000, 0x0000000080100000, 0x0000000080100000|100%| O|  |TAMS 0x0000000080100000, 0x0000000080000000| Untracked 
|   1|0x0000000080100000, 0x0000000080200000, 0x0000000080200000|100%| O|  |TAMS 0x0000000080200000, 0x0000000080100000| Untracked 
|   2|0x0000000080200000, 0x0000000080300000, 0x0000000080300000|100%| O|  |TAMS 0x0000000080300000, 0x0000000080200000| Untracked 
|   3|0x0000000080300000, 0x0000000080400000, 0x0000000080400000|100%|HS|  |TAMS 0x0000000080400000, 0x0000000080300000| Complete 
|   4|0x0000000080400000, 0x0000000080500000, 0x0000000080500000|100%|HC|  |TAMS 0x0000000080500000, 0x0000000080400000| Complete 
|   5|0x0000000080500000, 0x0000000080600000, 0x0000000080600000|100%|HC|  |TAMS 0x0000000080600000, 0x0000000080500000| Complete 
|   6|0x0000000080600000, 0x0000000080700000, 0x0000000080700000|100%| O|  |TAMS 0x0000000080700000, 0x0000000080600000| Untracked 
|   7|0x0000000080700000, 0x0000000080800000, 0x0000000080800000|100%| O|  |TAMS 0x0000000080800000, 0x0000000080700000| Untracked 
|   8|0x0000000080800000, 0x0000000080900000, 0x0000000080900000|100%| O|  |TAMS 0x0000000080900000, 0x0000000080800000| Untracked 
|   9|0x0000000080900000, 0x0000000080a00000, 0x0000000080a00000|100%| O|  |TAMS 0x0000000080a00000, 0x0000000080900000| Untracked 
|  10|0x0000000080a00000, 0x0000000080b00000, 0x0000000080b00000|100%| O|  |TAMS 0x0000000080b00000, 0x0000000080a00000| Untracked 
|  11|0x0000000080b00000, 0x0000000080c00000, 0x0000000080c00000|100%| O|  |TAMS 0x0000000080c00000, 0x0000000080b00000| Untracked 
|  12|0x0000000080c00000, 0x0000000080d00000, 0x0000000080d00000|100%| O|  |TAMS 0x0000000080d00000, 0x0000000080c00000| Untracked 
|  13|0x0000000080d00000, 0x0000000080e00000, 0x0000000080e00000|100%| O|  |TAMS 0x0000000080e00000, 0x0000000080d00000| Untracked 
|  14|0x0000000080e00000, 0x0000000080f00000, 0x0000000080f00000|100%| O|  |TAMS 0x0000000080f00000, 0x0000000080e00000| Untracked 
|  15|0x0000000080f00000, 0x0000000081000000, 0x0000000081000000|100%| O|  |TAMS 0x0000000080fa3800, 0x0000000080f00000| Untracked 
|  16|0x0000000081000000, 0x0000000081000000, 0x0000000081100000|  0%| F|  |TAMS 0x0000000081000000, 0x0000000081000000| Untracked 
|  17|0x0000000081100000, 0x0000000081200000, 0x0000000081200000|100%| O|  |TAMS 0x0000000081100000, 0x0000000081100000| Untracked 
|  18|0x0000000081200000, 0x0000000081300000, 0x0000000081300000|100%| O|  |TAMS 0x0000000081200000, 0x0000000081200000| Untracked 
|  19|0x0000000081300000, 0x0000000081400000, 0x0000000081400000|100%| O|  |TAMS 0x0000000081300000, 0x0000000081300000| Untracked 
|  20|0x0000000081400000, 0x0000000081500000, 0x0000000081500000|100%| O|  |TAMS 0x0000000081400000, 0x0000000081400000| Untracked 
|  21|0x0000000081500000, 0x0000000081600000, 0x0000000081600000|100%| O|  |TAMS 0x0000000081500000, 0x0000000081500000| Untracked 
|  22|0x0000000081600000, 0x0000000081700000, 0x0000000081700000|100%| O|  |TAMS 0x0000000081600000, 0x0000000081600000| Untracked 
|  23|0x0000000081700000, 0x0000000081800000, 0x0000000081800000|100%| O|  |TAMS 0x0000000081700000, 0x0000000081700000| Untracked 
|  24|0x0000000081800000, 0x0000000081900000, 0x0000000081900000|100%| O|  |TAMS 0x0000000081800000, 0x0000000081800000| Untracked 
|  25|0x0000000081900000, 0x0000000081a00000, 0x0000000081a00000|100%| O|  |TAMS 0x0000000081900000, 0x0000000081900000| Untracked 
|  26|0x0000000081a00000, 0x0000000081b00000, 0x0000000081b00000|100%| O|  |TAMS 0x0000000081a00000, 0x0000000081a00000| Untracked 
|  27|0x0000000081b00000, 0x0000000081b26e00, 0x0000000081c00000| 15%| O|  |TAMS 0x0000000081b00000, 0x0000000081b00000| Untracked 
|  28|0x0000000081c00000, 0x0000000081c00000, 0x0000000081d00000|  0%| F|  |TAMS 0x0000000081c00000, 0x0000000081c00000| Untracked 
|  29|0x0000000081d00000, 0x0000000081d00000, 0x0000000081e00000|  0%| F|  |TAMS 0x0000000081d00000, 0x0000000081d00000| Untracked 
|  30|0x0000000081e00000, 0x0000000081e00000, 0x0000000081f00000|  0%| F|  |TAMS 0x0000000081e00000, 0x0000000081e00000| Untracked 
|  31|0x0000000081f00000, 0x0000000081f00000, 0x0000000082000000|  0%| F|  |TAMS 0x0000000081f00000, 0x0000000081f00000| Untracked 
|  32|0x0000000082000000, 0x0000000082000000, 0x0000000082100000|  0%| F|  |TAMS 0x0000000082000000, 0x0000000082000000| Untracked 
|  33|0x0000000082100000, 0x0000000082100000, 0x0000000082200000|  0%| F|  |TAMS 0x0000000082100000, 0x0000000082100000| Untracked 
|  34|0x0000000082200000, 0x0000000082200000, 0x0000000082300000|  0%| F|  |TAMS 0x0000000082200000, 0x0000000082200000| Untracked 
|  35|0x0000000082300000, 0x0000000082300000, 0x0000000082400000|  0%| F|  |TAMS 0x0000000082300000, 0x0000000082300000| Untracked 
|  36|0x0000000082400000, 0x0000000082400000, 0x0000000082500000|  0%| F|  |TAMS 0x0000000082400000, 0x0000000082400000| Untracked 
|  37|0x0000000082500000, 0x0000000082500000, 0x0000000082600000|  0%| F|  |TAMS 0x0000000082500000, 0x0000000082500000| Untracked 
|  38|0x0000000082600000, 0x0000000082600000, 0x0000000082700000|  0%| F|  |TAMS 0x0000000082600000, 0x0000000082600000| Untracked 
|  39|0x0000000082700000, 0x0000000082700000, 0x0000000082800000|  0%| F|  |TAMS 0x0000000082700000, 0x0000000082700000| Untracked 
|  40|0x0000000082800000, 0x0000000082800000, 0x0000000082900000|  0%| F|  |TAMS 0x0000000082800000, 0x0000000082800000| Untracked 
|  41|0x0000000082900000, 0x0000000082900000, 0x0000000082a00000|  0%| F|  |TAMS 0x0000000082900000, 0x0000000082900000| Untracked 
|  42|0x0000000082a00000, 0x0000000082a00000, 0x0000000082b00000|  0%| F|  |TAMS 0x0000000082a00000, 0x0000000082a00000| Untracked 
|  43|0x0000000082b00000, 0x0000000082b00000, 0x0000000082c00000|  0%| F|  |TAMS 0x0000000082b00000, 0x0000000082b00000| Untracked 
|  44|0x0000000082c00000, 0x0000000082c00000, 0x0000000082d00000|  0%| F|  |TAMS 0x0000000082c00000, 0x0000000082c00000| Untracked 
|  45|0x0000000082d00000, 0x0000000082d00000, 0x0000000082e00000|  0%| F|  |TAMS 0x0000000082d00000, 0x0000000082d00000| Untracked 
|  46|0x0000000082e00000, 0x0000000082e00000, 0x0000000082f00000|  0%| F|  |TAMS 0x0000000082e00000, 0x0000000082e00000| Untracked 
|  47|0x0000000082f00000, 0x0000000082f00000, 0x0000000083000000|  0%| F|  |TAMS 0x0000000082f00000, 0x0000000082f00000| Untracked 
|  48|0x0000000083000000, 0x0000000083000000, 0x0000000083100000|  0%| F|  |TAMS 0x0000000083000000, 0x0000000083000000| Untracked 
|  49|0x0000000083100000, 0x0000000083100000, 0x0000000083200000|  0%| F|  |TAMS 0x0000000083100000, 0x0000000083100000| Untracked 
|  50|0x0000000083200000, 0x0000000083200000, 0x0000000083300000|  0%| F|  |TAMS 0x0000000083200000, 0x0000000083200000| Untracked 
|  51|0x0000000083300000, 0x0000000083300000, 0x0000000083400000|  0%| F|  |TAMS 0x0000000083300000, 0x0000000083300000| Untracked 
|  52|0x0000000083400000, 0x0000000083400000, 0x0000000083500000|  0%| F|  |TAMS 0x0000000083400000, 0x0000000083400000| Untracked 
|  53|0x0000000083500000, 0x0000000083500000, 0x0000000083600000|  0%| F|  |TAMS 0x0000000083500000, 0x0000000083500000| Untracked 
|  54|0x0000000083600000, 0x0000000083600000, 0x0000000083700000|  0%| F|  |TAMS 0x0000000083600000, 0x0000000083600000| Untracked 
|  55|0x0000000083700000, 0x0000000083700000, 0x0000000083800000|  0%| F|  |TAMS 0x0000000083700000, 0x0000000083700000| Untracked 
|  56|0x0000000083800000, 0x0000000083800000, 0x0000000083900000|  0%| F|  |TAMS 0x0000000083800000, 0x0000000083800000| Untracked 
|  57|0x0000000083900000, 0x0000000083900000, 0x0000000083a00000|  0%| F|  |TAMS 0x0000000083900000, 0x0000000083900000| Untracked 
|  58|0x0000000083a00000, 0x0000000083a00000, 0x0000000083b00000|  0%| F|  |TAMS 0x0000000083a00000, 0x0000000083a00000| Untracked 
|  59|0x0000000083b00000, 0x0000000083b00000, 0x0000000083c00000|  0%| F|  |TAMS 0x0000000083b00000, 0x0000000083b00000| Untracked 
|  60|0x0000000083c00000, 0x0000000083c00000, 0x0000000083d00000|  0%| F|  |TAMS 0x0000000083c00000, 0x0000000083c00000| Untracked 
|  61|0x0000000083d00000, 0x0000000083d00000, 0x0000000083e00000|  0%| F|  |TAMS 0x0000000083d00000, 0x0000000083d00000| Untracked 
|  62|0x0000000083e00000, 0x0000000083e2abc8, 0x0000000083f00000| 16%| S|CS|TAMS 0x0000000083e00000, 0x0000000083e00000| Complete 
|  63|0x0000000083f00000, 0x0000000084000000, 0x0000000084000000|100%| S|CS|TAMS 0x0000000083f00000, 0x0000000083f00000| Complete 
|  64|0x0000000084000000, 0x0000000084100000, 0x0000000084100000|100%| S|CS|TAMS 0x0000000084000000, 0x0000000084000000| Complete 
|  65|0x0000000084100000, 0x0000000084200000, 0x0000000084200000|100%| S|CS|TAMS 0x0000000084100000, 0x0000000084100000| Complete 
|  66|0x0000000084200000, 0x0000000084200000, 0x0000000084300000|  0%| F|  |TAMS 0x0000000084200000, 0x0000000084200000| Untracked 
|  67|0x0000000084300000, 0x0000000084300000, 0x0000000084400000|  0%| F|  |TAMS 0x0000000084300000, 0x0000000084300000| Untracked 
|  68|0x0000000084400000, 0x0000000084400000, 0x0000000084500000|  0%| F|  |TAMS 0x0000000084400000, 0x0000000084400000| Untracked 
|  69|0x0000000084500000, 0x0000000084500000, 0x0000000084600000|  0%| F|  |TAMS 0x0000000084500000, 0x0000000084500000| Untracked 
|  70|0x0000000084600000, 0x0000000084600000, 0x0000000084700000|  0%| F|  |TAMS 0x0000000084600000, 0x0000000084600000| Untracked 
|  71|0x0000000084700000, 0x0000000084700000, 0x0000000084800000|  0%| F|  |TAMS 0x0000000084700000, 0x0000000084700000| Untracked 
|  72|0x0000000084800000, 0x0000000084800000, 0x0000000084900000|  0%| F|  |TAMS 0x0000000084800000, 0x0000000084800000| Untracked 
|  73|0x0000000084900000, 0x0000000084900000, 0x0000000084a00000|  0%| F|  |TAMS 0x0000000084900000, 0x0000000084900000| Untracked 
|  74|0x0000000084a00000, 0x0000000084a00000, 0x0000000084b00000|  0%| F|  |TAMS 0x0000000084a00000, 0x0000000084a00000| Untracked 
|  75|0x0000000084b00000, 0x0000000084b00000, 0x0000000084c00000|  0%| F|  |TAMS 0x0000000084b00000, 0x0000000084b00000| Untracked 
|  76|0x0000000084c00000, 0x0000000084c00000, 0x0000000084d00000|  0%| F|  |TAMS 0x0000000084c00000, 0x0000000084c00000| Untracked 
|  77|0x0000000084d00000, 0x0000000084d00000, 0x0000000084e00000|  0%| F|  |TAMS 0x0000000084d00000, 0x0000000084d00000| Untracked 
|  78|0x0000000084e00000, 0x0000000084e00000, 0x0000000084f00000|  0%| F|  |TAMS 0x0000000084e00000, 0x0000000084e00000| Untracked 
|  79|0x0000000084f00000, 0x0000000084f00000, 0x0000000085000000|  0%| F|  |TAMS 0x0000000084f00000, 0x0000000084f00000| Untracked 
|  80|0x0000000085000000, 0x0000000085000000, 0x0000000085100000|  0%| F|  |TAMS 0x0000000085000000, 0x0000000085000000| Untracked 
|  81|0x0000000085100000, 0x0000000085100000, 0x0000000085200000|  0%| F|  |TAMS 0x0000000085100000, 0x0000000085100000| Untracked 
|  82|0x0000000085200000, 0x0000000085200000, 0x0000000085300000|  0%| F|  |TAMS 0x0000000085200000, 0x0000000085200000| Untracked 
|  83|0x0000000085300000, 0x0000000085300000, 0x0000000085400000|  0%| F|  |TAMS 0x0000000085300000, 0x0000000085300000| Untracked 
|  84|0x0000000085400000, 0x0000000085400000, 0x0000000085500000|  0%| F|  |TAMS 0x0000000085400000, 0x0000000085400000| Untracked 
|  85|0x0000000085500000, 0x0000000085500000, 0x0000000085600000|  0%| F|  |TAMS 0x0000000085500000, 0x0000000085500000| Untracked 
|  86|0x0000000085600000, 0x0000000085600000, 0x0000000085700000|  0%| F|  |TAMS 0x0000000085600000, 0x0000000085600000| Untracked 
|  87|0x0000000085700000, 0x0000000085700000, 0x0000000085800000|  0%| F|  |TAMS 0x0000000085700000, 0x0000000085700000| Untracked 
|  88|0x0000000085800000, 0x0000000085800000, 0x0000000085900000|  0%| F|  |TAMS 0x0000000085800000, 0x0000000085800000| Untracked 
|  89|0x0000000085900000, 0x0000000085900000, 0x0000000085a00000|  0%| F|  |TAMS 0x0000000085900000, 0x0000000085900000| Untracked 
|  90|0x0000000085a00000, 0x0000000085a00000, 0x0000000085b00000|  0%| F|  |TAMS 0x0000000085a00000, 0x0000000085a00000| Untracked 
|  91|0x0000000085b00000, 0x0000000085b00000, 0x0000000085c00000|  0%| F|  |TAMS 0x0000000085b00000, 0x0000000085b00000| Untracked 
|  92|0x0000000085c00000, 0x0000000085c00000, 0x0000000085d00000|  0%| F|  |TAMS 0x0000000085c00000, 0x0000000085c00000| Untracked 
|  93|0x0000000085d00000, 0x0000000085d00000, 0x0000000085e00000|  0%| F|  |TAMS 0x0000000085d00000, 0x0000000085d00000| Untracked 
|  94|0x0000000085e00000, 0x0000000085e00000, 0x0000000085f00000|  0%| F|  |TAMS 0x0000000085e00000, 0x0000000085e00000| Untracked 
|  95|0x0000000085f00000, 0x0000000085f00000, 0x0000000086000000|  0%| F|  |TAMS 0x0000000085f00000, 0x0000000085f00000| Untracked 
|  96|0x0000000086000000, 0x0000000086000000, 0x0000000086100000|  0%| F|  |TAMS 0x0000000086000000, 0x0000000086000000| Untracked 
|  97|0x0000000086100000, 0x0000000086100000, 0x0000000086200000|  0%| F|  |TAMS 0x0000000086100000, 0x0000000086100000| Untracked 
|  98|0x0000000086200000, 0x0000000086200000, 0x0000000086300000|  0%| F|  |TAMS 0x0000000086200000, 0x0000000086200000| Untracked 
|  99|0x0000000086300000, 0x0000000086300000, 0x0000000086400000|  0%| F|  |TAMS 0x0000000086300000, 0x0000000086300000| Untracked 
| 100|0x0000000086400000, 0x0000000086400000, 0x0000000086500000|  0%| F|  |TAMS 0x0000000086400000, 0x0000000086400000| Untracked 
| 101|0x0000000086500000, 0x0000000086500000, 0x0000000086600000|  0%| F|  |TAMS 0x0000000086500000, 0x0000000086500000| Untracked 
| 102|0x0000000086600000, 0x0000000086600000, 0x0000000086700000|  0%| F|  |TAMS 0x0000000086600000, 0x0000000086600000| Untracked 
| 103|0x0000000086700000, 0x0000000086700000, 0x0000000086800000|  0%| F|  |TAMS 0x0000000086700000, 0x0000000086700000| Untracked 
| 104|0x0000000086800000, 0x0000000086800000, 0x0000000086900000|  0%| F|  |TAMS 0x0000000086800000, 0x0000000086800000| Untracked 
| 105|0x0000000086900000, 0x0000000086900000, 0x0000000086a00000|  0%| F|  |TAMS 0x0000000086900000, 0x0000000086900000| Untracked 
| 106|0x0000000086a00000, 0x0000000086a00000, 0x0000000086b00000|  0%| F|  |TAMS 0x0000000086a00000, 0x0000000086a00000| Untracked 
| 107|0x0000000086b00000, 0x0000000086b00000, 0x0000000086c00000|  0%| F|  |TAMS 0x0000000086b00000, 0x0000000086b00000| Untracked 
| 108|0x0000000086c00000, 0x0000000086c00000, 0x0000000086d00000|  0%| F|  |TAMS 0x0000000086c00000, 0x0000000086c00000| Untracked 
| 109|0x0000000086d00000, 0x0000000086d00000, 0x0000000086e00000|  0%| F|  |TAMS 0x0000000086d00000, 0x0000000086d00000| Untracked 
| 110|0x0000000086e00000, 0x0000000086e00000, 0x0000000086f00000|  0%| F|  |TAMS 0x0000000086e00000, 0x0000000086e00000| Untracked 
| 111|0x0000000086f00000, 0x0000000086f00000, 0x0000000087000000|  0%| F|  |TAMS 0x0000000086f00000, 0x0000000086f00000| Untracked 
| 112|0x0000000087000000, 0x0000000087000000, 0x0000000087100000|  0%| F|  |TAMS 0x0000000087000000, 0x0000000087000000| Untracked 
| 113|0x0000000087100000, 0x0000000087100000, 0x0000000087200000|  0%| F|  |TAMS 0x0000000087100000, 0x0000000087100000| Untracked 
| 114|0x0000000087200000, 0x0000000087200000, 0x0000000087300000|  0%| F|  |TAMS 0x0000000087200000, 0x0000000087200000| Untracked 
| 115|0x0000000087300000, 0x0000000087300000, 0x0000000087400000|  0%| F|  |TAMS 0x0000000087300000, 0x0000000087300000| Untracked 
| 116|0x0000000087400000, 0x0000000087400000, 0x0000000087500000|  0%| F|  |TAMS 0x0000000087400000, 0x0000000087400000| Untracked 
| 117|0x0000000087500000, 0x0000000087500000, 0x0000000087600000|  0%| F|  |TAMS 0x0000000087500000, 0x0000000087500000| Untracked 
| 118|0x0000000087600000, 0x0000000087600000, 0x0000000087700000|  0%| F|  |TAMS 0x0000000087600000, 0x0000000087600000| Untracked 
| 119|0x0000000087700000, 0x0000000087700000, 0x0000000087800000|  0%| F|  |TAMS 0x0000000087700000, 0x0000000087700000| Untracked 
| 120|0x0000000087800000, 0x0000000087800000, 0x0000000087900000|  0%| F|  |TAMS 0x0000000087800000, 0x0000000087800000| Untracked 
| 121|0x0000000087900000, 0x0000000087900000, 0x0000000087a00000|  0%| F|  |TAMS 0x0000000087900000, 0x0000000087900000| Untracked 
| 122|0x0000000087a00000, 0x0000000087a00000, 0x0000000087b00000|  0%| F|  |TAMS 0x0000000087a00000, 0x0000000087a00000| Untracked 
| 123|0x0000000087b00000, 0x0000000087b00000, 0x0000000087c00000|  0%| F|  |TAMS 0x0000000087b00000, 0x0000000087b00000| Untracked 
| 124|0x0000000087c00000, 0x0000000087c00000, 0x0000000087d00000|  0%| F|  |TAMS 0x0000000087c00000, 0x0000000087c00000| Untracked 
| 125|0x0000000087d00000, 0x0000000087d00000, 0x0000000087e00000|  0%| F|  |TAMS 0x0000000087d00000, 0x0000000087d00000| Untracked 

Card table byte_map: [0x000001a658be0000,0x000001a658fe0000] _byte_map_base: 0x000001a6587e0000

Marking Bits (Prev, Next): (CMBitMap*) 0x000001a6459feef8, (CMBitMap*) 0x000001a6459fef30
 Prev Bits: [0x000001a6593e0000, 0x000001a65b3e0000)
 Next Bits: [0x000001a65b3e0000, 0x000001a65d3e0000)

Polling page: 0x000001a645180000

Metaspace:

Usage:
  Non-class:     39.24 MB capacity,    38.54 MB ( 98%) used,   601.16 KB (  1%) free+waste,   107.31 KB ( <1%) overhead. 
      Class:      6.06 MB capacity,     5.70 MB ( 94%) used,   314.31 KB (  5%) free+waste,    51.50 KB ( <1%) overhead. 
       Both:     45.30 MB capacity,    44.25 MB ( 98%) used,   915.48 KB (  2%) free+waste,   158.81 KB ( <1%) overhead. 

Virtual space:
  Non-class space:       40.00 MB reserved,      39.25 MB ( 98%) committed 
      Class space:        1.00 GB reserved,       6.13 MB ( <1%) committed 
             Both:        1.04 GB reserved,      45.38 MB (  4%) committed 

Chunk freelists:
   Non-Class:  15.00 KB
       Class:  2.00 KB
        Both:  17.00 KB

MaxMetaspaceSize: 17179869184.00 GB
CompressedClassSpaceSize: 1.00 GB
Initial GC threshold: 20.80 MB
Current GC threshold: 58.54 MB
CDS: off

CodeHeap 'non-profiled nmethods': size=120000Kb used=1998Kb max_used=1998Kb free=118001Kb
 bounds [0x000001a650f80000, 0x000001a6511f0000, 0x000001a6584b0000]
CodeHeap 'profiled nmethods': size=120000Kb used=8075Kb max_used=8075Kb free=111924Kb
 bounds [0x000001a649a50000, 0x000001a64a240000, 0x000001a650f80000]
CodeHeap 'non-nmethods': size=5760Kb used=2291Kb max_used=2333Kb free=3468Kb
 bounds [0x000001a6494b0000, 0x000001a649720000, 0x000001a649a50000]
 total_blobs=4485 nmethods=3714 adapters=683
 compilation: enabled
              stopped_count=0, restarted_count=0
 full_count=0

Compilation events (20 events):
Event: 4.753 Thread 0x000001a6614b1800 3678       4       org.objectweb.asm.Symbol::<init> (38 bytes)
Event: 4.755 Thread 0x000001a6614b1800 nmethod 3678 0x000001a651170d10 code [0x000001a651170ea0, 0x000001a651171178]
Event: 4.755 Thread 0x000001a6614b1800 3722       4       java.lang.Throwable::<init> (39 bytes)
Event: 4.762 Thread 0x000001a6614b1800 nmethod 3722 0x000001a651171210 code [0x000001a6511713e0, 0x000001a651171f78]
Event: 4.762 Thread 0x000001a6614b1800 3490       4       java.lang.Character::toLowerCase (6 bytes)
Event: 4.763 Thread 0x000001a6614b1800 nmethod 3490 0x000001a651172110 code [0x000001a6511722a0, 0x000001a651172378]
Event: 4.763 Thread 0x000001a6614b1800 3451       4       java.util.HashMap$KeyIterator::next (8 bytes)
Event: 4.766 Thread 0x000001a660677000 3740       3       java.net.URI$Parser::scan (76 bytes)
Event: 4.767 Thread 0x000001a660677000 nmethod 3740 0x000001a64a231f10 code [0x000001a64a232160, 0x000001a64a232a38]
Event: 4.768 Thread 0x000001a6614b1800 nmethod 3451 0x000001a651172490 code [0x000001a651172620, 0x000001a651172a18]
Event: 4.768 Thread 0x000001a6614b1800 3564       4       com.google.common.collect.Iterators$ArrayItr::get (12 bytes)
Event: 4.768 Thread 0x000001a6614b1800 nmethod 3564 0x000001a651172b90 code [0x000001a651172d20, 0x000001a651172db8]
Event: 4.768 Thread 0x000001a6614b1800 3611       4       java.lang.reflect.AccessibleObject::setAccessible0 (7 bytes)
Event: 4.768 Thread 0x000001a6614b1800 nmethod 3611 0x000001a651172e90 code [0x000001a651173020, 0x000001a651173098]
Event: 4.768 Thread 0x000001a6614b1800 3660       4       org.gradle.internal.instantiation.generator.AbstractClassGenerator$ClassGenerationHandler::visitProperty (1 bytes)
Event: 4.768 Thread 0x000001a6614b1800 nmethod 3660 0x000001a651173190 code [0x000001a651173320, 0x000001a651173378]
Event: 4.768 Thread 0x000001a6614b1800 3703       4       java.util.concurrent.atomic.AtomicInteger::incrementAndGet (14 bytes)
Event: 4.769 Thread 0x000001a6614b1800 nmethod 3703 0x000001a651173490 code [0x000001a651173620, 0x000001a651173698]
Event: 4.769 Thread 0x000001a6614b1800 3723       4       java.lang.ReflectiveOperationException::<init> (7 bytes)
Event: 4.769 Thread 0x000001a6614b1800 nmethod 3723 0x000001a651173790 code [0x000001a651173920, 0x000001a6511739a8]

GC Heap History (13 events):
Event: 0.586 GC heap before
{Heap before GC invocations=0 (full 0):
 garbage-first heap   total 129024K, used 30720K [0x0000000080000000, 0x0000000100000000)
  region size 1024K, 24 young (24576K), 0 survivors (0K)
 Metaspace       used 10220K, capacity 10427K, committed 10624K, reserved 1058816K
  class space    used 1072K, capacity 1141K, committed 1152K, reserved 1048576K
}
Event: 0.591 GC heap after
{Heap after GC invocations=1 (full 0):
 garbage-first heap   total 129024K, used 9409K [0x0000000080000000, 0x0000000100000000)
  region size 1024K, 3 young (3072K), 3 survivors (3072K)
 Metaspace       used 10220K, capacity 10427K, committed 10624K, reserved 1058816K
  class space    used 1072K, capacity 1141K, committed 1152K, reserved 1048576K
}
Event: 2.070 GC heap before
{Heap before GC invocations=1 (full 0):
 garbage-first heap   total 129024K, used 84161K [0x0000000080000000, 0x0000000100000000)
  region size 1024K, 75 young (76800K), 3 survivors (3072K)
 Metaspace       used 17605K, capacity 17973K, committed 18176K, reserved 1064960K
  class space    used 2085K, capacity 2211K, committed 2304K, reserved 1048576K
}
Event: 2.077 GC heap after
{Heap after GC invocations=2 (full 0):
 garbage-first heap   total 129024K, used 16408K [0x0000000080000000, 0x0000000100000000)
  region size 1024K, 10 young (10240K), 10 survivors (10240K)
 Metaspace       used 17605K, capacity 17973K, committed 18176K, reserved 1064960K
  class space    used 2085K, capacity 2211K, committed 2304K, reserved 1048576K
}
Event: 2.309 GC heap before
{Heap before GC invocations=2 (full 0):
 garbage-first heap   total 129024K, used 45080K [0x0000000080000000, 0x0000000100000000)
  region size 1024K, 39 young (39936K), 10 survivors (10240K)
 Metaspace       used 20721K, capacity 21137K, committed 21248K, reserved 1067008K
  class space    used 2554K, capacity 2712K, committed 2816K, reserved 1048576K
}
Event: 2.316 GC heap after
{Heap after GC invocations=3 (full 0):
 garbage-first heap   total 129024K, used 17214K [0x0000000080000000, 0x0000000100000000)
  region size 1024K, 2 young (2048K), 2 survivors (2048K)
 Metaspace       used 20721K, capacity 21137K, committed 21248K, reserved 1067008K
  class space    used 2554K, capacity 2712K, committed 2816K, reserved 1048576K
}
Event: 2.854 GC heap before
{Heap before GC invocations=4 (full 0):
 garbage-first heap   total 129024K, used 71486K [0x0000000080000000, 0x0000000100000000)
  region size 1024K, 55 young (56320K), 2 survivors (2048K)
 Metaspace       used 26573K, capacity 27139K, committed 27264K, reserved 1073152K
  class space    used 3474K, capacity 3702K, committed 3712K, reserved 1048576K
}
Event: 2.858 GC heap after
{Heap after GC invocations=5 (full 0):
 garbage-first heap   total 129024K, used 19124K [0x0000000080000000, 0x0000000100000000)
  region size 1024K, 4 young (4096K), 4 survivors (4096K)
 Metaspace       used 26573K, capacity 27139K, committed 27264K, reserved 1073152K
  class space    used 3474K, capacity 3702K, committed 3712K, reserved 1048576K
}
Event: 3.544 GC heap before
{Heap before GC invocations=5 (full 0):
 garbage-first heap   total 129024K, used 77492K [0x0000000080000000, 0x0000000100000000)
  region size 1024K, 62 young (63488K), 4 survivors (4096K)
 Metaspace       used 34890K, capacity 35718K, committed 35840K, reserved 1081344K
  class space    used 4534K, capacity 4839K, committed 4864K, reserved 1048576K
}
Event: 3.552 GC heap after
{Heap after GC invocations=6 (full 0):
 garbage-first heap   total 129024K, used 22158K [0x0000000080000000, 0x0000000100000000)
  region size 1024K, 6 young (6144K), 6 survivors (6144K)
 Metaspace       used 34890K, capacity 35718K, committed 35840K, reserved 1081344K
  class space    used 4534K, capacity 4839K, committed 4864K, reserved 1048576K
}
Event: 4.156 GC heap before
{Heap before GC invocations=7 (full 0):
 garbage-first heap   total 129024K, used 87694K [0x0000000080000000, 0x0000000100000000)
  region size 1024K, 68 young (69632K), 6 survivors (6144K)
 Metaspace       used 39838K, capacity 40714K, committed 40832K, reserved 1085440K
  class space    used 5109K, capacity 5434K, committed 5504K, reserved 1048576K
}
Event: 4.163 GC heap after
{Heap after GC invocations=8 (full 0):
 garbage-first heap   total 129024K, used 27623K [0x0000000080000000, 0x0000000100000000)
  region size 1024K, 9 young (9216K), 9 survivors (9216K)
 Metaspace       used 39838K, capacity 40714K, committed 40832K, reserved 1085440K
  class space    used 5109K, capacity 5434K, committed 5504K, reserved 1048576K
}
Event: 4.780 GC heap before
{Heap before GC invocations=8 (full 0):
 garbage-first heap   total 129024K, used 90087K [0x0000000080000000, 0x0000000100000000)
  region size 1024K, 69 young (70656K), 9 survivors (9216K)
 Metaspace       used 45308K, capacity 46383K, committed 46464K, reserved 1089536K
  class space    used 5840K, capacity 6206K, committed 6272K, reserved 1048576K
}

Deoptimization events (20 events):
Event: 4.439 Thread 0x000001a663e1c000 DEOPT PACKING pc=0x000001a6510c5088 sp=0x0000008f4adf9250
Event: 4.439 Thread 0x000001a663e1c000 DEOPT UNPACKING pc=0x000001a6494b85af sp=0x0000008f4adf91e8 mode 2
Event: 4.531 Thread 0x000001a663e1c000 DEOPT PACKING pc=0x000001a64a04ba74 sp=0x0000008f4adf80a0
Event: 4.531 Thread 0x000001a663e1c000 DEOPT UNPACKING pc=0x000001a6494f9d0e sp=0x0000008f4adf7640 mode 0
Event: 4.649 Thread 0x000001a663e1c000 Uncommon trap: trap_request=0xffffff7e fr.pc=0x000001a6510a0b1c relative=0x000000000000023c
Event: 4.649 Thread 0x000001a663e1c000 Uncommon trap: reason=predicate action=maybe_recompile pc=0x000001a6510a0b1c method=com.google.common.base.CharMatcher.indexIn(Ljava/lang/CharSequence;I)I @ 19 c2
Event: 4.649 Thread 0x000001a663e1c000 DEOPT PACKING pc=0x000001a6510a0b1c sp=0x0000008f4adf8280
Event: 4.649 Thread 0x000001a663e1c000 DEOPT UNPACKING pc=0x000001a6494b85af sp=0x0000008f4adf8228 mode 2
Event: 4.677 Thread 0x000001a663e1c000 Uncommon trap: trap_request=0xffffff4d fr.pc=0x000001a650ff6380 relative=0x00000000000001c0
Event: 4.677 Thread 0x000001a663e1c000 Uncommon trap: reason=unstable_if action=reinterpret pc=0x000001a650ff6380 method=java.net.URI$Parser.scan(IILjava/lang/String;)I @ 26 c2
Event: 4.677 Thread 0x000001a663e1c000 DEOPT PACKING pc=0x000001a650ff6380 sp=0x0000008f4adf9060
Event: 4.677 Thread 0x000001a663e1c000 DEOPT UNPACKING pc=0x000001a6494b85af sp=0x0000008f4adf8ff0 mode 2
Event: 4.677 Thread 0x000001a663e1c000 Uncommon trap: trap_request=0xffffff4d fr.pc=0x000001a650fd5edc relative=0x000000000000011c
Event: 4.677 Thread 0x000001a663e1c000 Uncommon trap: reason=unstable_if action=reinterpret pc=0x000001a650fd5edc method=java.net.URI.match(CJJ)Z @ 45 c2
Event: 4.677 Thread 0x000001a663e1c000 DEOPT PACKING pc=0x000001a650fd5edc sp=0x0000008f4adf8dd0
Event: 4.677 Thread 0x000001a663e1c000 DEOPT UNPACKING pc=0x000001a6494b85af sp=0x0000008f4adf8d08 mode 2
Event: 4.677 Thread 0x000001a663e1c000 Uncommon trap: trap_request=0xffffff4d fr.pc=0x000001a650fa08e8 relative=0x0000000000000048
Event: 4.677 Thread 0x000001a663e1c000 Uncommon trap: reason=unstable_if action=reinterpret pc=0x000001a650fa08e8 method=java.net.URI.match(CJJ)Z @ 19 c2
Event: 4.677 Thread 0x000001a663e1c000 DEOPT PACKING pc=0x000001a650fa08e8 sp=0x0000008f4adf8de0
Event: 4.677 Thread 0x000001a663e1c000 DEOPT UNPACKING pc=0x000001a6494b85af sp=0x0000008f4adf8d90 mode 2

Classes redefined (0 events):
No events

Internal exceptions (20 events):
Event: 4.337 Thread 0x000001a663062000 Exception <a 'java/lang/NoSuchMethodError'{0x0000000087d8ed78}: <clinit>> (0x0000000087d8ed78) thrown at [./src/hotspot/share/prims/jni.cpp, line 1365]
Event: 4.337 Thread 0x000001a663062000 Exception <a 'java/lang/NoSuchMethodError'{0x0000000086e02420}: <clinit>> (0x0000000086e02420) thrown at [./src/hotspot/share/prims/jni.cpp, line 1365]
Event: 4.339 Thread 0x000001a663062000 Exception <a 'java/lang/NoSuchMethodError'{0x0000000086e11698}: <clinit>> (0x0000000086e11698) thrown at [./src/hotspot/share/prims/jni.cpp, line 1365]
Event: 4.339 Thread 0x000001a663062000 Exception <a 'java/lang/NoSuchMethodError'{0x0000000086e13a20}: <clinit>> (0x0000000086e13a20) thrown at [./src/hotspot/share/prims/jni.cpp, line 1365]
Event: 4.340 Thread 0x000001a663062000 Exception <a 'java/lang/NoSuchMethodError'{0x0000000086e236d8}: <clinit>> (0x0000000086e236d8) thrown at [./src/hotspot/share/prims/jni.cpp, line 1365]
Event: 4.418 Thread 0x000001a663e1c000 Implicit null exception at 0x000001a65106c3f4 to 0x000001a65106c604
Event: 4.535 Thread 0x000001a663e1c000 Exception <a 'java/lang/ClassNotFoundException'{0x0000000085c74a40}: build_67gyg7vyi21pls00imlh59e5uBeanInfo> (0x0000000085c74a40) thrown at [./src/hotspot/share/classfile/systemDictionary.cpp, line 231]
Event: 4.536 Thread 0x000001a663e1c000 Exception <a 'java/lang/ClassNotFoundException'{0x0000000085c8bc30}: org/gradle/api/internal/project/ProjectScriptBeanInfo> (0x0000000085c8bc30) thrown at [./src/hotspot/share/classfile/systemDictionary.cpp, line 231]
Event: 4.536 Thread 0x000001a663e1c000 Exception <a 'java/lang/ClassNotFoundException'{0x0000000085ca2af0}: org/gradle/api/internal/project/ProjectScriptCustomizer> (0x0000000085ca2af0) thrown at [./src/hotspot/share/classfile/systemDictionary.cpp, line 231]
Event: 4.537 Thread 0x000001a663e1c000 Exception <a 'java/lang/ClassNotFoundException'{0x0000000085cbdd70}: build_67gyg7vyi21pls00imlh59e5uCustomizer> (0x0000000085cbdd70) thrown at [./src/hotspot/share/classfile/systemDictionary.cpp, line 231]
Event: 4.546 Thread 0x000001a663e1c000 Exception <a 'java/lang/ClassNotFoundException'{0x0000000085b5a0c8}: org/gradle/api/internal/initialization/DefaultScriptHandlerBeanInfo> (0x0000000085b5a0c8) thrown at [./src/hotspot/share/classfile/systemDictionary.cpp, line 231]
Event: 4.546 Thread 0x000001a663e1c000 Exception <a 'java/lang/ClassNotFoundException'{0x0000000085b842b0}: org/gradle/api/internal/initialization/DefaultScriptHandlerCustomizer> (0x0000000085b842b0) thrown at [./src/hotspot/share/classfile/systemDictionary.cpp, line 231]
Event: 4.631 Thread 0x000001a663e1c000 Exception <a 'java/lang/ClassNotFoundException'{0x00000000853ffcc0}: org/gradle/api/internal/artifacts/dsl/dependencies/DefaultDependencyHandler_DecoratedBeanInfo> (0x00000000853ffcc0) thrown at [./src/hotspot/share/classfile/systemDictionary.cpp, line 231]
Event: 4.632 Thread 0x000001a663e1c000 Exception <a 'java/lang/ClassNotFoundException'{0x000000008523e938}: org/gradle/api/internal/artifacts/dsl/dependencies/DefaultDependencyHandlerBeanInfo> (0x000000008523e938) thrown at [./src/hotspot/share/classfile/systemDictionary.cpp, line 231]
Event: 4.632 Thread 0x000001a663e1c000 Exception <a 'java/lang/ClassNotFoundException'{0x000000008527d200}: org/gradle/api/internal/artifacts/dsl/dependencies/DefaultDependencyHandlerCustomizer> (0x000000008527d200) thrown at [./src/hotspot/share/classfile/systemDictionary.cpp, line 231]
Event: 4.635 Thread 0x000001a663e1c000 Exception <a 'java/lang/ClassNotFoundException'{0x00000000852e2f88}: org/gradle/api/internal/artifacts/dsl/dependencies/DefaultDependencyHandler_DecoratedCustomizer> (0x00000000852e2f88) thrown at [./src/hotspot/share/classfile/systemDictionary.cpp, line 231]
Event: 4.647 Thread 0x000001a663e1c000 Exception <a 'java/lang/ClassNotFoundException'{0x00000000851f4ec0}: org/gradle/plugin/use/internal/PluginRequestCollector$PluginDependenciesSpecImplBeanInfo> (0x00000000851f4ec0) thrown at [./src/hotspot/share/classfile/systemDictionary.cpp, line 231]
Event: 4.647 Thread 0x000001a663e1c000 Exception <a 'java/lang/ClassNotFoundException'{0x0000000085024268}: org/gradle/plugin/use/internal/PluginRequestCollector$PluginDependenciesSpecImplCustomizer> (0x0000000085024268) thrown at [./src/hotspot/share/classfile/systemDictionary.cpp, line 231]
Event: 4.652 Thread 0x000001a663e1c000 Exception <a 'java/lang/ClassNotFoundException'{0x0000000085084560}: org/gradle/plugin/use/internal/PluginRequestCollector$PluginDependencySpecImplBeanInfo> (0x0000000085084560) thrown at [./src/hotspot/share/classfile/systemDictionary.cpp, line 231]
Event: 4.652 Thread 0x000001a663e1c000 Exception <a 'java/lang/ClassNotFoundException'{0x00000000850b26c0}: org/gradle/plugin/use/internal/PluginRequestCollector$PluginDependencySpecImplCustomizer> (0x00000000850b26c0) thrown at [./src/hotspot/share/classfile/systemDictionary.cpp, line 231]

Events (20 events):
Event: 4.773 loading class org/gradle/api/Transformer done
Event: 4.773 loading class org/gradle/api/internal/artifacts/ivyservice/ivyresolve/CachingModuleComponentRepository
Event: 4.773 loading class org/gradle/api/internal/artifacts/ivyservice/ivyresolve/CachingModuleComponentRepository done
Event: 4.774 loading class org/gradle/api/internal/artifacts/ivyservice/ivyresolve/CachingModuleComponentRepository$LocateInCacheRepositoryAccess
Event: 4.774 loading class org/gradle/api/internal/artifacts/ivyservice/ivyresolve/CachingModuleComponentRepository$LocateInCacheRepositoryAccess done
Event: 4.776 loading class org/gradle/internal/resolve/result/BuildableArtifactSetResolveResult
Event: 4.776 loading class org/gradle/internal/resolve/result/BuildableArtifactSetResolveResult done
Event: 4.776 loading class org/gradle/api/internal/artifacts/ivyservice/ivyresolve/CachingModuleComponentRepository$ResolveAndCacheRepositoryAccess
Event: 4.776 loading class org/gradle/api/internal/artifacts/ivyservice/ivyresolve/CachingModuleComponentRepository$ResolveAndCacheRepositoryAccess done
Event: 4.777 loading class org/gradle/api/internal/artifacts/ivyservice/modulecache/ResolvedArtifactCaches$ResolvedArtifactCacheProvidingModuleComponentRepository
Event: 4.777 loading class org/gradle/api/internal/artifacts/ivyservice/modulecache/ResolvedArtifactCaches$ResolvedArtifactCacheProvidingModuleComponentRepository done
Event: 4.777 loading class org/gradle/api/internal/artifacts/ivyservice/ivyresolve/BaseModuleComponentRepository
Event: 4.777 loading class org/gradle/api/internal/artifacts/ivyservice/ivyresolve/BaseModuleComponentRepository done
Event: 4.778 loading class org/gradle/api/internal/artifacts/ivyservice/ivyresolve/ErrorHandlingModuleComponentRepository
Event: 4.778 loading class org/gradle/api/internal/artifacts/ivyservice/ivyresolve/ErrorHandlingModuleComponentRepository done
Event: 4.778 loading class org/gradle/api/internal/artifacts/ivyservice/ivyresolve/ErrorHandlingModuleComponentRepository$ErrorHandlingModuleComponentRepositoryAccess
Event: 4.778 loading class org/gradle/api/internal/artifacts/ivyservice/ivyresolve/ErrorHandlingModuleComponentRepository$ErrorHandlingModuleComponentRepositoryAccess done
Event: 4.779 loading class org/gradle/api/internal/artifacts/ivyservice/ivyresolve/RepositoryDisabler$NoOpBlacklister
Event: 4.779 loading class org/gradle/api/internal/artifacts/ivyservice/ivyresolve/RepositoryDisabler$NoOpBlacklister done
Event: 4.779 Executing VM operation: G1CollectForAllocation


Dynamic libraries:
0x00007ff704e60000 - 0x00007ff704e6a000 	C:\Program Files\Android\Android Studio\jre\bin\java.exe
0x00007ff832ce0000 - 0x00007ff832ee9000 	C:\WINDOWS\SYSTEM32\ntdll.dll
0x00007ff830de0000 - 0x00007ff830e9e000 	C:\WINDOWS\System32\KERNEL32.DLL
0x00007ff830370000 - 0x00007ff8306eb000 	C:\WINDOWS\System32\KERNELBASE.dll
0x00007ff830250000 - 0x00007ff830361000 	C:\WINDOWS\System32\ucrtbase.dll
0x00007ff8264e0000 - 0x00007ff8264f9000 	C:\Program Files\Android\Android Studio\jre\bin\jli.dll
0x00007ff8264c0000 - 0x00007ff8264d7000 	C:\Program Files\Android\Android Studio\jre\bin\VCRUNTIME140.dll
0x00007ff832680000 - 0x00007ff83282d000 	C:\WINDOWS\System32\USER32.dll
0x00007ff8301b0000 - 0x00007ff8301d6000 	C:\WINDOWS\System32\win32u.dll
0x00007ff816c10000 - 0x00007ff816eb5000 	C:\WINDOWS\WinSxS\amd64_microsoft.windows.common-controls_6595b64144ccf1df_6.0.22000.120_none_9d947278b86cc467\COMCTL32.dll
0x00007ff832650000 - 0x00007ff832679000 	C:\WINDOWS\System32\GDI32.dll
0x00007ff830f20000 - 0x00007ff830fc3000 	C:\WINDOWS\System32\msvcrt.dll
0x00007ff830a40000 - 0x00007ff830b58000 	C:\WINDOWS\System32\gdi32full.dll
0x00007ff830920000 - 0x00007ff8309bd000 	C:\WINDOWS\System32\msvcp_win.dll
0x00007ff8310d0000 - 0x00007ff831102000 	C:\WINDOWS\System32\IMM32.DLL
0x00007ff804770000 - 0x00007ff80480d000 	C:\Program Files\Android\Android Studio\jre\bin\msvcp140.dll
0x00007fffe2dc0000 - 0x00007fffe38a5000 	C:\Program Files\Android\Android Studio\jre\bin\server\jvm.dll
0x00007ff831320000 - 0x00007ff8313ce000 	C:\WINDOWS\System32\ADVAPI32.dll
0x00007ff831750000 - 0x00007ff8317ee000 	C:\WINDOWS\System32\sechost.dll
0x00007ff830cc0000 - 0x00007ff830de0000 	C:\WINDOWS\System32\RPCRT4.dll
0x00007ff830f10000 - 0x00007ff830f18000 	C:\WINDOWS\System32\PSAPI.DLL
0x00007ff828d90000 - 0x00007ff828dc3000 	C:\WINDOWS\SYSTEM32\WINMM.dll
0x00007ff82de10000 - 0x00007ff82de1a000 	C:\WINDOWS\SYSTEM32\VERSION.dll
0x00007ff8116d0000 - 0x00007ff8116d9000 	C:\WINDOWS\SYSTEM32\WSOCK32.dll
0x00007ff830c50000 - 0x00007ff830cbf000 	C:\WINDOWS\System32\WS2_32.dll
0x00007ff82f2e0000 - 0x00007ff82f2f8000 	C:\WINDOWS\SYSTEM32\kernel.appcore.dll
0x00007ff811640000 - 0x00007ff811651000 	C:\Program Files\Android\Android Studio\jre\bin\verify.dll
0x00007ff82d7b0000 - 0x00007ff82d9d1000 	C:\WINDOWS\SYSTEM32\DBGHELP.DLL
0x00007ff813030000 - 0x00007ff813061000 	C:\WINDOWS\SYSTEM32\dbgcore.DLL
0x00007ff8309c0000 - 0x00007ff830a3f000 	C:\WINDOWS\System32\bcryptPrimitives.dll
0x00007ff810ef0000 - 0x00007ff810f19000 	C:\Program Files\Android\Android Studio\jre\bin\java.dll
0x00007ff81ecb0000 - 0x00007ff81ecbb000 	C:\Program Files\Android\Android Studio\jre\bin\jimage.dll
0x00007ff8113f0000 - 0x00007ff811408000 	C:\Program Files\Android\Android Studio\jre\bin\zip.dll
0x00007ff831bc0000 - 0x00007ff832377000 	C:\WINDOWS\System32\SHELL32.dll
0x00007ff82e220000 - 0x00007ff82ea85000 	C:\WINDOWS\SYSTEM32\windows.storage.dll
0x00007ff8313d0000 - 0x00007ff831748000 	C:\WINDOWS\System32\combase.dll
0x00007ff82e0b0000 - 0x00007ff82e216000 	C:\WINDOWS\SYSTEM32\wintypes.dll
0x00007ff832560000 - 0x00007ff83264a000 	C:\WINDOWS\System32\SHCORE.dll
0x00007ff831a10000 - 0x00007ff831a6d000 	C:\WINDOWS\System32\shlwapi.dll
0x00007ff8300e0000 - 0x00007ff830101000 	C:\WINDOWS\SYSTEM32\profapi.dll
0x00007ff810fd0000 - 0x00007ff810fea000 	C:\Program Files\Android\Android Studio\jre\bin\net.dll
0x00007ff828320000 - 0x00007ff828434000 	C:\WINDOWS\SYSTEM32\WINHTTP.dll
0x00007ff82f780000 - 0x00007ff82f7e7000 	C:\WINDOWS\system32\mswsock.dll
0x00007ff810ed0000 - 0x00007ff810ee4000 	C:\Program Files\Android\Android Studio\jre\bin\nio.dll
0x00007fffc1c60000 - 0x00007fffc1c87000 	C:\Users\dell\.gradle\native\e1d6ef7f7dcc3fd88c89a11ec53ec762bb8ba0a96d01ffa2cd45eb1d1d8dd5c5\windows-amd64\native-platform.dll
0x00007ffffc3b0000 - 0x00007ffffc4f4000 	C:\Users\dell\.gradle\native\5664cfc778a61ccfe75a443a1ab52a65af34e5dc3c78e0209fed803814484fcb\windows-amd64\native-platform-file-events.dll
0x00007ff812b90000 - 0x00007ff812b9a000 	C:\Program Files\Android\Android Studio\jre\bin\management.dll
0x00007ff811010000 - 0x00007ff81101d000 	C:\Program Files\Android\Android Studio\jre\bin\management_ext.dll
0x00007ff82fa00000 - 0x00007ff82fa18000 	C:\WINDOWS\SYSTEM32\CRYPTSP.dll
0x00007ff82f240000 - 0x00007ff82f275000 	C:\WINDOWS\system32\rsaenh.dll
0x00007ff82f8b0000 - 0x00007ff82f8d9000 	C:\WINDOWS\SYSTEM32\USERENV.dll
0x00007ff82fb90000 - 0x00007ff82fbb7000 	C:\WINDOWS\SYSTEM32\bcrypt.dll
0x00007ff82fa20000 - 0x00007ff82fa2c000 	C:\WINDOWS\SYSTEM32\CRYPTBASE.dll
0x00007ff82ed50000 - 0x00007ff82ed7d000 	C:\WINDOWS\SYSTEM32\IPHLPAPI.DLL
0x00007ff831170000 - 0x00007ff831179000 	C:\WINDOWS\System32\NSI.dll
0x00007ff828610000 - 0x00007ff828629000 	C:\WINDOWS\SYSTEM32\dhcpcsvc6.DLL
0x00007ff828d50000 - 0x00007ff828d6e000 	C:\WINDOWS\SYSTEM32\dhcpcsvc.DLL
0x00007ff82ed80000 - 0x00007ff82ee68000 	C:\WINDOWS\SYSTEM32\DNSAPI.dll

dbghelp: loaded successfully - version: 4.0.5 - missing functions: none
symbol engine: initialized successfully - sym options: 0x614 - pdb path: .;C:\Program Files\Android\Android Studio\jre\bin;C:\WINDOWS\SYSTEM32;C:\WINDOWS\WinSxS\amd64_microsoft.windows.common-controls_6595b64144ccf1df_6.0.22000.120_none_9d947278b86cc467;C:\Program Files\Android\Android Studio\jre\bin\server;C:\Users\dell\.gradle\native\e1d6ef7f7dcc3fd88c89a11ec53ec762bb8ba0a96d01ffa2cd45eb1d1d8dd5c5\windows-amd64;C:\Users\dell\.gradle\native\5664cfc778a61ccfe75a443a1ab52a65af34e5dc3c78e0209fed803814484fcb\windows-amd64

VM Arguments:
jvm_args: --add-opens=java.base/java.util=ALL-UNNAMED --add-opens=java.base/java.lang=ALL-UNNAMED --add-opens=java.base/java.lang.invoke=ALL-UNNAMED --add-opens=java.base/java.util=ALL-UNNAMED --add-opens=java.prefs/java.util.prefs=ALL-UNNAMED --add-opens=java.prefs/java.util.prefs=ALL-UNNAMED --add-opens=java.base/java.nio.charset=ALL-UNNAMED --add-opens=java.base/java.net=ALL-UNNAMED --add-opens=java.base/java.util.concurrent.atomic=ALL-UNNAMED -Xmx2048m -Dfile.encoding=UTF-8 -Duser.country=IN -Duser.language=en -Duser.variant 
java_command: org.gradle.launcher.daemon.bootstrap.GradleDaemon 7.3.3
java_class_path (initial): C:\Users\dell\.gradle\wrapper\dists\gradle-7.3.3-bin\6a41zxkdtcxs8rphpq6y0069z\gradle-7.3.3\lib\gradle-launcher-7.3.3.jar
Launcher Type: SUN_STANDARD

[Global flags]
     intx CICompilerCount                          = 4                                         {product} {ergonomic}
     uint ConcGCThreads                            = 2                                         {product} {ergonomic}
     uint G1ConcRefinementThreads                  = 8                                         {product} {ergonomic}
   size_t G1HeapRegionSize                         = 1048576                                   {product} {ergonomic}
    uintx GCDrainStackTargetSize                   = 64                                        {product} {ergonomic}
   size_t InitialHeapSize                          = 132120576                                 {product} {ergonomic}
   size_t MarkStackSize                            = 4194304                                   {product} {ergonomic}
   size_t MaxHeapSize                              = 2147483648                                {product} {command line}
   size_t MaxNewSize                               = 1287651328                                {product} {ergonomic}
   size_t MinHeapDeltaBytes                        = 1048576                                   {product} {ergonomic}
    uintx NonNMethodCodeHeapSize                   = 5836300                                {pd product} {ergonomic}
    uintx NonProfiledCodeHeapSize                  = 122910970                              {pd product} {ergonomic}
    uintx ProfiledCodeHeapSize                     = 122910970                              {pd product} {ergonomic}
    uintx ReservedCodeCacheSize                    = 251658240                              {pd product} {ergonomic}
     bool SegmentedCodeCache                       = true                                      {product} {ergonomic}
     bool UseCompressedClassPointers               = true                                 {lp64_product} {ergonomic}
     bool UseCompressedOops                        = true                                 {lp64_product} {ergonomic}
     bool UseG1GC                                  = true                                      {product} {ergonomic}
     bool UseLargePagesIndividualAllocation        = false                                  {pd product} {ergonomic}

Logging:
Log output configuration:
 #0: stdout all=warning uptime,level,tags
 #1: stderr all=off uptime,level,tags

Environment Variables:
JAVA_HOME=C:\Users\dell\AppData\Local\Programs\Eclipse Adoptium\jdk-17.0.5.8-hotspot\
PATH=C:\Program Files\Python310\Scripts\;C:\Program Files\Python310\;C:\Windows\system32;C:\Windows;C:\Windows\System32\Wbem;C:\Windows\System32\WindowsPowerShell\v1.0\;C:\Windows\System32\OpenSSH\;C:\Program Files\NVIDIA Corporation\NVIDIA NvDLISR;C:\Program Files (x86)\NVIDIA Corporation\PhysX\Common;C:\Program Files\nodejs\;C:\ProgramData\chocolatey\bin;C:\cygwin64\bin;C:\WINDOWS\system32;C:\WINDOWS;C:\WINDOWS\System32\Wbem;C:\WINDOWS\System32\WindowsPowerShell\v1.0\;C:\WINDOWS\System32\OpenSSH\;C:\Program Files\Git\cmd;C:\Program Files\dotnet\;C:\Program Files\Microsoft SQL Server\150\Tools\Binn\;C:\WINDOWS\system32;C:\WINDOWS;C:\WINDOWS\System32\Wbem;C:\WINDOWS\System32\WindowsPowerShell\v1.0\;C:\WINDOWS\System32\OpenSSH\;C:\Program Files\MATLAB\R2022a\bin;C:\Users\dell\AppData\Local\Programs\Eclipse Adoptium\jdk-17.0.5.8-hotspot\bin;C:\Users\dell\AppData\Local\Microsoft\WindowsApps;C:\Users\dell\AppData\Roaming\npm;C:\altera\13.0sp1\modelsim_ase\win32aloem;C:\msys64\mingw64\bin;C:\Users\dell\AppData\Local\Programs\Microsoft VS Code\bin
USERNAME=dell
OS=Windows_NT
PROCESSOR_IDENTIFIER=Intel64 Family 6 Model 126 Stepping 5, GenuineIntel



---------------  S Y S T E M  ---------------

OS: Windows 10 , 64 bit Build 22000 (10.0.22000.1335)
OS uptime: 0 days 0:58 hours
Hyper-V role detected

CPU:total 8 (initial active 8) (4 cores per cpu, 2 threads per core) family 6 model 126 stepping 5 microcode 0xb2, cmov, cx8, fxsr, mmx, sse, sse2, sse3, ssse3, sse4.1, sse4.2, popcnt, avx, avx2, aes, clmul, erms, 3dnowpref, lzcnt, ht, tsc, tscinvbit, bmi1, bmi2, adx, evex, sha, fma

Memory: 4k page, system-wide physical 7959M (452M free)
TotalPageFile size 10007M (AvailPageFile size 10M)
current process WorkingSet (physical memory assigned to process): 284M, peak: 284M
current process commit charge ("private bytes"): 332M, peak: 358M

vm_info: OpenJDK 64-Bit Server VM (11.0.12+7-b1504.28-7817840) for windows-amd64 JRE (11.0.12+7-b1504.28-7817840), built on Oct 13 2021 22:12:33 by "builder" with MS VC++ 14.0 (VS2015)

END.
