#
# There is insufficient memory for the Java Runtime Environment to continue.
# Native memory allocation (malloc) failed to allocate 686656 bytes for Chunk::new
# Possible reasons:
#   The system is out of physical RAM or swap space
#   The process is running with CompressedOops enabled, and the Java Heap may be blocking the growth of the native heap
# Possible solutions:
#   Reduce memory load on the system
#   Increase physical memory or swap space
#   Check if swap backing store is full
#   Decrease Java heap size (-Xmx/-Xms)
#   Decrease number of Java threads
#   Decrease Java thread stack sizes (-Xss)
#   Set larger code cache with -XX:ReservedCodeCacheSize=
#   JVM is running with Unscaled Compressed Oops mode in which the Java heap is
#     placed in the first 4GB address space. The Java Heap base address is the
#     maximum limit for the native heap growth. Please use -XX:HeapBaseMinAddress
#     to set the Java Heap base and to place the Java Heap above 4GB virtual address.
# This output file may be truncated or incomplete.
#
#  Out of Memory Error (./src/hotspot/share/memory/arena.cpp:197), pid=20032, tid=21020
#
# JRE version: OpenJDK Runtime Environment (11.0.12+7) (build 11.0.12+7-b1504.28-7817840)
# Java VM: OpenJDK 64-Bit Server VM (11.0.12+7-b1504.28-7817840, mixed mode, tiered, compressed oops, g1 gc, windows-amd64)
# No core dump will be written. Minidumps are not enabled by default on client versions of Windows
#

---------------  S U M M A R Y ------------

Command Line: --add-opens=java.base/java.util=ALL-UNNAMED --add-opens=java.base/java.lang=ALL-UNNAMED --add-opens=java.base/java.lang.invoke=ALL-UNNAMED --add-opens=java.base/java.util=ALL-UNNAMED --add-opens=java.prefs/java.util.prefs=ALL-UNNAMED --add-opens=java.prefs/java.util.prefs=ALL-UNNAMED --add-opens=java.base/java.nio.charset=ALL-UNNAMED --add-opens=java.base/java.net=ALL-UNNAMED --add-opens=java.base/java.util.concurrent.atomic=ALL-UNNAMED -Xmx2048m -Dfile.encoding=UTF-8 -Duser.country=IN -Duser.language=en -Duser.variant org.gradle.launcher.daemon.bootstrap.GradleDaemon 7.3.3

Host: Intel(R) Core(TM) i5-1035G1 CPU @ 1.00GHz, 8 cores, 7G,  Windows 10 , 64 bit Build 22621 (10.0.22621.1344)
Time: Thu Apr  6 11:39:27 2023 India Standard Time elapsed time: 6.262786 seconds (0d 0h 0m 6s)

---------------  T H R E A D  ---------------

Current thread (0x000001a1d5f0d000):  JavaThread "C2 CompilerThread0" daemon [_thread_in_native, id=21020, stack(0x00000094b0800000,0x00000094b0900000)]


Current CompileTask:
C2:   6262 1939   !   4       java.lang.ClassLoader::loadClass (122 bytes)

Stack: [0x00000094b0800000,0x00000094b0900000]
Native frames: (J=compiled Java code, j=interpreted, Vv=VM code, C=native code)
V  [jvm.dll+0x5fbcea]
V  [jvm.dll+0x731905]
V  [jvm.dll+0x732f1d]
V  [jvm.dll+0x7335d3]
V  [jvm.dll+0x247bf8]
V  [jvm.dll+0xc018c]
V  [jvm.dll+0xc06cc]
V  [jvm.dll+0x2bcc04]
V  [jvm.dll+0x5113a8]
V  [jvm.dll+0x208303]
V  [jvm.dll+0x201fe0]
V  [jvm.dll+0x1ff71f]
V  [jvm.dll+0x18868c]
V  [jvm.dll+0x20e0d7]
V  [jvm.dll+0x20c901]
V  [jvm.dll+0x6f9b7f]
V  [jvm.dll+0x6f26a5]
V  [jvm.dll+0x5fabf6]
C  [ucrtbase.dll+0x29363]
C  [KERNEL32.DLL+0x126bd]
C  [ntdll.dll+0x5a9f8]


---------------  P R O C E S S  ---------------

Threads class SMR info:
_java_thread_list=0x000001a1d73b2640, length=23, elements={
0x000001a1b9a79800, 0x000001a1d5ef3800, 0x000001a1d5efd800, 0x000001a1d6864800,
0x000001a1d6867800, 0x000001a1d686a000, 0x000001a1d5f0d000, 0x000001a1d5f18800,
0x000001a1d5f1d800, 0x000001a1d69d2000, 0x000001a1d7ca6800, 0x000001a1d7e7c800,
0x000001a1d8d69800, 0x000001a1d8396800, 0x000001a1d7bfc800, 0x000001a1d7d39800,
0x000001a1d7d4a000, 0x000001a1d88e3800, 0x000001a1d75c4800, 0x000001a1d88d8800,
0x000001a1d88da000, 0x000001a1d88d4800, 0x000001a1d88d6000
}

Java Threads: ( => current thread )
  0x000001a1b9a79800 JavaThread "main" [_thread_blocked, id=1744, stack(0x00000094afc00000,0x00000094afd00000)]
  0x000001a1d5ef3800 JavaThread "Reference Handler" daemon [_thread_blocked, id=18608, stack(0x00000094b0300000,0x00000094b0400000)]
  0x000001a1d5efd800 JavaThread "Finalizer" daemon [_thread_blocked, id=18568, stack(0x00000094b0400000,0x00000094b0500000)]
  0x000001a1d6864800 JavaThread "Signal Dispatcher" daemon [_thread_blocked, id=1988, stack(0x00000094b0500000,0x00000094b0600000)]
  0x000001a1d6867800 JavaThread "Attach Listener" daemon [_thread_blocked, id=19972, stack(0x00000094b0600000,0x00000094b0700000)]
  0x000001a1d686a000 JavaThread "Service Thread" daemon [_thread_blocked, id=13008, stack(0x00000094b0700000,0x00000094b0800000)]
=>0x000001a1d5f0d000 JavaThread "C2 CompilerThread0" daemon [_thread_in_native, id=21020, stack(0x00000094b0800000,0x00000094b0900000)]
  0x000001a1d5f18800 JavaThread "C1 CompilerThread0" daemon [_thread_blocked, id=3552, stack(0x00000094b0900000,0x00000094b0a00000)]
  0x000001a1d5f1d800 JavaThread "Sweeper thread" daemon [_thread_blocked, id=9160, stack(0x00000094b0a00000,0x00000094b0b00000)]
  0x000001a1d69d2000 JavaThread "Common-Cleaner" daemon [_thread_blocked, id=21188, stack(0x00000094b0b00000,0x00000094b0c00000)]
  0x000001a1d7ca6800 JavaThread "Daemon health stats" [_thread_blocked, id=3892, stack(0x00000094b0f00000,0x00000094b1000000)]
  0x000001a1d7e7c800 JavaThread "Incoming local TCP Connector on port 64827" [_thread_in_native, id=21468, stack(0x00000094b1000000,0x00000094b1100000)]
  0x000001a1d8d69800 JavaThread "Daemon periodic checks" [_thread_blocked, id=2284, stack(0x00000094b1100000,0x00000094b1200000)]
  0x000001a1d8396800 JavaThread "Daemon" [_thread_blocked, id=4576, stack(0x00000094b1200000,0x00000094b1300000)]
  0x000001a1d7bfc800 JavaThread "Handler for socket connection from /127.0.0.1:64827 to /127.0.0.1:64828" [_thread_in_native, id=3568, stack(0x00000094b1300000,0x00000094b1400000)]
  0x000001a1d7d39800 JavaThread "Cancel handler" [_thread_blocked, id=1824, stack(0x00000094b1400000,0x00000094b1500000)]
  0x000001a1d7d4a000 JavaThread "Daemon worker" [_thread_in_vm, id=21636, stack(0x00000094b1500000,0x00000094b1600000)]
  0x000001a1d88e3800 JavaThread "Asynchronous log dispatcher for DefaultDaemonConnection: socket connection from /127.0.0.1:64827 to /127.0.0.1:64828" [_thread_blocked, id=11432, stack(0x00000094b1600000,0x00000094b1700000)]
  0x000001a1d75c4800 JavaThread "Stdin handler" [_thread_blocked, id=7492, stack(0x00000094b1700000,0x00000094b1800000)]
  0x000001a1d88d8800 JavaThread "Daemon client event forwarder" [_thread_blocked, id=21452, stack(0x00000094b1800000,0x00000094b1900000)]
  0x000001a1d88da000 JavaThread "Cache worker for journal cache (C:\Users\dell\.gradle\caches\journal-1)" [_thread_blocked, id=15172, stack(0x00000094b1e00000,0x00000094b1f00000)]
  0x000001a1d88d4800 JavaThread "File lock request listener" [_thread_in_native, id=15616, stack(0x00000094b1f00000,0x00000094b2000000)]
  0x000001a1d88d6000 JavaThread "Cache worker for file hash cache (C:\Users\dell\.gradle\caches\7.3.3\fileHashes)" [_thread_blocked, id=1468, stack(0x00000094b2000000,0x00000094b2100000)]

Other Threads:
  0x000001a1d5eef800 VMThread "VM Thread" [stack: 0x00000094b0200000,0x00000094b0300000] [id=22060]
  0x000001a1d69e1800 WatcherThread [stack: 0x00000094b0c00000,0x00000094b0d00000] [id=7880]
  0x000001a1b9a93800 GCTaskThread "GC Thread#0" [stack: 0x00000094afd00000,0x00000094afe00000] [id=16196]
  0x000001a1d742c800 GCTaskThread "GC Thread#1" [stack: 0x00000094b0d00000,0x00000094b0e00000] [id=20892]
  0x000001a1d73d9800 GCTaskThread "GC Thread#2" [stack: 0x00000094b0e00000,0x00000094b0f00000] [id=2344]
  0x000001a1d7c31800 GCTaskThread "GC Thread#3" [stack: 0x00000094b1900000,0x00000094b1a00000] [id=16412]
  0x000001a1d8daa000 GCTaskThread "GC Thread#4" [stack: 0x00000094b1a00000,0x00000094b1b00000] [id=15076]
  0x000001a1d80e2800 GCTaskThread "GC Thread#5" [stack: 0x00000094b1b00000,0x00000094b1c00000] [id=22816]
  0x000001a1d8179800 GCTaskThread "GC Thread#6" [stack: 0x00000094b1c00000,0x00000094b1d00000] [id=19416]
  0x000001a1d7b55800 GCTaskThread "GC Thread#7" [stack: 0x00000094b1d00000,0x00000094b1e00000] [id=19376]
  0x000001a1b9ac8000 ConcurrentGCThread "G1 Main Marker" [stack: 0x00000094afe00000,0x00000094aff00000] [id=19720]
  0x000001a1b9ac9000 ConcurrentGCThread "G1 Conc#0" [stack: 0x00000094aff00000,0x00000094b0000000] [id=17860]
  0x000001a1d76b4000 ConcurrentGCThread "G1 Conc#1" [stack: 0x00000094b2100000,0x00000094b2200000] [id=18228]
  0x000001a1b9b4d000 ConcurrentGCThread "G1 Refine#0" [stack: 0x00000094b0000000,0x00000094b0100000] [id=6864]
  0x000001a1b9b4e800 ConcurrentGCThread "G1 Young RemSet Sampling" [stack: 0x00000094b0100000,0x00000094b0200000] [id=1540]

Threads with active compile tasks:
C2 CompilerThread0   6302 1939   !   4       java.lang.ClassLoader::loadClass (122 bytes)

VM state:not at safepoint (normal execution)

VM Mutex/Monitor currently owned by a thread: None

Heap address: 0x0000000080000000, size: 2048 MB, Compressed Oops mode: 32-bit
Narrow klass base: 0x0000000000000000, Narrow klass shift: 3
Compressed class space size: 1073741824 Address: 0x0000000100000000

Heap:
 garbage-first heap   total 129024K, used 20463K [0x0000000080000000, 0x0000000100000000)
  region size 1024K, 6 young (6144K), 2 survivors (2048K)
 Metaspace       used 21240K, capacity 21731K, committed 21888K, reserved 1069056K
  class space    used 2645K, capacity 2828K, committed 2944K, reserved 1048576K
Heap Regions: E=young(eden), S=young(survivor), O=old, HS=humongous(starts), HC=humongous(continues), CS=collection set, F=free, A=archive, TAMS=top-at-mark-start (previous, next)
|   0|0x0000000080000000, 0x0000000080100000, 0x0000000080100000|100%| O|  |TAMS 0x0000000080100000, 0x0000000080000000| Untracked 
|   1|0x0000000080100000, 0x0000000080200000, 0x0000000080200000|100%| O|  |TAMS 0x0000000080200000, 0x0000000080100000| Untracked 
|   2|0x0000000080200000, 0x0000000080300000, 0x0000000080300000|100%| O|  |TAMS 0x0000000080300000, 0x0000000080200000| Untracked 
|   3|0x0000000080300000, 0x0000000080400000, 0x0000000080400000|100%|HS|  |TAMS 0x0000000080400000, 0x0000000080300000| Complete 
|   4|0x0000000080400000, 0x0000000080500000, 0x0000000080500000|100%|HC|  |TAMS 0x0000000080500000, 0x0000000080400000| Complete 
|   5|0x0000000080500000, 0x0000000080600000, 0x0000000080600000|100%|HC|  |TAMS 0x0000000080600000, 0x0000000080500000| Complete 
|   6|0x0000000080600000, 0x0000000080700000, 0x0000000080700000|100%| O|  |TAMS 0x0000000080700000, 0x0000000080600000| Untracked 
|   7|0x0000000080700000, 0x0000000080800000, 0x0000000080800000|100%| O|  |TAMS 0x0000000080800000, 0x0000000080700000| Untracked 
|   8|0x0000000080800000, 0x0000000080900000, 0x0000000080900000|100%| O|  |TAMS 0x0000000080900000, 0x0000000080800000| Untracked 
|   9|0x0000000080900000, 0x0000000080a00000, 0x0000000080a00000|100%| O|  |TAMS 0x0000000080a00000, 0x0000000080900000| Untracked 
|  10|0x0000000080a00000, 0x0000000080b00000, 0x0000000080b00000|100%| O|  |TAMS 0x0000000080b00000, 0x0000000080a00000| Untracked 
|  11|0x0000000080b00000, 0x0000000080c00000, 0x0000000080c00000|100%| O|  |TAMS 0x0000000080c00000, 0x0000000080b00000| Untracked 
|  12|0x0000000080c00000, 0x0000000080d00000, 0x0000000080d00000|100%| O|  |TAMS 0x0000000080d00000, 0x0000000080c00000| Untracked 
|  13|0x0000000080d00000, 0x0000000080e00000, 0x0000000080e00000|100%| O|  |TAMS 0x0000000080e00000, 0x0000000080d00000| Untracked 
|  14|0x0000000080e00000, 0x0000000080f00000, 0x0000000080f00000|100%| O|  |TAMS 0x0000000080f00000, 0x0000000080e00000| Untracked 
|  15|0x0000000080f00000, 0x0000000080fb2800, 0x0000000081000000| 69%| O|  |TAMS 0x0000000080fb2800, 0x0000000080f00000| Untracked 
|  16|0x0000000081000000, 0x0000000081000000, 0x0000000081100000|  0%| F|  |TAMS 0x0000000081000000, 0x0000000081000000| Untracked 
|  17|0x0000000081100000, 0x0000000081100000, 0x0000000081200000|  0%| F|  |TAMS 0x0000000081100000, 0x0000000081100000| Untracked 
|  18|0x0000000081200000, 0x0000000081200000, 0x0000000081300000|  0%| F|  |TAMS 0x0000000081200000, 0x0000000081200000| Untracked 
|  19|0x0000000081300000, 0x0000000081300000, 0x0000000081400000|  0%| F|  |TAMS 0x0000000081300000, 0x0000000081300000| Untracked 
|  20|0x0000000081400000, 0x0000000081400000, 0x0000000081500000|  0%| F|  |TAMS 0x0000000081400000, 0x0000000081400000| Untracked 
|  21|0x0000000081500000, 0x0000000081500000, 0x0000000081600000|  0%| F|  |TAMS 0x0000000081500000, 0x0000000081500000| Untracked 
|  22|0x0000000081600000, 0x0000000081600000, 0x0000000081700000|  0%| F|  |TAMS 0x0000000081600000, 0x0000000081600000| Untracked 
|  23|0x0000000081700000, 0x0000000081700000, 0x0000000081800000|  0%| F|  |TAMS 0x0000000081700000, 0x0000000081700000| Untracked 
|  24|0x0000000081800000, 0x0000000081800000, 0x0000000081900000|  0%| F|  |TAMS 0x0000000081800000, 0x0000000081800000| Untracked 
|  25|0x0000000081900000, 0x0000000081900000, 0x0000000081a00000|  0%| F|  |TAMS 0x0000000081900000, 0x0000000081900000| Untracked 
|  26|0x0000000081a00000, 0x0000000081a00000, 0x0000000081b00000|  0%| F|  |TAMS 0x0000000081a00000, 0x0000000081a00000| Untracked 
|  27|0x0000000081b00000, 0x0000000081b00000, 0x0000000081c00000|  0%| F|  |TAMS 0x0000000081b00000, 0x0000000081b00000| Untracked 
|  28|0x0000000081c00000, 0x0000000081c00000, 0x0000000081d00000|  0%| F|  |TAMS 0x0000000081c00000, 0x0000000081c00000| Untracked 
|  29|0x0000000081d00000, 0x0000000081d00000, 0x0000000081e00000|  0%| F|  |TAMS 0x0000000081d00000, 0x0000000081d00000| Untracked 
|  30|0x0000000081e00000, 0x0000000081e00000, 0x0000000081f00000|  0%| F|  |TAMS 0x0000000081e00000, 0x0000000081e00000| Untracked 
|  31|0x0000000081f00000, 0x0000000081f00000, 0x0000000082000000|  0%| F|  |TAMS 0x0000000081f00000, 0x0000000081f00000| Untracked 
|  32|0x0000000082000000, 0x0000000082000000, 0x0000000082100000|  0%| F|  |TAMS 0x0000000082000000, 0x0000000082000000| Untracked 
|  33|0x0000000082100000, 0x0000000082100000, 0x0000000082200000|  0%| F|  |TAMS 0x0000000082100000, 0x0000000082100000| Untracked 
|  34|0x0000000082200000, 0x0000000082200000, 0x0000000082300000|  0%| F|  |TAMS 0x0000000082200000, 0x0000000082200000| Untracked 
|  35|0x0000000082300000, 0x0000000082300000, 0x0000000082400000|  0%| F|  |TAMS 0x0000000082300000, 0x0000000082300000| Untracked 
|  36|0x0000000082400000, 0x0000000082400000, 0x0000000082500000|  0%| F|  |TAMS 0x0000000082400000, 0x0000000082400000| Untracked 
|  37|0x0000000082500000, 0x0000000082500000, 0x0000000082600000|  0%| F|  |TAMS 0x0000000082500000, 0x0000000082500000| Untracked 
|  38|0x0000000082600000, 0x0000000082600000, 0x0000000082700000|  0%| F|  |TAMS 0x0000000082600000, 0x0000000082600000| Untracked 
|  39|0x0000000082700000, 0x0000000082700000, 0x0000000082800000|  0%| F|  |TAMS 0x0000000082700000, 0x0000000082700000| Untracked 
|  40|0x0000000082800000, 0x0000000082800000, 0x0000000082900000|  0%| F|  |TAMS 0x0000000082800000, 0x0000000082800000| Untracked 
|  41|0x0000000082900000, 0x0000000082900000, 0x0000000082a00000|  0%| F|  |TAMS 0x0000000082900000, 0x0000000082900000| Untracked 
|  42|0x0000000082a00000, 0x0000000082a00000, 0x0000000082b00000|  0%| F|  |TAMS 0x0000000082a00000, 0x0000000082a00000| Untracked 
|  43|0x0000000082b00000, 0x0000000082b00000, 0x0000000082c00000|  0%| F|  |TAMS 0x0000000082b00000, 0x0000000082b00000| Untracked 
|  44|0x0000000082c00000, 0x0000000082c00000, 0x0000000082d00000|  0%| F|  |TAMS 0x0000000082c00000, 0x0000000082c00000| Untracked 
|  45|0x0000000082d00000, 0x0000000082d00000, 0x0000000082e00000|  0%| F|  |TAMS 0x0000000082d00000, 0x0000000082d00000| Untracked 
|  46|0x0000000082e00000, 0x0000000082e00000, 0x0000000082f00000|  0%| F|  |TAMS 0x0000000082e00000, 0x0000000082e00000| Untracked 
|  47|0x0000000082f00000, 0x0000000082f00000, 0x0000000083000000|  0%| F|  |TAMS 0x0000000082f00000, 0x0000000082f00000| Untracked 
|  48|0x0000000083000000, 0x0000000083000000, 0x0000000083100000|  0%| F|  |TAMS 0x0000000083000000, 0x0000000083000000| Untracked 
|  49|0x0000000083100000, 0x0000000083100000, 0x0000000083200000|  0%| F|  |TAMS 0x0000000083100000, 0x0000000083100000| Untracked 
|  50|0x0000000083200000, 0x0000000083200000, 0x0000000083300000|  0%| F|  |TAMS 0x0000000083200000, 0x0000000083200000| Untracked 
|  51|0x0000000083300000, 0x0000000083300000, 0x0000000083400000|  0%| F|  |TAMS 0x0000000083300000, 0x0000000083300000| Untracked 
|  52|0x0000000083400000, 0x0000000083400000, 0x0000000083500000|  0%| F|  |TAMS 0x0000000083400000, 0x0000000083400000| Untracked 
|  53|0x0000000083500000, 0x0000000083500000, 0x0000000083600000|  0%| F|  |TAMS 0x0000000083500000, 0x0000000083500000| Untracked 
|  54|0x0000000083600000, 0x0000000083600000, 0x0000000083700000|  0%| F|  |TAMS 0x0000000083600000, 0x0000000083600000| Untracked 
|  55|0x0000000083700000, 0x0000000083700000, 0x0000000083800000|  0%| F|  |TAMS 0x0000000083700000, 0x0000000083700000| Untracked 
|  56|0x0000000083800000, 0x0000000083800000, 0x0000000083900000|  0%| F|  |TAMS 0x0000000083800000, 0x0000000083800000| Untracked 
|  57|0x0000000083900000, 0x0000000083900000, 0x0000000083a00000|  0%| F|  |TAMS 0x0000000083900000, 0x0000000083900000| Untracked 
|  58|0x0000000083a00000, 0x0000000083a00000, 0x0000000083b00000|  0%| F|  |TAMS 0x0000000083a00000, 0x0000000083a00000| Untracked 
|  59|0x0000000083b00000, 0x0000000083b00000, 0x0000000083c00000|  0%| F|  |TAMS 0x0000000083b00000, 0x0000000083b00000| Untracked 
|  60|0x0000000083c00000, 0x0000000083c00000, 0x0000000083d00000|  0%| F|  |TAMS 0x0000000083c00000, 0x0000000083c00000| Untracked 
|  61|0x0000000083d00000, 0x0000000083d00000, 0x0000000083e00000|  0%| F|  |TAMS 0x0000000083d00000, 0x0000000083d00000| Untracked 
|  62|0x0000000083e00000, 0x0000000083e00000, 0x0000000083f00000|  0%| F|  |TAMS 0x0000000083e00000, 0x0000000083e00000| Untracked 
|  63|0x0000000083f00000, 0x0000000083f00000, 0x0000000084000000|  0%| F|  |TAMS 0x0000000083f00000, 0x0000000083f00000| Untracked 
|  64|0x0000000084000000, 0x0000000084000000, 0x0000000084100000|  0%| F|  |TAMS 0x0000000084000000, 0x0000000084000000| Untracked 
|  65|0x0000000084100000, 0x0000000084100000, 0x0000000084200000|  0%| F|  |TAMS 0x0000000084100000, 0x0000000084100000| Untracked 
|  66|0x0000000084200000, 0x0000000084200000, 0x0000000084300000|  0%| F|  |TAMS 0x0000000084200000, 0x0000000084200000| Untracked 
|  67|0x0000000084300000, 0x0000000084300000, 0x0000000084400000|  0%| F|  |TAMS 0x0000000084300000, 0x0000000084300000| Untracked 
|  68|0x0000000084400000, 0x0000000084400000, 0x0000000084500000|  0%| F|  |TAMS 0x0000000084400000, 0x0000000084400000| Untracked 
|  69|0x0000000084500000, 0x0000000084500000, 0x0000000084600000|  0%| F|  |TAMS 0x0000000084500000, 0x0000000084500000| Untracked 
|  70|0x0000000084600000, 0x0000000084600000, 0x0000000084700000|  0%| F|  |TAMS 0x0000000084600000, 0x0000000084600000| Untracked 
|  71|0x0000000084700000, 0x0000000084700000, 0x0000000084800000|  0%| F|  |TAMS 0x0000000084700000, 0x0000000084700000| Untracked 
|  72|0x0000000084800000, 0x0000000084800000, 0x0000000084900000|  0%| F|  |TAMS 0x0000000084800000, 0x0000000084800000| Untracked 
|  73|0x0000000084900000, 0x0000000084900000, 0x0000000084a00000|  0%| F|  |TAMS 0x0000000084900000, 0x0000000084900000| Untracked 
|  74|0x0000000084a00000, 0x0000000084a00000, 0x0000000084b00000|  0%| F|  |TAMS 0x0000000084a00000, 0x0000000084a00000| Untracked 
|  75|0x0000000084b00000, 0x0000000084b00000, 0x0000000084c00000|  0%| F|  |TAMS 0x0000000084b00000, 0x0000000084b00000| Untracked 
|  76|0x0000000084c00000, 0x0000000084c00000, 0x0000000084d00000|  0%| F|  |TAMS 0x0000000084c00000, 0x0000000084c00000| Untracked 
|  77|0x0000000084d00000, 0x0000000084d00000, 0x0000000084e00000|  0%| F|  |TAMS 0x0000000084d00000, 0x0000000084d00000| Untracked 
|  78|0x0000000084e00000, 0x0000000084e00000, 0x0000000084f00000|  0%| F|  |TAMS 0x0000000084e00000, 0x0000000084e00000| Untracked 
|  79|0x0000000084f00000, 0x0000000084f00000, 0x0000000085000000|  0%| F|  |TAMS 0x0000000084f00000, 0x0000000084f00000| Untracked 
|  80|0x0000000085000000, 0x0000000085000000, 0x0000000085100000|  0%| F|  |TAMS 0x0000000085000000, 0x0000000085000000| Untracked 
|  81|0x0000000085100000, 0x0000000085100000, 0x0000000085200000|  0%| F|  |TAMS 0x0000000085100000, 0x0000000085100000| Untracked 
|  82|0x0000000085200000, 0x0000000085200000, 0x0000000085300000|  0%| F|  |TAMS 0x0000000085200000, 0x0000000085200000| Untracked 
|  83|0x0000000085300000, 0x0000000085300000, 0x0000000085400000|  0%| F|  |TAMS 0x0000000085300000, 0x0000000085300000| Untracked 
|  84|0x0000000085400000, 0x0000000085400000, 0x0000000085500000|  0%| F|  |TAMS 0x0000000085400000, 0x0000000085400000| Untracked 
|  85|0x0000000085500000, 0x0000000085500000, 0x0000000085600000|  0%| F|  |TAMS 0x0000000085500000, 0x0000000085500000| Untracked 
|  86|0x0000000085600000, 0x0000000085600000, 0x0000000085700000|  0%| F|  |TAMS 0x0000000085600000, 0x0000000085600000| Untracked 
|  87|0x0000000085700000, 0x0000000085700000, 0x0000000085800000|  0%| F|  |TAMS 0x0000000085700000, 0x0000000085700000| Untracked 
|  88|0x0000000085800000, 0x0000000085800000, 0x0000000085900000|  0%| F|  |TAMS 0x0000000085800000, 0x0000000085800000| Untracked 
|  89|0x0000000085900000, 0x0000000085900000, 0x0000000085a00000|  0%| F|  |TAMS 0x0000000085900000, 0x0000000085900000| Untracked 
|  90|0x0000000085a00000, 0x0000000085a00000, 0x0000000085b00000|  0%| F|  |TAMS 0x0000000085a00000, 0x0000000085a00000| Untracked 
|  91|0x0000000085b00000, 0x0000000085b00000, 0x0000000085c00000|  0%| F|  |TAMS 0x0000000085b00000, 0x0000000085b00000| Untracked 
|  92|0x0000000085c00000, 0x0000000085c00000, 0x0000000085d00000|  0%| F|  |TAMS 0x0000000085c00000, 0x0000000085c00000| Untracked 
|  93|0x0000000085d00000, 0x0000000085d00000, 0x0000000085e00000|  0%| F|  |TAMS 0x0000000085d00000, 0x0000000085d00000| Untracked 
|  94|0x0000000085e00000, 0x0000000085e497e8, 0x0000000085f00000| 28%| S|CS|TAMS 0x0000000085e00000, 0x0000000085e00000| Complete 
|  95|0x0000000085f00000, 0x0000000086000000, 0x0000000086000000|100%| S|CS|TAMS 0x0000000085f00000, 0x0000000085f00000| Complete 
|  96|0x0000000086000000, 0x0000000086000000, 0x0000000086100000|  0%| F|  |TAMS 0x0000000086000000, 0x0000000086000000| Untracked 
|  97|0x0000000086100000, 0x0000000086100000, 0x0000000086200000|  0%| F|  |TAMS 0x0000000086100000, 0x0000000086100000| Untracked 
|  98|0x0000000086200000, 0x0000000086200000, 0x0000000086300000|  0%| F|  |TAMS 0x0000000086200000, 0x0000000086200000| Untracked 
|  99|0x0000000086300000, 0x0000000086300000, 0x0000000086400000|  0%| F|  |TAMS 0x0000000086300000, 0x0000000086300000| Untracked 
| 100|0x0000000086400000, 0x0000000086400000, 0x0000000086500000|  0%| F|  |TAMS 0x0000000086400000, 0x0000000086400000| Untracked 
| 101|0x0000000086500000, 0x0000000086500000, 0x0000000086600000|  0%| F|  |TAMS 0x0000000086500000, 0x0000000086500000| Untracked 
| 102|0x0000000086600000, 0x0000000086600000, 0x0000000086700000|  0%| F|  |TAMS 0x0000000086600000, 0x0000000086600000| Untracked 
| 103|0x0000000086700000, 0x0000000086700000, 0x0000000086800000|  0%| F|  |TAMS 0x0000000086700000, 0x0000000086700000| Untracked 
| 104|0x0000000086800000, 0x0000000086800000, 0x0000000086900000|  0%| F|  |TAMS 0x0000000086800000, 0x0000000086800000| Untracked 
| 105|0x0000000086900000, 0x0000000086900000, 0x0000000086a00000|  0%| F|  |TAMS 0x0000000086900000, 0x0000000086900000| Untracked 
| 106|0x0000000086a00000, 0x0000000086a00000, 0x0000000086b00000|  0%| F|  |TAMS 0x0000000086a00000, 0x0000000086a00000| Untracked 
| 107|0x0000000086b00000, 0x0000000086b00000, 0x0000000086c00000|  0%| F|  |TAMS 0x0000000086b00000, 0x0000000086b00000| Untracked 
| 108|0x0000000086c00000, 0x0000000086c00000, 0x0000000086d00000|  0%| F|  |TAMS 0x0000000086c00000, 0x0000000086c00000| Untracked 
| 109|0x0000000086d00000, 0x0000000086d00000, 0x0000000086e00000|  0%| F|  |TAMS 0x0000000086d00000, 0x0000000086d00000| Untracked 
| 110|0x0000000086e00000, 0x0000000086e00000, 0x0000000086f00000|  0%| F|  |TAMS 0x0000000086e00000, 0x0000000086e00000| Untracked 
| 111|0x0000000086f00000, 0x0000000086f00000, 0x0000000087000000|  0%| F|  |TAMS 0x0000000086f00000, 0x0000000086f00000| Untracked 
| 112|0x0000000087000000, 0x0000000087000000, 0x0000000087100000|  0%| F|  |TAMS 0x0000000087000000, 0x0000000087000000| Untracked 
| 113|0x0000000087100000, 0x0000000087100000, 0x0000000087200000|  0%| F|  |TAMS 0x0000000087100000, 0x0000000087100000| Untracked 
| 114|0x0000000087200000, 0x0000000087200000, 0x0000000087300000|  0%| F|  |TAMS 0x0000000087200000, 0x0000000087200000| Untracked 
| 115|0x0000000087300000, 0x0000000087300000, 0x0000000087400000|  0%| F|  |TAMS 0x0000000087300000, 0x0000000087300000| Untracked 
| 116|0x0000000087400000, 0x0000000087400000, 0x0000000087500000|  0%| F|  |TAMS 0x0000000087400000, 0x0000000087400000| Untracked 
| 117|0x0000000087500000, 0x0000000087500000, 0x0000000087600000|  0%| F|  |TAMS 0x0000000087500000, 0x0000000087500000| Untracked 
| 118|0x0000000087600000, 0x0000000087600000, 0x0000000087700000|  0%| F|  |TAMS 0x0000000087600000, 0x0000000087600000| Untracked 
| 119|0x0000000087700000, 0x0000000087700000, 0x0000000087800000|  0%| F|  |TAMS 0x0000000087700000, 0x0000000087700000| Untracked 
| 120|0x0000000087800000, 0x0000000087800000, 0x0000000087900000|  0%| F|  |TAMS 0x0000000087800000, 0x0000000087800000| Untracked 
| 121|0x0000000087900000, 0x0000000087900000, 0x0000000087a00000|  0%| F|  |TAMS 0x0000000087900000, 0x0000000087900000| Untracked 
| 122|0x0000000087a00000, 0x0000000087b00000, 0x0000000087b00000|100%| E|  |TAMS 0x0000000087a00000, 0x0000000087a00000| Complete 
| 123|0x0000000087b00000, 0x0000000087c00000, 0x0000000087c00000|100%| E|CS|TAMS 0x0000000087b00000, 0x0000000087b00000| Complete 
| 124|0x0000000087c00000, 0x0000000087d00000, 0x0000000087d00000|100%| E|CS|TAMS 0x0000000087c00000, 0x0000000087c00000| Complete 
| 125|0x0000000087d00000, 0x0000000087e00000, 0x0000000087e00000|100%| E|CS|TAMS 0x0000000087d00000, 0x0000000087d00000| Complete 

Card table byte_map: [0x000001a1cec00000,0x000001a1cf000000] _byte_map_base: 0x000001a1ce800000

Marking Bits (Prev, Next): (CMBitMap*) 0x000001a1b9abf100, (CMBitMap*) 0x000001a1b9abf0c8
 Prev Bits: [0x000001a1d1400000, 0x000001a1d3400000)
 Next Bits: [0x000001a1cf400000, 0x000001a1d1400000)

Polling page: 0x000001a1b9b50000

Metaspace:

Usage:
  Non-class:     18.53 MB capacity,    18.20 MB ( 98%) used,   301.41 KB (  2%) free+waste,    36.06 KB ( <1%) overhead. 
      Class:      2.76 MB capacity,     2.59 MB ( 94%) used,   160.66 KB (  6%) free+waste,    17.88 KB ( <1%) overhead. 
       Both:     21.29 MB capacity,    20.79 MB ( 98%) used,   462.06 KB (  2%) free+waste,    53.94 KB ( <1%) overhead. 

Virtual space:
  Non-class space:       20.00 MB reserved,      18.75 MB ( 94%) committed 
      Class space:        1.00 GB reserved,       2.88 MB ( <1%) committed 
             Both:        1.02 GB reserved,      21.63 MB (  2%) committed 

Chunk freelists:
   Non-Class:  38.00 KB
       Class:  18.00 KB
        Both:  56.00 KB

MaxMetaspaceSize: 17179869184.00 GB
CompressedClassSpaceSize: 1.00 GB
Initial GC threshold: 20.80 MB
Current GC threshold: 35.00 MB
CDS: off

CodeHeap 'non-profiled nmethods': size=120000Kb used=864Kb max_used=864Kb free=119135Kb
 bounds [0x000001a1c6860000, 0x000001a1c6ad0000, 0x000001a1cdd90000]
CodeHeap 'profiled nmethods': size=120000Kb used=4096Kb max_used=4096Kb free=115903Kb
 bounds [0x000001a1bf330000, 0x000001a1bf740000, 0x000001a1c6860000]
CodeHeap 'non-nmethods': size=5760Kb used=1220Kb max_used=1236Kb free=4540Kb
 bounds [0x000001a1bed90000, 0x000001a1bf000000, 0x000001a1bf330000]
 total_blobs=2424 nmethods=1944 adapters=392
 compilation: enabled
              stopped_count=0, restarted_count=0
 full_count=0

Compilation events (20 events):
Event: 6.159 Thread 0x000001a1d5f18800 nmethod 1935 0x000001a1bf729490 code [0x000001a1bf729660, 0x000001a1bf7297e8]
Event: 6.159 Thread 0x000001a1d5f18800 1936       3       org.gradle.internal.file.FilePathUtil::sizeOfCommonPrefix (10 bytes)
Event: 6.159 Thread 0x000001a1d5f18800 nmethod 1936 0x000001a1bf729910 code [0x000001a1bf729ac0, 0x000001a1bf729bc8]
Event: 6.159 Thread 0x000001a1d5f18800 1933       3       com.google.common.collect.Iterators$ArrayItr::get (12 bytes)
Event: 6.159 Thread 0x000001a1d5f18800 nmethod 1933 0x000001a1bf729c90 code [0x000001a1bf729e40, 0x000001a1bf729f78]
Event: 6.160 Thread 0x000001a1d5f18800 1937       3       java.util.concurrent.locks.AbstractQueuedSynchronizer::release (33 bytes)
Event: 6.161 Thread 0x000001a1d5f18800 nmethod 1937 0x000001a1bf72a090 code [0x000001a1bf72a260, 0x000001a1bf72a538]
Event: 6.163 Thread 0x000001a1d5f0d000 1938 %     4       java.util.Arrays::fill @ 5 (21 bytes)
Event: 6.167 Thread 0x000001a1d5f0d000 nmethod 1938% 0x000001a1c6937390 code [0x000001a1c6937520, 0x000001a1c69376f8]
Event: 6.168 Thread 0x000001a1d5f0d000 1939   !   4       java.lang.ClassLoader::loadClass (122 bytes)
Event: 6.179 Thread 0x000001a1d5f18800 1940       3       sun.nio.cs.UTF_8$Decoder::decodeLoop (28 bytes)
Event: 6.180 Thread 0x000001a1d5f18800 nmethod 1940 0x000001a1bf72a610 code [0x000001a1bf72a800, 0x000001a1bf72abd8]
Event: 6.181 Thread 0x000001a1d5f18800 1941       3       java.util.ArrayList::toArray (57 bytes)
Event: 6.182 Thread 0x000001a1d5f18800 nmethod 1941 0x000001a1bf72ad10 code [0x000001a1bf72af00, 0x000001a1bf72b418]
Event: 6.214 Thread 0x000001a1d5f18800 1942       3       java.lang.String::substring (68 bytes)
Event: 6.215 Thread 0x000001a1d5f18800 nmethod 1942 0x000001a1bf72b590 code [0x000001a1bf72b7e0, 0x000001a1bf72bf18]
Event: 6.219 Thread 0x000001a1d5f18800 1943       3       java.lang.invoke.InnerClassLambdaMetafactory::getLoadOpcode (25 bytes)
Event: 6.222 Thread 0x000001a1d5f18800 nmethod 1943 0x000001a1bf72c190 code [0x000001a1bf72c360, 0x000001a1bf72c578]
Event: 6.222 Thread 0x000001a1d5f18800 1944       3       java.lang.invoke.InnerClassLambdaMetafactory::getParameterSize (27 bytes)
Event: 6.222 Thread 0x000001a1d5f18800 nmethod 1944 0x000001a1bf72c690 code [0x000001a1bf72c840, 0x000001a1bf72ca18]

GC Heap History (6 events):
Event: 1.644 GC heap before
{Heap before GC invocations=0 (full 0):
 garbage-first heap   total 129024K, used 30720K [0x0000000080000000, 0x0000000100000000)
  region size 1024K, 24 young (24576K), 0 survivors (0K)
 Metaspace       used 10240K, capacity 10495K, committed 10624K, reserved 1058816K
  class space    used 1071K, capacity 1141K, committed 1152K, reserved 1048576K
}
Event: 1.656 GC heap after
{Heap after GC invocations=1 (full 0):
 garbage-first heap   total 129024K, used 9491K [0x0000000080000000, 0x0000000100000000)
  region size 1024K, 3 young (3072K), 3 survivors (3072K)
 Metaspace       used 10240K, capacity 10495K, committed 10624K, reserved 1058816K
  class space    used 1071K, capacity 1141K, committed 1152K, reserved 1048576K
}
Event: 5.605 GC heap before
{Heap before GC invocations=1 (full 0):
 garbage-first heap   total 129024K, used 83219K [0x0000000080000000, 0x0000000100000000)
  region size 1024K, 75 young (76800K), 3 survivors (3072K)
 Metaspace       used 17608K, capacity 17977K, committed 18176K, reserved 1064960K
  class space    used 2083K, capacity 2211K, committed 2304K, reserved 1048576K
}
Event: 5.620 GC heap after
{Heap after GC invocations=2 (full 0):
 garbage-first heap   total 129024K, used 16149K [0x0000000080000000, 0x0000000100000000)
  region size 1024K, 10 young (10240K), 10 survivors (10240K)
 Metaspace       used 17608K, capacity 17977K, committed 18176K, reserved 1064960K
  class space    used 2083K, capacity 2211K, committed 2304K, reserved 1048576K
}
Event: 6.193 GC heap before
{Heap before GC invocations=2 (full 0):
 garbage-first heap   total 129024K, used 45845K [0x0000000080000000, 0x0000000100000000)
  region size 1024K, 40 young (40960K), 10 survivors (10240K)
 Metaspace       used 20746K, capacity 21144K, committed 21248K, reserved 1067008K
  class space    used 2556K, capacity 2713K, committed 2816K, reserved 1048576K
}
Event: 6.203 GC heap after
{Heap after GC invocations=3 (full 0):
 garbage-first heap   total 129024K, used 17391K [0x0000000080000000, 0x0000000100000000)
  region size 1024K, 2 young (2048K), 2 survivors (2048K)
 Metaspace       used 20746K, capacity 21144K, committed 21248K, reserved 1067008K
  class space    used 2556K, capacity 2713K, committed 2816K, reserved 1048576K
}

Deoptimization events (20 events):
Event: 6.097 Thread 0x000001a1d7d4a000 Uncommon trap: trap_request=0xffffff4d fr.pc=0x000001a1c68c5244 relative=0x00000000000001e4
Event: 6.097 Thread 0x000001a1d7d4a000 Uncommon trap: reason=unstable_if action=reinterpret pc=0x000001a1c68c5244 method=java.util.regex.Matcher.reset()Ljava/util/regex/Matcher; @ 71 c2
Event: 6.097 Thread 0x000001a1d7d4a000 DEOPT PACKING pc=0x000001a1c68c5244 sp=0x00000094b15f88c0
Event: 6.097 Thread 0x000001a1d7d4a000 DEOPT UNPACKING pc=0x000001a1bed985af sp=0x00000094b15f8848 mode 2
Event: 6.097 Thread 0x000001a1d7d4a000 Uncommon trap: trap_request=0xffffff4d fr.pc=0x000001a1c6878914 relative=0x00000000000003f4
Event: 6.097 Thread 0x000001a1d7d4a000 Uncommon trap: reason=unstable_if action=reinterpret pc=0x000001a1c6878914 method=java.util.regex.Matcher.match(II)Z @ 76 c2
Event: 6.097 Thread 0x000001a1d7d4a000 DEOPT PACKING pc=0x000001a1c6878914 sp=0x00000094b15f88f0
Event: 6.097 Thread 0x000001a1d7d4a000 DEOPT UNPACKING pc=0x000001a1bed985af sp=0x00000094b15f88c0 mode 2
Event: 6.163 Thread 0x000001a1d7d4a000 Uncommon trap: trap_request=0xffffffc6 fr.pc=0x000001a1c68cb224 relative=0x0000000000000084
Event: 6.163 Thread 0x000001a1d7d4a000 Uncommon trap: reason=bimorphic_or_optimized_type_check action=maybe_recompile pc=0x000001a1c68cb224 method=java.util.AbstractList$Itr.hasNext()Z @ 8 c2
Event: 6.163 Thread 0x000001a1d7d4a000 DEOPT PACKING pc=0x000001a1c68cb224 sp=0x00000094b15fab50
Event: 6.163 Thread 0x000001a1d7d4a000 DEOPT UNPACKING pc=0x000001a1bed985af sp=0x00000094b15faae8 mode 2
Event: 6.163 Thread 0x000001a1d7d4a000 Uncommon trap: trap_request=0xffffffc6 fr.pc=0x000001a1c68cfa74 relative=0x0000000000000134
Event: 6.163 Thread 0x000001a1d7d4a000 Uncommon trap: reason=bimorphic_or_optimized_type_check action=maybe_recompile pc=0x000001a1c68cfa74 method=java.util.AbstractList$Itr.next()Ljava/lang/Object; @ 14 c2
Event: 6.163 Thread 0x000001a1d7d4a000 DEOPT PACKING pc=0x000001a1c68cfa74 sp=0x00000094b15fab40
Event: 6.163 Thread 0x000001a1d7d4a000 DEOPT UNPACKING pc=0x000001a1bed985af sp=0x00000094b15faad8 mode 2
Event: 6.163 Thread 0x000001a1d7d4a000 Uncommon trap: trap_request=0xffffff4d fr.pc=0x000001a1c68c8c10 relative=0x0000000000000450
Event: 6.163 Thread 0x000001a1d7d4a000 Uncommon trap: reason=unstable_if action=reinterpret pc=0x000001a1c68c8c10 method=java.lang.String.substring(I)Ljava/lang/String; @ 34 c2
Event: 6.163 Thread 0x000001a1d7d4a000 DEOPT PACKING pc=0x000001a1c68c8c10 sp=0x00000094b15fb4a0
Event: 6.163 Thread 0x000001a1d7d4a000 DEOPT UNPACKING pc=0x000001a1bed985af sp=0x00000094b15fb478 mode 2

Classes redefined (0 events):
No events

Internal exceptions (19 events):
Event: 0.466 Thread 0x000001a1b9a79800 Exception <a 'java/lang/NoSuchMethodError'{0x0000000087b28518}: 'int java.lang.invoke.DirectMethodHandle$Holder.invokeStaticInit(java.lang.Object, java.lang.Object)'> (0x0000000087b28518) thrown at [./src/hotspot/share/interpreter/linkResolver.cpp, line 773]
Event: 0.525 Thread 0x000001a1b9a79800 Exception <a 'java/lang/NoSuchMethodError'{0x0000000087beec38}: 'int java.lang.invoke.DirectMethodHandle$Holder.invokeSpecial(java.lang.Object, java.lang.Object, java.lang.Object, java.lang.Object)'> (0x0000000087beec38) thrown at [./src/hotspot/share/interpreter/linkResolver.cpp, line 773]
Event: 0.537 Thread 0x000001a1b9a79800 Exception <a 'java/lang/NoSuchMethodError'{0x0000000087a267a8}: 'int java.lang.invoke.DirectMethodHandle$Holder.invokeSpecialIFC(java.lang.Object, java.lang.Object, int)'> (0x0000000087a267a8) thrown at [./src/hotspot/share/interpreter/linkResolver.cpp, line 773]
Event: 1.065 Thread 0x000001a1b9a79800 Exception <a 'java/lang/NoClassDefFoundError'{0x0000000086fa18c8}: org/slf4j/impl/StaticMarkerBinder> (0x0000000086fa18c8) thrown at [./src/hotspot/share/classfile/systemDictionary.cpp, line 220]
Event: 1.256 Thread 0x000001a1b9a79800 Exception <a 'java/lang/NoSuchMethodError'{0x0000000086cb7898}: 'java.lang.Object java.lang.invoke.DirectMethodHandle$Holder.invokeVirtual(java.lang.Object, java.lang.Object, java.lang.Object, java.lang.Object, java.lang.Object, java.lang.Object, java.lang.Object)'> (0x0000000086cb7898) thrown at [./src/hotspot/share/interpreter/linkResolver.cpp, line 773]
Event: 1.261 Thread 0x000001a1b9a79800 Exception <a 'java/lang/NoSuchMethodError'{0x0000000086ccc390}: 'java.lang.Object java.lang.invoke.Invokers$Holder.invoker(java.lang.Object, java.lang.Object, java.lang.Object)'> (0x0000000086ccc390) thrown at [./src/hotspot/share/interpreter/linkResolver.cpp, line 773]
Event: 1.271 Thread 0x000001a1b9a79800 Exception <a 'java/lang/NoSuchMethodError'{0x0000000086cdd408}: 'void java.lang.invoke.DelegatingMethodHandle$Holder.delegate(java.lang.Object, java.lang.Object, int, java.lang.Object)'> (0x0000000086cdd408) thrown at [./src/hotspot/share/interpreter/linkResolver.cpp, line 773]
Event: 2.446 Thread 0x000001a1b9a79800 Exception <a 'java/security/PrivilegedActionException'{0x00000000858d1780}> (0x00000000858d1780) thrown at [./src/hotspot/share/prims/jvm.cpp, line 1306]
Event: 2.446 Thread 0x000001a1b9a79800 Exception <a 'java/security/PrivilegedActionException'{0x00000000858d1cf8}> (0x00000000858d1cf8) thrown at [./src/hotspot/share/prims/jvm.cpp, line 1306]
Event: 3.220 Thread 0x000001a1b9a79800 Exception <a 'java/lang/NoSuchMethodError'{0x00000000847e17a8}: 'java.lang.Object java.lang.invoke.DirectMethodHandle$Holder.invokeStaticInit(java.lang.Object, java.lang.Object, java.lang.Object)'> (0x00000000847e17a8) thrown at [./src/hotspot/share/interpreter/linkResolver.cpp, line 773]
Event: 3.473 Thread 0x000001a1b9a79800 Exception <a 'java/lang/NoSuchMethodError'{0x0000000084049b78}: 'java.lang.Object java.lang.invoke.DirectMethodHandle$Holder.invokeStaticInit(java.lang.Object, int, int, int, int)'> (0x0000000084049b78) thrown at [./src/hotspot/share/interpreter/linkResolver.cpp, line 773]
Event: 4.049 Thread 0x000001a1b9a79800 Exception <a 'java/lang/NoSuchMethodError'{0x0000000084061a70}: 'java.lang.Object java.lang.invoke.DirectMethodHandle$Holder.invokeStaticInit(java.lang.Object, java.lang.Object, int, int, int, int)'> (0x0000000084061a70) thrown at [./src/hotspot/share/interpreter/linkResolver.cpp, line 773]
Event: 5.081 Thread 0x000001a1b9a79800 Exception <a 'java/io/IOException'{0x0000000083ec00d8}> (0x0000000083ec00d8) thrown at [./src/hotspot/share/prims/jni.cpp, line 615]
Event: 5.465 Thread 0x000001a1d7d4a000 Exception <a 'java/lang/NoSuchMethodError'{0x00000000837ed2f0}: 'long java.lang.invoke.DirectMethodHandle$Holder.invokeInterface(java.lang.Object, java.lang.Object)'> (0x00000000837ed2f0) thrown at [./src/hotspot/share/interpreter/linkResolver.cpp, line 773]
Event: 5.468 Thread 0x000001a1d7d4a000 Exception <a 'java/lang/NoSuchMethodError'{0x00000000837fa390}: 'void java.lang.invoke.DelegatingMethodHandle$Holder.reinvoke_L(java.lang.Object, java.lang.Object, java.lang.Object, java.lang.Object, java.lang.Object, java.lang.Object, java.lang.Object)'> (0x00000000837fa390) thrown at [./src/hotspot/share/interpreter/linkResolver.cpp, line 773]
Event: 6.054 Thread 0x000001a1d7d4a000 Exception <a 'java/lang/NoSuchMethodError'{0x0000000086690648}: 'void java.lang.invoke.DirectMethodHandle$Holder.invokeStaticInit(java.lang.Object)'> (0x0000000086690648) thrown at [./src/hotspot/share/interpreter/linkResolver.cpp, line 773]
Event: 6.072 Thread 0x000001a1d7d4a000 Exception <a 'java/lang/NoSuchMethodError'{0x000000008653dc40}: 'java.lang.Object java.lang.invoke.DirectMethodHandle$Holder.invokeStatic(java.lang.Object, java.lang.Object, java.lang.Object, int)'> (0x000000008653dc40) thrown at [./src/hotspot/share/interpreter/linkResolver.cpp, line 773]
Event: 6.073 Thread 0x000001a1d7d4a000 Exception <a 'java/lang/NoSuchMethodError'{0x0000000086542358}: 'java.lang.Object java.lang.invoke.DirectMethodHandle$Holder.invokeSpecial(java.lang.Object, java.lang.Object, java.lang.Object, java.lang.Object, int)'> (0x0000000086542358) thrown at [./src/hotspot/share/interpreter/linkResolver.cpp, line 773]
Event: 6.073 Thread 0x000001a1d7d4a000 Exception <a 'java/lang/NoSuchMethodError'{0x0000000086585038}: 'java.lang.Object java.lang.invoke.Invokers$Holder.linkToTargetMethod(java.lang.Object, java.lang.Object, int, java.lang.Object)'> (0x0000000086585038) thrown at [./src/hotspot/share/interpreter/linkResolver.cpp, line 773]

Events (20 events):
Event: 6.252 loading class com/google/common/util/concurrent/Striped$PowerOfTwoStriped
Event: 6.252 loading class com/google/common/util/concurrent/Striped$PowerOfTwoStriped done
Event: 6.253 loading class com/google/common/util/concurrent/Striped$SmallLazyStriped
Event: 6.253 loading class com/google/common/util/concurrent/Striped$SmallLazyStriped done
Event: 6.254 loading class com/google/common/util/concurrent/Striped$LargeLazyStriped
Event: 6.254 loading class com/google/common/util/concurrent/Striped$LargeLazyStriped done
Event: 6.255 loading class com/google/common/util/concurrent/Striped$5
Event: 6.255 loading class com/google/common/util/concurrent/Striped$5 done
Event: 6.255 loading class java/util/concurrent/locks/ReadWriteLock
Event: 6.256 loading class java/util/concurrent/locks/ReadWriteLock done
Event: 6.256 loading class com/google/common/util/concurrent/Striped$6
Event: 6.256 loading class com/google/common/util/concurrent/Striped$6 done
Event: 6.256 loading class com/google/common/util/concurrent/Striped$1
Event: 6.256 loading class com/google/common/util/concurrent/Striped$1 done
Event: 6.257 loading class com/google/common/util/concurrent/Striped$PaddedLock
Event: 6.257 loading class com/google/common/util/concurrent/Striped$PaddedLock done
Event: 6.258 loading class org/gradle/internal/snapshot/impl/DirectorySnapshotter
Event: 6.258 loading class org/gradle/internal/snapshot/impl/DirectorySnapshotter done
Event: 6.259 loading class org/gradle/internal/snapshot/impl/DirectorySnapshotter$SymbolicLinkMapping
Event: 6.259 loading class org/gradle/internal/snapshot/impl/DirectorySnapshotter$SymbolicLinkMapping done


Dynamic libraries:
0x00007ff74a110000 - 0x00007ff74a11a000 	C:\Program Files\Android\Android Studio\jre\bin\java.exe
0x00007ffdba0d0000 - 0x00007ffdba2e4000 	C:\WINDOWS\SYSTEM32\ntdll.dll
0x00007ffdb90a0000 - 0x00007ffdb9163000 	C:\WINDOWS\System32\KERNEL32.DLL
0x00007ffdb79f0000 - 0x00007ffdb7d8c000 	C:\WINDOWS\System32\KERNELBASE.dll
0x00007ffdb78d0000 - 0x00007ffdb79e1000 	C:\WINDOWS\System32\ucrtbase.dll
0x00007ffda4ab0000 - 0x00007ffda4ac7000 	C:\Program Files\Android\Android Studio\jre\bin\VCRUNTIME140.dll
0x00007ffda4510000 - 0x00007ffda4529000 	C:\Program Files\Android\Android Studio\jre\bin\jli.dll
0x00007ffdb8370000 - 0x00007ffdb851d000 	C:\WINDOWS\System32\USER32.dll
0x00007ffdb7e10000 - 0x00007ffdb7e36000 	C:\WINDOWS\System32\win32u.dll
0x00007ffdb9f40000 - 0x00007ffdb9f69000 	C:\WINDOWS\System32\GDI32.dll
0x00007ffd9f520000 - 0x00007ffd9f7ae000 	C:\WINDOWS\WinSxS\amd64_microsoft.windows.common-controls_6595b64144ccf1df_6.0.22621.608_none_a9444ca7c10bb01d\COMCTL32.dll
0x00007ffdb7510000 - 0x00007ffdb7623000 	C:\WINDOWS\System32\gdi32full.dll
0x00007ffdb7e40000 - 0x00007ffdb7eda000 	C:\WINDOWS\System32\msvcp_win.dll
0x00007ffdb8fe0000 - 0x00007ffdb9087000 	C:\WINDOWS\System32\msvcrt.dll
0x00007ffdb9170000 - 0x00007ffdb91a1000 	C:\WINDOWS\System32\IMM32.DLL
0x00007ffd81980000 - 0x00007ffd81a1d000 	C:\Program Files\Android\Android Studio\jre\bin\msvcp140.dll
0x00007ffd3e260000 - 0x00007ffd3ed45000 	C:\Program Files\Android\Android Studio\jre\bin\server\jvm.dll
0x00007ffdb95c0000 - 0x00007ffdb966e000 	C:\WINDOWS\System32\ADVAPI32.dll
0x00007ffdb8a90000 - 0x00007ffdb8b34000 	C:\WINDOWS\System32\sechost.dll
0x00007ffdb9f70000 - 0x00007ffdba085000 	C:\WINDOWS\System32\RPCRT4.dll
0x00007ffdb9500000 - 0x00007ffdb9508000 	C:\WINDOWS\System32\PSAPI.DLL
0x00007ffdb09e0000 - 0x00007ffdb09ea000 	C:\WINDOWS\SYSTEM32\VERSION.dll
0x00007ffd9ea70000 - 0x00007ffd9ea79000 	C:\WINDOWS\SYSTEM32\WSOCK32.dll
0x00007ffdb8520000 - 0x00007ffdb8591000 	C:\WINDOWS\System32\WS2_32.dll
0x00007ffdb0900000 - 0x00007ffdb0934000 	C:\WINDOWS\SYSTEM32\WINMM.dll
0x00007ffdb6610000 - 0x00007ffdb6628000 	C:\WINDOWS\SYSTEM32\kernel.appcore.dll
0x00007ffda4d00000 - 0x00007ffda4d11000 	C:\Program Files\Android\Android Studio\jre\bin\verify.dll
0x00007ffdb4e10000 - 0x00007ffdb503e000 	C:\WINDOWS\SYSTEM32\DBGHELP.DLL
0x00007ffdb8c50000 - 0x00007ffdb8fd9000 	C:\WINDOWS\System32\combase.dll
0x00007ffdb9e60000 - 0x00007ffdb9f37000 	C:\WINDOWS\System32\OLEAUT32.dll
0x00007ffd977c0000 - 0x00007ffd977f2000 	C:\WINDOWS\SYSTEM32\dbgcore.DLL
0x00007ffdb7d90000 - 0x00007ffdb7e0b000 	C:\WINDOWS\System32\bcryptPrimitives.dll
0x00007ffd81bb0000 - 0x00007ffd81bd9000 	C:\Program Files\Android\Android Studio\jre\bin\java.dll
0x00007ffda4dc0000 - 0x00007ffda4dcb000 	C:\Program Files\Android\Android Studio\jre\bin\jimage.dll
0x00007ffd97580000 - 0x00007ffd97598000 	C:\Program Files\Android\Android Studio\jre\bin\zip.dll
0x00007ffdb9670000 - 0x00007ffdb9e60000 	C:\WINDOWS\System32\SHELL32.dll
0x00007ffdb5490000 - 0x00007ffdb5d5e000 	C:\WINDOWS\SYSTEM32\windows.storage.dll
0x00007ffdb5350000 - 0x00007ffdb548e000 	C:\WINDOWS\SYSTEM32\wintypes.dll
0x00007ffdb87f0000 - 0x00007ffdb88e1000 	C:\WINDOWS\System32\SHCORE.dll
0x00007ffdb93a0000 - 0x00007ffdb93fe000 	C:\WINDOWS\System32\shlwapi.dll
0x00007ffdb7440000 - 0x00007ffdb7461000 	C:\WINDOWS\SYSTEM32\profapi.dll
0x00007ffd81a60000 - 0x00007ffd81a7a000 	C:\Program Files\Android\Android Studio\jre\bin\net.dll
0x00007ffdb0360000 - 0x00007ffdb048f000 	C:\WINDOWS\SYSTEM32\WINHTTP.dll
0x00007ffdb6a90000 - 0x00007ffdb6af9000 	C:\WINDOWS\system32\mswsock.dll
0x00007ffd81a40000 - 0x00007ffd81a54000 	C:\Program Files\Android\Android Studio\jre\bin\nio.dll
0x00007ffdb1c50000 - 0x00007ffdb1c77000 	C:\Users\dell\.gradle\native\e1d6ef7f7dcc3fd88c89a11ec53ec762bb8ba0a96d01ffa2cd45eb1d1d8dd5c5\windows-amd64\native-platform.dll
0x00007ffd70e40000 - 0x00007ffd70f84000 	C:\Users\dell\.gradle\native\5664cfc778a61ccfe75a443a1ab52a65af34e5dc3c78e0209fed803814484fcb\windows-amd64\native-platform-file-events.dll
0x00007ffda4cc0000 - 0x00007ffda4cca000 	C:\Program Files\Android\Android Studio\jre\bin\management.dll
0x00007ffda3b90000 - 0x00007ffda3b9d000 	C:\Program Files\Android\Android Studio\jre\bin\management_ext.dll
0x00007ffdb6d20000 - 0x00007ffdb6d3b000 	C:\WINDOWS\SYSTEM32\CRYPTSP.dll
0x00007ffdb6580000 - 0x00007ffdb65b5000 	C:\WINDOWS\system32\rsaenh.dll
0x00007ffdb6bc0000 - 0x00007ffdb6be8000 	C:\WINDOWS\SYSTEM32\USERENV.dll
0x00007ffdb6ec0000 - 0x00007ffdb6ee8000 	C:\WINDOWS\SYSTEM32\bcrypt.dll
0x00007ffdb6d40000 - 0x00007ffdb6d4c000 	C:\WINDOWS\SYSTEM32\CRYPTBASE.dll
0x00007ffdb5f70000 - 0x00007ffdb5f9d000 	C:\WINDOWS\SYSTEM32\IPHLPAPI.DLL
0x00007ffdb9090000 - 0x00007ffdb9099000 	C:\WINDOWS\System32\NSI.dll
0x00007ffdb0600000 - 0x00007ffdb0619000 	C:\WINDOWS\SYSTEM32\dhcpcsvc6.DLL
0x00007ffdaffb0000 - 0x00007ffdaffcf000 	C:\WINDOWS\SYSTEM32\dhcpcsvc.DLL
0x00007ffdb5fd0000 - 0x00007ffdb60c3000 	C:\WINDOWS\SYSTEM32\DNSAPI.dll

dbghelp: loaded successfully - version: 4.0.5 - missing functions: none
symbol engine: initialized successfully - sym options: 0x614 - pdb path: .;C:\Program Files\Android\Android Studio\jre\bin;C:\WINDOWS\SYSTEM32;C:\WINDOWS\WinSxS\amd64_microsoft.windows.common-controls_6595b64144ccf1df_6.0.22621.608_none_a9444ca7c10bb01d;C:\Program Files\Android\Android Studio\jre\bin\server;C:\Users\dell\.gradle\native\e1d6ef7f7dcc3fd88c89a11ec53ec762bb8ba0a96d01ffa2cd45eb1d1d8dd5c5\windows-amd64;C:\Users\dell\.gradle\native\5664cfc778a61ccfe75a443a1ab52a65af34e5dc3c78e0209fed803814484fcb\windows-amd64

VM Arguments:
jvm_args: --add-opens=java.base/java.util=ALL-UNNAMED --add-opens=java.base/java.lang=ALL-UNNAMED --add-opens=java.base/java.lang.invoke=ALL-UNNAMED --add-opens=java.base/java.util=ALL-UNNAMED --add-opens=java.prefs/java.util.prefs=ALL-UNNAMED --add-opens=java.prefs/java.util.prefs=ALL-UNNAMED --add-opens=java.base/java.nio.charset=ALL-UNNAMED --add-opens=java.base/java.net=ALL-UNNAMED --add-opens=java.base/java.util.concurrent.atomic=ALL-UNNAMED -Xmx2048m -Dfile.encoding=UTF-8 -Duser.country=IN -Duser.language=en -Duser.variant 
java_command: org.gradle.launcher.daemon.bootstrap.GradleDaemon 7.3.3
java_class_path (initial): C:\Users\dell\.gradle\wrapper\dists\gradle-7.3.3-bin\6a41zxkdtcxs8rphpq6y0069z\gradle-7.3.3\lib\gradle-launcher-7.3.3.jar
Launcher Type: SUN_STANDARD

[Global flags]
     intx CICompilerCount                          = 4                                         {product} {ergonomic}
     uint ConcGCThreads                            = 2                                         {product} {ergonomic}
     uint G1ConcRefinementThreads                  = 8                                         {product} {ergonomic}
   size_t G1HeapRegionSize                         = 1048576                                   {product} {ergonomic}
    uintx GCDrainStackTargetSize                   = 64                                        {product} {ergonomic}
   size_t InitialHeapSize                          = 132120576                                 {product} {ergonomic}
   size_t MarkStackSize                            = 4194304                                   {product} {ergonomic}
   size_t MaxHeapSize                              = 2147483648                                {product} {command line}
   size_t MaxNewSize                               = 1287651328                                {product} {ergonomic}
   size_t MinHeapDeltaBytes                        = 1048576                                   {product} {ergonomic}
    uintx NonNMethodCodeHeapSize                   = 5836300                                {pd product} {ergonomic}
    uintx NonProfiledCodeHeapSize                  = 122910970                              {pd product} {ergonomic}
    uintx ProfiledCodeHeapSize                     = 122910970                              {pd product} {ergonomic}
    uintx ReservedCodeCacheSize                    = 251658240                              {pd product} {ergonomic}
     bool SegmentedCodeCache                       = true                                      {product} {ergonomic}
     bool UseCompressedClassPointers               = true                                 {lp64_product} {ergonomic}
     bool UseCompressedOops                        = true                                 {lp64_product} {ergonomic}
     bool UseG1GC                                  = true                                      {product} {ergonomic}
     bool UseLargePagesIndividualAllocation        = false                                  {pd product} {ergonomic}

Logging:
Log output configuration:
 #0: stdout all=warning uptime,level,tags
 #1: stderr all=off uptime,level,tags

Environment Variables:
JAVA_HOME=C:\Users\dell\AppData\Local\Programs\Eclipse Adoptium\jdk-17.0.5.8-hotspot\
PATH=C:\Program Files\Python310\Scripts\;C:\Program Files\Python310\;C:\Windows\system32;C:\Windows;C:\Windows\System32\Wbem;C:\Windows\System32\WindowsPowerShell\v1.0\;C:\Windows\System32\OpenSSH\;C:\Program Files\NVIDIA Corporation\NVIDIA NvDLISR;C:\Program Files (x86)\NVIDIA Corporation\PhysX\Common;C:\Program Files\nodejs\;C:\ProgramData\chocolatey\bin;C:\cygwin64\bin;C:\WINDOWS\system32;C:\WINDOWS;C:\WINDOWS\System32\Wbem;C:\WINDOWS\System32\WindowsPowerShell\v1.0\;C:\WINDOWS\System32\OpenSSH\;C:\Program Files\Git\cmd;C:\Program Files\dotnet\;C:\Program Files\Microsoft SQL Server\150\Tools\Binn\;C:\WINDOWS\system32;C:\WINDOWS;C:\WINDOWS\System32\Wbem;C:\WINDOWS\System32\WindowsPowerShell\v1.0\;C:\WINDOWS\System32\OpenSSH\;C:\Program Files\MATLAB\R2022a\bin;C:\Users\dell\AppData\Local\Programs\Eclipse Adoptium\jdk-17.0.5.8-hotspot\bin;C:\Users\dell\AppData\Local\Microsoft\WindowsApps;C:\Users\dell\AppData\Roaming\npm;C:\altera\13.0sp1\modelsim_ase\win32aloem;C:\msys64\mingw64\bin;C:\Program Files\Microsoft VS Code\bin;
USERNAME=dell
OS=Windows_NT
PROCESSOR_IDENTIFIER=Intel64 Family 6 Model 126 Stepping 5, GenuineIntel



---------------  S Y S T E M  ---------------

OS: Windows 10 , 64 bit Build 22621 (10.0.22621.1344)
OS uptime: 2 days 19:43 hours
Hyper-V role detected

CPU:total 8 (initial active 8) (4 cores per cpu, 2 threads per core) family 6 model 126 stepping 5 microcode 0xb2, cmov, cx8, fxsr, mmx, sse, sse2, sse3, ssse3, sse4.1, sse4.2, popcnt, avx, avx2, aes, clmul, erms, 3dnowpref, lzcnt, ht, tsc, tscinvbit, bmi1, bmi2, adx, evex, sha, fma

Memory: 4k page, system-wide physical 7959M (70M free)
TotalPageFile size 10007M (AvailPageFile size 5M)
current process WorkingSet (physical memory assigned to process): 184M, peak: 184M
current process commit charge ("private bytes"): 252M, peak: 252M

vm_info: OpenJDK 64-Bit Server VM (11.0.12+7-b1504.28-7817840) for windows-amd64 JRE (11.0.12+7-b1504.28-7817840), built on Oct 13 2021 22:12:33 by "builder" with MS VC++ 14.0 (VS2015)

END.
