#
# There is insufficient memory for the Java Runtime Environment to continue.
# Native memory allocation (malloc) failed to allocate 2135536 bytes for Chunk::new
# Possible reasons:
#   The system is out of physical RAM or swap space
#   The process is running with CompressedOops enabled, and the Java Heap may be blocking the growth of the native heap
# Possible solutions:
#   Reduce memory load on the system
#   Increase physical memory or swap space
#   Check if swap backing store is full
#   Decrease Java heap size (-Xmx/-Xms)
#   Decrease number of Java threads
#   Decrease Java thread stack sizes (-Xss)
#   Set larger code cache with -XX:ReservedCodeCacheSize=
#   JVM is running with Unscaled Compressed Oops mode in which the Java heap is
#     placed in the first 4GB address space. The Java Heap base address is the
#     maximum limit for the native heap growth. Please use -XX:HeapBaseMinAddress
#     to set the Java Heap base and to place the Java Heap above 4GB virtual address.
# This output file may be truncated or incomplete.
#
#  Out of Memory Error (./src/hotspot/share/memory/arena.cpp:197), pid=17648, tid=17296
#
# JRE version: OpenJDK Runtime Environment (11.0.12+7) (build 11.0.12+7-b1504.28-7817840)
# Java VM: OpenJDK 64-Bit Server VM (11.0.12+7-b1504.28-7817840, mixed mode, tiered, compressed oops, g1 gc, windows-amd64)
# No core dump will be written. Minidumps are not enabled by default on client versions of Windows
#

---------------  S U M M A R Y ------------

Command Line: --add-opens=java.base/java.util=ALL-UNNAMED --add-opens=java.base/java.lang=ALL-UNNAMED --add-opens=java.base/java.lang.invoke=ALL-UNNAMED --add-opens=java.base/java.util=ALL-UNNAMED --add-opens=java.prefs/java.util.prefs=ALL-UNNAMED --add-opens=java.prefs/java.util.prefs=ALL-UNNAMED --add-opens=java.base/java.nio.charset=ALL-UNNAMED --add-opens=java.base/java.net=ALL-UNNAMED --add-opens=java.base/java.util.concurrent.atomic=ALL-UNNAMED -Xmx2048m -Dfile.encoding=UTF-8 -Duser.country=IN -Duser.language=en -Duser.variant org.gradle.launcher.daemon.bootstrap.GradleDaemon 7.3.3

Host: Intel(R) Core(TM) i5-1035G1 CPU @ 1.00GHz, 8 cores, 7G,  Windows 10 , 64 bit Build 22000 (10.0.22000.1335)
Time: Fri Feb 10 01:40:05 2023 India Standard Time elapsed time: 3.402913 seconds (0d 0h 0m 3s)

---------------  T H R E A D  ---------------

Current thread (0x00000296b27aa800):  JavaThread "C2 CompilerThread0" daemon [_thread_in_native, id=17296, stack(0x0000009782700000,0x0000009782800000)]


Current CompileTask:
C2:   3402 2557       4       jdk.internal.loader.URLClassPath::getResource (74 bytes)

Stack: [0x0000009782700000,0x0000009782800000]
Native frames: (J=compiled Java code, j=interpreted, Vv=VM code, C=native code)
V  [jvm.dll+0x5fbcea]
V  [jvm.dll+0x731905]
V  [jvm.dll+0x732f1d]
V  [jvm.dll+0x7335d3]
V  [jvm.dll+0x247bf8]
V  [jvm.dll+0xc018c]
V  [jvm.dll+0xc06cc]
V  [jvm.dll+0x35b2db]
V  [jvm.dll+0x328803]
V  [jvm.dll+0x327cfa]
V  [jvm.dll+0x200602]
V  [jvm.dll+0x1ff794]
V  [jvm.dll+0x18868c]
V  [jvm.dll+0x20e0d7]
V  [jvm.dll+0x20c901]
V  [jvm.dll+0x6f9b7f]
V  [jvm.dll+0x6f26a5]
V  [jvm.dll+0x5fabf6]
C  [ucrtbase.dll+0x26c0c]
C  [KERNEL32.DLL+0x155a0]
C  [ntdll.dll+0x485b]


---------------  P R O C E S S  ---------------

Threads class SMR info:
_java_thread_list=0x00000296b5628310, length=31, elements={
0x000002969798f000, 0x00000296b1e19800, 0x00000296b1e25000, 0x00000296b27a5000,
0x00000296b27a6000, 0x00000296b27a9800, 0x00000296b27aa800, 0x00000296b27b3000,
0x00000296b1e49000, 0x00000296b28f9000, 0x00000296b3fc6800, 0x00000296b2a2a000,
0x00000296b526d000, 0x00000296b3daa000, 0x00000296b4bec800, 0x00000296b493f800,
0x00000296b38c2000, 0x00000296b4ca8800, 0x00000296b5099800, 0x00000296b5e27800,
0x00000296b432e000, 0x00000296b5e28800, 0x00000296b5e26800, 0x00000296b5e29000,
0x00000296b5e2a000, 0x00000296b5e26000, 0x00000296b5e2b000, 0x00000296b5e25000,
0x00000296b5e2b800, 0x00000296b55fa000, 0x00000296b55f9800
}

Java Threads: ( => current thread )
  0x000002969798f000 JavaThread "main" [_thread_blocked, id=16272, stack(0x0000009781b00000,0x0000009781c00000)]
  0x00000296b1e19800 JavaThread "Reference Handler" daemon [_thread_blocked, id=7320, stack(0x0000009782200000,0x0000009782300000)]
  0x00000296b1e25000 JavaThread "Finalizer" daemon [_thread_blocked, id=11216, stack(0x0000009782300000,0x0000009782400000)]
  0x00000296b27a5000 JavaThread "Signal Dispatcher" daemon [_thread_blocked, id=3700, stack(0x0000009782400000,0x0000009782500000)]
  0x00000296b27a6000 JavaThread "Attach Listener" daemon [_thread_blocked, id=2412, stack(0x0000009782500000,0x0000009782600000)]
  0x00000296b27a9800 JavaThread "Service Thread" daemon [_thread_blocked, id=18004, stack(0x0000009782600000,0x0000009782700000)]
=>0x00000296b27aa800 JavaThread "C2 CompilerThread0" daemon [_thread_in_native, id=17296, stack(0x0000009782700000,0x0000009782800000)]
  0x00000296b27b3000 JavaThread "C1 CompilerThread0" daemon [_thread_blocked, id=17584, stack(0x0000009782800000,0x0000009782900000)]
  0x00000296b1e49000 JavaThread "Sweeper thread" daemon [_thread_blocked, id=12152, stack(0x0000009782900000,0x0000009782a00000)]
  0x00000296b28f9000 JavaThread "Common-Cleaner" daemon [_thread_blocked, id=4312, stack(0x0000009782a00000,0x0000009782b00000)]
  0x00000296b3fc6800 JavaThread "Daemon health stats" [_thread_blocked, id=10632, stack(0x0000009782f00000,0x0000009783000000)]
  0x00000296b2a2a000 JavaThread "Incoming local TCP Connector on port 50804" [_thread_in_native, id=11072, stack(0x0000009782c00000,0x0000009782d00000)]
  0x00000296b526d000 JavaThread "Daemon periodic checks" [_thread_blocked, id=18400, stack(0x0000009783000000,0x0000009783100000)]
  0x00000296b3daa000 JavaThread "Daemon" [_thread_blocked, id=16012, stack(0x0000009783100000,0x0000009783200000)]
  0x00000296b4bec800 JavaThread "Handler for socket connection from /127.0.0.1:50804 to /127.0.0.1:50805" [_thread_in_native, id=14256, stack(0x0000009783200000,0x0000009783300000)]
  0x00000296b493f800 JavaThread "Cancel handler" [_thread_blocked, id=4076, stack(0x0000009783300000,0x0000009783400000)]
  0x00000296b38c2000 JavaThread "Daemon worker" [_thread_in_vm, id=12960, stack(0x0000009783400000,0x0000009783500000)]
  0x00000296b4ca8800 JavaThread "Asynchronous log dispatcher for DefaultDaemonConnection: socket connection from /127.0.0.1:50804 to /127.0.0.1:50805" [_thread_blocked, id=8616, stack(0x0000009783500000,0x0000009783600000)]
  0x00000296b5099800 JavaThread "Stdin handler" [_thread_blocked, id=16292, stack(0x0000009783600000,0x0000009783700000)]
  0x00000296b5e27800 JavaThread "Daemon client event forwarder" [_thread_blocked, id=17572, stack(0x0000009783700000,0x0000009783800000)]
  0x00000296b432e000 JavaThread "C2 CompilerThread1" daemon [_thread_in_native, id=10064, stack(0x0000009783800000,0x0000009783900000)]
  0x00000296b5e28800 JavaThread "Cache worker for journal cache (C:\Users\dell\.gradle\caches\journal-1)" [_thread_blocked, id=17176, stack(0x0000009783e00000,0x0000009783f00000)]
  0x00000296b5e26800 JavaThread "File lock request listener" [_thread_in_native, id=6616, stack(0x0000009783f00000,0x0000009784000000)]
  0x00000296b5e29000 JavaThread "Cache worker for file hash cache (C:\Users\dell\.gradle\caches\7.3.3\fileHashes)" [_thread_blocked, id=9104, stack(0x0000009784000000,0x0000009784100000)]
  0x00000296b5e2a000 JavaThread "Cache worker for file hash cache (D:\FallDetection\.gradle\7.3.3\fileHashes)" [_thread_blocked, id=17432, stack(0x0000009784200000,0x0000009784300000)]
  0x00000296b5e26000 JavaThread "File watcher server" daemon [_thread_in_native, id=9792, stack(0x0000009784300000,0x0000009784400000)]
  0x00000296b5e2b000 JavaThread "File watcher consumer" daemon [_thread_blocked, id=9548, stack(0x0000009784400000,0x0000009784500000)]
  0x00000296b5e25000 JavaThread "Cache worker for checksums cache (D:\FallDetection\.gradle\7.3.3\checksums)" [_thread_blocked, id=3952, stack(0x0000009784500000,0x0000009784600000)]
  0x00000296b5e2b800 JavaThread "Cache worker for cache directory md-supplier (C:\Users\dell\.gradle\caches\7.3.3\md-supplier)" [_thread_blocked, id=17824, stack(0x0000009784600000,0x0000009784700000)]
  0x00000296b55fa000 JavaThread "Cache worker for cache directory md-rule (C:\Users\dell\.gradle\caches\7.3.3\md-rule)" [_thread_blocked, id=11832, stack(0x0000009784700000,0x0000009784800000)]
  0x00000296b55f9800 JavaThread "Cache worker for execution history cache (C:\Users\dell\.gradle\caches\7.3.3\executionHistory)" [_thread_blocked, id=16952, stack(0x0000009784800000,0x0000009784900000)]

Other Threads:
  0x00000296b1e14000 VMThread "VM Thread" [stack: 0x0000009782100000,0x0000009782200000] [id=3860]
  0x00000296b2916000 WatcherThread [stack: 0x0000009782b00000,0x0000009782c00000] [id=10976]
  0x00000296979a9800 GCTaskThread "GC Thread#0" [stack: 0x0000009781c00000,0x0000009781d00000] [id=12012]
  0x00000296b336d800 GCTaskThread "GC Thread#1" [stack: 0x0000009782d00000,0x0000009782e00000] [id=6924]
  0x00000296b32f4000 GCTaskThread "GC Thread#2" [stack: 0x0000009782e00000,0x0000009782f00000] [id=10148]
  0x00000296b407e800 GCTaskThread "GC Thread#3" [stack: 0x0000009783900000,0x0000009783a00000] [id=1068]
  0x00000296b4025000 GCTaskThread "GC Thread#4" [stack: 0x0000009783a00000,0x0000009783b00000] [id=14576]
  0x00000296b481b800 GCTaskThread "GC Thread#5" [stack: 0x0000009783b00000,0x0000009783c00000] [id=3492]
  0x00000296b3c37800 GCTaskThread "GC Thread#6" [stack: 0x0000009783c00000,0x0000009783d00000] [id=15676]
  0x00000296b5dcf000 GCTaskThread "GC Thread#7" [stack: 0x0000009783d00000,0x0000009783e00000] [id=812]
  0x00000296979da000 ConcurrentGCThread "G1 Main Marker" [stack: 0x0000009781d00000,0x0000009781e00000] [id=16652]
  0x00000296979dc000 ConcurrentGCThread "G1 Conc#0" [stack: 0x0000009781e00000,0x0000009781f00000] [id=2660]
  0x00000296b3e46000 ConcurrentGCThread "G1 Conc#1" [stack: 0x0000009784100000,0x0000009784200000] [id=12228]
  0x00000296b1c61800 ConcurrentGCThread "G1 Refine#0" [stack: 0x0000009781f00000,0x0000009782000000] [id=6540]
  0x0000029697a6e000 ConcurrentGCThread "G1 Young RemSet Sampling" [stack: 0x0000009782000000,0x0000009782100000] [id=16708]

Threads with active compile tasks:
C2 CompilerThread0   3422 2557       4       jdk.internal.loader.URLClassPath::getResource (74 bytes)
C2 CompilerThread1   3422 2556  s!   4       jdk.internal.loader.URLClassPath::getLoader (194 bytes)

VM state:not at safepoint (normal execution)

VM Mutex/Monitor currently owned by a thread: None

Heap address: 0x0000000080000000, size: 2048 MB, Compressed Oops mode: 32-bit
Narrow klass base: 0x0000000000000000, Narrow klass shift: 3
Compressed class space size: 1073741824 Address: 0x0000000100000000

Heap:
 garbage-first heap   total 129024K, used 72403K [0x0000000080000000, 0x0000000100000000)
  region size 1024K, 57 young (58368K), 4 survivors (4096K)
 Metaspace       used 34767K, capacity 35590K, committed 35840K, reserved 1081344K
  class space    used 4510K, capacity 4839K, committed 4864K, reserved 1048576K
Heap Regions: E=young(eden), S=young(survivor), O=old, HS=humongous(starts), HC=humongous(continues), CS=collection set, F=free, A=archive, TAMS=top-at-mark-start (previous, next)
|   0|0x0000000080000000, 0x0000000080100000, 0x0000000080100000|100%| O|  |TAMS 0x0000000080100000, 0x0000000080000000| Untracked 
|   1|0x0000000080100000, 0x0000000080200000, 0x0000000080200000|100%| O|  |TAMS 0x0000000080200000, 0x0000000080100000| Untracked 
|   2|0x0000000080200000, 0x0000000080300000, 0x0000000080300000|100%| O|  |TAMS 0x0000000080300000, 0x0000000080200000| Untracked 
|   3|0x0000000080300000, 0x0000000080400000, 0x0000000080400000|100%|HS|  |TAMS 0x0000000080400000, 0x0000000080300000| Complete 
|   4|0x0000000080400000, 0x0000000080500000, 0x0000000080500000|100%|HC|  |TAMS 0x0000000080500000, 0x0000000080400000| Complete 
|   5|0x0000000080500000, 0x0000000080600000, 0x0000000080600000|100%|HC|  |TAMS 0x0000000080600000, 0x0000000080500000| Complete 
|   6|0x0000000080600000, 0x0000000080700000, 0x0000000080700000|100%| O|  |TAMS 0x0000000080700000, 0x0000000080600000| Untracked 
|   7|0x0000000080700000, 0x0000000080800000, 0x0000000080800000|100%| O|  |TAMS 0x0000000080800000, 0x0000000080700000| Untracked 
|   8|0x0000000080800000, 0x0000000080900000, 0x0000000080900000|100%| O|  |TAMS 0x0000000080900000, 0x0000000080800000| Untracked 
|   9|0x0000000080900000, 0x0000000080a00000, 0x0000000080a00000|100%| O|  |TAMS 0x0000000080a00000, 0x0000000080900000| Untracked 
|  10|0x0000000080a00000, 0x0000000080b00000, 0x0000000080b00000|100%| O|  |TAMS 0x0000000080b00000, 0x0000000080a00000| Untracked 
|  11|0x0000000080b00000, 0x0000000080c00000, 0x0000000080c00000|100%| O|  |TAMS 0x0000000080c00000, 0x0000000080b00000| Untracked 
|  12|0x0000000080c00000, 0x0000000080d00000, 0x0000000080d00000|100%| O|  |TAMS 0x0000000080d00000, 0x0000000080c00000| Untracked 
|  13|0x0000000080d00000, 0x0000000080e00000, 0x0000000080e00000|100%| O|  |TAMS 0x0000000080e00000, 0x0000000080d00000| Untracked 
|  14|0x0000000080e00000, 0x0000000080f00000, 0x0000000080f00000|100%| O|  |TAMS 0x0000000080f00000, 0x0000000080e00000| Untracked 
|  15|0x0000000080f00000, 0x0000000080f91c00, 0x0000000081000000| 56%| O|  |TAMS 0x0000000080f91c00, 0x0000000080f00000| Untracked 
|  16|0x0000000081000000, 0x0000000081000000, 0x0000000081100000|  0%| F|  |TAMS 0x0000000081000000, 0x0000000081000000| Untracked 
|  17|0x0000000081100000, 0x0000000081100000, 0x0000000081200000|  0%| F|  |TAMS 0x0000000081100000, 0x0000000081100000| Untracked 
|  18|0x0000000081200000, 0x0000000081200000, 0x0000000081300000|  0%| F|  |TAMS 0x0000000081200000, 0x0000000081200000| Untracked 
|  19|0x0000000081300000, 0x0000000081300000, 0x0000000081400000|  0%| F|  |TAMS 0x0000000081300000, 0x0000000081300000| Untracked 
|  20|0x0000000081400000, 0x0000000081400000, 0x0000000081500000|  0%| F|  |TAMS 0x0000000081400000, 0x0000000081400000| Untracked 
|  21|0x0000000081500000, 0x0000000081500000, 0x0000000081600000|  0%| F|  |TAMS 0x0000000081500000, 0x0000000081500000| Untracked 
|  22|0x0000000081600000, 0x0000000081600000, 0x0000000081700000|  0%| F|  |TAMS 0x0000000081600000, 0x0000000081600000| Untracked 
|  23|0x0000000081700000, 0x0000000081700000, 0x0000000081800000|  0%| F|  |TAMS 0x0000000081700000, 0x0000000081700000| Untracked 
|  24|0x0000000081800000, 0x0000000081800000, 0x0000000081900000|  0%| F|  |TAMS 0x0000000081800000, 0x0000000081800000| Untracked 
|  25|0x0000000081900000, 0x0000000081900000, 0x0000000081a00000|  0%| F|  |TAMS 0x0000000081900000, 0x0000000081900000| Untracked 
|  26|0x0000000081a00000, 0x0000000081a00000, 0x0000000081b00000|  0%| F|  |TAMS 0x0000000081a00000, 0x0000000081a00000| Untracked 
|  27|0x0000000081b00000, 0x0000000081b00000, 0x0000000081c00000|  0%| F|  |TAMS 0x0000000081b00000, 0x0000000081b00000| Untracked 
|  28|0x0000000081c00000, 0x0000000081c00000, 0x0000000081d00000|  0%| F|  |TAMS 0x0000000081c00000, 0x0000000081c00000| Untracked 
|  29|0x0000000081d00000, 0x0000000081d00000, 0x0000000081e00000|  0%| F|  |TAMS 0x0000000081d00000, 0x0000000081d00000| Untracked 
|  30|0x0000000081e00000, 0x0000000081e00000, 0x0000000081f00000|  0%| F|  |TAMS 0x0000000081e00000, 0x0000000081e00000| Untracked 
|  31|0x0000000081f00000, 0x0000000081f00000, 0x0000000082000000|  0%| F|  |TAMS 0x0000000081f00000, 0x0000000081f00000| Untracked 
|  32|0x0000000082000000, 0x0000000082000000, 0x0000000082100000|  0%| F|  |TAMS 0x0000000082000000, 0x0000000082000000| Untracked 
|  33|0x0000000082100000, 0x0000000082100000, 0x0000000082200000|  0%| F|  |TAMS 0x0000000082100000, 0x0000000082100000| Untracked 
|  34|0x0000000082200000, 0x0000000082200000, 0x0000000082300000|  0%| F|  |TAMS 0x0000000082200000, 0x0000000082200000| Untracked 
|  35|0x0000000082300000, 0x0000000082300000, 0x0000000082400000|  0%| F|  |TAMS 0x0000000082300000, 0x0000000082300000| Untracked 
|  36|0x0000000082400000, 0x0000000082400000, 0x0000000082500000|  0%| F|  |TAMS 0x0000000082400000, 0x0000000082400000| Untracked 
|  37|0x0000000082500000, 0x0000000082500000, 0x0000000082600000|  0%| F|  |TAMS 0x0000000082500000, 0x0000000082500000| Untracked 
|  38|0x0000000082600000, 0x0000000082600000, 0x0000000082700000|  0%| F|  |TAMS 0x0000000082600000, 0x0000000082600000| Untracked 
|  39|0x0000000082700000, 0x0000000082700000, 0x0000000082800000|  0%| F|  |TAMS 0x0000000082700000, 0x0000000082700000| Untracked 
|  40|0x0000000082800000, 0x0000000082800000, 0x0000000082900000|  0%| F|  |TAMS 0x0000000082800000, 0x0000000082800000| Untracked 
|  41|0x0000000082900000, 0x0000000082900000, 0x0000000082a00000|  0%| F|  |TAMS 0x0000000082900000, 0x0000000082900000| Untracked 
|  42|0x0000000082a00000, 0x0000000082a00000, 0x0000000082b00000|  0%| F|  |TAMS 0x0000000082a00000, 0x0000000082a00000| Untracked 
|  43|0x0000000082b00000, 0x0000000082b00000, 0x0000000082c00000|  0%| F|  |TAMS 0x0000000082b00000, 0x0000000082b00000| Untracked 
|  44|0x0000000082c00000, 0x0000000082c00000, 0x0000000082d00000|  0%| F|  |TAMS 0x0000000082c00000, 0x0000000082c00000| Untracked 
|  45|0x0000000082d00000, 0x0000000082d00000, 0x0000000082e00000|  0%| F|  |TAMS 0x0000000082d00000, 0x0000000082d00000| Untracked 
|  46|0x0000000082e00000, 0x0000000082e00000, 0x0000000082f00000|  0%| F|  |TAMS 0x0000000082e00000, 0x0000000082e00000| Untracked 
|  47|0x0000000082f00000, 0x0000000082f00000, 0x0000000083000000|  0%| F|  |TAMS 0x0000000082f00000, 0x0000000082f00000| Untracked 
|  48|0x0000000083000000, 0x0000000083000000, 0x0000000083100000|  0%| F|  |TAMS 0x0000000083000000, 0x0000000083000000| Untracked 
|  49|0x0000000083100000, 0x0000000083100000, 0x0000000083200000|  0%| F|  |TAMS 0x0000000083100000, 0x0000000083100000| Untracked 
|  50|0x0000000083200000, 0x0000000083200000, 0x0000000083300000|  0%| F|  |TAMS 0x0000000083200000, 0x0000000083200000| Untracked 
|  51|0x0000000083300000, 0x0000000083300000, 0x0000000083400000|  0%| F|  |TAMS 0x0000000083300000, 0x0000000083300000| Untracked 
|  52|0x0000000083400000, 0x0000000083400000, 0x0000000083500000|  0%| F|  |TAMS 0x0000000083400000, 0x0000000083400000| Untracked 
|  53|0x0000000083500000, 0x0000000083500000, 0x0000000083600000|  0%| F|  |TAMS 0x0000000083500000, 0x0000000083500000| Untracked 
|  54|0x0000000083600000, 0x0000000083600000, 0x0000000083700000|  0%| F|  |TAMS 0x0000000083600000, 0x0000000083600000| Untracked 
|  55|0x0000000083700000, 0x0000000083700000, 0x0000000083800000|  0%| F|  |TAMS 0x0000000083700000, 0x0000000083700000| Untracked 
|  56|0x0000000083800000, 0x0000000083800000, 0x0000000083900000|  0%| F|  |TAMS 0x0000000083800000, 0x0000000083800000| Untracked 
|  57|0x0000000083900000, 0x0000000083900000, 0x0000000083a00000|  0%| F|  |TAMS 0x0000000083900000, 0x0000000083900000| Untracked 
|  58|0x0000000083a00000, 0x0000000083a00000, 0x0000000083b00000|  0%| F|  |TAMS 0x0000000083a00000, 0x0000000083a00000| Untracked 
|  59|0x0000000083b00000, 0x0000000083b00000, 0x0000000083c00000|  0%| F|  |TAMS 0x0000000083b00000, 0x0000000083b00000| Untracked 
|  60|0x0000000083c00000, 0x0000000083c00000, 0x0000000083d00000|  0%| F|  |TAMS 0x0000000083c00000, 0x0000000083c00000| Untracked 
|  61|0x0000000083d00000, 0x0000000083d00000, 0x0000000083e00000|  0%| F|  |TAMS 0x0000000083d00000, 0x0000000083d00000| Untracked 
|  62|0x0000000083e00000, 0x0000000083e00000, 0x0000000083f00000|  0%| F|  |TAMS 0x0000000083e00000, 0x0000000083e00000| Untracked 
|  63|0x0000000083f00000, 0x0000000083f23338, 0x0000000084000000| 13%| S|CS|TAMS 0x0000000083f00000, 0x0000000083f00000| Complete 
|  64|0x0000000084000000, 0x0000000084100000, 0x0000000084100000|100%| S|CS|TAMS 0x0000000084000000, 0x0000000084000000| Complete 
|  65|0x0000000084100000, 0x0000000084200000, 0x0000000084200000|100%| S|CS|TAMS 0x0000000084100000, 0x0000000084100000| Complete 
|  66|0x0000000084200000, 0x0000000084300000, 0x0000000084300000|100%| S|CS|TAMS 0x0000000084200000, 0x0000000084200000| Complete 
|  67|0x0000000084300000, 0x0000000084300000, 0x0000000084400000|  0%| F|  |TAMS 0x0000000084300000, 0x0000000084300000| Untracked 
|  68|0x0000000084400000, 0x0000000084400000, 0x0000000084500000|  0%| F|  |TAMS 0x0000000084400000, 0x0000000084400000| Untracked 
|  69|0x0000000084500000, 0x0000000084500000, 0x0000000084600000|  0%| F|  |TAMS 0x0000000084500000, 0x0000000084500000| Untracked 
|  70|0x0000000084600000, 0x0000000084600000, 0x0000000084700000|  0%| F|  |TAMS 0x0000000084600000, 0x0000000084600000| Untracked 
|  71|0x0000000084700000, 0x0000000084700000, 0x0000000084800000|  0%| F|  |TAMS 0x0000000084700000, 0x0000000084700000| Untracked 
|  72|0x0000000084800000, 0x0000000084800000, 0x0000000084900000|  0%| F|  |TAMS 0x0000000084800000, 0x0000000084800000| Untracked 
|  73|0x0000000084900000, 0x0000000084980800, 0x0000000084a00000| 50%| E|  |TAMS 0x0000000084900000, 0x0000000084900000| Complete 
|  74|0x0000000084a00000, 0x0000000084b00000, 0x0000000084b00000|100%| E|CS|TAMS 0x0000000084a00000, 0x0000000084a00000| Complete 
|  75|0x0000000084b00000, 0x0000000084c00000, 0x0000000084c00000|100%| E|CS|TAMS 0x0000000084b00000, 0x0000000084b00000| Complete 
|  76|0x0000000084c00000, 0x0000000084d00000, 0x0000000084d00000|100%| E|CS|TAMS 0x0000000084c00000, 0x0000000084c00000| Complete 
|  77|0x0000000084d00000, 0x0000000084e00000, 0x0000000084e00000|100%| E|CS|TAMS 0x0000000084d00000, 0x0000000084d00000| Complete 
|  78|0x0000000084e00000, 0x0000000084f00000, 0x0000000084f00000|100%| E|CS|TAMS 0x0000000084e00000, 0x0000000084e00000| Complete 
|  79|0x0000000084f00000, 0x0000000085000000, 0x0000000085000000|100%| E|CS|TAMS 0x0000000084f00000, 0x0000000084f00000| Complete 
|  80|0x0000000085000000, 0x0000000085100000, 0x0000000085100000|100%| E|CS|TAMS 0x0000000085000000, 0x0000000085000000| Complete 
|  81|0x0000000085100000, 0x0000000085200000, 0x0000000085200000|100%| E|CS|TAMS 0x0000000085100000, 0x0000000085100000| Complete 
|  82|0x0000000085200000, 0x0000000085300000, 0x0000000085300000|100%| E|CS|TAMS 0x0000000085200000, 0x0000000085200000| Complete 
|  83|0x0000000085300000, 0x0000000085400000, 0x0000000085400000|100%| E|CS|TAMS 0x0000000085300000, 0x0000000085300000| Complete 
|  84|0x0000000085400000, 0x0000000085500000, 0x0000000085500000|100%| E|CS|TAMS 0x0000000085400000, 0x0000000085400000| Complete 
|  85|0x0000000085500000, 0x0000000085600000, 0x0000000085600000|100%| E|CS|TAMS 0x0000000085500000, 0x0000000085500000| Complete 
|  86|0x0000000085600000, 0x0000000085700000, 0x0000000085700000|100%| E|CS|TAMS 0x0000000085600000, 0x0000000085600000| Complete 
|  87|0x0000000085700000, 0x0000000085800000, 0x0000000085800000|100%| E|CS|TAMS 0x0000000085700000, 0x0000000085700000| Complete 
|  88|0x0000000085800000, 0x0000000085900000, 0x0000000085900000|100%| E|CS|TAMS 0x0000000085800000, 0x0000000085800000| Complete 
|  89|0x0000000085900000, 0x0000000085a00000, 0x0000000085a00000|100%| E|CS|TAMS 0x0000000085900000, 0x0000000085900000| Complete 
|  90|0x0000000085a00000, 0x0000000085b00000, 0x0000000085b00000|100%| E|CS|TAMS 0x0000000085a00000, 0x0000000085a00000| Complete 
|  91|0x0000000085b00000, 0x0000000085c00000, 0x0000000085c00000|100%| E|CS|TAMS 0x0000000085b00000, 0x0000000085b00000| Complete 
|  92|0x0000000085c00000, 0x0000000085d00000, 0x0000000085d00000|100%| E|CS|TAMS 0x0000000085c00000, 0x0000000085c00000| Complete 
|  93|0x0000000085d00000, 0x0000000085e00000, 0x0000000085e00000|100%| E|CS|TAMS 0x0000000085d00000, 0x0000000085d00000| Complete 
|  94|0x0000000085e00000, 0x0000000085f00000, 0x0000000085f00000|100%| E|CS|TAMS 0x0000000085e00000, 0x0000000085e00000| Complete 
|  95|0x0000000085f00000, 0x0000000086000000, 0x0000000086000000|100%| E|CS|TAMS 0x0000000085f00000, 0x0000000085f00000| Complete 
|  96|0x0000000086000000, 0x0000000086100000, 0x0000000086100000|100%| E|CS|TAMS 0x0000000086000000, 0x0000000086000000| Complete 
|  97|0x0000000086100000, 0x0000000086200000, 0x0000000086200000|100%| E|CS|TAMS 0x0000000086100000, 0x0000000086100000| Complete 
|  98|0x0000000086200000, 0x0000000086300000, 0x0000000086300000|100%| E|CS|TAMS 0x0000000086200000, 0x0000000086200000| Complete 
|  99|0x0000000086300000, 0x0000000086400000, 0x0000000086400000|100%| E|CS|TAMS 0x0000000086300000, 0x0000000086300000| Complete 
| 100|0x0000000086400000, 0x0000000086500000, 0x0000000086500000|100%| E|CS|TAMS 0x0000000086400000, 0x0000000086400000| Complete 
| 101|0x0000000086500000, 0x0000000086600000, 0x0000000086600000|100%| E|CS|TAMS 0x0000000086500000, 0x0000000086500000| Complete 
| 102|0x0000000086600000, 0x0000000086700000, 0x0000000086700000|100%| E|CS|TAMS 0x0000000086600000, 0x0000000086600000| Complete 
| 103|0x0000000086700000, 0x0000000086800000, 0x0000000086800000|100%| E|CS|TAMS 0x0000000086700000, 0x0000000086700000| Complete 
| 104|0x0000000086800000, 0x0000000086900000, 0x0000000086900000|100%| E|CS|TAMS 0x0000000086800000, 0x0000000086800000| Complete 
| 105|0x0000000086900000, 0x0000000086a00000, 0x0000000086a00000|100%| E|CS|TAMS 0x0000000086900000, 0x0000000086900000| Complete 
| 106|0x0000000086a00000, 0x0000000086b00000, 0x0000000086b00000|100%| E|CS|TAMS 0x0000000086a00000, 0x0000000086a00000| Complete 
| 107|0x0000000086b00000, 0x0000000086c00000, 0x0000000086c00000|100%| E|CS|TAMS 0x0000000086b00000, 0x0000000086b00000| Complete 
| 108|0x0000000086c00000, 0x0000000086d00000, 0x0000000086d00000|100%| E|CS|TAMS 0x0000000086c00000, 0x0000000086c00000| Complete 
| 109|0x0000000086d00000, 0x0000000086e00000, 0x0000000086e00000|100%| E|CS|TAMS 0x0000000086d00000, 0x0000000086d00000| Complete 
| 110|0x0000000086e00000, 0x0000000086f00000, 0x0000000086f00000|100%| E|CS|TAMS 0x0000000086e00000, 0x0000000086e00000| Complete 
| 111|0x0000000086f00000, 0x0000000087000000, 0x0000000087000000|100%| E|CS|TAMS 0x0000000086f00000, 0x0000000086f00000| Complete 
| 112|0x0000000087000000, 0x0000000087100000, 0x0000000087100000|100%| E|CS|TAMS 0x0000000087000000, 0x0000000087000000| Complete 
| 113|0x0000000087100000, 0x0000000087200000, 0x0000000087200000|100%| E|CS|TAMS 0x0000000087100000, 0x0000000087100000| Complete 
| 114|0x0000000087200000, 0x0000000087300000, 0x0000000087300000|100%| E|CS|TAMS 0x0000000087200000, 0x0000000087200000| Complete 
| 115|0x0000000087300000, 0x0000000087400000, 0x0000000087400000|100%| E|CS|TAMS 0x0000000087300000, 0x0000000087300000| Complete 
| 116|0x0000000087400000, 0x0000000087500000, 0x0000000087500000|100%| E|CS|TAMS 0x0000000087400000, 0x0000000087400000| Complete 
| 117|0x0000000087500000, 0x0000000087600000, 0x0000000087600000|100%| E|CS|TAMS 0x0000000087500000, 0x0000000087500000| Complete 
| 118|0x0000000087600000, 0x0000000087700000, 0x0000000087700000|100%| E|CS|TAMS 0x0000000087600000, 0x0000000087600000| Complete 
| 119|0x0000000087700000, 0x0000000087800000, 0x0000000087800000|100%| E|CS|TAMS 0x0000000087700000, 0x0000000087700000| Complete 
| 120|0x0000000087800000, 0x0000000087900000, 0x0000000087900000|100%| E|CS|TAMS 0x0000000087800000, 0x0000000087800000| Complete 
| 121|0x0000000087900000, 0x0000000087a00000, 0x0000000087a00000|100%| E|CS|TAMS 0x0000000087900000, 0x0000000087900000| Complete 
| 122|0x0000000087a00000, 0x0000000087b00000, 0x0000000087b00000|100%| E|CS|TAMS 0x0000000087a00000, 0x0000000087a00000| Complete 
| 123|0x0000000087b00000, 0x0000000087c00000, 0x0000000087c00000|100%| E|CS|TAMS 0x0000000087b00000, 0x0000000087b00000| Complete 
| 124|0x0000000087c00000, 0x0000000087d00000, 0x0000000087d00000|100%| E|CS|TAMS 0x0000000087c00000, 0x0000000087c00000| Complete 
| 125|0x0000000087d00000, 0x0000000087e00000, 0x0000000087e00000|100%| E|CS|TAMS 0x0000000087d00000, 0x0000000087d00000| Complete 

Card table byte_map: [0x00000296aabd0000,0x00000296aafd0000] _byte_map_base: 0x00000296aa7d0000

Marking Bits (Prev, Next): (CMBitMap*) 0x00000296979d1170, (CMBitMap*) 0x00000296979d1138
 Prev Bits: [0x00000296ad3d0000, 0x00000296af3d0000)
 Next Bits: [0x00000296ab3d0000, 0x00000296ad3d0000)

Polling page: 0x0000029697170000

Metaspace:

Usage:
  Non-class:     30.16 MB capacity,    29.63 MB ( 98%) used,   463.91 KB (  2%) free+waste,    71.06 KB ( <1%) overhead. 
      Class:      4.73 MB capacity,     4.42 MB ( 94%) used,   274.21 KB (  6%) free+waste,    34.81 KB ( <1%) overhead. 
       Both:     34.88 MB capacity,    34.06 MB ( 98%) used,   738.13 KB (  2%) free+waste,   105.88 KB ( <1%) overhead. 

Virtual space:
  Non-class space:       32.00 MB reserved,      30.25 MB ( 95%) committed 
      Class space:        1.00 GB reserved,       4.75 MB ( <1%) committed 
             Both:        1.03 GB reserved,      35.00 MB (  3%) committed 

Chunk freelists:
   Non-Class:  33.00 KB
       Class:  25.00 KB
        Both:  58.00 KB

MaxMetaspaceSize: 17179869184.00 GB
CompressedClassSpaceSize: 1.00 GB
Initial GC threshold: 20.80 MB
Current GC threshold: 35.00 MB
CDS: off

CodeHeap 'non-profiled nmethods': size=120000Kb used=1415Kb max_used=1415Kb free=118584Kb
 bounds [0x00000296a2f70000, 0x00000296a31e0000, 0x00000296aa4a0000]
CodeHeap 'profiled nmethods': size=120000Kb used=5757Kb max_used=5757Kb free=114242Kb
 bounds [0x000002969ba40000, 0x000002969bfe0000, 0x00000296a2f70000]
CodeHeap 'non-nmethods': size=5760Kb used=1255Kb max_used=1291Kb free=4504Kb
 bounds [0x000002969b4a0000, 0x000002969b710000, 0x000002969ba40000]
 total_blobs=3234 nmethods=2716 adapters=430
 compilation: enabled
              stopped_count=0, restarted_count=0
 full_count=0

Compilation events (20 events):
Event: 3.382 Thread 0x00000296b27b3000 2718       3       org.codehaus.groovy.reflection.CachedMethod::getParamsCount (6 bytes)
Event: 3.383 Thread 0x00000296b27b3000 nmethod 2718 0x000002969bfda810 code [0x000002969bfda9e0, 0x000002969bfdac48]
Event: 3.383 Thread 0x00000296b27b3000 2720       3       org.codehaus.groovy.runtime.metaclass.NewMetaMethod::<init> (56 bytes)
Event: 3.383 Thread 0x00000296b27b3000 nmethod 2720 0x000002969bfdad90 code [0x000002969bfdafe0, 0x000002969bfdb958]
Event: 3.383 Thread 0x00000296b27b3000 2721       3       org.codehaus.groovy.runtime.metaclass.ReflectionMetaMethod::<init> (18 bytes)
Event: 3.384 Thread 0x00000296b27b3000 nmethod 2721 0x000002969bfdbc90 code [0x000002969bfdbe80, 0x000002969bfdc3e8]
Event: 3.387 Thread 0x00000296b27b3000 2722       3       org.codehaus.groovy.reflection.CachedClass$3$$Lambda$261/0x0000000100471840::apply (12 bytes)
Event: 3.388 Thread 0x00000296b27b3000 nmethod 2722 0x000002969bfdc610 code [0x000002969bfdc800, 0x000002969bfdccf8]
Event: 3.388 Thread 0x00000296b27b3000 2723       3       org.codehaus.groovy.reflection.CachedClass$3::lambda$initValue$2 (13 bytes)
Event: 3.388 Thread 0x00000296b27b3000 nmethod 2723 0x000002969bfdce90 code [0x000002969bfdd060, 0x000002969bfdd3f8]
Event: 3.388 Thread 0x00000296b27b3000 2724       3       org.codehaus.groovy.reflection.CachedMethod::<init> (20 bytes)
Event: 3.388 Thread 0x00000296b27b3000 nmethod 2724 0x000002969bfdd590 code [0x000002969bfdd760, 0x000002969bfdda38]
Event: 3.390 Thread 0x00000296b27b3000 2725       3       jdk.internal.jimage.ImageStringsReader::get (9 bytes)
Event: 3.390 Thread 0x00000296b27b3000 nmethod 2725 0x000002969bfddb90 code [0x000002969bfddd40, 0x000002969bfddee8]
Event: 3.390 Thread 0x00000296b27b3000 2726       3       java.util.zip.Inflater::<init> (24 bytes)
Event: 3.391 Thread 0x00000296b27b3000 nmethod 2726 0x000002969bfddf90 code [0x000002969bfde160, 0x000002969bfde3f8]
Event: 3.391 Thread 0x00000296b27b3000 2727       3       jdk.internal.misc.Unsafe::pickPos (14 bytes)
Event: 3.392 Thread 0x00000296b27b3000 nmethod 2727 0x000002969bfde510 code [0x000002969bfde6c0, 0x000002969bfde7b8]
Event: 3.392 Thread 0x00000296b27b3000 2728       3       java.lang.PublicMethods::toArray (76 bytes)
Event: 3.393 Thread 0x00000296b27b3000 nmethod 2728 0x000002969bfde890 code [0x000002969bfdeac0, 0x000002969bfdf358]

GC Heap History (8 events):
Event: 0.599 GC heap before
{Heap before GC invocations=0 (full 0):
 garbage-first heap   total 129024K, used 30720K [0x0000000080000000, 0x0000000100000000)
  region size 1024K, 24 young (24576K), 0 survivors (0K)
 Metaspace       used 10231K, capacity 10491K, committed 10624K, reserved 1058816K
  class space    used 1072K, capacity 1141K, committed 1152K, reserved 1048576K
}
Event: 0.604 GC heap after
{Heap after GC invocations=1 (full 0):
 garbage-first heap   total 129024K, used 9490K [0x0000000080000000, 0x0000000100000000)
  region size 1024K, 3 young (3072K), 3 survivors (3072K)
 Metaspace       used 10231K, capacity 10491K, committed 10624K, reserved 1058816K
  class space    used 1072K, capacity 1141K, committed 1152K, reserved 1048576K
}
Event: 2.048 GC heap before
{Heap before GC invocations=1 (full 0):
 garbage-first heap   total 129024K, used 83218K [0x0000000080000000, 0x0000000100000000)
  region size 1024K, 75 young (76800K), 3 survivors (3072K)
 Metaspace       used 17589K, capacity 17973K, committed 18176K, reserved 1064960K
  class space    used 2083K, capacity 2211K, committed 2304K, reserved 1048576K
}
Event: 2.054 GC heap after
{Heap after GC invocations=2 (full 0):
 garbage-first heap   total 129024K, used 16216K [0x0000000080000000, 0x0000000100000000)
  region size 1024K, 10 young (10240K), 10 survivors (10240K)
 Metaspace       used 17589K, capacity 17973K, committed 18176K, reserved 1064960K
  class space    used 2083K, capacity 2211K, committed 2304K, reserved 1048576K
}
Event: 2.274 GC heap before
{Heap before GC invocations=2 (full 0):
 garbage-first heap   total 129024K, used 45912K [0x0000000080000000, 0x0000000100000000)
  region size 1024K, 40 young (40960K), 10 survivors (10240K)
 Metaspace       used 20722K, capacity 21137K, committed 21248K, reserved 1067008K
  class space    used 2554K, capacity 2712K, committed 2816K, reserved 1048576K
}
Event: 2.281 GC heap after
{Heap after GC invocations=3 (full 0):
 garbage-first heap   total 129024K, used 17126K [0x0000000080000000, 0x0000000100000000)
  region size 1024K, 2 young (2048K), 2 survivors (2048K)
 Metaspace       used 20722K, capacity 21137K, committed 21248K, reserved 1067008K
  class space    used 2554K, capacity 2712K, committed 2816K, reserved 1048576K
}
Event: 2.823 GC heap before
{Heap before GC invocations=4 (full 0):
 garbage-first heap   total 129024K, used 74470K [0x0000000080000000, 0x0000000100000000)
  region size 1024K, 59 young (60416K), 2 survivors (2048K)
 Metaspace       used 26904K, capacity 27497K, committed 27648K, reserved 1073152K
  class space    used 3516K, capacity 3736K, committed 3840K, reserved 1048576K
}
Event: 2.826 GC heap after
{Heap after GC invocations=5 (full 0):
 garbage-first heap   total 129024K, used 19155K [0x0000000080000000, 0x0000000100000000)
  region size 1024K, 4 young (4096K), 4 survivors (4096K)
 Metaspace       used 26904K, capacity 27497K, committed 27648K, reserved 1073152K
  class space    used 3516K, capacity 3736K, committed 3840K, reserved 1048576K
}

Deoptimization events (20 events):
Event: 2.962 Thread 0x00000296b38c2000 Uncommon trap: trap_request=0xffffff4d fr.pc=0x00000296a305184c relative=0x000000000000020c
Event: 2.962 Thread 0x00000296b38c2000 Uncommon trap: reason=unstable_if action=reinterpret pc=0x00000296a305184c method=java.util.HashMap.hash(Ljava/lang/Object;)I @ 1 c2
Event: 2.963 Thread 0x00000296b38c2000 DEOPT PACKING pc=0x00000296a305184c sp=0x00000097834f8e60
Event: 2.963 Thread 0x00000296b38c2000 DEOPT UNPACKING pc=0x000002969b4a85af sp=0x00000097834f8d98 mode 2
Event: 2.963 Thread 0x00000296b38c2000 Uncommon trap: trap_request=0xffffff4d fr.pc=0x00000296a30156ac relative=0x000000000000008c
Event: 2.963 Thread 0x00000296b38c2000 Uncommon trap: reason=unstable_if action=reinterpret pc=0x00000296a30156ac method=java.util.HashMap.hash(Ljava/lang/Object;)I @ 1 c2
Event: 2.963 Thread 0x00000296b38c2000 DEOPT PACKING pc=0x00000296a30156ac sp=0x00000097834f8bd0
Event: 2.963 Thread 0x00000296b38c2000 DEOPT UNPACKING pc=0x000002969b4a85af sp=0x00000097834f8b68 mode 2
Event: 3.139 Thread 0x00000296b38c2000 Uncommon trap: trap_request=0xffffff4d fr.pc=0x00000296a30b26e4 relative=0x00000000000001a4
Event: 3.139 Thread 0x00000296b38c2000 Uncommon trap: reason=unstable_if action=reinterpret pc=0x00000296a30b26e4 method=java.util.regex.Pattern$BmpCharProperty.match(Ljava/util/regex/Matcher;ILjava/lang/CharSequence;)Z @ 39 c2
Event: 3.139 Thread 0x00000296b38c2000 DEOPT PACKING pc=0x00000296a30b26e4 sp=0x00000097834f9820
Event: 3.139 Thread 0x00000296b38c2000 DEOPT UNPACKING pc=0x000002969b4a85af sp=0x00000097834f97d0 mode 2
Event: 3.170 Thread 0x00000296b38c2000 Uncommon trap: trap_request=0xffffff4d fr.pc=0x00000296a30423b0 relative=0x0000000000000230
Event: 3.170 Thread 0x00000296b38c2000 Uncommon trap: reason=unstable_if action=reinterpret pc=0x00000296a30423b0 method=java.util.HashMap.putVal(ILjava/lang/Object;Ljava/lang/Object;ZZ)Ljava/lang/Object; @ 162 c2
Event: 3.170 Thread 0x00000296b38c2000 DEOPT PACKING pc=0x00000296a30423b0 sp=0x00000097834fa910
Event: 3.170 Thread 0x00000296b38c2000 DEOPT UNPACKING pc=0x000002969b4a85af sp=0x00000097834fa820 mode 2
Event: 3.371 Thread 0x00000296b38c2000 Uncommon trap: trap_request=0xffffff4d fr.pc=0x00000296a307139c relative=0x000000000000515c
Event: 3.371 Thread 0x00000296b38c2000 Uncommon trap: reason=unstable_if action=reinterpret pc=0x00000296a307139c method=jdk.internal.loader.BuiltinClassLoader.loadClassOrNull(Ljava/lang/String;Z)Ljava/lang/Class; @ 42 c2
Event: 3.371 Thread 0x00000296b38c2000 DEOPT PACKING pc=0x00000296a307139c sp=0x00000097834f54c0
Event: 3.371 Thread 0x00000296b38c2000 DEOPT UNPACKING pc=0x000002969b4a85af sp=0x00000097834f5350 mode 2

Classes redefined (0 events):
No events

Internal exceptions (20 events):
Event: 2.768 Thread 0x00000296b38c2000 Exception <a 'java/lang/NoSuchMethodError'{0x00000000849da300}: 'java.lang.Object java.lang.invoke.DirectMethodHandle$Holder.invokeVirtual(java.lang.Object, java.lang.Object, java.lang.Object)'> (0x00000000849da300) thrown at [./src/hotspot/share/interpreter/linkResolver.cpp, line 773]
Event: 2.769 Thread 0x00000296b38c2000 Exception <a 'java/lang/NoSuchMethodError'{0x0000000084803698}: 'int java.lang.invoke.DirectMethodHandle$Holder.invokeVirtual(java.lang.Object, java.lang.Object)'> (0x0000000084803698) thrown at [./src/hotspot/share/interpreter/linkResolver.cpp, line 773]
Event: 2.775 Thread 0x00000296b38c2000 Exception <a 'java/lang/NoSuchMethodError'{0x000000008483da40}: 'int java.lang.invoke.DirectMethodHandle$Holder.invokeVirtual(java.lang.Object, java.lang.Object, java.lang.Object)'> (0x000000008483da40) thrown at [./src/hotspot/share/interpreter/linkResolver.cpp, line 773]
Event: 2.794 Thread 0x00000296b38c2000 Exception <a 'java/lang/NoSuchMethodError'{0x00000000847a50a8}: 'void java.lang.invoke.DirectMethodHandle$Holder.invokeSpecial(java.lang.Object, java.lang.Object)'> (0x00000000847a50a8) thrown at [./src/hotspot/share/interpreter/linkResolver.cpp, line 773]
Event: 2.868 Thread 0x00000296b38c2000 Exception <a 'java/lang/NoSuchMethodError'{0x00000000878de728}: 'java.lang.Object java.lang.invoke.DirectMethodHandle$Holder.invokeSpecialIFC(java.lang.Object, java.lang.Object, java.lang.Object, java.lang.Object)'> (0x00000000878de728) thrown at [./src/hotspot/share/interpreter/linkResolver.cpp, line 773]
Event: 2.877 Thread 0x00000296b38c2000 Exception <a 'java/lang/NoSuchMethodError'{0x00000000877b8820}: 'java.lang.Object java.lang.invoke.DirectMethodHandle$Holder.invokeSpecial(java.lang.Object, java.lang.Object, java.lang.Object, java.lang.Object, java.lang.Object, java.lang.Object, java.lang.Object, java.lang.Object, java.lang.Object, java.lang.Object, java.lang.Object, java.lang.Object, java.lang.Object)'> (0x00000000877b8820) thrown at [./src/hotspot/share/interpreter/linkResolver.cpp, line 773]
Event: 2.877 Thread 0x00000296b38c2000 Exception <a 'java/lang/NoSuchMethodError'{0x00000000877c9680}: 'java.lang.Object java.lang.invoke.DirectMethodHandle$Holder.invokeSpecial(java.lang.Object, java.lang.Object, java.lang.Object, java.lang.Object, java.lang.Object, java.lang.Object, java.lang.Object, java.lang.Object, java.lang.Object, java.lang.Object, java.lang.Object, java.lang.Object)'> (0x00000000877c9680) thrown at [./src/hotspot/share/interpreter/linkResolver.cpp, line 773]
Event: 2.878 Thread 0x00000296b38c2000 Exception <a 'java/lang/NoSuchMethodError'{0x00000000877ce7a8}: 'java.lang.Object java.lang.invoke.Invokers$Holder.linkToTargetMethod(java.lang.Object, java.lang.Object, java.lang.Object, java.lang.Object, java.lang.Object, java.lang.Object, java.lang.Object, java.lang.Object, java.lang.Object, java.lang.Object, java.lang.Object)'> (0x00000000877ce7a8) thrown at [./src/hotspot/share/interpreter/linkResolver.cpp, line 773]
Event: 2.886 Thread 0x00000296b38c2000 Exception <a 'java/lang/NoSuchMethodError'{0x000000008750e4b0}: 'java.lang.Object java.lang.invoke.DirectMethodHandle$Holder.invokeSpecial(java.lang.Object, java.lang.Object, java.lang.Object, java.lang.Object, java.lang.Object, java.lang.Object, java.lang.Object, java.lang.Object, java.lang.Object, java.lang.Object, java.lang.Object, java.lang.Object, java.lang.Object, java.lang.Object)'> (0x000000008750e4b0) thrown at [./src/hotspot/share/interpreter/linkResolver.cpp, line 773]
Event: 2.887 Thread 0x00000296b38c2000 Exception <a 'java/lang/NoSuchMethodError'{0x000000008751fb28}: 'java.lang.Object java.lang.invoke.Invokers$Holder.linkToTargetMethod(java.lang.Object, java.lang.Object, java.lang.Object, java.lang.Object, java.lang.Object, java.lang.Object, java.lang.Object, java.lang.Object, java.lang.Object, java.lang.Object, java.lang.Object, java.lang.Object)'> (0x000000008751fb28) thrown at [./src/hotspot/share/interpreter/linkResolver.cpp, line 773]
Event: 2.898 Thread 0x00000296b38c2000 Exception <a 'java/lang/NoSuchMethodError'{0x0000000087408700}: 'java.lang.Object java.lang.invoke.DirectMethodHandle$Holder.invokeStaticInit(java.lang.Object, java.lang.Object, java.lang.Object, java.lang.Object)'> (0x0000000087408700) thrown at [./src/hotspot/share/interpreter/linkResolver.cpp, line 773]
Event: 2.962 Thread 0x00000296b38c2000 Implicit null exception at 0x00000296a3051675 to 0x00000296a305183c
Event: 2.963 Thread 0x00000296b38c2000 Implicit null exception at 0x00000296a301562f to 0x00000296a301569d
Event: 3.068 Thread 0x00000296b38c2000 Exception <a 'java/lang/NoSuchMethodError'{0x000000008632b4a8}: 'java.lang.Object java.lang.invoke.Invokers$Holder.linkToTargetMethod(java.lang.Object, java.lang.Object, java.lang.Object, java.lang.Object, java.lang.Object, java.lang.Object, java.lang.Object, java.lang.Object)'> (0x000000008632b4a8) thrown at [./src/hotspot/share/interpreter/linkResolver.cpp, line 773]
Event: 3.070 Thread 0x00000296b38c2000 Exception <a 'java/lang/NoSuchMethodError'{0x0000000086377ac0}: 'java.lang.Object java.lang.invoke.Invokers$Holder.linkToTargetMethod(java.lang.Object, java.lang.Object, java.lang.Object, java.lang.Object, java.lang.Object, java.lang.Object, java.lang.Object)'> (0x0000000086377ac0) thrown at [./src/hotspot/share/interpreter/linkResolver.cpp, line 773]
Event: 3.072 Thread 0x00000296b38c2000 Exception <a 'java/lang/IncompatibleClassChangeError'{0x00000000863b6b10}: Found class java.lang.Object, but interface was expected> (0x00000000863b6b10) thrown at [./src/hotspot/share/interpreter/linkResolver.cpp, line 839]
Event: 3.250 Thread 0x00000296b38c2000 Exception <a 'java/lang/NoSuchMethodError'{0x0000000084f61c08}: 'void java.lang.invoke.DirectMethodHandle$Holder.invokeStaticInit(java.lang.Object, java.lang.Object, java.lang.Object)'> (0x0000000084f61c08) thrown at [./src/hotspot/share/interpreter/linkResolver.cpp, line 773]
Event: 3.251 Thread 0x00000296b38c2000 Exception <a 'java/lang/NoSuchMethodError'{0x0000000084f68e60}: 'void java.lang.invoke.DirectMethodHandle$Holder.invokeStaticInit(java.lang.Object, java.lang.Object, java.lang.Object, java.lang.Object)'> (0x0000000084f68e60) thrown at [./src/hotspot/share/interpreter/linkResolver.cpp, line 773]
Event: 3.255 Thread 0x00000296b38c2000 Exception <a 'java/lang/NoSuchMethodError'{0x0000000084f8b700}: 'void java.lang.invoke.DirectMethodHandle$Holder.invokeStaticInit(java.lang.Object, java.lang.Object, java.lang.Object, java.lang.Object, java.lang.Object)'> (0x0000000084f8b700) thrown at [./src/hotspot/share/interpreter/linkResolver.cpp, line 773]
Event: 3.280 Thread 0x00000296b38c2000 Exception <a 'java/lang/NoSuchMethodError'{0x0000000084fe9e18}: 'int java.lang.invoke.DirectMethodHandle$Holder.invokeStaticInit(java.lang.Object, java.lang.Object, java.lang.Object, java.lang.Object)'> (0x0000000084fe9e18) thrown at [./src/hotspot/share/interpreter/linkResolver.cpp, line 773]

Events (20 events):
Event: 3.394 Executing VM operation: RevokeBias
Event: 3.395 Executing VM operation: RevokeBias done
Event: 3.395 loading class org/apache/groovy/swing/extensions/SwingExtensions
Event: 3.395 loading class org/apache/groovy/swing/extensions/SwingExtensions done
Event: 3.398 loading class javax/swing/ListModel
Event: 3.398 loading class javax/swing/ListModel done
Event: 3.398 loading class javax/swing/tree/MutableTreeNode
Event: 3.398 loading class javax/swing/tree/TreeNode
Event: 3.398 loading class javax/swing/tree/TreeNode done
Event: 3.398 loading class javax/swing/tree/MutableTreeNode done
Event: 3.398 loading class javax/swing/JComboBox
Event: 3.399 loading class java/awt/ItemSelectable
Event: 3.399 loading class java/awt/ItemSelectable done
Event: 3.399 loading class javax/swing/event/ListDataListener
Event: 3.399 loading class javax/swing/event/ListDataListener done
Event: 3.399 loading class java/awt/event/ActionListener
Event: 3.399 loading class java/awt/event/ActionListener done
Event: 3.399 loading class javax/accessibility/Accessible
Event: 3.399 loading class javax/accessibility/Accessible done
Event: 3.399 loading class javax/swing/JComponent


Dynamic libraries:
0x00007ff704e60000 - 0x00007ff704e6a000 	C:\Program Files\Android\Android Studio\jre\bin\java.exe
0x00007ff832ce0000 - 0x00007ff832ee9000 	C:\WINDOWS\SYSTEM32\ntdll.dll
0x00007ff830de0000 - 0x00007ff830e9e000 	C:\WINDOWS\System32\KERNEL32.DLL
0x00007ff830370000 - 0x00007ff8306eb000 	C:\WINDOWS\System32\KERNELBASE.dll
0x00007ff830250000 - 0x00007ff830361000 	C:\WINDOWS\System32\ucrtbase.dll
0x00007ff82db90000 - 0x00007ff82dba9000 	C:\Program Files\Android\Android Studio\jre\bin\jli.dll
0x00007ff81b480000 - 0x00007ff81b497000 	C:\Program Files\Android\Android Studio\jre\bin\VCRUNTIME140.dll
0x00007ff832680000 - 0x00007ff83282d000 	C:\WINDOWS\System32\USER32.dll
0x00007ff8301b0000 - 0x00007ff8301d6000 	C:\WINDOWS\System32\win32u.dll
0x00007ff816c10000 - 0x00007ff816eb5000 	C:\WINDOWS\WinSxS\amd64_microsoft.windows.common-controls_6595b64144ccf1df_6.0.22000.120_none_9d947278b86cc467\COMCTL32.dll
0x00007ff832650000 - 0x00007ff832679000 	C:\WINDOWS\System32\GDI32.dll
0x00007ff830f20000 - 0x00007ff830fc3000 	C:\WINDOWS\System32\msvcrt.dll
0x00007ff830a40000 - 0x00007ff830b58000 	C:\WINDOWS\System32\gdi32full.dll
0x00007ff830920000 - 0x00007ff8309bd000 	C:\WINDOWS\System32\msvcp_win.dll
0x00007ff8310d0000 - 0x00007ff831102000 	C:\WINDOWS\System32\IMM32.DLL
0x00007ff808420000 - 0x00007ff8084bd000 	C:\Program Files\Android\Android Studio\jre\bin\msvcp140.dll
0x00007fffe2dc0000 - 0x00007fffe38a5000 	C:\Program Files\Android\Android Studio\jre\bin\server\jvm.dll
0x00007ff831320000 - 0x00007ff8313ce000 	C:\WINDOWS\System32\ADVAPI32.dll
0x00007ff831750000 - 0x00007ff8317ee000 	C:\WINDOWS\System32\sechost.dll
0x00007ff830cc0000 - 0x00007ff830de0000 	C:\WINDOWS\System32\RPCRT4.dll
0x00007ff830f10000 - 0x00007ff830f18000 	C:\WINDOWS\System32\PSAPI.DLL
0x00007ff82de10000 - 0x00007ff82de1a000 	C:\WINDOWS\SYSTEM32\VERSION.dll
0x00007ff828d90000 - 0x00007ff828dc3000 	C:\WINDOWS\SYSTEM32\WINMM.dll
0x00007ff8116d0000 - 0x00007ff8116d9000 	C:\WINDOWS\SYSTEM32\WSOCK32.dll
0x00007ff830c50000 - 0x00007ff830cbf000 	C:\WINDOWS\System32\WS2_32.dll
0x00007ff82f2e0000 - 0x00007ff82f2f8000 	C:\WINDOWS\SYSTEM32\kernel.appcore.dll
0x00007ff811640000 - 0x00007ff811651000 	C:\Program Files\Android\Android Studio\jre\bin\verify.dll
0x00007ff82d7b0000 - 0x00007ff82d9d1000 	C:\WINDOWS\SYSTEM32\DBGHELP.DLL
0x00007ff813030000 - 0x00007ff813061000 	C:\WINDOWS\SYSTEM32\dbgcore.DLL
0x00007ff8309c0000 - 0x00007ff830a3f000 	C:\WINDOWS\System32\bcryptPrimitives.dll
0x00007ff810ef0000 - 0x00007ff810f19000 	C:\Program Files\Android\Android Studio\jre\bin\java.dll
0x00007ff81ecb0000 - 0x00007ff81ecbb000 	C:\Program Files\Android\Android Studio\jre\bin\jimage.dll
0x00007ff8113f0000 - 0x00007ff811408000 	C:\Program Files\Android\Android Studio\jre\bin\zip.dll
0x00007ff831bc0000 - 0x00007ff832377000 	C:\WINDOWS\System32\SHELL32.dll
0x00007ff82e220000 - 0x00007ff82ea85000 	C:\WINDOWS\SYSTEM32\windows.storage.dll
0x00007ff8313d0000 - 0x00007ff831748000 	C:\WINDOWS\System32\combase.dll
0x00007ff82e0b0000 - 0x00007ff82e216000 	C:\WINDOWS\SYSTEM32\wintypes.dll
0x00007ff832560000 - 0x00007ff83264a000 	C:\WINDOWS\System32\SHCORE.dll
0x00007ff831a10000 - 0x00007ff831a6d000 	C:\WINDOWS\System32\shlwapi.dll
0x00007ff8300e0000 - 0x00007ff830101000 	C:\WINDOWS\SYSTEM32\profapi.dll
0x00007ff810fd0000 - 0x00007ff810fea000 	C:\Program Files\Android\Android Studio\jre\bin\net.dll
0x00007ff828320000 - 0x00007ff828434000 	C:\WINDOWS\SYSTEM32\WINHTTP.dll
0x00007ff82f780000 - 0x00007ff82f7e7000 	C:\WINDOWS\system32\mswsock.dll
0x00007ff810ed0000 - 0x00007ff810ee4000 	C:\Program Files\Android\Android Studio\jre\bin\nio.dll
0x00007fffc1c60000 - 0x00007fffc1c87000 	C:\Users\dell\.gradle\native\e1d6ef7f7dcc3fd88c89a11ec53ec762bb8ba0a96d01ffa2cd45eb1d1d8dd5c5\windows-amd64\native-platform.dll
0x00007fffee500000 - 0x00007fffee644000 	C:\Users\dell\.gradle\native\5664cfc778a61ccfe75a443a1ab52a65af34e5dc3c78e0209fed803814484fcb\windows-amd64\native-platform-file-events.dll
0x00007ff812b90000 - 0x00007ff812b9a000 	C:\Program Files\Android\Android Studio\jre\bin\management.dll
0x00007ff811010000 - 0x00007ff81101d000 	C:\Program Files\Android\Android Studio\jre\bin\management_ext.dll
0x00007ff82fa00000 - 0x00007ff82fa18000 	C:\WINDOWS\SYSTEM32\CRYPTSP.dll
0x00007ff82f240000 - 0x00007ff82f275000 	C:\WINDOWS\system32\rsaenh.dll
0x00007ff82f8b0000 - 0x00007ff82f8d9000 	C:\WINDOWS\SYSTEM32\USERENV.dll
0x00007ff82fb90000 - 0x00007ff82fbb7000 	C:\WINDOWS\SYSTEM32\bcrypt.dll
0x00007ff82fa20000 - 0x00007ff82fa2c000 	C:\WINDOWS\SYSTEM32\CRYPTBASE.dll
0x00007ff82ed50000 - 0x00007ff82ed7d000 	C:\WINDOWS\SYSTEM32\IPHLPAPI.DLL
0x00007ff831170000 - 0x00007ff831179000 	C:\WINDOWS\System32\NSI.dll
0x00007ff828610000 - 0x00007ff828629000 	C:\WINDOWS\SYSTEM32\dhcpcsvc6.DLL
0x00007ff828d50000 - 0x00007ff828d6e000 	C:\WINDOWS\SYSTEM32\dhcpcsvc.DLL
0x00007ff82ed80000 - 0x00007ff82ee68000 	C:\WINDOWS\SYSTEM32\DNSAPI.dll

dbghelp: loaded successfully - version: 4.0.5 - missing functions: none
symbol engine: initialized successfully - sym options: 0x614 - pdb path: .;C:\Program Files\Android\Android Studio\jre\bin;C:\WINDOWS\SYSTEM32;C:\WINDOWS\WinSxS\amd64_microsoft.windows.common-controls_6595b64144ccf1df_6.0.22000.120_none_9d947278b86cc467;C:\Program Files\Android\Android Studio\jre\bin\server;C:\Users\dell\.gradle\native\e1d6ef7f7dcc3fd88c89a11ec53ec762bb8ba0a96d01ffa2cd45eb1d1d8dd5c5\windows-amd64;C:\Users\dell\.gradle\native\5664cfc778a61ccfe75a443a1ab52a65af34e5dc3c78e0209fed803814484fcb\windows-amd64

VM Arguments:
jvm_args: --add-opens=java.base/java.util=ALL-UNNAMED --add-opens=java.base/java.lang=ALL-UNNAMED --add-opens=java.base/java.lang.invoke=ALL-UNNAMED --add-opens=java.base/java.util=ALL-UNNAMED --add-opens=java.prefs/java.util.prefs=ALL-UNNAMED --add-opens=java.prefs/java.util.prefs=ALL-UNNAMED --add-opens=java.base/java.nio.charset=ALL-UNNAMED --add-opens=java.base/java.net=ALL-UNNAMED --add-opens=java.base/java.util.concurrent.atomic=ALL-UNNAMED -Xmx2048m -Dfile.encoding=UTF-8 -Duser.country=IN -Duser.language=en -Duser.variant 
java_command: org.gradle.launcher.daemon.bootstrap.GradleDaemon 7.3.3
java_class_path (initial): C:\Users\dell\.gradle\wrapper\dists\gradle-7.3.3-bin\6a41zxkdtcxs8rphpq6y0069z\gradle-7.3.3\lib\gradle-launcher-7.3.3.jar
Launcher Type: SUN_STANDARD

[Global flags]
     intx CICompilerCount                          = 4                                         {product} {ergonomic}
     uint ConcGCThreads                            = 2                                         {product} {ergonomic}
     uint G1ConcRefinementThreads                  = 8                                         {product} {ergonomic}
   size_t G1HeapRegionSize                         = 1048576                                   {product} {ergonomic}
    uintx GCDrainStackTargetSize                   = 64                                        {product} {ergonomic}
   size_t InitialHeapSize                          = 132120576                                 {product} {ergonomic}
   size_t MarkStackSize                            = 4194304                                   {product} {ergonomic}
   size_t MaxHeapSize                              = 2147483648                                {product} {command line}
   size_t MaxNewSize                               = 1287651328                                {product} {ergonomic}
   size_t MinHeapDeltaBytes                        = 1048576                                   {product} {ergonomic}
    uintx NonNMethodCodeHeapSize                   = 5836300                                {pd product} {ergonomic}
    uintx NonProfiledCodeHeapSize                  = 122910970                              {pd product} {ergonomic}
    uintx ProfiledCodeHeapSize                     = 122910970                              {pd product} {ergonomic}
    uintx ReservedCodeCacheSize                    = 251658240                              {pd product} {ergonomic}
     bool SegmentedCodeCache                       = true                                      {product} {ergonomic}
     bool UseCompressedClassPointers               = true                                 {lp64_product} {ergonomic}
     bool UseCompressedOops                        = true                                 {lp64_product} {ergonomic}
     bool UseG1GC                                  = true                                      {product} {ergonomic}
     bool UseLargePagesIndividualAllocation        = false                                  {pd product} {ergonomic}

Logging:
Log output configuration:
 #0: stdout all=warning uptime,level,tags
 #1: stderr all=off uptime,level,tags

Environment Variables:
JAVA_HOME=C:\Users\dell\AppData\Local\Programs\Eclipse Adoptium\jdk-17.0.5.8-hotspot\
PATH=C:\Program Files\Python310\Scripts\;C:\Program Files\Python310\;C:\Windows\system32;C:\Windows;C:\Windows\System32\Wbem;C:\Windows\System32\WindowsPowerShell\v1.0\;C:\Windows\System32\OpenSSH\;C:\Program Files\NVIDIA Corporation\NVIDIA NvDLISR;C:\Program Files (x86)\NVIDIA Corporation\PhysX\Common;C:\Program Files\nodejs\;C:\ProgramData\chocolatey\bin;C:\cygwin64\bin;C:\WINDOWS\system32;C:\WINDOWS;C:\WINDOWS\System32\Wbem;C:\WINDOWS\System32\WindowsPowerShell\v1.0\;C:\WINDOWS\System32\OpenSSH\;C:\Program Files\Git\cmd;C:\Program Files\dotnet\;C:\Program Files\Microsoft SQL Server\150\Tools\Binn\;C:\WINDOWS\system32;C:\WINDOWS;C:\WINDOWS\System32\Wbem;C:\WINDOWS\System32\WindowsPowerShell\v1.0\;C:\WINDOWS\System32\OpenSSH\;C:\Program Files\MATLAB\R2022a\bin;C:\Users\dell\AppData\Local\Programs\Eclipse Adoptium\jdk-17.0.5.8-hotspot\bin;C:\Users\dell\AppData\Local\Microsoft\WindowsApps;C:\Users\dell\AppData\Roaming\npm;C:\altera\13.0sp1\modelsim_ase\win32aloem;C:\msys64\mingw64\bin;C:\Users\dell\AppData\Local\Programs\Microsoft VS Code\bin
USERNAME=dell
OS=Windows_NT
PROCESSOR_IDENTIFIER=Intel64 Family 6 Model 126 Stepping 5, GenuineIntel



---------------  S Y S T E M  ---------------

OS: Windows 10 , 64 bit Build 22000 (10.0.22000.1335)
OS uptime: 0 days 0:59 hours
Hyper-V role detected

CPU:total 8 (initial active 8) (4 cores per cpu, 2 threads per core) family 6 model 126 stepping 5 microcode 0xb2, cmov, cx8, fxsr, mmx, sse, sse2, sse3, ssse3, sse4.1, sse4.2, popcnt, avx, avx2, aes, clmul, erms, 3dnowpref, lzcnt, ht, tsc, tscinvbit, bmi1, bmi2, adx, evex, sha, fma

Memory: 4k page, system-wide physical 7959M (451M free)
TotalPageFile size 10007M (AvailPageFile size 7M)
current process WorkingSet (physical memory assigned to process): 240M, peak: 240M
current process commit charge ("private bytes"): 305M, peak: 306M

vm_info: OpenJDK 64-Bit Server VM (11.0.12+7-b1504.28-7817840) for windows-amd64 JRE (11.0.12+7-b1504.28-7817840), built on Oct 13 2021 22:12:33 by "builder" with MS VC++ 14.0 (VS2015)

END.
