#
# There is insufficient memory for the Java Runtime Environment to continue.
# Native memory allocation (mmap) failed to map 126877696 bytes for Failed to commit area from 0x000000008dc00000 to 0x0000000095500000 of length 126877696.
# Possible reasons:
#   The system is out of physical RAM or swap space
#   The process is running with CompressedOops enabled, and the Java Heap may be blocking the growth of the native heap
# Possible solutions:
#   Reduce memory load on the system
#   Increase physical memory or swap space
#   Check if swap backing store is full
#   Decrease Java heap size (-Xmx/-Xms)
#   Decrease number of Java threads
#   Decrease Java thread stack sizes (-Xss)
#   Set larger code cache with -XX:ReservedCodeCacheSize=
#   JVM is running with Unscaled Compressed Oops mode in which the Java heap is
#     placed in the first 4GB address space. The Java Heap base address is the
#     maximum limit for the native heap growth. Please use -XX:HeapBaseMinAddress
#     to set the Java Heap base and to place the Java Heap above 4GB virtual address.
# This output file may be truncated or incomplete.
#
#  Out of Memory Error (./src/hotspot/os/windows/os_windows.cpp:3521), pid=15324, tid=14800
#
# JRE version: OpenJDK Runtime Environment (11.0.12+7) (build 11.0.12+7-b1504.28-7817840)
# Java VM: OpenJDK 64-Bit Server VM (11.0.12+7-b1504.28-7817840, mixed mode, tiered, compressed oops, g1 gc, windows-amd64)
# No core dump will be written. Minidumps are not enabled by default on client versions of Windows
#

---------------  S U M M A R Y ------------

Command Line: --add-opens=java.base/java.util=ALL-UNNAMED --add-opens=java.base/java.lang=ALL-UNNAMED --add-opens=java.base/java.lang.invoke=ALL-UNNAMED --add-opens=java.base/java.util=ALL-UNNAMED --add-opens=java.prefs/java.util.prefs=ALL-UNNAMED --add-opens=java.prefs/java.util.prefs=ALL-UNNAMED --add-opens=java.base/java.nio.charset=ALL-UNNAMED --add-opens=java.base/java.net=ALL-UNNAMED --add-opens=java.base/java.util.concurrent.atomic=ALL-UNNAMED -Xmx2048m -Dfile.encoding=UTF-8 -Duser.country=IN -Duser.language=en -Duser.variant org.gradle.launcher.daemon.bootstrap.GradleDaemon 7.3.3

Host: Intel(R) Core(TM) i5-1035G1 CPU @ 1.00GHz, 8 cores, 7G,  Windows 10 , 64 bit Build 22000 (10.0.22000.1335)
Time: Fri Feb 10 01:32:58 2023 India Standard Time elapsed time: 16.088795 seconds (0d 0h 0m 16s)

---------------  T H R E A D  ---------------

Current thread (0x000002aabba11000):  VMThread "VM Thread" [stack: 0x000000efb4e00000,0x000000efb4f00000] [id=14800]

Stack: [0x000000efb4e00000,0x000000efb4f00000]
[error occurred during error reporting (printing stack bounds), id 0xc0000005, EXCEPTION_ACCESS_VIOLATION (0xc0000005) at pc=0x000002aaa48d12e7]

Native frames: (J=compiled Java code, j=interpreted, Vv=VM code, C=native code)
V  [jvm.dll+0x5fbcea]
V  [jvm.dll+0x731905]
V  [jvm.dll+0x732f1d]
V  [jvm.dll+0x733535]
V  [jvm.dll+0x7334eb]
V  [jvm.dll+0x5fb080]
V  [jvm.dll+0x5fb818]
C  [ntdll.dll+0xa8b1f]
C  [ntdll.dll+0x35b9a]
C  [ntdll.dll+0xa7b2e]
C  0x000002aaa48d12e7

VM_Operation (0x000000efbc7f8d30): G1CollectForAllocation, mode: safepoint, requested by thread 0x000002aabd3b2000


---------------  P R O C E S S  ---------------

Threads class SMR info:
_java_thread_list=0x000002aac7cf5710, length=137, elements={
0x000002aa9f5d0800, 0x000002aabba15000, 0x000002aabba18800, 0x000002aabc396800,
0x000002aabc398000, 0x000002aabc39b800, 0x000002aabc3a0800, 0x000002aabba33000,
0x000002aabba3c800, 0x000002aabc4f5800, 0x000002aabe6bf800, 0x000002aabc61a000,
0x000002aabe724000, 0x000002aabe48d800, 0x000002aabd9b3800, 0x000002aabeaae800,
0x000002aabc626800, 0x000002aabf424800, 0x000002aabe360000, 0x000002aabf086800,
0x000002aabf085800, 0x000002aabf087000, 0x000002aabf085000, 0x000002aabf3e7800,
0x000002aabf3e8800, 0x000002aabf3e6800, 0x000002aabf3e9000, 0x000002aabf3e3800,
0x000002aabf3e4000, 0x000002aabf3ea000, 0x000002aabf3e6000, 0x000002aac01bc000,
0x000002aac01bc800, 0x000002aac01bd800, 0x000002aac01c0000, 0x000002aac01c0800,
0x000002aac01c1800, 0x000002aac01bf000, 0x000002aabf346000, 0x000002aabf343800,
0x000002aabf348800, 0x000002aabf344800, 0x000002aabf347000, 0x000002aabf348000,
0x000002aabf343000, 0x000002aabf349800, 0x000002aabf34a800, 0x000002aabf34b000,
0x000002aabf345800, 0x000002aabf34e800, 0x000002aabf34d800, 0x000002aabf34f000,
0x000002aabf350000, 0x000002aabf351000, 0x000002aabf34c800, 0x000002aabf351800,
0x000002aabf34c000, 0x000002aabc9ad000, 0x000002aabc9ab800, 0x000002aabc9ac000,
0x000002aabc9ad800, 0x000002aabc9a9800, 0x000002aabc9aa800, 0x000002aabc9a9000,
0x000002aabc9a8000, 0x000002aabc9b4800, 0x000002aabc9b0000, 0x000002aabc9b2000,
0x000002aabc9af800, 0x000002aabc9ae800, 0x000002aabc9b2800, 0x000002aabc9b6000,
0x000002aabc9b6800, 0x000002aabc9b3800, 0x000002aabc9b5000, 0x000002aabc9b1000,
0x000002aabe3ac000, 0x000002aabe3aa800, 0x000002aabe3b0000, 0x000002aabe3af800,
0x000002aabe3ad000, 0x000002aabe3ae000, 0x000002aabe3b1000, 0x000002aabe3ab800,
0x000002aabe3b2000, 0x000002aabe3b2800, 0x000002aabe3b3800, 0x000002aabe3b4800,
0x000002aabe3ae800, 0x000002aabe3b7000, 0x000002aabe3b8800, 0x000002aabe3b6000,
0x000002aabe3b9000, 0x000002aabe3b5000, 0x000002aabe3b7800, 0x000002aabd3a8000,
0x000002aabd3aa000, 0x000002aabd3a7800, 0x000002aabd3a4000, 0x000002aabd3a6800,
0x000002aabd3a6000, 0x000002aabd3a9000, 0x000002aabd3aa800, 0x000002aabd3a5000,
0x000002aabd3ae000, 0x000002aabd3ae800, 0x000002aabd3b1000, 0x000002aabd3af800,
0x000002aabd3b0800, 0x000002aabd3ab800, 0x000002aabd3b2000, 0x000002aabd3ac800,
0x000002aabd3b3000, 0x000002aabd3ad000, 0x000002aabf0c8800, 0x000002aabf0c9000,
0x000002aabf0ca000, 0x000002aabf0c7800, 0x000002aabf0c4000, 0x000002aabf0cb000,
0x000002aabf0c5000, 0x000002aabf0cb800, 0x000002aabf0cf000, 0x000002aabf0d1800,
0x000002aabf0ce000, 0x000002aabf0cf800, 0x000002aabf0d0800, 0x000002aabf0cd000,
0x000002aabf0d2000, 0x000002aabf0cc800, 0x000002aabf0d3000, 0x000002aac1a4e000,
0x000002aac3836000, 0x000002aac3837800, 0x000002aac3838800, 0x000002aac3834800,
0x000002aac3837000
}

Java Threads: ( => current thread )
  0x000002aa9f5d0800 JavaThread "main" [_thread_blocked, id=2380, stack(0x000000efb4800000,0x000000efb4900000)]
  0x000002aabba15000 JavaThread "Reference Handler" daemon [_thread_blocked, id=10016, stack(0x000000efb4f00000,0x000000efb5000000)]
  0x000002aabba18800 JavaThread "Finalizer" daemon [_thread_blocked, id=7612, stack(0x000000efb5000000,0x000000efb5100000)]
  0x000002aabc396800 JavaThread "Signal Dispatcher" daemon [_thread_blocked, id=1624, stack(0x000000efb5100000,0x000000efb5200000)]
  0x000002aabc398000 JavaThread "Attach Listener" daemon [_thread_blocked, id=12964, stack(0x000000efb5200000,0x000000efb5300000)]
  0x000002aabc39b800 JavaThread "Service Thread" daemon [_thread_blocked, id=10152, stack(0x000000efb5300000,0x000000efb5400000)]
  0x000002aabc3a0800 JavaThread "C2 CompilerThread0" daemon [_thread_blocked, id=2516, stack(0x000000efb5400000,0x000000efb5500000)]
  0x000002aabba33000 JavaThread "C1 CompilerThread0" daemon [_thread_blocked, id=18292, stack(0x000000efb5500000,0x000000efb5600000)]
  0x000002aabba3c800 JavaThread "Sweeper thread" daemon [_thread_blocked, id=15672, stack(0x000000efb5600000,0x000000efb5700000)]
  0x000002aabc4f5800 JavaThread "Common-Cleaner" daemon [_thread_blocked, id=10576, stack(0x000000efb5700000,0x000000efb5800000)]
  0x000002aabe6bf800 JavaThread "Daemon health stats" [_thread_blocked, id=10064, stack(0x000000efb5d00000,0x000000efb5e00000)]
  0x000002aabc61a000 JavaThread "Incoming local TCP Connector on port 50646" [_thread_in_native, id=1068, stack(0x000000efb5900000,0x000000efb5a00000)]
  0x000002aabe724000 JavaThread "Daemon periodic checks" [_thread_blocked, id=6540, stack(0x000000efb5c00000,0x000000efb5d00000)]
  0x000002aabe48d800 JavaThread "Daemon" [_thread_blocked, id=16292, stack(0x000000efb5e00000,0x000000efb5f00000)]
  0x000002aabd9b3800 JavaThread "Handler for socket connection from /127.0.0.1:50646 to /127.0.0.1:50647" [_thread_in_native, id=13156, stack(0x000000efb5f00000,0x000000efb6000000)]
  0x000002aabeaae800 JavaThread "Cancel handler" [_thread_blocked, id=17816, stack(0x000000efb6000000,0x000000efb6100000)]
  0x000002aabc626800 JavaThread "Daemon worker" [_thread_blocked, id=9528, stack(0x000000efb6100000,0x000000efb6200000)]
  0x000002aabf424800 JavaThread "Asynchronous log dispatcher for DefaultDaemonConnection: socket connection from /127.0.0.1:50646 to /127.0.0.1:50647" [_thread_blocked, id=16992, stack(0x000000efb6200000,0x000000efb6300000)]
  0x000002aabe360000 JavaThread "Stdin handler" [_thread_blocked, id=1828, stack(0x000000efb6300000,0x000000efb6400000)]
  0x000002aabf086800 JavaThread "Daemon client event forwarder" [_thread_blocked, id=18112, stack(0x000000efb6400000,0x000000efb6500000)]
  0x000002aabf085800 JavaThread "Cache worker for journal cache (C:\Users\dell\.gradle\caches\journal-1)" [_thread_blocked, id=13028, stack(0x000000efb6a00000,0x000000efb6b00000)]
  0x000002aabf087000 JavaThread "File lock request listener" [_thread_in_native, id=2556, stack(0x000000efb6b00000,0x000000efb6c00000)]
  0x000002aabf085000 JavaThread "Cache worker for file hash cache (C:\Users\dell\.gradle\caches\7.3.3\fileHashes)" [_thread_blocked, id=18384, stack(0x000000efb6c00000,0x000000efb6d00000)]
  0x000002aabf3e7800 JavaThread "Cache worker for file hash cache (D:\FallDetection\.gradle\7.3.3\fileHashes)" [_thread_blocked, id=8760, stack(0x000000efb6f00000,0x000000efb7000000)]
  0x000002aabf3e8800 JavaThread "File watcher server" daemon [_thread_blocked, id=8356, stack(0x000000efb7100000,0x000000efb7200000)]
  0x000002aabf3e6800 JavaThread "File watcher consumer" daemon [_thread_blocked, id=17572, stack(0x000000efb7200000,0x000000efb7300000)]
  0x000002aabf3e9000 JavaThread "Cache worker for checksums cache (D:\FallDetection\.gradle\7.3.3\checksums)" [_thread_blocked, id=12720, stack(0x000000efb7300000,0x000000efb7400000)]
  0x000002aabf3e3800 JavaThread "Cache worker for cache directory md-supplier (C:\Users\dell\.gradle\caches\7.3.3\md-supplier)" [_thread_blocked, id=3492, stack(0x000000efb7400000,0x000000efb7500000)]
  0x000002aabf3e4000 JavaThread "Cache worker for cache directory md-rule (C:\Users\dell\.gradle\caches\7.3.3\md-rule)" [_thread_blocked, id=2764, stack(0x000000efb7500000,0x000000efb7600000)]
  0x000002aabf3ea000 JavaThread "Cache worker for execution history cache (C:\Users\dell\.gradle\caches\7.3.3\executionHistory)" [_thread_blocked, id=17948, stack(0x000000efb7600000,0x000000efb7700000)]
  0x000002aabf3e6000 JavaThread "jar transforms" [_thread_blocked, id=7740, stack(0x000000efb7700000,0x000000efb7800000)]
  0x000002aac01bc000 JavaThread "Cache worker for file content cache (C:\Users\dell\.gradle\caches\7.3.3\fileContent)" [_thread_blocked, id=17224, stack(0x000000efb7800000,0x000000efb7900000)]
  0x000002aac01bc800 JavaThread "jar transforms Thread 2" [_thread_blocked, id=4464, stack(0x000000efb7900000,0x000000efb7a00000)]
  0x000002aac01bd800 JavaThread "Cache worker for dependencies-accessors (D:\FallDetection\.gradle\7.3.3\dependencies-accessors)" [_thread_blocked, id=16284, stack(0x000000efb7a00000,0x000000efb7b00000)]
  0x000002aac01c0000 JavaThread "jar transforms Thread 3" [_thread_blocked, id=8352, stack(0x000000efb7b00000,0x000000efb7c00000)]
  0x000002aac01c0800 JavaThread "Cache worker for Build Output Cleanup Cache (D:\FallDetection\.gradle\buildOutputCleanup)" [_thread_blocked, id=8396, stack(0x000000efb7c00000,0x000000efb7d00000)]
  0x000002aac01c1800 JavaThread "Unconstrained build operations" [_thread_blocked, id=6724, stack(0x000000efb7d00000,0x000000efb7e00000)]
  0x000002aac01bf000 JavaThread "Unconstrained build operations Thread 2" [_thread_blocked, id=16964, stack(0x000000efb7e00000,0x000000efb7f00000)]
  0x000002aabf346000 JavaThread "Unconstrained build operations Thread 3" [_thread_blocked, id=468, stack(0x000000efb7f00000,0x000000efb8000000)]
  0x000002aabf343800 JavaThread "Unconstrained build operations Thread 4" [_thread_blocked, id=18164, stack(0x000000efb8000000,0x000000efb8100000)]
  0x000002aabf348800 JavaThread "Unconstrained build operations Thread 5" [_thread_blocked, id=11772, stack(0x000000efb8100000,0x000000efb8200000)]
  0x000002aabf344800 JavaThread "Unconstrained build operations Thread 6" [_thread_blocked, id=2568, stack(0x000000efb8200000,0x000000efb8300000)]
  0x000002aabf347000 JavaThread "Unconstrained build operations Thread 7" [_thread_blocked, id=16708, stack(0x000000efb8300000,0x000000efb8400000)]
  0x000002aabf348000 JavaThread "Unconstrained build operations Thread 8" [_thread_blocked, id=15892, stack(0x000000efb8400000,0x000000efb8500000)]
  0x000002aabf343000 JavaThread "Unconstrained build operations Thread 9" [_thread_blocked, id=16136, stack(0x000000efb8500000,0x000000efb8600000)]
  0x000002aabf349800 JavaThread "Unconstrained build operations Thread 10" [_thread_blocked, id=11072, stack(0x000000efb8600000,0x000000efb8700000)]
  0x000002aabf34a800 JavaThread "Unconstrained build operations Thread 11" [_thread_blocked, id=3980, stack(0x000000efb8700000,0x000000efb8800000)]
  0x000002aabf34b000 JavaThread "Unconstrained build operations Thread 12" [_thread_blocked, id=17868, stack(0x000000efb8800000,0x000000efb8900000)]
  0x000002aabf345800 JavaThread "Unconstrained build operations Thread 13" [_thread_blocked, id=3832, stack(0x000000efb8900000,0x000000efb8a00000)]
  0x000002aabf34e800 JavaThread "Unconstrained build operations Thread 14" [_thread_blocked, id=5292, stack(0x000000efb8a00000,0x000000efb8b00000)]
  0x000002aabf34d800 JavaThread "Unconstrained build operations Thread 15" [_thread_blocked, id=14032, stack(0x000000efb8b00000,0x000000efb8c00000)]
  0x000002aabf34f000 JavaThread "Unconstrained build operations Thread 16" [_thread_blocked, id=17716, stack(0x000000efb8c00000,0x000000efb8d00000)]
  0x000002aabf350000 JavaThread "Unconstrained build operations Thread 17" [_thread_blocked, id=18356, stack(0x000000efb8d00000,0x000000efb8e00000)]
  0x000002aabf351000 JavaThread "Unconstrained build operations Thread 18" [_thread_blocked, id=18028, stack(0x000000efb8e00000,0x000000efb8f00000)]
  0x000002aabf34c800 JavaThread "Unconstrained build operations Thread 19" [_thread_blocked, id=13824, stack(0x000000efb8f00000,0x000000efb9000000)]
  0x000002aabf351800 JavaThread "Unconstrained build operations Thread 20" [_thread_blocked, id=15308, stack(0x000000efb9000000,0x000000efb9100000)]
  0x000002aabf34c000 JavaThread "Unconstrained build operations Thread 21" [_thread_blocked, id=18344, stack(0x000000efb9100000,0x000000efb9200000)]
  0x000002aabc9ad000 JavaThread "Unconstrained build operations Thread 22" [_thread_blocked, id=14836, stack(0x000000efb9200000,0x000000efb9300000)]
  0x000002aabc9ab800 JavaThread "Unconstrained build operations Thread 23" [_thread_blocked, id=12232, stack(0x000000efb9300000,0x000000efb9400000)]
  0x000002aabc9ac000 JavaThread "Unconstrained build operations Thread 24" [_thread_blocked, id=10248, stack(0x000000efb9400000,0x000000efb9500000)]
  0x000002aabc9ad800 JavaThread "Unconstrained build operations Thread 25" [_thread_blocked, id=18316, stack(0x000000efb9500000,0x000000efb9600000)]
  0x000002aabc9a9800 JavaThread "Unconstrained build operations Thread 26" [_thread_blocked, id=13852, stack(0x000000efb9600000,0x000000efb9700000)]
  0x000002aabc9aa800 JavaThread "Unconstrained build operations Thread 27" [_thread_blocked, id=10976, stack(0x000000efb9700000,0x000000efb9800000)]
  0x000002aabc9a9000 JavaThread "Unconstrained build operations Thread 28" [_thread_blocked, id=3260, stack(0x000000efb9800000,0x000000efb9900000)]
  0x000002aabc9a8000 JavaThread "Unconstrained build operations Thread 29" [_thread_blocked, id=2580, stack(0x000000efb9900000,0x000000efb9a00000)]
  0x000002aabc9b4800 JavaThread "Unconstrained build operations Thread 30" [_thread_blocked, id=2208, stack(0x000000efb9a00000,0x000000efb9b00000)]
  0x000002aabc9b0000 JavaThread "Unconstrained build operations Thread 31" [_thread_blocked, id=16656, stack(0x000000efb9b00000,0x000000efb9c00000)]
  0x000002aabc9b2000 JavaThread "Unconstrained build operations Thread 32" [_thread_blocked, id=15296, stack(0x000000efb9c00000,0x000000efb9d00000)]
  0x000002aabc9af800 JavaThread "Unconstrained build operations Thread 33" [_thread_blocked, id=12296, stack(0x000000efb9d00000,0x000000efb9e00000)]
  0x000002aabc9ae800 JavaThread "Unconstrained build operations Thread 34" [_thread_blocked, id=14012, stack(0x000000efb9e00000,0x000000efb9f00000)]
  0x000002aabc9b2800 JavaThread "Unconstrained build operations Thread 35" [_thread_blocked, id=4172, stack(0x000000efb9f00000,0x000000efba000000)]
  0x000002aabc9b6000 JavaThread "Unconstrained build operations Thread 36" [_thread_blocked, id=2916, stack(0x000000efba000000,0x000000efba100000)]
  0x000002aabc9b6800 JavaThread "Unconstrained build operations Thread 37" [_thread_blocked, id=15644, stack(0x000000efba100000,0x000000efba200000)]
  0x000002aabc9b3800 JavaThread "Unconstrained build operations Thread 38" [_thread_blocked, id=9312, stack(0x000000efba200000,0x000000efba300000)]
  0x000002aabc9b5000 JavaThread "Unconstrained build operations Thread 39" [_thread_blocked, id=2440, stack(0x000000efba300000,0x000000efba400000)]
  0x000002aabc9b1000 JavaThread "Unconstrained build operations Thread 40" [_thread_blocked, id=7844, stack(0x000000efba400000,0x000000efba500000)]
  0x000002aabe3ac000 JavaThread "Unconstrained build operations Thread 41" [_thread_blocked, id=14964, stack(0x000000efba500000,0x000000efba600000)]
  0x000002aabe3aa800 JavaThread "Unconstrained build operations Thread 42" [_thread_blocked, id=17520, stack(0x000000efba600000,0x000000efba700000)]
  0x000002aabe3b0000 JavaThread "Unconstrained build operations Thread 43" [_thread_blocked, id=17496, stack(0x000000efba700000,0x000000efba800000)]
  0x000002aabe3af800 JavaThread "Unconstrained build operations Thread 44" [_thread_blocked, id=11140, stack(0x000000efba800000,0x000000efba900000)]
  0x000002aabe3ad000 JavaThread "Unconstrained build operations Thread 45" [_thread_blocked, id=11320, stack(0x000000efba900000,0x000000efbaa00000)]
  0x000002aabe3ae000 JavaThread "Unconstrained build operations Thread 46" [_thread_blocked, id=17908, stack(0x000000efbaa00000,0x000000efbab00000)]
  0x000002aabe3b1000 JavaThread "Unconstrained build operations Thread 47" [_thread_blocked, id=13888, stack(0x000000efbab00000,0x000000efbac00000)]
  0x000002aabe3ab800 JavaThread "Unconstrained build operations Thread 48" [_thread_blocked, id=2676, stack(0x000000efbac00000,0x000000efbad00000)]
  0x000002aabe3b2000 JavaThread "Unconstrained build operations Thread 49" [_thread_blocked, id=3608, stack(0x000000efbad00000,0x000000efbae00000)]
  0x000002aabe3b2800 JavaThread "Unconstrained build operations Thread 50" [_thread_blocked, id=1540, stack(0x000000efbae00000,0x000000efbaf00000)]
  0x000002aabe3b3800 JavaThread "Unconstrained build operations Thread 51" [_thread_blocked, id=5444, stack(0x000000efbaf00000,0x000000efbb000000)]
  0x000002aabe3b4800 JavaThread "Unconstrained build operations Thread 52" [_thread_blocked, id=17256, stack(0x000000efbb000000,0x000000efbb100000)]
  0x000002aabe3ae800 JavaThread "Unconstrained build operations Thread 53" [_thread_blocked, id=13520, stack(0x000000efbb100000,0x000000efbb200000)]
  0x000002aabe3b7000 JavaThread "Unconstrained build operations Thread 54" [_thread_blocked, id=13940, stack(0x000000efbb200000,0x000000efbb300000)]
  0x000002aabe3b8800 JavaThread "Unconstrained build operations Thread 55" [_thread_blocked, id=16060, stack(0x000000efbb300000,0x000000efbb400000)]
  0x000002aabe3b6000 JavaThread "Unconstrained build operations Thread 56" [_thread_blocked, id=10160, stack(0x000000efbb400000,0x000000efbb500000)]
  0x000002aabe3b9000 JavaThread "Unconstrained build operations Thread 57" [_thread_blocked, id=7696, stack(0x000000efbb500000,0x000000efbb600000)]
  0x000002aabe3b5000 JavaThread "Unconstrained build operations Thread 58" [_thread_blocked, id=16344, stack(0x000000efbb600000,0x000000efbb700000)]
  0x000002aabe3b7800 JavaThread "Unconstrained build operations Thread 59" [_thread_blocked, id=18144, stack(0x000000efbb700000,0x000000efbb800000)]
  0x000002aabd3a8000 JavaThread "Unconstrained build operations Thread 60" [_thread_blocked, id=2692, stack(0x000000efbb800000,0x000000efbb900000)]
  0x000002aabd3aa000 JavaThread "Unconstrained build operations Thread 61" [_thread_blocked, id=3120, stack(0x000000efbb900000,0x000000efbba00000)]
  0x000002aabd3a7800 JavaThread "Unconstrained build operations Thread 62" [_thread_blocked, id=17848, stack(0x000000efbba00000,0x000000efbbb00000)]
  0x000002aabd3a4000 JavaThread "Unconstrained build operations Thread 63" [_thread_blocked, id=1456, stack(0x000000efbbb00000,0x000000efbbc00000)]
  0x000002aabd3a6800 JavaThread "Unconstrained build operations Thread 64" [_thread_blocked, id=13184, stack(0x000000efbbc00000,0x000000efbbd00000)]
  0x000002aabd3a6000 JavaThread "Unconstrained build operations Thread 65" [_thread_blocked, id=2324, stack(0x000000efbbd00000,0x000000efbbe00000)]
  0x000002aabd3a9000 JavaThread "Unconstrained build operations Thread 66" [_thread_blocked, id=14672, stack(0x000000efbbe00000,0x000000efbbf00000)]
  0x000002aabd3aa800 JavaThread "Unconstrained build operations Thread 67" [_thread_blocked, id=1640, stack(0x000000efbbf00000,0x000000efbc000000)]
  0x000002aabd3a5000 JavaThread "Unconstrained build operations Thread 68" [_thread_blocked, id=13148, stack(0x000000efbc000000,0x000000efbc100000)]
  0x000002aabd3ae000 JavaThread "Unconstrained build operations Thread 69" [_thread_blocked, id=1236, stack(0x000000efbc100000,0x000000efbc200000)]
  0x000002aabd3ae800 JavaThread "Unconstrained build operations Thread 70" [_thread_blocked, id=9840, stack(0x000000efbc200000,0x000000efbc300000)]
  0x000002aabd3b1000 JavaThread "Unconstrained build operations Thread 71" [_thread_blocked, id=5040, stack(0x000000efbc300000,0x000000efbc400000)]
  0x000002aabd3af800 JavaThread "Unconstrained build operations Thread 72" [_thread_blocked, id=15248, stack(0x000000efbc400000,0x000000efbc500000)]
  0x000002aabd3b0800 JavaThread "Unconstrained build operations Thread 73" [_thread_blocked, id=13000, stack(0x000000efbc500000,0x000000efbc600000)]
  0x000002aabd3ab800 JavaThread "Unconstrained build operations Thread 74" [_thread_blocked, id=9960, stack(0x000000efbc600000,0x000000efbc700000)]
  0x000002aabd3b2000 JavaThread "Unconstrained build operations Thread 75" [_thread_blocked, id=1216, stack(0x000000efbc700000,0x000000efbc800000)]
  0x000002aabd3ac800 JavaThread "Unconstrained build operations Thread 76" [_thread_blocked, id=18120, stack(0x000000efbc800000,0x000000efbc900000)]
  0x000002aabd3b3000 JavaThread "Unconstrained build operations Thread 77" [_thread_blocked, id=6972, stack(0x000000efbc900000,0x000000efbca00000)]
  0x000002aabd3ad000 JavaThread "Unconstrained build operations Thread 78" [_thread_blocked, id=10648, stack(0x000000efbca00000,0x000000efbcb00000)]
  0x000002aabf0c8800 JavaThread "Unconstrained build operations Thread 79" [_thread_blocked, id=6168, stack(0x000000efbcb00000,0x000000efbcc00000)]
  0x000002aabf0c9000 JavaThread "Unconstrained build operations Thread 80" [_thread_blocked, id=16652, stack(0x000000efbcc00000,0x000000efbcd00000)]
  0x000002aabf0ca000 JavaThread "jar transforms Thread 4" [_thread_blocked, id=17844, stack(0x000000efbcd00000,0x000000efbce00000)]
  0x000002aabf0c7800 JavaThread "jar transforms Thread 5" [_thread_blocked, id=8616, stack(0x000000efbce00000,0x000000efbcf00000)]
  0x000002aabf0c4000 JavaThread "jar transforms Thread 6" [_thread_blocked, id=808, stack(0x000000efbcf00000,0x000000efbd000000)]
  0x000002aabf0cb000 JavaThread "jar transforms Thread 7" [_thread_blocked, id=15304, stack(0x000000efbd000000,0x000000efbd100000)]
  0x000002aabf0c5000 JavaThread "jar transforms Thread 8" [_thread_blocked, id=2080, stack(0x000000efbd100000,0x000000efbd200000)]
  0x000002aabf0cb800 JavaThread "Memory manager" [_thread_blocked, id=2412, stack(0x000000efbd200000,0x000000efbd300000)]
  0x000002aabf0cf000 JavaThread "build event listener" [_thread_blocked, id=13916, stack(0x000000efb7000000,0x000000efb7100000)]
  0x000002aabf0d1800 JavaThread "Execution worker for ':'" [_thread_blocked, id=11516, stack(0x000000efbd300000,0x000000efbd400000)]
  0x000002aabf0ce000 JavaThread "Execution worker for ':' Thread 2" [_thread_blocked, id=18220, stack(0x000000efbd400000,0x000000efbd500000)]
  0x000002aabf0cf800 JavaThread "Execution worker for ':' Thread 3" [_thread_blocked, id=4156, stack(0x000000efbd500000,0x000000efbd600000)]
  0x000002aabf0d0800 JavaThread "Execution worker for ':' Thread 4" [_thread_blocked, id=4936, stack(0x000000efbd600000,0x000000efbd700000)]
  0x000002aabf0cd000 JavaThread "Execution worker for ':' Thread 5" [_thread_blocked, id=17296, stack(0x000000efbd700000,0x000000efbd800000)]
  0x000002aabf0d2000 JavaThread "Execution worker for ':' Thread 6" [_thread_blocked, id=4312, stack(0x000000efbd800000,0x000000efbd900000)]
  0x000002aabf0cc800 JavaThread "Execution worker for ':' Thread 7" [_thread_blocked, id=13276, stack(0x000000efbd900000,0x000000efbda00000)]
  0x000002aabf0d3000 JavaThread "Cache worker for execution history cache (D:\FallDetection\.gradle\7.3.3\executionHistory)" [_thread_blocked, id=10140, stack(0x000000efbda00000,0x000000efbdb00000)]
  0x000002aac1a4e000 JavaThread "C2 CompilerThread1" daemon [_thread_blocked, id=12012, stack(0x000000efb6e00000,0x000000efb6f00000)]
  0x000002aac3836000 JavaThread "WorkerExecutor Queue" [_thread_blocked, id=10216, stack(0x000000efbde00000,0x000000efbdf00000)]
  0x000002aac3837800 JavaThread "WorkerExecutor Queue Thread 2" [_thread_blocked, id=9396, stack(0x000000efbdf00000,0x000000efbe000000)]
  0x000002aac3838800 JavaThread "WorkerExecutor Queue Thread 3" [_thread_blocked, id=2184, stack(0x000000efbe000000,0x000000efbe100000)]
  0x000002aac3834800 JavaThread "WorkerExecutor Queue Thread 4" [_thread_blocked, id=3620, stack(0x000000efbe100000,0x000000efbe200000)]
  0x000002aac3837000 JavaThread "WorkerExecutor Queue Thread 5" [_thread_blocked, id=15020, stack(0x000000efbe200000,0x000000efbe300000)]

Other Threads:
=>0x000002aabba11000 VMThread "VM Thread" [stack: 0x000000efb4e00000,0x000000efb4f00000] [id=14800]
  0x000002aabc536800 WatcherThread [stack: 0x000000efb5800000,0x000000efb5900000] [id=14780]
  0x000002aa9f5e8800 GCTaskThread "GC Thread#0" [stack: 0x000000efb4900000,0x000000efb4a00000] [id=10980]
  0x000002aabc950000 GCTaskThread "GC Thread#1" [stack: 0x000000efb5a00000,0x000000efb5b00000] [id=2020]
  0x000002aabd2f0800 GCTaskThread "GC Thread#2" [stack: 0x000000efb5b00000,0x000000efb5c00000] [id=9260]
  0x000002aabf706800 GCTaskThread "GC Thread#3" [stack: 0x000000efb6500000,0x000000efb6600000] [id=17756]
  0x000002aabf6f1800 GCTaskThread "GC Thread#4" [stack: 0x000000efb6600000,0x000000efb6700000] [id=16124]
  0x000002aabdb55800 GCTaskThread "GC Thread#5" [stack: 0x000000efb6700000,0x000000efb6800000] [id=5188]
  0x000002aabe9fb800 GCTaskThread "GC Thread#6" [stack: 0x000000efb6800000,0x000000efb6900000] [id=16484]
  0x000002aabda68800 GCTaskThread "GC Thread#7" [stack: 0x000000efb6900000,0x000000efb6a00000] [id=32]
  0x000002aa9f61a800 ConcurrentGCThread "G1 Main Marker" [stack: 0x000000efb4a00000,0x000000efb4b00000] [id=16748]
  0x000002aa9f61c800 ConcurrentGCThread "G1 Conc#0" [stack: 0x000000efb4b00000,0x000000efb4c00000] [id=8316]
  0x000002aabf204000 ConcurrentGCThread "G1 Conc#1" [stack: 0x000000efb6d00000,0x000000efb6e00000] [id=15612]
  0x000002aabb860800 ConcurrentGCThread "G1 Refine#0" [stack: 0x000000efb4c00000,0x000000efb4d00000] [id=17800]
  0x000002aabf95b800 ConcurrentGCThread "G1 Refine#1" [stack: 0x000000efbdb00000,0x000000efbdc00000] [id=13592]
  0x000002aabf21f800 ConcurrentGCThread "G1 Refine#2" [stack: 0x000000efbdc00000,0x000000efbdd00000] [id=7236]
  0x000002aac0077800 ConcurrentGCThread "G1 Refine#3" [stack: 0x000000efbdd00000,0x000000efbde00000] [id=11832]
  0x000002aabb863000 ConcurrentGCThread "G1 Young RemSet Sampling" [stack: 0x000000efb4d00000,0x000000efb4e00000] [id=7244]

Threads with active compile tasks:
C2 CompilerThread0  16112 11328 %     4       com.android.tools.r8.internal.xa::a @ 191 (4216 bytes)
C2 CompilerThread1  16112 11739 %     4       com.android.tools.r8.internal.xa::a @ 80 (6068 bytes)

VM state:at safepoint (normal execution)

VM Mutex/Monitor currently owned by a thread:  ([mutex/lock_event])
[0x000002aa9f5cb470] Threads_lock - owner thread: 0x000002aabba11000
[0x000002aa9f5ca9c0] Heap_lock - owner thread: 0x000002aabd3b2000

Heap address: 0x0000000080000000, size: 2048 MB, Compressed Oops mode: 32-bit
Narrow klass base: 0x0000000000000000, Narrow klass shift: 3
Compressed class space size: 1073741824 Address: 0x0000000100000000

Heap:
 garbage-first heap   total 349184K, used 150226K [0x0000000080000000, 0x0000000100000000)
  region size 1024K, 6 young (6144K), 6 survivors (6144K)
 Metaspace       used 97386K, capacity 99811K, committed 100216K, reserved 1136640K
  class space    used 12642K, capacity 13585K, committed 13772K, reserved 1048576K
Heap Regions: E=young(eden), S=young(survivor), O=old, HS=humongous(starts), HC=humongous(continues), CS=collection set, F=free, A=archive, TAMS=top-at-mark-start (previous, next)
|   0|0x0000000080000000, 0x0000000080100000, 0x0000000080100000|100%| O|  |TAMS 0x0000000080100000, 0x0000000080000000| Untracked 
|   1|0x0000000080100000, 0x0000000080200000, 0x0000000080200000|100%| O|  |TAMS 0x0000000080200000, 0x0000000080100000| Untracked 
|   2|0x0000000080200000, 0x0000000080300000, 0x0000000080300000|100%| O|  |TAMS 0x0000000080300000, 0x0000000080200000| Untracked 
|   3|0x0000000080300000, 0x0000000080400000, 0x0000000080400000|100%|HS|  |TAMS 0x0000000080400000, 0x0000000080300000| Complete 
|   4|0x0000000080400000, 0x0000000080500000, 0x0000000080500000|100%|HC|  |TAMS 0x0000000080500000, 0x0000000080400000| Complete 
|   5|0x0000000080500000, 0x0000000080600000, 0x0000000080600000|100%|HC|  |TAMS 0x0000000080600000, 0x0000000080500000| Complete 
|   6|0x0000000080600000, 0x0000000080700000, 0x0000000080700000|100%| O|  |TAMS 0x0000000080700000, 0x0000000080600000| Untracked 
|   7|0x0000000080700000, 0x0000000080800000, 0x0000000080800000|100%| O|  |TAMS 0x0000000080800000, 0x0000000080700000| Untracked 
|   8|0x0000000080800000, 0x0000000080900000, 0x0000000080900000|100%| O|  |TAMS 0x0000000080900000, 0x0000000080800000| Untracked 
|   9|0x0000000080900000, 0x0000000080a00000, 0x0000000080a00000|100%| O|  |TAMS 0x0000000080a00000, 0x0000000080900000| Untracked 
|  10|0x0000000080a00000, 0x0000000080b00000, 0x0000000080b00000|100%| O|  |TAMS 0x0000000080b00000, 0x0000000080a00000| Untracked 
|  11|0x0000000080b00000, 0x0000000080c00000, 0x0000000080c00000|100%| O|  |TAMS 0x0000000080c00000, 0x0000000080b00000| Untracked 
|  12|0x0000000080c00000, 0x0000000080d00000, 0x0000000080d00000|100%| O|  |TAMS 0x0000000080d00000, 0x0000000080c00000| Untracked 
|  13|0x0000000080d00000, 0x0000000080e00000, 0x0000000080e00000|100%| O|  |TAMS 0x0000000080e00000, 0x0000000080d00000| Untracked 
|  14|0x0000000080e00000, 0x0000000080f00000, 0x0000000080f00000|100%| O|  |TAMS 0x0000000080f00000, 0x0000000080e00000| Untracked 
|  15|0x0000000080f00000, 0x0000000081000000, 0x0000000081000000|100%| O|  |TAMS 0x0000000081000000, 0x0000000080f00000| Untracked 
|  16|0x0000000081000000, 0x0000000081100000, 0x0000000081100000|100%|HS|  |TAMS 0x0000000081100000, 0x0000000081000000| Complete 
|  17|0x0000000081100000, 0x0000000081200000, 0x0000000081200000|100%| O|  |TAMS 0x0000000081200000, 0x0000000081100000| Untracked 
|  18|0x0000000081200000, 0x0000000081300000, 0x0000000081300000|100%| O|  |TAMS 0x0000000081300000, 0x0000000081200000| Untracked 
|  19|0x0000000081300000, 0x0000000081400000, 0x0000000081400000|100%| O|  |TAMS 0x0000000081400000, 0x0000000081300000| Untracked 
|  20|0x0000000081400000, 0x0000000081500000, 0x0000000081500000|100%| O|  |TAMS 0x0000000081500000, 0x0000000081400000| Untracked 
|  21|0x0000000081500000, 0x0000000081600000, 0x0000000081600000|100%| O|  |TAMS 0x0000000081600000, 0x0000000081500000| Untracked 
|  22|0x0000000081600000, 0x0000000081700000, 0x0000000081700000|100%| O|  |TAMS 0x0000000081700000, 0x0000000081600000| Untracked 
|  23|0x0000000081700000, 0x0000000081800000, 0x0000000081800000|100%| O|  |TAMS 0x0000000081800000, 0x0000000081700000| Untracked 
|  24|0x0000000081800000, 0x0000000081900000, 0x0000000081900000|100%| O|  |TAMS 0x0000000081900000, 0x0000000081800000| Untracked 
|  25|0x0000000081900000, 0x0000000081a00000, 0x0000000081a00000|100%| O|  |TAMS 0x0000000081a00000, 0x0000000081900000| Untracked 
|  26|0x0000000081a00000, 0x0000000081b00000, 0x0000000081b00000|100%| O|  |TAMS 0x0000000081b00000, 0x0000000081a00000| Untracked 
|  27|0x0000000081b00000, 0x0000000081c00000, 0x0000000081c00000|100%| O|  |TAMS 0x0000000081c00000, 0x0000000081b00000| Complete 
|  28|0x0000000081c00000, 0x0000000081d00000, 0x0000000081d00000|100%|HS|  |TAMS 0x0000000081d00000, 0x0000000081c00000| Complete 
|  29|0x0000000081d00000, 0x0000000081e00000, 0x0000000081e00000|100%|HS|  |TAMS 0x0000000081e00000, 0x0000000081d00000| Complete 
|  30|0x0000000081e00000, 0x0000000081f00000, 0x0000000081f00000|100%|HC|  |TAMS 0x0000000081f00000, 0x0000000081e00000| Complete 
|  31|0x0000000081f00000, 0x0000000082000000, 0x0000000082000000|100%| O|  |TAMS 0x0000000082000000, 0x0000000081f00000| Untracked 
|  32|0x0000000082000000, 0x0000000082100000, 0x0000000082100000|100%| O|  |TAMS 0x0000000082100000, 0x0000000082000000| Untracked 
|  33|0x0000000082100000, 0x0000000082200000, 0x0000000082200000|100%| O|  |TAMS 0x0000000082200000, 0x0000000082100000| Complete 
|  34|0x0000000082200000, 0x0000000082300000, 0x0000000082300000|100%| O|  |TAMS 0x0000000082300000, 0x0000000082200000| Untracked 
|  35|0x0000000082300000, 0x0000000082400000, 0x0000000082400000|100%| O|  |TAMS 0x0000000082400000, 0x0000000082300000| Untracked 
|  36|0x0000000082400000, 0x0000000082500000, 0x0000000082500000|100%| O|  |TAMS 0x0000000082500000, 0x0000000082400000| Untracked 
|  37|0x0000000082500000, 0x0000000082600000, 0x0000000082600000|100%| O|  |TAMS 0x0000000082600000, 0x0000000082500000| Untracked 
|  38|0x0000000082600000, 0x0000000082700000, 0x0000000082700000|100%| O|  |TAMS 0x0000000082700000, 0x0000000082600000| Untracked 
|  39|0x0000000082700000, 0x0000000082800000, 0x0000000082800000|100%| O|  |TAMS 0x0000000082800000, 0x0000000082700000| Untracked 
|  40|0x0000000082800000, 0x0000000082900000, 0x0000000082900000|100%| O|  |TAMS 0x0000000082900000, 0x0000000082800000| Complete 
|  41|0x0000000082900000, 0x0000000082a00000, 0x0000000082a00000|100%| O|  |TAMS 0x0000000082a00000, 0x0000000082900000| Complete 
|  42|0x0000000082a00000, 0x0000000082b00000, 0x0000000082b00000|100%| O|  |TAMS 0x0000000082b00000, 0x0000000082a00000| Untracked 
|  43|0x0000000082b00000, 0x0000000082c00000, 0x0000000082c00000|100%| O|  |TAMS 0x0000000082c00000, 0x0000000082b00000| Untracked 
|  44|0x0000000082c00000, 0x0000000082d00000, 0x0000000082d00000|100%| O|  |TAMS 0x0000000082d00000, 0x0000000082c00000| Complete 
|  45|0x0000000082d00000, 0x0000000082e00000, 0x0000000082e00000|100%| O|  |TAMS 0x0000000082e00000, 0x0000000082d00000| Untracked 
|  46|0x0000000082e00000, 0x0000000082f00000, 0x0000000082f00000|100%| O|  |TAMS 0x0000000082f00000, 0x0000000082e00000| Untracked 
|  47|0x0000000082f00000, 0x0000000083000000, 0x0000000083000000|100%| O|  |TAMS 0x0000000083000000, 0x0000000082f00000| Untracked 
|  48|0x0000000083000000, 0x0000000083100000, 0x0000000083100000|100%| O|  |TAMS 0x0000000083100000, 0x0000000083000000| Untracked 
|  49|0x0000000083100000, 0x0000000083200000, 0x0000000083200000|100%| O|  |TAMS 0x0000000083200000, 0x0000000083100000| Untracked 
|  50|0x0000000083200000, 0x0000000083300000, 0x0000000083300000|100%| O|  |TAMS 0x0000000083300000, 0x0000000083200000| Complete 
|  51|0x0000000083300000, 0x0000000083400000, 0x0000000083400000|100%| O|  |TAMS 0x0000000083400000, 0x0000000083300000| Untracked 
|  52|0x0000000083400000, 0x0000000083500000, 0x0000000083500000|100%| O|  |TAMS 0x0000000083500000, 0x0000000083400000| Untracked 
|  53|0x0000000083500000, 0x0000000083600000, 0x0000000083600000|100%| O|  |TAMS 0x0000000083600000, 0x0000000083500000| Untracked 
|  54|0x0000000083600000, 0x0000000083700000, 0x0000000083700000|100%| O|  |TAMS 0x0000000083700000, 0x0000000083600000| Complete 
|  55|0x0000000083700000, 0x0000000083800000, 0x0000000083800000|100%| O|  |TAMS 0x0000000083800000, 0x0000000083700000| Untracked 
|  56|0x0000000083800000, 0x0000000083900000, 0x0000000083900000|100%| O|  |TAMS 0x0000000083900000, 0x0000000083800000| Untracked 
|  57|0x0000000083900000, 0x0000000083a00000, 0x0000000083a00000|100%| O|  |TAMS 0x0000000083a00000, 0x0000000083900000| Untracked 
|  58|0x0000000083a00000, 0x0000000083b00000, 0x0000000083b00000|100%| O|  |TAMS 0x0000000083b00000, 0x0000000083a00000| Untracked 
|  59|0x0000000083b00000, 0x0000000083c00000, 0x0000000083c00000|100%| O|  |TAMS 0x0000000083c00000, 0x0000000083b00000| Untracked 
|  60|0x0000000083c00000, 0x0000000083d00000, 0x0000000083d00000|100%| O|  |TAMS 0x0000000083d00000, 0x0000000083c00000| Untracked 
|  61|0x0000000083d00000, 0x0000000083e00000, 0x0000000083e00000|100%| O|  |TAMS 0x0000000083e00000, 0x0000000083d00000| Untracked 
|  62|0x0000000083e00000, 0x0000000083f00000, 0x0000000083f00000|100%| O|  |TAMS 0x0000000083f00000, 0x0000000083e00000| Untracked 
|  63|0x0000000083f00000, 0x0000000084000000, 0x0000000084000000|100%| O|  |TAMS 0x0000000084000000, 0x0000000083f00000| Untracked 
|  64|0x0000000084000000, 0x0000000084100000, 0x0000000084100000|100%| O|  |TAMS 0x0000000084100000, 0x0000000084000000| Untracked 
|  65|0x0000000084100000, 0x0000000084200000, 0x0000000084200000|100%| O|  |TAMS 0x0000000084200000, 0x0000000084100000| Untracked 
|  66|0x0000000084200000, 0x0000000084300000, 0x0000000084300000|100%| O|  |TAMS 0x0000000084300000, 0x0000000084200000| Complete 
|  67|0x0000000084300000, 0x0000000084400000, 0x0000000084400000|100%| O|  |TAMS 0x0000000084400000, 0x0000000084300000| Untracked 
|  68|0x0000000084400000, 0x0000000084500000, 0x0000000084500000|100%| O|  |TAMS 0x0000000084500000, 0x0000000084400000| Complete 
|  69|0x0000000084500000, 0x0000000084600000, 0x0000000084600000|100%| O|  |TAMS 0x0000000084600000, 0x0000000084500000| Complete 
|  70|0x0000000084600000, 0x0000000084700000, 0x0000000084700000|100%| O|  |TAMS 0x0000000084700000, 0x0000000084600000| Complete 
|  71|0x0000000084700000, 0x0000000084800000, 0x0000000084800000|100%| O|  |TAMS 0x0000000084800000, 0x0000000084700000| Untracked 
|  72|0x0000000084800000, 0x0000000084900000, 0x0000000084900000|100%| O|  |TAMS 0x0000000084900000, 0x0000000084800000| Untracked 
|  73|0x0000000084900000, 0x0000000084a00000, 0x0000000084a00000|100%| O|  |TAMS 0x0000000084a00000, 0x0000000084900000| Complete 
|  74|0x0000000084a00000, 0x0000000084b00000, 0x0000000084b00000|100%| O|  |TAMS 0x0000000084b00000, 0x0000000084a00000| Complete 
|  75|0x0000000084b00000, 0x0000000084c00000, 0x0000000084c00000|100%| O|  |TAMS 0x0000000084c00000, 0x0000000084b00000| Complete 
|  76|0x0000000084c00000, 0x0000000084d00000, 0x0000000084d00000|100%| O|  |TAMS 0x0000000084d00000, 0x0000000084c00000| Complete 
|  77|0x0000000084d00000, 0x0000000084e00000, 0x0000000084e00000|100%| O|  |TAMS 0x0000000084e00000, 0x0000000084d00000| Complete 
|  78|0x0000000084e00000, 0x0000000084f00000, 0x0000000084f00000|100%| O|  |TAMS 0x0000000084f00000, 0x0000000084e00000| Untracked 
|  79|0x0000000084f00000, 0x0000000085000000, 0x0000000085000000|100%| O|  |TAMS 0x0000000085000000, 0x0000000084f00000| Untracked 
|  80|0x0000000085000000, 0x0000000085100000, 0x0000000085100000|100%| O|  |TAMS 0x0000000085100000, 0x0000000085000000| Untracked 
|  81|0x0000000085100000, 0x0000000085200000, 0x0000000085200000|100%| O|  |TAMS 0x0000000085200000, 0x0000000085100000| Complete 
|  82|0x0000000085200000, 0x0000000085300000, 0x0000000085300000|100%| O|  |TAMS 0x0000000085300000, 0x0000000085200000| Untracked 
|  83|0x0000000085300000, 0x0000000085400000, 0x0000000085400000|100%| O|  |TAMS 0x0000000085400000, 0x0000000085300000| Complete 
|  84|0x0000000085400000, 0x0000000085500000, 0x0000000085500000|100%| O|  |TAMS 0x0000000085500000, 0x0000000085400000| Complete 
|  85|0x0000000085500000, 0x0000000085600000, 0x0000000085600000|100%| O|  |TAMS 0x0000000085600000, 0x0000000085500000| Complete 
|  86|0x0000000085600000, 0x0000000085700000, 0x0000000085700000|100%| O|  |TAMS 0x0000000085700000, 0x0000000085600000| Complete 
|  87|0x0000000085700000, 0x0000000085800000, 0x0000000085800000|100%| O|  |TAMS 0x0000000085800000, 0x0000000085700000| Complete 
|  88|0x0000000085800000, 0x0000000085900000, 0x0000000085900000|100%| O|  |TAMS 0x0000000085900000, 0x0000000085800000| Complete 
|  89|0x0000000085900000, 0x0000000085a00000, 0x0000000085a00000|100%| O|  |TAMS 0x0000000085a00000, 0x0000000085900000| Untracked 
|  90|0x0000000085a00000, 0x0000000085b00000, 0x0000000085b00000|100%| O|  |TAMS 0x0000000085b00000, 0x0000000085a00000| Complete 
|  91|0x0000000085b00000, 0x0000000085c00000, 0x0000000085c00000|100%| O|  |TAMS 0x0000000085c00000, 0x0000000085b00000| Untracked 
|  92|0x0000000085c00000, 0x0000000085d00000, 0x0000000085d00000|100%| O|  |TAMS 0x0000000085d00000, 0x0000000085c00000| Untracked 
|  93|0x0000000085d00000, 0x0000000085e00000, 0x0000000085e00000|100%| O|  |TAMS 0x0000000085e00000, 0x0000000085d00000| Complete 
|  94|0x0000000085e00000, 0x0000000085f00000, 0x0000000085f00000|100%| O|  |TAMS 0x0000000085f00000, 0x0000000085e00000| Complete 
|  95|0x0000000085f00000, 0x0000000086000000, 0x0000000086000000|100%| O|  |TAMS 0x0000000086000000, 0x0000000085f00000| Untracked 
|  96|0x0000000086000000, 0x0000000086100000, 0x0000000086100000|100%| O|  |TAMS 0x0000000086100000, 0x0000000086000000| Complete 
|  97|0x0000000086100000, 0x0000000086200000, 0x0000000086200000|100%| O|  |TAMS 0x0000000086200000, 0x0000000086100000| Complete 
|  98|0x0000000086200000, 0x0000000086300000, 0x0000000086300000|100%| O|  |TAMS 0x0000000086300000, 0x0000000086200000| Complete 
|  99|0x0000000086300000, 0x0000000086400000, 0x0000000086400000|100%| O|  |TAMS 0x0000000086400000, 0x0000000086300000| Untracked 
| 100|0x0000000086400000, 0x0000000086500000, 0x0000000086500000|100%| O|  |TAMS 0x0000000086500000, 0x0000000086400000| Complete 
| 101|0x0000000086500000, 0x0000000086600000, 0x0000000086600000|100%| O|  |TAMS 0x0000000086600000, 0x0000000086500000| Complete 
| 102|0x0000000086600000, 0x0000000086700000, 0x0000000086700000|100%| O|  |TAMS 0x0000000086700000, 0x0000000086600000| Complete 
| 103|0x0000000086700000, 0x0000000086800000, 0x0000000086800000|100%| O|  |TAMS 0x0000000086800000, 0x0000000086700000| Untracked 
| 104|0x0000000086800000, 0x0000000086900000, 0x0000000086900000|100%| O|  |TAMS 0x0000000086900000, 0x0000000086800000| Untracked 
| 105|0x0000000086900000, 0x0000000086a00000, 0x0000000086a00000|100%| O|  |TAMS 0x0000000086a00000, 0x0000000086900000| Untracked 
| 106|0x0000000086a00000, 0x0000000086b00000, 0x0000000086b00000|100%| O|  |TAMS 0x0000000086b00000, 0x0000000086a00000| Untracked 
| 107|0x0000000086b00000, 0x0000000086c00000, 0x0000000086c00000|100%| O|  |TAMS 0x0000000086c00000, 0x0000000086b00000| Complete 
| 108|0x0000000086c00000, 0x0000000086d00000, 0x0000000086d00000|100%| O|  |TAMS 0x0000000086d00000, 0x0000000086c00000| Untracked 
| 109|0x0000000086d00000, 0x0000000086e00000, 0x0000000086e00000|100%| O|  |TAMS 0x0000000086e00000, 0x0000000086d00000| Untracked 
| 110|0x0000000086e00000, 0x0000000086f00000, 0x0000000086f00000|100%| O|  |TAMS 0x0000000086f00000, 0x0000000086e00000| Untracked 
| 111|0x0000000086f00000, 0x0000000087000000, 0x0000000087000000|100%| O|  |TAMS 0x0000000087000000, 0x0000000086f00000| Untracked 
| 112|0x0000000087000000, 0x0000000087100000, 0x0000000087100000|100%| O|  |TAMS 0x0000000087100000, 0x0000000087000000| Untracked 
| 113|0x0000000087100000, 0x0000000087200000, 0x0000000087200000|100%| O|  |TAMS 0x0000000087200000, 0x0000000087100000| Untracked 
| 114|0x0000000087200000, 0x0000000087300000, 0x0000000087300000|100%| O|  |TAMS 0x0000000087300000, 0x0000000087200000| Untracked 
| 115|0x0000000087300000, 0x0000000087400000, 0x0000000087400000|100%| O|  |TAMS 0x0000000087400000, 0x0000000087300000| Complete 
| 116|0x0000000087400000, 0x0000000087500000, 0x0000000087500000|100%| O|  |TAMS 0x0000000087500000, 0x0000000087400000| Untracked 
| 117|0x0000000087500000, 0x0000000087600000, 0x0000000087600000|100%| O|  |TAMS 0x0000000087600000, 0x0000000087500000| Untracked 
| 118|0x0000000087600000, 0x0000000087700000, 0x0000000087700000|100%| O|  |TAMS 0x0000000087700000, 0x0000000087600000| Untracked 
| 119|0x0000000087700000, 0x0000000087800000, 0x0000000087800000|100%| O|  |TAMS 0x0000000087800000, 0x0000000087700000| Untracked 
| 120|0x0000000087800000, 0x0000000087900000, 0x0000000087900000|100%| O|  |TAMS 0x0000000087900000, 0x0000000087800000| Complete 
| 121|0x0000000087900000, 0x0000000087a00000, 0x0000000087a00000|100%| O|  |TAMS 0x0000000087a00000, 0x0000000087900000| Complete 
| 122|0x0000000087a00000, 0x0000000087b00000, 0x0000000087b00000|100%| O|  |TAMS 0x0000000087b00000, 0x0000000087a00000| Untracked 
| 123|0x0000000087b00000, 0x0000000087c00000, 0x0000000087c00000|100%| O|  |TAMS 0x0000000087c00000, 0x0000000087b00000| Untracked 
| 124|0x0000000087c00000, 0x0000000087d00000, 0x0000000087d00000|100%| O|  |TAMS 0x0000000087d00000, 0x0000000087c00000| Untracked 
| 125|0x0000000087d00000, 0x0000000087e00000, 0x0000000087e00000|100%| O|  |TAMS 0x0000000087e00000, 0x0000000087d00000| Untracked 
| 126|0x0000000087e00000, 0x0000000087f00000, 0x0000000087f00000|100%| O|  |TAMS 0x0000000087f00000, 0x0000000087e00000| Complete 
| 127|0x0000000087f00000, 0x0000000088000000, 0x0000000088000000|100%| O|  |TAMS 0x0000000087f40e00, 0x0000000087f00000| Complete 
| 128|0x0000000088000000, 0x0000000088100000, 0x0000000088100000|100%| O|  |TAMS 0x0000000088000000, 0x0000000088000000| Untracked 
| 129|0x0000000088100000, 0x0000000088200000, 0x0000000088200000|100%| O|  |TAMS 0x0000000088100000, 0x0000000088100000| Untracked 
| 130|0x0000000088200000, 0x0000000088300000, 0x0000000088300000|100%| O|  |TAMS 0x0000000088200000, 0x0000000088200000| Untracked 
| 131|0x0000000088300000, 0x0000000088400000, 0x0000000088400000|100%| O|  |TAMS 0x0000000088300000, 0x0000000088300000| Untracked 
| 132|0x0000000088400000, 0x0000000088500000, 0x0000000088500000|100%| O|  |TAMS 0x0000000088400000, 0x0000000088400000| Untracked 
| 133|0x0000000088500000, 0x0000000088600000, 0x0000000088600000|100%| O|  |TAMS 0x0000000088500000, 0x0000000088500000| Untracked 
| 134|0x0000000088600000, 0x0000000088700000, 0x0000000088700000|100%| O|  |TAMS 0x0000000088600000, 0x0000000088600000| Untracked 
| 135|0x0000000088700000, 0x0000000088800000, 0x0000000088800000|100%| O|  |TAMS 0x0000000088700000, 0x0000000088700000| Untracked 
| 136|0x0000000088800000, 0x0000000088900000, 0x0000000088900000|100%| O|  |TAMS 0x0000000088800000, 0x0000000088800000| Untracked 
| 137|0x0000000088900000, 0x0000000088a00000, 0x0000000088a00000|100%| O|  |TAMS 0x0000000088900000, 0x0000000088900000| Untracked 
| 138|0x0000000088a00000, 0x0000000088b00000, 0x0000000088b00000|100%| O|  |TAMS 0x0000000088a00000, 0x0000000088a00000| Untracked 
| 139|0x0000000088b00000, 0x0000000088c00000, 0x0000000088c00000|100%| O|  |TAMS 0x0000000088b00000, 0x0000000088b00000| Untracked 
| 140|0x0000000088c00000, 0x0000000088cb4a00, 0x0000000088d00000| 70%| O|  |TAMS 0x0000000088c00000, 0x0000000088c00000| Untracked 
| 141|0x0000000088d00000, 0x0000000088d00000, 0x0000000088e00000|  0%| F|  |TAMS 0x0000000088d00000, 0x0000000088d00000| Untracked 
| 142|0x0000000088e00000, 0x0000000088e00000, 0x0000000088f00000|  0%| F|  |TAMS 0x0000000088e00000, 0x0000000088e00000| Untracked 
| 143|0x0000000088f00000, 0x0000000088f00000, 0x0000000089000000|  0%| F|  |TAMS 0x0000000088f00000, 0x0000000088f00000| Untracked 
| 144|0x0000000089000000, 0x0000000089000000, 0x0000000089100000|  0%| F|  |TAMS 0x0000000089000000, 0x0000000089000000| Untracked 
| 145|0x0000000089100000, 0x0000000089100000, 0x0000000089200000|  0%| F|  |TAMS 0x0000000089100000, 0x0000000089100000| Untracked 
| 146|0x0000000089200000, 0x0000000089200000, 0x0000000089300000|  0%| F|  |TAMS 0x0000000089200000, 0x0000000089200000| Untracked 
| 147|0x0000000089300000, 0x0000000089300000, 0x0000000089400000|  0%| F|  |TAMS 0x0000000089300000, 0x0000000089300000| Untracked 
| 148|0x0000000089400000, 0x0000000089400000, 0x0000000089500000|  0%| F|  |TAMS 0x0000000089400000, 0x0000000089400000| Untracked 
| 149|0x0000000089500000, 0x0000000089500000, 0x0000000089600000|  0%| F|  |TAMS 0x0000000089500000, 0x0000000089500000| Untracked 
| 150|0x0000000089600000, 0x0000000089600000, 0x0000000089700000|  0%| F|  |TAMS 0x0000000089600000, 0x0000000089600000| Untracked 
| 151|0x0000000089700000, 0x0000000089700000, 0x0000000089800000|  0%| F|  |TAMS 0x0000000089700000, 0x0000000089700000| Untracked 
| 152|0x0000000089800000, 0x0000000089800000, 0x0000000089900000|  0%| F|  |TAMS 0x0000000089800000, 0x0000000089800000| Untracked 
| 153|0x0000000089900000, 0x0000000089900000, 0x0000000089a00000|  0%| F|  |TAMS 0x0000000089900000, 0x0000000089900000| Untracked 
| 154|0x0000000089a00000, 0x0000000089a00000, 0x0000000089b00000|  0%| F|  |TAMS 0x0000000089a00000, 0x0000000089a00000| Untracked 
| 155|0x0000000089b00000, 0x0000000089b00000, 0x0000000089c00000|  0%| F|  |TAMS 0x0000000089b00000, 0x0000000089b00000| Untracked 
| 156|0x0000000089c00000, 0x0000000089c00000, 0x0000000089d00000|  0%| F|  |TAMS 0x0000000089c00000, 0x0000000089c00000| Untracked 
| 157|0x0000000089d00000, 0x0000000089d00000, 0x0000000089e00000|  0%| F|  |TAMS 0x0000000089d00000, 0x0000000089d00000| Untracked 
| 158|0x0000000089e00000, 0x0000000089e00000, 0x0000000089f00000|  0%| F|  |TAMS 0x0000000089e00000, 0x0000000089e00000| Untracked 
| 159|0x0000000089f00000, 0x0000000089f00000, 0x000000008a000000|  0%| F|  |TAMS 0x0000000089f00000, 0x0000000089f00000| Untracked 
| 160|0x000000008a000000, 0x000000008a000000, 0x000000008a100000|  0%| F|  |TAMS 0x000000008a000000, 0x000000008a000000| Untracked 
| 161|0x000000008a100000, 0x000000008a100000, 0x000000008a200000|  0%| F|  |TAMS 0x000000008a100000, 0x000000008a100000| Untracked 
| 162|0x000000008a200000, 0x000000008a200000, 0x000000008a300000|  0%| F|  |TAMS 0x000000008a200000, 0x000000008a200000| Untracked 
| 163|0x000000008a300000, 0x000000008a300000, 0x000000008a400000|  0%| F|  |TAMS 0x000000008a300000, 0x000000008a300000| Untracked 
| 164|0x000000008a400000, 0x000000008a400000, 0x000000008a500000|  0%| F|  |TAMS 0x000000008a400000, 0x000000008a400000| Untracked 
| 165|0x000000008a500000, 0x000000008a500000, 0x000000008a600000|  0%| F|  |TAMS 0x000000008a500000, 0x000000008a500000| Untracked 
| 166|0x000000008a600000, 0x000000008a600000, 0x000000008a700000|  0%| F|  |TAMS 0x000000008a600000, 0x000000008a600000| Untracked 
| 167|0x000000008a700000, 0x000000008a700000, 0x000000008a800000|  0%| F|  |TAMS 0x000000008a700000, 0x000000008a700000| Untracked 
| 168|0x000000008a800000, 0x000000008a800000, 0x000000008a900000|  0%| F|  |TAMS 0x000000008a800000, 0x000000008a800000| Untracked 
| 169|0x000000008a900000, 0x000000008a900000, 0x000000008aa00000|  0%| F|  |TAMS 0x000000008a900000, 0x000000008a900000| Untracked 
| 170|0x000000008aa00000, 0x000000008aa00000, 0x000000008ab00000|  0%| F|  |TAMS 0x000000008aa00000, 0x000000008aa00000| Untracked 
| 171|0x000000008ab00000, 0x000000008ab00000, 0x000000008ac00000|  0%| F|  |TAMS 0x000000008ab00000, 0x000000008ab00000| Untracked 
| 172|0x000000008ac00000, 0x000000008ac00000, 0x000000008ad00000|  0%| F|  |TAMS 0x000000008ac00000, 0x000000008ac00000| Untracked 
| 173|0x000000008ad00000, 0x000000008ad00000, 0x000000008ae00000|  0%| F|  |TAMS 0x000000008ad00000, 0x000000008ad00000| Untracked 
| 174|0x000000008ae00000, 0x000000008ae00000, 0x000000008af00000|  0%| F|  |TAMS 0x000000008ae00000, 0x000000008ae00000| Untracked 
| 175|0x000000008af00000, 0x000000008b000000, 0x000000008b000000|100%| S|CS|TAMS 0x000000008af00000, 0x000000008af00000| Complete 
| 176|0x000000008b000000, 0x000000008b100000, 0x000000008b100000|100%| S|CS|TAMS 0x000000008b000000, 0x000000008b000000| Complete 
| 177|0x000000008b100000, 0x000000008b200000, 0x000000008b200000|100%| S|CS|TAMS 0x000000008b100000, 0x000000008b100000| Complete 
| 178|0x000000008b200000, 0x000000008b200000, 0x000000008b300000|  0%| F|  |TAMS 0x000000008b200000, 0x000000008b200000| Untracked 
| 179|0x000000008b300000, 0x000000008b300000, 0x000000008b400000|  0%| F|  |TAMS 0x000000008b300000, 0x000000008b300000| Untracked 
| 180|0x000000008b400000, 0x000000008b400000, 0x000000008b500000|  0%| F|  |TAMS 0x000000008b400000, 0x000000008b400000| Untracked 
| 181|0x000000008b500000, 0x000000008b500000, 0x000000008b600000|  0%| F|  |TAMS 0x000000008b500000, 0x000000008b500000| Untracked 
| 182|0x000000008b600000, 0x000000008b700000, 0x000000008b700000|100%| S|CS|TAMS 0x000000008b600000, 0x000000008b600000| Complete 
| 183|0x000000008b700000, 0x000000008b800000, 0x000000008b800000|100%| S|CS|TAMS 0x000000008b700000, 0x000000008b700000| Complete 
| 184|0x000000008b800000, 0x000000008b900000, 0x000000008b900000|100%| S|CS|TAMS 0x000000008b800000, 0x000000008b800000| Complete 
| 185|0x000000008b900000, 0x000000008b900000, 0x000000008ba00000|  0%| F|  |TAMS 0x000000008b900000, 0x000000008b900000| Untracked 
| 186|0x000000008ba00000, 0x000000008ba00000, 0x000000008bb00000|  0%| F|  |TAMS 0x000000008ba00000, 0x000000008ba00000| Untracked 
| 187|0x000000008bb00000, 0x000000008bb00000, 0x000000008bc00000|  0%| F|  |TAMS 0x000000008bb00000, 0x000000008bb00000| Untracked 
| 188|0x000000008bc00000, 0x000000008bc00000, 0x000000008bd00000|  0%| F|  |TAMS 0x000000008bc00000, 0x000000008bc00000| Untracked 
| 189|0x000000008bd00000, 0x000000008bd00000, 0x000000008be00000|  0%| F|  |TAMS 0x000000008bd00000, 0x000000008bd00000| Untracked 
| 190|0x000000008be00000, 0x000000008be00000, 0x000000008bf00000|  0%| F|  |TAMS 0x000000008be00000, 0x000000008be00000| Untracked 
| 191|0x000000008bf00000, 0x000000008bf00000, 0x000000008c000000|  0%| F|  |TAMS 0x000000008bf00000, 0x000000008bf00000| Untracked 
| 192|0x000000008c000000, 0x000000008c000000, 0x000000008c100000|  0%| F|  |TAMS 0x000000008c000000, 0x000000008c000000| Untracked 
| 193|0x000000008c100000, 0x000000008c100000, 0x000000008c200000|  0%| F|  |TAMS 0x000000008c100000, 0x000000008c100000| Untracked 
| 194|0x000000008c200000, 0x000000008c200000, 0x000000008c300000|  0%| F|  |TAMS 0x000000008c200000, 0x000000008c200000| Untracked 
| 195|0x000000008c300000, 0x000000008c300000, 0x000000008c400000|  0%| F|  |TAMS 0x000000008c300000, 0x000000008c300000| Untracked 
| 196|0x000000008c400000, 0x000000008c400000, 0x000000008c500000|  0%| F|  |TAMS 0x000000008c400000, 0x000000008c400000| Untracked 
| 197|0x000000008c500000, 0x000000008c500000, 0x000000008c600000|  0%| F|  |TAMS 0x000000008c500000, 0x000000008c500000| Untracked 
| 198|0x000000008c600000, 0x000000008c600000, 0x000000008c700000|  0%| F|  |TAMS 0x000000008c600000, 0x000000008c600000| Untracked 
| 199|0x000000008c700000, 0x000000008c700000, 0x000000008c800000|  0%| F|  |TAMS 0x000000008c700000, 0x000000008c700000| Untracked 
| 200|0x000000008c800000, 0x000000008c800000, 0x000000008c900000|  0%| F|  |TAMS 0x000000008c800000, 0x000000008c800000| Untracked 
| 201|0x000000008c900000, 0x000000008c900000, 0x000000008ca00000|  0%| F|  |TAMS 0x000000008c900000, 0x000000008c900000| Untracked 
| 202|0x000000008ca00000, 0x000000008ca00000, 0x000000008cb00000|  0%| F|  |TAMS 0x000000008ca00000, 0x000000008ca00000| Untracked 
| 203|0x000000008cb00000, 0x000000008cb00000, 0x000000008cc00000|  0%| F|  |TAMS 0x000000008cb00000, 0x000000008cb00000| Untracked 
| 204|0x000000008cc00000, 0x000000008cc00000, 0x000000008cd00000|  0%| F|  |TAMS 0x000000008cc00000, 0x000000008cc00000| Untracked 
| 205|0x000000008cd00000, 0x000000008cd00000, 0x000000008ce00000|  0%| F|  |TAMS 0x000000008cd00000, 0x000000008cd00000| Untracked 
| 206|0x000000008ce00000, 0x000000008ce00000, 0x000000008cf00000|  0%| F|  |TAMS 0x000000008ce00000, 0x000000008ce00000| Untracked 
| 207|0x000000008cf00000, 0x000000008cf00000, 0x000000008d000000|  0%| F|  |TAMS 0x000000008cf00000, 0x000000008cf00000| Untracked 
| 208|0x000000008d000000, 0x000000008d000000, 0x000000008d100000|  0%| F|  |TAMS 0x000000008d000000, 0x000000008d000000| Untracked 
| 209|0x000000008d100000, 0x000000008d100000, 0x000000008d200000|  0%| F|  |TAMS 0x000000008d100000, 0x000000008d100000| Untracked 
| 210|0x000000008d200000, 0x000000008d200000, 0x000000008d300000|  0%| F|  |TAMS 0x000000008d200000, 0x000000008d200000| Untracked 
| 211|0x000000008d300000, 0x000000008d300000, 0x000000008d400000|  0%| F|  |TAMS 0x000000008d300000, 0x000000008d300000| Untracked 
| 212|0x000000008d400000, 0x000000008d400000, 0x000000008d500000|  0%| F|  |TAMS 0x000000008d400000, 0x000000008d400000| Untracked 
| 213|0x000000008d500000, 0x000000008d500000, 0x000000008d600000|  0%| F|  |TAMS 0x000000008d500000, 0x000000008d500000| Untracked 
| 214|0x000000008d600000, 0x000000008d600000, 0x000000008d700000|  0%| F|  |TAMS 0x000000008d600000, 0x000000008d600000| Untracked 
| 215|0x000000008d700000, 0x000000008d700000, 0x000000008d800000|  0%| F|  |TAMS 0x000000008d700000, 0x000000008d700000| Untracked 
| 216|0x000000008d800000, 0x000000008d800000, 0x000000008d900000|  0%| F|  |TAMS 0x000000008d800000, 0x000000008d800000| Untracked 
| 217|0x000000008d900000, 0x000000008d900000, 0x000000008da00000|  0%| F|  |TAMS 0x000000008d900000, 0x000000008d900000| Untracked 
| 218|0x000000008da00000, 0x000000008da00000, 0x000000008db00000|  0%| F|  |TAMS 0x000000008da00000, 0x000000008da00000| Untracked 
| 219|0x000000008db00000, 0x000000008db00000, 0x000000008dc00000|  0%| F|  |TAMS 0x000000008db00000, 0x000000008db00000| Untracked 

Card table byte_map: [0x000002aab4730000,0x000002aab4b30000] _byte_map_base: 0x000002aab4330000

Marking Bits (Prev, Next): (CMBitMap*) 0x000002aa9f610a88, (CMBitMap*) 0x000002aa9f610ac0
 Prev Bits: [0x000002aab4f30000, 0x000002aab6f30000)
 Next Bits: [0x000002aab6f30000, 0x000002aab8f30000)

Polling page: 0x000002aa9f6b0000

Metaspace:

Usage:
  Non-class:     84.21 MB capacity,    82.76 MB ( 98%) used,     1.17 MB (  1%) free+waste,   281.63 KB ( <1%) overhead. 
      Class:     13.27 MB capacity,    12.35 MB ( 93%) used,   813.22 KB (  6%) free+waste,   129.19 KB ( <1%) overhead. 
       Both:     97.47 MB capacity,    95.10 MB ( 98%) used,     1.97 MB (  2%) free+waste,   410.81 KB ( <1%) overhead. 

Virtual space:
  Non-class space:       86.00 MB reserved,      84.42 MB ( 98%) committed 
      Class space:        1.00 GB reserved,      13.45 MB (  1%) committed 
             Both:        1.08 GB reserved,      97.87 MB (  9%) committed 

Chunk freelists:
   Non-Class:  218.00 KB
       Class:  143.00 KB
        Both:  361.00 KB

MaxMetaspaceSize: 17179869184.00 GB
CompressedClassSpaceSize: 1.00 GB
Initial GC threshold: 20.80 MB
Current GC threshold: 163.11 MB
CDS: off

CodeHeap 'non-profiled nmethods': size=120000Kb used=7266Kb max_used=7266Kb free=112733Kb
 bounds [0x000002aaac3a0000, 0x000002aaacac0000, 0x000002aab38d0000]
CodeHeap 'profiled nmethods': size=120000Kb used=25816Kb max_used=25816Kb free=94183Kb
 bounds [0x000002aaa4e70000, 0x000002aaa67b0000, 0x000002aaac3a0000]
CodeHeap 'non-nmethods': size=5760Kb used=2411Kb max_used=2471Kb free=3349Kb
 bounds [0x000002aaa48d0000, 0x000002aaa4b40000, 0x000002aaa4e70000]
 total_blobs=12547 nmethods=11626 adapters=833
 compilation: enabled
              stopped_count=0, restarted_count=0
 full_count=0

Compilation events (20 events):
Event: 16.036 Thread 0x000002aabba33000 11806       2       java.lang.Character::toString (5 bytes)
Event: 16.036 Thread 0x000002aabba33000 nmethod 11806 0x000002aaa679f190 code [0x000002aaa679f340, 0x000002aaa679f428]
Event: 16.036 Thread 0x000002aabba33000 11808       3       com.android.tools.r8.internal.le::e (297 bytes)
Event: 16.039 Thread 0x000002aabba33000 nmethod 11808 0x000002aaa679f510 code [0x000002aaa679f9a0, 0x000002aaa67a20d8]
Event: 16.039 Thread 0x000002aabba33000 11801       2       com.android.tools.r8.internal.XJ::b (4 bytes)
Event: 16.039 Thread 0x000002aabba33000 nmethod 11801 0x000002aaa67a2e90 code [0x000002aaa67a3040, 0x000002aaa67a3118]
Event: 16.039 Thread 0x000002aabba33000 11800       2       com.android.tools.r8.ir.conversion.r$$Lambda$1558/0x0000000100ce5c40::accept (16 bytes)
Event: 16.040 Thread 0x000002aabba33000 nmethod 11800 0x000002aaa67a3190 code [0x000002aaa67a3380, 0x000002aaa67a38d8]
Event: 16.040 Thread 0x000002aabba33000 11803       2       com.android.tools.r8.internal.YG::<init> (6 bytes)
Event: 16.041 Thread 0x000002aabba33000 nmethod 11803 0x000002aaa67a3c10 code [0x000002aaa67a3dc0, 0x000002aaa67a3ec8]
Event: 16.041 Thread 0x000002aabba33000 11804       2       com.android.tools.r8.internal.YG::<init> (41 bytes)
Event: 16.041 Thread 0x000002aabba33000 nmethod 11804 0x000002aaa67a3f90 code [0x000002aaa67a4140, 0x000002aaa67a42b8]
Event: 16.042 Thread 0x000002aabba33000 11809       2       com.android.tools.r8.graph.L2$$Lambda$1406/0x0000000100ce7840::<init> (15 bytes)
Event: 16.043 Thread 0x000002aabba33000 nmethod 11809 0x000002aaa67a4390 code [0x000002aaa67a4540, 0x000002aaa67a46d8]
Event: 16.053 Thread 0x000002aabba33000 11811       2       com.android.tools.r8.internal.u6::<init> (151 bytes)
Event: 16.055 Thread 0x000002aabba33000 nmethod 11811 0x000002aaa67a4790 code [0x000002aaa67a4940, 0x000002aaa67a4ad8]
Event: 16.056 Thread 0x000002aabba33000 11812       3       com.android.tools.r8.internal.xa::a (98 bytes)
Event: 16.057 Thread 0x000002aabba33000 nmethod 11812 0x000002aaa67a4b90 code [0x000002aaa67a4dc0, 0x000002aaa67a55b8]
Event: 16.060 Thread 0x000002aabba33000 11814       2       com.android.tools.r8.graph.M2::f (64 bytes)
Event: 16.061 Thread 0x000002aabba33000 nmethod 11814 0x000002aaa67a5a10 code [0x000002aaa67a5c20, 0x000002aaa67a5f98]

GC Heap History (20 events):
Event: 14.776 GC heap after
{Heap after GC invocations=26 (full 0):
 garbage-first heap   total 187392K, used 90235K [0x0000000080000000, 0x0000000100000000)
  region size 1024K, 7 young (7168K), 7 survivors (7168K)
 Metaspace       used 91411K, capacity 93732K, committed 93816K, reserved 1130496K
  class space    used 11902K, capacity 12737K, committed 12748K, reserved 1048576K
}
Event: 14.778 GC heap before
{Heap before GC invocations=26 (full 0):
 garbage-first heap   total 187392K, used 92283K [0x0000000080000000, 0x0000000100000000)
  region size 1024K, 9 young (9216K), 7 survivors (7168K)
 Metaspace       used 91411K, capacity 93732K, committed 93816K, reserved 1130496K
  class space    used 11902K, capacity 12737K, committed 12748K, reserved 1048576K
}
Event: 14.784 GC heap after
{Heap after GC invocations=27 (full 0):
 garbage-first heap   total 187392K, used 89254K [0x0000000080000000, 0x0000000100000000)
  region size 1024K, 1 young (1024K), 1 survivors (1024K)
 Metaspace       used 91411K, capacity 93732K, committed 93816K, reserved 1130496K
  class space    used 11902K, capacity 12737K, committed 12748K, reserved 1048576K
}
Event: 14.847 GC heap before
{Heap before GC invocations=27 (full 0):
 garbage-first heap   total 187392K, used 141478K [0x0000000080000000, 0x0000000100000000)
  region size 1024K, 53 young (54272K), 1 survivors (1024K)
 Metaspace       used 91755K, capacity 94042K, committed 94200K, reserved 1130496K
  class space    used 11936K, capacity 12775K, committed 12876K, reserved 1048576K
}
Event: 14.853 GC heap after
{Heap after GC invocations=28 (full 0):
 garbage-first heap   total 187392K, used 102525K [0x0000000080000000, 0x0000000100000000)
  region size 1024K, 7 young (7168K), 7 survivors (7168K)
 Metaspace       used 91755K, capacity 94042K, committed 94200K, reserved 1130496K
  class space    used 11936K, capacity 12775K, committed 12876K, reserved 1048576K
}
Event: 15.167 GC heap before
{Heap before GC invocations=29 (full 0):
 garbage-first heap   total 187392K, used 144509K [0x0000000080000000, 0x0000000100000000)
  region size 1024K, 49 young (50176K), 7 survivors (7168K)
 Metaspace       used 94638K, capacity 97030K, committed 97144K, reserved 1132544K
  class space    used 12341K, capacity 13238K, committed 13260K, reserved 1048576K
}
Event: 15.175 GC heap after
{Heap after GC invocations=30 (full 0):
 garbage-first heap   total 187392K, used 110735K [0x0000000080000000, 0x0000000100000000)
  region size 1024K, 7 young (7168K), 7 survivors (7168K)
 Metaspace       used 94638K, capacity 97030K, committed 97144K, reserved 1132544K
  class space    used 12341K, capacity 13238K, committed 13260K, reserved 1048576K
}
Event: 15.295 GC heap before
{Heap before GC invocations=30 (full 0):
 garbage-first heap   total 187392K, used 148623K [0x0000000080000000, 0x0000000100000000)
  region size 1024K, 44 young (45056K), 7 survivors (7168K)
 Metaspace       used 95245K, capacity 97731K, committed 97912K, reserved 1134592K
  class space    used 12426K, capacity 13386K, committed 13516K, reserved 1048576K
}
Event: 15.314 GC heap after
{Heap after GC invocations=31 (full 0):
 garbage-first heap   total 187392K, used 116736K [0x0000000080000000, 0x0000000100000000)
  region size 1024K, 6 young (6144K), 6 survivors (6144K)
 Metaspace       used 95245K, capacity 97731K, committed 97912K, reserved 1134592K
  class space    used 12426K, capacity 13386K, committed 13516K, reserved 1048576K
}
Event: 15.423 GC heap before
{Heap before GC invocations=31 (full 0):
 garbage-first heap   total 187392K, used 149504K [0x0000000080000000, 0x0000000100000000)
  region size 1024K, 39 young (39936K), 6 survivors (6144K)
 Metaspace       used 95788K, capacity 98267K, committed 98424K, reserved 1134592K
  class space    used 12496K, capacity 13433K, committed 13516K, reserved 1048576K
}
Event: 15.435 GC heap after
{Heap after GC invocations=32 (full 0):
 garbage-first heap   total 187392K, used 123513K [0x0000000080000000, 0x0000000100000000)
  region size 1024K, 5 young (5120K), 5 survivors (5120K)
 Metaspace       used 95788K, capacity 98267K, committed 98424K, reserved 1134592K
  class space    used 12496K, capacity 13433K, committed 13516K, reserved 1048576K
}
Event: 15.550 GC heap before
{Heap before GC invocations=33 (full 0):
 garbage-first heap   total 187392K, used 152185K [0x0000000080000000, 0x0000000100000000)
  region size 1024K, 33 young (33792K), 5 survivors (5120K)
 Metaspace       used 96174K, capacity 98649K, committed 98680K, reserved 1134592K
  class space    used 12541K, capacity 13495K, committed 13516K, reserved 1048576K
}
Event: 15.565 GC heap after
{Heap after GC invocations=34 (full 0):
 garbage-first heap   total 225280K, used 129722K [0x0000000080000000, 0x0000000100000000)
  region size 1024K, 5 young (5120K), 5 survivors (5120K)
 Metaspace       used 96174K, capacity 98649K, committed 98680K, reserved 1134592K
  class space    used 12541K, capacity 13495K, committed 13516K, reserved 1048576K
}
Event: 15.578 GC heap before
{Heap before GC invocations=34 (full 0):
 garbage-first heap   total 225280K, used 135866K [0x0000000080000000, 0x0000000100000000)
  region size 1024K, 11 young (11264K), 5 survivors (5120K)
 Metaspace       used 96185K, capacity 98649K, committed 98680K, reserved 1134592K
  class space    used 12545K, capacity 13495K, committed 13516K, reserved 1048576K
}
Event: 15.590 GC heap after
{Heap after GC invocations=35 (full 0):
 garbage-first heap   total 225280K, used 128501K [0x0000000080000000, 0x0000000100000000)
  region size 1024K, 2 young (2048K), 2 survivors (2048K)
 Metaspace       used 96185K, capacity 98649K, committed 98680K, reserved 1134592K
  class space    used 12545K, capacity 13495K, committed 13516K, reserved 1048576K
}
Event: 15.671 GC heap before
{Heap before GC invocations=35 (full 0):
 garbage-first heap   total 225280K, used 169461K [0x0000000080000000, 0x0000000100000000)
  region size 1024K, 42 young (43008K), 2 survivors (2048K)
 Metaspace       used 96558K, capacity 99065K, committed 99320K, reserved 1134592K
  class space    used 12579K, capacity 13527K, committed 13644K, reserved 1048576K
}
Event: 15.688 GC heap after
{Heap after GC invocations=36 (full 0):
 garbage-first heap   total 225280K, used 136451K [0x0000000080000000, 0x0000000100000000)
  region size 1024K, 6 young (6144K), 6 survivors (6144K)
 Metaspace       used 96558K, capacity 99065K, committed 99320K, reserved 1134592K
  class space    used 12579K, capacity 13527K, committed 13644K, reserved 1048576K
}
Event: 15.845 GC heap before
{Heap before GC invocations=36 (full 0):
 garbage-first heap   total 225280K, used 175363K [0x0000000080000000, 0x0000000100000000)
  region size 1024K, 44 young (45056K), 6 survivors (6144K)
 Metaspace       used 97330K, capacity 99871K, committed 100216K, reserved 1136640K
  class space    used 12685K, capacity 13666K, committed 13772K, reserved 1048576K
}
Event: 15.857 GC heap after
{Heap after GC invocations=37 (full 0):
 garbage-first heap   total 225280K, used 143528K [0x0000000080000000, 0x0000000100000000)
  region size 1024K, 6 young (6144K), 6 survivors (6144K)
 Metaspace       used 97330K, capacity 99871K, committed 100216K, reserved 1136640K
  class space    used 12685K, capacity 13666K, committed 13772K, reserved 1048576K
}
Event: 16.063 GC heap before
{Heap before GC invocations=38 (full 0):
 garbage-first heap   total 225280K, used 179368K [0x0000000080000000, 0x0000000100000000)
  region size 1024K, 41 young (41984K), 6 survivors (6144K)
 Metaspace       used 97386K, capacity 99811K, committed 100216K, reserved 1136640K
  class space    used 12642K, capacity 13585K, committed 13772K, reserved 1048576K
}

Deoptimization events (20 events):
Event: 15.819 Thread 0x000002aabe3b6000 DEOPT PACKING pc=0x000002aaa669ef4e sp=0x000000efbb4f9d70
Event: 15.819 Thread 0x000002aabe3b6000 DEOPT UNPACKING pc=0x000002aaa4919d0e sp=0x000000efbb4f94f8 mode 0
Event: 15.834 Thread 0x000002aabe3b6000 DEOPT PACKING pc=0x000002aaa669ef4e sp=0x000000efbb4f9d70
Event: 15.834 Thread 0x000002aabe3b6000 DEOPT UNPACKING pc=0x000002aaa4919d0e sp=0x000000efbb4f94f8 mode 0
Event: 15.962 Thread 0x000002aabe3b6000 DEOPT PACKING pc=0x000002aaa674636c sp=0x000000efbb4fab50
Event: 15.962 Thread 0x000002aabe3b6000 DEOPT UNPACKING pc=0x000002aaa4919d0e sp=0x000000efbb4f9dd8 mode 0
Event: 16.031 Thread 0x000002aabd3b1000 Uncommon trap: trap_request=0xffffff4d fr.pc=0x000002aaaca88798 relative=0x0000000000001e18
Event: 16.031 Thread 0x000002aabd3b1000 Uncommon trap: reason=unstable_if action=reinterpret pc=0x000002aaaca88798 method=com.android.tools.r8.internal.le.e(Ljava/lang/String;)[Ljava/lang/String; @ 27 c2
Event: 16.031 Thread 0x000002aabd3b1000 DEOPT PACKING pc=0x000002aaaca88798 sp=0x000000efbc3f8bc0
Event: 16.031 Thread 0x000002aabd3b1000 DEOPT UNPACKING pc=0x000002aaa48d85af sp=0x000000efbc3f8bb0 mode 2
Event: 16.047 Thread 0x000002aabf34c000 DEOPT PACKING pc=0x000002aaa6787434 sp=0x000000efb91fa410
Event: 16.047 Thread 0x000002aabf34c000 DEOPT UNPACKING pc=0x000002aaa4919d0e sp=0x000000efb91f9710 mode 0
Event: 16.048 Thread 0x000002aabd3b3000 DEOPT PACKING pc=0x000002aaa6787434 sp=0x000000efbc9fa2e0
Event: 16.048 Thread 0x000002aabd3b3000 DEOPT UNPACKING pc=0x000002aaa4919d0e sp=0x000000efbc9f95e0 mode 0
Event: 16.048 Thread 0x000002aabd3b2000 DEOPT PACKING pc=0x000002aaa6787434 sp=0x000000efbc7f9fa0
Event: 16.048 Thread 0x000002aabd3b2000 DEOPT UNPACKING pc=0x000002aaa4919d0e sp=0x000000efbc7f92a0 mode 0
Event: 16.055 Thread 0x000002aabd3aa800 DEOPT PACKING pc=0x000002aaa6787434 sp=0x000000efbbffa420
Event: 16.055 Thread 0x000002aabd3aa800 DEOPT UNPACKING pc=0x000002aaa4919d0e sp=0x000000efbbff9720 mode 0
Event: 16.057 Thread 0x000002aabd3b0800 DEOPT PACKING pc=0x000002aaa6787434 sp=0x000000efbc5fa0d0
Event: 16.057 Thread 0x000002aabd3b0800 DEOPT UNPACKING pc=0x000002aaa4919d0e sp=0x000000efbc5f93d0 mode 0

Classes redefined (0 events):
No events

Internal exceptions (20 events):
Event: 14.914 Thread 0x000002aabe3b6000 Exception <a 'sun/nio/fs/WindowsException'{0x000000008a0c67a0}> (0x000000008a0c67a0) thrown at [./src/hotspot/share/prims/jni.cpp, line 615]
Event: 15.065 Thread 0x000002aabd3b0800 Exception <a 'java/lang/NoSuchMethodError'{0x0000000089888498}: 'java.lang.Object java.lang.invoke.DirectMethodHandle$Holder.invokeStaticInit(java.lang.Object, java.lang.Object, java.lang.Object, java.lang.Object, java.lang.Object, java.lang.Object, java.lang.Object, java.lang.Object, java.lang.Object, java.lang.Object, java.lang.Object, java.lang.Object, java.lang.Object, java.lang.Object, java.lang.Object, java.lang.Object, java.lang.Object, java.lang.Object, int, java.lang.Object, java.lang.Object)'> (0
Event: 15.090 Thread 0x000002aabe3b1000 Exception <a 'java/lang/IncompatibleClassChangeError'{0x0000000089720180}: Found class java.lang.Object, but interface was expected> (0x0000000089720180) thrown at [./src/hotspot/share/interpreter/linkResolver.cpp, line 839]
Event: 15.090 Thread 0x000002aabd3b1000 Exception <a 'java/lang/IncompatibleClassChangeError'{0x00000000899adfa8}: Found class java.lang.Object, but interface was expected> (0x00000000899adfa8) thrown at [./src/hotspot/share/interpreter/linkResolver.cpp, line 839]
Event: 15.090 Thread 0x000002aabd3b2000 Exception <a 'java/lang/IncompatibleClassChangeError'{0x0000000089854b20}: Found class java.lang.Object, but interface was expected> (0x0000000089854b20) thrown at [./src/hotspot/share/interpreter/linkResolver.cpp, line 839]
Event: 15.090 Thread 0x000002aabd3b3000 Exception <a 'java/lang/IncompatibleClassChangeError'{0x000000008977fed8}: Found class java.lang.Object, but interface was expected> (0x000000008977fed8) thrown at [./src/hotspot/share/interpreter/linkResolver.cpp, line 839]
Event: 15.090 Thread 0x000002aabd3b0800 Exception <a 'java/lang/IncompatibleClassChangeError'{0x0000000089749850}: Found class java.lang.Object, but interface was expected> (0x0000000089749850) thrown at [./src/hotspot/share/interpreter/linkResolver.cpp, line 839]
Event: 15.090 Thread 0x000002aabe3b6000 Exception <a 'java/lang/IncompatibleClassChangeError'{0x00000000897a5160}: Found class java.lang.Object, but interface was expected> (0x00000000897a5160) thrown at [./src/hotspot/share/interpreter/linkResolver.cpp, line 839]
Event: 15.090 Thread 0x000002aabf34c000 Exception <a 'java/lang/IncompatibleClassChangeError'{0x00000000899533d8}: Found class java.lang.Object, but interface was expected> (0x00000000899533d8) thrown at [./src/hotspot/share/interpreter/linkResolver.cpp, line 839]
Event: 15.102 Thread 0x000002aabf34c000 Exception <a 'java/lang/NoSuchMethodError'{0x0000000089687b00}: 'void java.lang.invoke.DirectMethodHandle$Holder.invokeStatic(java.lang.Object, java.lang.Object, int, java.lang.Object, java.lang.Object, java.lang.Object, java.lang.Object)'> (0x0000000089687b00) thrown at [./src/hotspot/share/interpreter/linkResolver.cpp, line 773]
Event: 15.102 Thread 0x000002aabd3b3000 Exception <a 'java/lang/NoSuchMethodError'{0x00000000897fd910}: 'void java.lang.invoke.DirectMethodHandle$Holder.invokeStatic(java.lang.Object, java.lang.Object, int, java.lang.Object, java.lang.Object, java.lang.Object, java.lang.Object)'> (0x00000000897fd910) thrown at [./src/hotspot/share/interpreter/linkResolver.cpp, line 773]
Event: 15.102 Thread 0x000002aabe3b1000 Exception <a 'java/lang/NoSuchMethodError'{0x0000000089501010}: 'void java.lang.invoke.DirectMethodHandle$Holder.invokeStatic(java.lang.Object, java.lang.Object, int, java.lang.Object, java.lang.Object, java.lang.Object, java.lang.Object)'> (0x0000000089501010) thrown at [./src/hotspot/share/interpreter/linkResolver.cpp, line 773]
Event: 15.123 Thread 0x000002aabe3b1000 Exception <a 'java/lang/NoSuchMethodError'{0x000000008934ab90}: 'java.lang.Object java.lang.invoke.DirectMethodHandle$Holder.invokeStatic(java.lang.Object, long)'> (0x000000008934ab90) thrown at [./src/hotspot/share/interpreter/linkResolver.cpp, line 773]
Event: 15.123 Thread 0x000002aabd3b3000 Exception <a 'java/lang/NoSuchMethodError'{0x000000008931d728}: 'java.lang.Object java.lang.invoke.DirectMethodHandle$Holder.invokeStatic(java.lang.Object, long)'> (0x000000008931d728) thrown at [./src/hotspot/share/interpreter/linkResolver.cpp, line 773]
Event: 15.124 Thread 0x000002aabd3b1000 Exception <a 'java/lang/NoSuchMethodError'{0x000000008945b970}: 'java.lang.Object java.lang.invoke.DirectMethodHandle$Holder.invokeSpecial(java.lang.Object, java.lang.Object, long)'> (0x000000008945b970) thrown at [./src/hotspot/share/interpreter/linkResolver.cpp, line 773]
Event: 15.125 Thread 0x000002aabd3b1000 Exception <a 'java/lang/NoSuchMethodError'{0x000000008945f128}: 'java.lang.Object java.lang.invoke.Invokers$Holder.linkToTargetMethod(long, java.lang.Object)'> (0x000000008945f128) thrown at [./src/hotspot/share/interpreter/linkResolver.cpp, line 773]
Event: 15.125 Thread 0x000002aabe3b1000 Exception <a 'java/lang/NoSuchMethodError'{0x000000008934ec70}: 'java.lang.Object java.lang.invoke.DirectMethodHandle$Holder.invokeSpecial(java.lang.Object, java.lang.Object, long)'> (0x000000008934ec70) thrown at [./src/hotspot/share/interpreter/linkResolver.cpp, line 773]
Event: 15.125 Thread 0x000002aabe3b1000 Exception <a 'java/lang/NoSuchMethodError'{0x000000008937d8d8}: 'java.lang.Object java.lang.invoke.Invokers$Holder.linkToTargetMethod(long, java.lang.Object)'> (0x000000008937d8d8) thrown at [./src/hotspot/share/interpreter/linkResolver.cpp, line 773]
Event: 15.380 Thread 0x000002aabd3b0800 Exception <a 'java/lang/IncompatibleClassChangeError'{0x000000008a497638}: Found class java.lang.Object, but interface was expected> (0x000000008a497638) thrown at [./src/hotspot/share/interpreter/linkResolver.cpp, line 839]
Event: 15.825 Thread 0x000002aabe3b1000 Exception <a 'java/lang/NoSuchMethodError'{0x000000008b93c198}: 'java.lang.Object java.lang.invoke.DirectMethodHandle$Holder.invokeStatic(java.lang.Object, int, java.lang.Object, java.lang.Object)'> (0x000000008b93c198) thrown at [./src/hotspot/share/interpreter/linkResolver.cpp, line 773]

Events (20 events):
Event: 16.056 loading class com/android/tools/r8/internal/N done
Event: 16.057 loading class com/android/tools/r8/internal/M
Event: 16.057 loading class com/android/tools/r8/internal/M done
Event: 16.058 loading class com/android/tools/r8/graph/Y0
Event: 16.058 loading class com/android/tools/r8/graph/Y0 done
Event: 16.059 loading class com/android/tools/r8/internal/dA
Event: 16.059 loading class com/android/tools/r8/internal/dA done
Event: 16.061 loading class com/android/tools/r8/internal/vo
Event: 16.061 loading class com/android/tools/r8/internal/vo done
Event: 16.061 loading class com/android/tools/r8/internal/Qg
Event: 16.061 loading class com/android/tools/r8/internal/Qg done
Event: 16.062 loading class com/android/tools/r8/internal/m5
Event: 16.062 loading class com/android/tools/r8/internal/m5 done
Event: 16.062 loading class com/android/tools/r8/internal/w1
Event: 16.062 loading class com/android/tools/r8/internal/w1 done
Event: 16.062 loading class com/android/tools/r8/internal/kJ
Event: 16.062 loading class com/android/tools/r8/internal/kJ done
Event: 16.063 loading class com/android/tools/r8/internal/KX
Event: 16.063 loading class com/android/tools/r8/internal/KX done
Event: 16.063 Executing VM operation: G1CollectForAllocation


Dynamic libraries:
0x00007ff704e60000 - 0x00007ff704e6a000 	C:\Program Files\Android\Android Studio\jre\bin\java.exe
0x00007ff832ce0000 - 0x00007ff832ee9000 	C:\WINDOWS\SYSTEM32\ntdll.dll
0x00007ff830de0000 - 0x00007ff830e9e000 	C:\WINDOWS\System32\KERNEL32.DLL
0x00007ff830370000 - 0x00007ff8306eb000 	C:\WINDOWS\System32\KERNELBASE.dll
0x00007ff830250000 - 0x00007ff830361000 	C:\WINDOWS\System32\ucrtbase.dll
0x00007ff81b6d0000 - 0x00007ff81b6e9000 	C:\Program Files\Android\Android Studio\jre\bin\jli.dll
0x00007ff81b480000 - 0x00007ff81b497000 	C:\Program Files\Android\Android Studio\jre\bin\VCRUNTIME140.dll
0x00007ff832680000 - 0x00007ff83282d000 	C:\WINDOWS\System32\USER32.dll
0x00007ff8301b0000 - 0x00007ff8301d6000 	C:\WINDOWS\System32\win32u.dll
0x00007ff832650000 - 0x00007ff832679000 	C:\WINDOWS\System32\GDI32.dll
0x00007ff816c10000 - 0x00007ff816eb5000 	C:\WINDOWS\WinSxS\amd64_microsoft.windows.common-controls_6595b64144ccf1df_6.0.22000.120_none_9d947278b86cc467\COMCTL32.dll
0x00007ff830a40000 - 0x00007ff830b58000 	C:\WINDOWS\System32\gdi32full.dll
0x00007ff830f20000 - 0x00007ff830fc3000 	C:\WINDOWS\System32\msvcrt.dll
0x00007ff830920000 - 0x00007ff8309bd000 	C:\WINDOWS\System32\msvcp_win.dll
0x00007ff8310d0000 - 0x00007ff831102000 	C:\WINDOWS\System32\IMM32.DLL
0x00007ff81b060000 - 0x00007ff81b0fd000 	C:\Program Files\Android\Android Studio\jre\bin\msvcp140.dll
0x00007fffe2dc0000 - 0x00007fffe38a5000 	C:\Program Files\Android\Android Studio\jre\bin\server\jvm.dll
0x00007ff831320000 - 0x00007ff8313ce000 	C:\WINDOWS\System32\ADVAPI32.dll
0x00007ff831750000 - 0x00007ff8317ee000 	C:\WINDOWS\System32\sechost.dll
0x00007ff830cc0000 - 0x00007ff830de0000 	C:\WINDOWS\System32\RPCRT4.dll
0x00007ff830f10000 - 0x00007ff830f18000 	C:\WINDOWS\System32\PSAPI.DLL
0x00007ff8116d0000 - 0x00007ff8116d9000 	C:\WINDOWS\SYSTEM32\WSOCK32.dll
0x00007ff828d90000 - 0x00007ff828dc3000 	C:\WINDOWS\SYSTEM32\WINMM.dll
0x00007ff82de10000 - 0x00007ff82de1a000 	C:\WINDOWS\SYSTEM32\VERSION.dll
0x00007ff830c50000 - 0x00007ff830cbf000 	C:\WINDOWS\System32\WS2_32.dll
0x00007ff82f2e0000 - 0x00007ff82f2f8000 	C:\WINDOWS\SYSTEM32\kernel.appcore.dll
0x00007ff811640000 - 0x00007ff811651000 	C:\Program Files\Android\Android Studio\jre\bin\verify.dll
0x00007ff82d7b0000 - 0x00007ff82d9d1000 	C:\WINDOWS\SYSTEM32\DBGHELP.DLL
0x00007ff813030000 - 0x00007ff813061000 	C:\WINDOWS\SYSTEM32\dbgcore.DLL
0x00007ff8309c0000 - 0x00007ff830a3f000 	C:\WINDOWS\System32\bcryptPrimitives.dll
0x00007ff810ef0000 - 0x00007ff810f19000 	C:\Program Files\Android\Android Studio\jre\bin\java.dll
0x00007ff81ecb0000 - 0x00007ff81ecbb000 	C:\Program Files\Android\Android Studio\jre\bin\jimage.dll
0x00007ff8113f0000 - 0x00007ff811408000 	C:\Program Files\Android\Android Studio\jre\bin\zip.dll
0x00007ff831bc0000 - 0x00007ff832377000 	C:\WINDOWS\System32\SHELL32.dll
0x00007ff82e220000 - 0x00007ff82ea85000 	C:\WINDOWS\SYSTEM32\windows.storage.dll
0x00007ff8313d0000 - 0x00007ff831748000 	C:\WINDOWS\System32\combase.dll
0x00007ff82e0b0000 - 0x00007ff82e216000 	C:\WINDOWS\SYSTEM32\wintypes.dll
0x00007ff832560000 - 0x00007ff83264a000 	C:\WINDOWS\System32\SHCORE.dll
0x00007ff831a10000 - 0x00007ff831a6d000 	C:\WINDOWS\System32\shlwapi.dll
0x00007ff8300e0000 - 0x00007ff830101000 	C:\WINDOWS\SYSTEM32\profapi.dll
0x00007ff810fd0000 - 0x00007ff810fea000 	C:\Program Files\Android\Android Studio\jre\bin\net.dll
0x00007ff828320000 - 0x00007ff828434000 	C:\WINDOWS\SYSTEM32\WINHTTP.dll
0x00007ff82f780000 - 0x00007ff82f7e7000 	C:\WINDOWS\system32\mswsock.dll
0x00007ff810ed0000 - 0x00007ff810ee4000 	C:\Program Files\Android\Android Studio\jre\bin\nio.dll
0x00007fffc1c60000 - 0x00007fffc1c87000 	C:\Users\dell\.gradle\native\e1d6ef7f7dcc3fd88c89a11ec53ec762bb8ba0a96d01ffa2cd45eb1d1d8dd5c5\windows-amd64\native-platform.dll
0x00007ffffaec0000 - 0x00007ffffb004000 	C:\Users\dell\.gradle\native\5664cfc778a61ccfe75a443a1ab52a65af34e5dc3c78e0209fed803814484fcb\windows-amd64\native-platform-file-events.dll
0x00007ff812b90000 - 0x00007ff812b9a000 	C:\Program Files\Android\Android Studio\jre\bin\management.dll
0x00007ff811010000 - 0x00007ff81101d000 	C:\Program Files\Android\Android Studio\jre\bin\management_ext.dll
0x00007ff82fa00000 - 0x00007ff82fa18000 	C:\WINDOWS\SYSTEM32\CRYPTSP.dll
0x00007ff82f240000 - 0x00007ff82f275000 	C:\WINDOWS\system32\rsaenh.dll
0x00007ff82f8b0000 - 0x00007ff82f8d9000 	C:\WINDOWS\SYSTEM32\USERENV.dll
0x00007ff82fb90000 - 0x00007ff82fbb7000 	C:\WINDOWS\SYSTEM32\bcrypt.dll
0x00007ff82fa20000 - 0x00007ff82fa2c000 	C:\WINDOWS\SYSTEM32\CRYPTBASE.dll
0x00007ff82ed50000 - 0x00007ff82ed7d000 	C:\WINDOWS\SYSTEM32\IPHLPAPI.DLL
0x00007ff831170000 - 0x00007ff831179000 	C:\WINDOWS\System32\NSI.dll
0x00007ff828610000 - 0x00007ff828629000 	C:\WINDOWS\SYSTEM32\dhcpcsvc6.DLL
0x00007ff828d50000 - 0x00007ff828d6e000 	C:\WINDOWS\SYSTEM32\dhcpcsvc.DLL
0x00007ff82ed80000 - 0x00007ff82ee68000 	C:\WINDOWS\SYSTEM32\DNSAPI.dll
0x00007ff82f300000 - 0x00007ff82f334000 	C:\WINDOWS\SYSTEM32\ntmarta.dll

dbghelp: loaded successfully - version: 4.0.5 - missing functions: none
symbol engine: initialized successfully - sym options: 0x614 - pdb path: .;C:\Program Files\Android\Android Studio\jre\bin;C:\WINDOWS\SYSTEM32;C:\WINDOWS\WinSxS\amd64_microsoft.windows.common-controls_6595b64144ccf1df_6.0.22000.120_none_9d947278b86cc467;C:\Program Files\Android\Android Studio\jre\bin\server;C:\Users\dell\.gradle\native\e1d6ef7f7dcc3fd88c89a11ec53ec762bb8ba0a96d01ffa2cd45eb1d1d8dd5c5\windows-amd64;C:\Users\dell\.gradle\native\5664cfc778a61ccfe75a443a1ab52a65af34e5dc3c78e0209fed803814484fcb\windows-amd64

VM Arguments:
jvm_args: --add-opens=java.base/java.util=ALL-UNNAMED --add-opens=java.base/java.lang=ALL-UNNAMED --add-opens=java.base/java.lang.invoke=ALL-UNNAMED --add-opens=java.base/java.util=ALL-UNNAMED --add-opens=java.prefs/java.util.prefs=ALL-UNNAMED --add-opens=java.prefs/java.util.prefs=ALL-UNNAMED --add-opens=java.base/java.nio.charset=ALL-UNNAMED --add-opens=java.base/java.net=ALL-UNNAMED --add-opens=java.base/java.util.concurrent.atomic=ALL-UNNAMED -Xmx2048m -Dfile.encoding=UTF-8 -Duser.country=IN -Duser.language=en -Duser.variant 
java_command: org.gradle.launcher.daemon.bootstrap.GradleDaemon 7.3.3
java_class_path (initial): C:\Users\dell\.gradle\wrapper\dists\gradle-7.3.3-bin\6a41zxkdtcxs8rphpq6y0069z\gradle-7.3.3\lib\gradle-launcher-7.3.3.jar
Launcher Type: SUN_STANDARD

[Global flags]
     intx CICompilerCount                          = 4                                         {product} {ergonomic}
     uint ConcGCThreads                            = 2                                         {product} {ergonomic}
     uint G1ConcRefinementThreads                  = 8                                         {product} {ergonomic}
   size_t G1HeapRegionSize                         = 1048576                                   {product} {ergonomic}
    uintx GCDrainStackTargetSize                   = 64                                        {product} {ergonomic}
   size_t InitialHeapSize                          = 132120576                                 {product} {ergonomic}
   size_t MarkStackSize                            = 4194304                                   {product} {ergonomic}
   size_t MaxHeapSize                              = 2147483648                                {product} {command line}
   size_t MaxNewSize                               = 1287651328                                {product} {ergonomic}
   size_t MinHeapDeltaBytes                        = 1048576                                   {product} {ergonomic}
    uintx NonNMethodCodeHeapSize                   = 5836300                                {pd product} {ergonomic}
    uintx NonProfiledCodeHeapSize                  = 122910970                              {pd product} {ergonomic}
    uintx ProfiledCodeHeapSize                     = 122910970                              {pd product} {ergonomic}
    uintx ReservedCodeCacheSize                    = 251658240                              {pd product} {ergonomic}
     bool SegmentedCodeCache                       = true                                      {product} {ergonomic}
     bool UseCompressedClassPointers               = true                                 {lp64_product} {ergonomic}
     bool UseCompressedOops                        = true                                 {lp64_product} {ergonomic}
     bool UseG1GC                                  = true                                      {product} {ergonomic}
     bool UseLargePagesIndividualAllocation        = false                                  {pd product} {ergonomic}

Logging:
Log output configuration:
 #0: stdout all=warning uptime,level,tags
 #1: stderr all=off uptime,level,tags

Environment Variables:
JAVA_HOME=C:\Users\dell\AppData\Local\Programs\Eclipse Adoptium\jdk-17.0.5.8-hotspot\
PATH=C:\Program Files\Python310\Scripts\;C:\Program Files\Python310\;C:\Windows\system32;C:\Windows;C:\Windows\System32\Wbem;C:\Windows\System32\WindowsPowerShell\v1.0\;C:\Windows\System32\OpenSSH\;C:\Program Files\NVIDIA Corporation\NVIDIA NvDLISR;C:\Program Files (x86)\NVIDIA Corporation\PhysX\Common;C:\Program Files\nodejs\;C:\ProgramData\chocolatey\bin;C:\cygwin64\bin;C:\WINDOWS\system32;C:\WINDOWS;C:\WINDOWS\System32\Wbem;C:\WINDOWS\System32\WindowsPowerShell\v1.0\;C:\WINDOWS\System32\OpenSSH\;C:\Program Files\Git\cmd;C:\Program Files\dotnet\;C:\Program Files\Microsoft SQL Server\150\Tools\Binn\;C:\WINDOWS\system32;C:\WINDOWS;C:\WINDOWS\System32\Wbem;C:\WINDOWS\System32\WindowsPowerShell\v1.0\;C:\WINDOWS\System32\OpenSSH\;C:\Program Files\MATLAB\R2022a\bin;C:\Users\dell\AppData\Local\Programs\Eclipse Adoptium\jdk-17.0.5.8-hotspot\bin;C:\Users\dell\AppData\Local\Microsoft\WindowsApps;C:\Users\dell\AppData\Roaming\npm;C:\altera\13.0sp1\modelsim_ase\win32aloem;C:\msys64\mingw64\bin;C:\Users\dell\AppData\Local\Programs\Microsoft VS Code\bin
USERNAME=dell
OS=Windows_NT
PROCESSOR_IDENTIFIER=Intel64 Family 6 Model 126 Stepping 5, GenuineIntel



---------------  S Y S T E M  ---------------

OS: Windows 10 , 64 bit Build 22000 (10.0.22000.1335)
OS uptime: 0 days 0:52 hours
Hyper-V role detected

CPU:total 8 (initial active 8) (4 cores per cpu, 2 threads per core) family 6 model 126 stepping 5 microcode 0xb2, cmov, cx8, fxsr, mmx, sse, sse2, sse3, ssse3, sse4.1, sse4.2, popcnt, avx, avx2, aes, clmul, erms, 3dnowpref, lzcnt, ht, tsc, tscinvbit, bmi1, bmi2, adx, evex, sha, fma

Memory: 4k page, system-wide physical 7959M (440M free)
TotalPageFile size 10007M (AvailPageFile size 66M)
current process WorkingSet (physical memory assigned to process): 543M, peak: 544M
current process commit charge ("private bytes"): 618M, peak: 740M

vm_info: OpenJDK 64-Bit Server VM (11.0.12+7-b1504.28-7817840) for windows-amd64 JRE (11.0.12+7-b1504.28-7817840), built on Oct 13 2021 22:12:33 by "builder" with MS VC++ 14.0 (VS2015)

END.
